[2025-04-24T06:19:06.369+0000] {processor.py:186} INFO - Started process (PID=229) to work on /opt/airflow/dags/bash.py
[2025-04-24T06:19:06.369+0000] {processor.py:914} INFO - Processing file /opt/airflow/dags/bash.py for tasks to queue
[2025-04-24T06:19:06.373+0000] {logging_mixin.py:190} INFO - [2025-04-24T06:19:06.372+0000] {dagbag.py:588} INFO - Filling up the DagBag from /opt/airflow/dags/bash.py
[2025-04-24T06:19:06.388+0000] {processor.py:925} INFO - DAG(s) 'my_second_dag' retrieved from /opt/airflow/dags/bash.py
[2025-04-24T06:19:06.412+0000] {logging_mixin.py:190} INFO - [2025-04-24T06:19:06.412+0000] {dag.py:3239} INFO - Sync 1 DAGs
[2025-04-24T06:19:06.434+0000] {logging_mixin.py:190} INFO - [2025-04-24T06:19:06.433+0000] {dag.py:4180} INFO - Setting next_dagrun for my_second_dag to 2011-02-15 00:00:00+00:00, run_after=2011-02-16 00:00:00+00:00
[2025-04-24T06:19:06.446+0000] {processor.py:208} INFO - Processing /opt/airflow/dags/bash.py took 0.082 seconds
[2025-04-24T06:19:37.353+0000] {processor.py:186} INFO - Started process (PID=284) to work on /opt/airflow/dags/bash.py
[2025-04-24T06:19:37.354+0000] {processor.py:914} INFO - Processing file /opt/airflow/dags/bash.py for tasks to queue
[2025-04-24T06:19:37.356+0000] {logging_mixin.py:190} INFO - [2025-04-24T06:19:37.355+0000] {dagbag.py:588} INFO - Filling up the DagBag from /opt/airflow/dags/bash.py
[2025-04-24T06:19:37.364+0000] {processor.py:925} INFO - DAG(s) 'my_second_dag' retrieved from /opt/airflow/dags/bash.py
[2025-04-24T06:19:37.379+0000] {logging_mixin.py:190} INFO - [2025-04-24T06:19:37.379+0000] {dag.py:3239} INFO - Sync 1 DAGs
[2025-04-24T06:19:37.391+0000] {logging_mixin.py:190} INFO - [2025-04-24T06:19:37.391+0000] {dag.py:4180} INFO - Setting next_dagrun for my_second_dag to 2011-02-15 00:00:00+00:00, run_after=2011-02-16 00:00:00+00:00
[2025-04-24T06:19:37.404+0000] {processor.py:208} INFO - Processing /opt/airflow/dags/bash.py took 0.054 seconds
[2025-04-24T06:20:08.269+0000] {processor.py:186} INFO - Started process (PID=340) to work on /opt/airflow/dags/bash.py
[2025-04-24T06:20:08.269+0000] {processor.py:914} INFO - Processing file /opt/airflow/dags/bash.py for tasks to queue
[2025-04-24T06:20:08.271+0000] {logging_mixin.py:190} INFO - [2025-04-24T06:20:08.270+0000] {dagbag.py:588} INFO - Filling up the DagBag from /opt/airflow/dags/bash.py
[2025-04-24T06:20:08.280+0000] {processor.py:925} INFO - DAG(s) 'my_second_dag' retrieved from /opt/airflow/dags/bash.py
[2025-04-24T06:20:08.303+0000] {logging_mixin.py:190} INFO - [2025-04-24T06:20:08.303+0000] {dag.py:3239} INFO - Sync 1 DAGs
[2025-04-24T06:20:08.314+0000] {logging_mixin.py:190} INFO - [2025-04-24T06:20:08.314+0000] {dag.py:4180} INFO - Setting next_dagrun for my_second_dag to 2011-02-15 00:00:00+00:00, run_after=2011-02-16 00:00:00+00:00
[2025-04-24T06:20:08.325+0000] {processor.py:208} INFO - Processing /opt/airflow/dags/bash.py took 0.060 seconds
[2025-04-24T06:20:39.122+0000] {processor.py:186} INFO - Started process (PID=402) to work on /opt/airflow/dags/bash.py
[2025-04-24T06:20:39.123+0000] {processor.py:914} INFO - Processing file /opt/airflow/dags/bash.py for tasks to queue
[2025-04-24T06:20:39.126+0000] {logging_mixin.py:190} INFO - [2025-04-24T06:20:39.125+0000] {dagbag.py:588} INFO - Filling up the DagBag from /opt/airflow/dags/bash.py
[2025-04-24T06:20:39.145+0000] {processor.py:925} INFO - DAG(s) 'my_second_dag' retrieved from /opt/airflow/dags/bash.py
[2025-04-24T06:20:39.165+0000] {logging_mixin.py:190} INFO - [2025-04-24T06:20:39.165+0000] {dag.py:3239} INFO - Sync 1 DAGs
[2025-04-24T06:20:39.177+0000] {logging_mixin.py:190} INFO - [2025-04-24T06:20:39.177+0000] {dag.py:4180} INFO - Setting next_dagrun for my_second_dag to 2011-02-15 00:00:00+00:00, run_after=2011-02-16 00:00:00+00:00
[2025-04-24T06:20:39.191+0000] {processor.py:208} INFO - Processing /opt/airflow/dags/bash.py took 0.072 seconds
[2025-04-24T06:21:09.982+0000] {processor.py:186} INFO - Started process (PID=458) to work on /opt/airflow/dags/bash.py
[2025-04-24T06:21:09.982+0000] {processor.py:914} INFO - Processing file /opt/airflow/dags/bash.py for tasks to queue
[2025-04-24T06:21:09.984+0000] {logging_mixin.py:190} INFO - [2025-04-24T06:21:09.984+0000] {dagbag.py:588} INFO - Filling up the DagBag from /opt/airflow/dags/bash.py
[2025-04-24T06:21:09.993+0000] {processor.py:925} INFO - DAG(s) 'my_second_dag' retrieved from /opt/airflow/dags/bash.py
[2025-04-24T06:21:10.009+0000] {logging_mixin.py:190} INFO - [2025-04-24T06:21:10.009+0000] {dag.py:3239} INFO - Sync 1 DAGs
[2025-04-24T06:21:10.021+0000] {logging_mixin.py:190} INFO - [2025-04-24T06:21:10.021+0000] {dag.py:4180} INFO - Setting next_dagrun for my_second_dag to 2011-02-15 00:00:00+00:00, run_after=2011-02-16 00:00:00+00:00
[2025-04-24T06:21:10.030+0000] {processor.py:208} INFO - Processing /opt/airflow/dags/bash.py took 0.052 seconds
[2025-04-24T06:21:40.923+0000] {processor.py:186} INFO - Started process (PID=516) to work on /opt/airflow/dags/bash.py
[2025-04-24T06:21:40.923+0000] {processor.py:914} INFO - Processing file /opt/airflow/dags/bash.py for tasks to queue
[2025-04-24T06:21:40.924+0000] {logging_mixin.py:190} INFO - [2025-04-24T06:21:40.924+0000] {dagbag.py:588} INFO - Filling up the DagBag from /opt/airflow/dags/bash.py
[2025-04-24T06:21:40.930+0000] {processor.py:925} INFO - DAG(s) 'my_second_dag' retrieved from /opt/airflow/dags/bash.py
[2025-04-24T06:21:40.944+0000] {logging_mixin.py:190} INFO - [2025-04-24T06:21:40.944+0000] {dag.py:3239} INFO - Sync 1 DAGs
[2025-04-24T06:21:40.954+0000] {logging_mixin.py:190} INFO - [2025-04-24T06:21:40.954+0000] {dag.py:4180} INFO - Setting next_dagrun for my_second_dag to 2011-02-15 00:00:00+00:00, run_after=2011-02-16 00:00:00+00:00
[2025-04-24T06:21:40.961+0000] {processor.py:208} INFO - Processing /opt/airflow/dags/bash.py took 0.042 seconds
[2025-04-24T06:22:11.889+0000] {processor.py:186} INFO - Started process (PID=570) to work on /opt/airflow/dags/bash.py
[2025-04-24T06:22:11.891+0000] {processor.py:914} INFO - Processing file /opt/airflow/dags/bash.py for tasks to queue
[2025-04-24T06:22:11.892+0000] {logging_mixin.py:190} INFO - [2025-04-24T06:22:11.892+0000] {dagbag.py:588} INFO - Filling up the DagBag from /opt/airflow/dags/bash.py
[2025-04-24T06:22:11.900+0000] {processor.py:925} INFO - DAG(s) 'my_second_dag' retrieved from /opt/airflow/dags/bash.py
[2025-04-24T06:22:11.914+0000] {logging_mixin.py:190} INFO - [2025-04-24T06:22:11.914+0000] {dag.py:3239} INFO - Sync 1 DAGs
[2025-04-24T06:22:11.928+0000] {logging_mixin.py:190} INFO - [2025-04-24T06:22:11.928+0000] {dag.py:4180} INFO - Setting next_dagrun for my_second_dag to 2011-02-15 00:00:00+00:00, run_after=2011-02-16 00:00:00+00:00
[2025-04-24T06:22:11.939+0000] {processor.py:208} INFO - Processing /opt/airflow/dags/bash.py took 0.054 seconds
[2025-04-24T06:22:42.737+0000] {processor.py:186} INFO - Started process (PID=625) to work on /opt/airflow/dags/bash.py
[2025-04-24T06:22:42.739+0000] {processor.py:914} INFO - Processing file /opt/airflow/dags/bash.py for tasks to queue
[2025-04-24T06:22:42.741+0000] {logging_mixin.py:190} INFO - [2025-04-24T06:22:42.741+0000] {dagbag.py:588} INFO - Filling up the DagBag from /opt/airflow/dags/bash.py
[2025-04-24T06:22:42.750+0000] {processor.py:925} INFO - DAG(s) 'my_second_dag' retrieved from /opt/airflow/dags/bash.py
[2025-04-24T06:22:42.765+0000] {logging_mixin.py:190} INFO - [2025-04-24T06:22:42.765+0000] {dag.py:3239} INFO - Sync 1 DAGs
[2025-04-24T06:22:42.777+0000] {logging_mixin.py:190} INFO - [2025-04-24T06:22:42.777+0000] {dag.py:4180} INFO - Setting next_dagrun for my_second_dag to 2011-02-15 00:00:00+00:00, run_after=2011-02-16 00:00:00+00:00
[2025-04-24T06:22:42.789+0000] {processor.py:208} INFO - Processing /opt/airflow/dags/bash.py took 0.056 seconds
[2025-04-24T06:23:13.625+0000] {processor.py:186} INFO - Started process (PID=683) to work on /opt/airflow/dags/bash.py
[2025-04-24T06:23:13.626+0000] {processor.py:914} INFO - Processing file /opt/airflow/dags/bash.py for tasks to queue
[2025-04-24T06:23:13.627+0000] {logging_mixin.py:190} INFO - [2025-04-24T06:23:13.627+0000] {dagbag.py:588} INFO - Filling up the DagBag from /opt/airflow/dags/bash.py
[2025-04-24T06:23:13.634+0000] {processor.py:925} INFO - DAG(s) 'my_second_dag' retrieved from /opt/airflow/dags/bash.py
[2025-04-24T06:23:13.652+0000] {logging_mixin.py:190} INFO - [2025-04-24T06:23:13.652+0000] {dag.py:3239} INFO - Sync 1 DAGs
[2025-04-24T06:23:13.663+0000] {logging_mixin.py:190} INFO - [2025-04-24T06:23:13.663+0000] {dag.py:4180} INFO - Setting next_dagrun for my_second_dag to 2011-02-15 00:00:00+00:00, run_after=2011-02-16 00:00:00+00:00
[2025-04-24T06:23:13.671+0000] {processor.py:208} INFO - Processing /opt/airflow/dags/bash.py took 0.049 seconds
[2025-04-24T06:23:44.453+0000] {processor.py:186} INFO - Started process (PID=737) to work on /opt/airflow/dags/bash.py
[2025-04-24T06:23:44.453+0000] {processor.py:914} INFO - Processing file /opt/airflow/dags/bash.py for tasks to queue
[2025-04-24T06:23:44.455+0000] {logging_mixin.py:190} INFO - [2025-04-24T06:23:44.455+0000] {dagbag.py:588} INFO - Filling up the DagBag from /opt/airflow/dags/bash.py
[2025-04-24T06:23:44.461+0000] {processor.py:925} INFO - DAG(s) 'my_second_dag' retrieved from /opt/airflow/dags/bash.py
[2025-04-24T06:23:44.476+0000] {logging_mixin.py:190} INFO - [2025-04-24T06:23:44.476+0000] {dag.py:3239} INFO - Sync 1 DAGs
[2025-04-24T06:23:44.490+0000] {logging_mixin.py:190} INFO - [2025-04-24T06:23:44.490+0000] {dag.py:4180} INFO - Setting next_dagrun for my_second_dag to 2011-02-15 00:00:00+00:00, run_after=2011-02-16 00:00:00+00:00
[2025-04-24T06:23:44.499+0000] {processor.py:208} INFO - Processing /opt/airflow/dags/bash.py took 0.050 seconds
[2025-04-24T06:24:15.332+0000] {processor.py:186} INFO - Started process (PID=793) to work on /opt/airflow/dags/bash.py
[2025-04-24T06:24:15.333+0000] {processor.py:914} INFO - Processing file /opt/airflow/dags/bash.py for tasks to queue
[2025-04-24T06:24:15.334+0000] {logging_mixin.py:190} INFO - [2025-04-24T06:24:15.334+0000] {dagbag.py:588} INFO - Filling up the DagBag from /opt/airflow/dags/bash.py
[2025-04-24T06:24:15.342+0000] {processor.py:925} INFO - DAG(s) 'my_second_dag' retrieved from /opt/airflow/dags/bash.py
[2025-04-24T06:24:15.355+0000] {logging_mixin.py:190} INFO - [2025-04-24T06:24:15.355+0000] {dag.py:3239} INFO - Sync 1 DAGs
[2025-04-24T06:24:15.368+0000] {logging_mixin.py:190} INFO - [2025-04-24T06:24:15.368+0000] {dag.py:4180} INFO - Setting next_dagrun for my_second_dag to 2011-02-15 00:00:00+00:00, run_after=2011-02-16 00:00:00+00:00
[2025-04-24T06:24:15.379+0000] {processor.py:208} INFO - Processing /opt/airflow/dags/bash.py took 0.050 seconds
[2025-04-24T06:24:46.155+0000] {processor.py:186} INFO - Started process (PID=849) to work on /opt/airflow/dags/bash.py
[2025-04-24T06:24:46.156+0000] {processor.py:914} INFO - Processing file /opt/airflow/dags/bash.py for tasks to queue
[2025-04-24T06:24:46.157+0000] {logging_mixin.py:190} INFO - [2025-04-24T06:24:46.157+0000] {dagbag.py:588} INFO - Filling up the DagBag from /opt/airflow/dags/bash.py
[2025-04-24T06:24:46.165+0000] {processor.py:925} INFO - DAG(s) 'my_second_dag' retrieved from /opt/airflow/dags/bash.py
[2025-04-24T06:24:46.180+0000] {logging_mixin.py:190} INFO - [2025-04-24T06:24:46.180+0000] {dag.py:3239} INFO - Sync 1 DAGs
[2025-04-24T06:24:46.193+0000] {logging_mixin.py:190} INFO - [2025-04-24T06:24:46.192+0000] {dag.py:4180} INFO - Setting next_dagrun for my_second_dag to 2011-02-15 00:00:00+00:00, run_after=2011-02-16 00:00:00+00:00
[2025-04-24T06:24:46.203+0000] {processor.py:208} INFO - Processing /opt/airflow/dags/bash.py took 0.051 seconds
[2025-04-24T06:25:17.275+0000] {processor.py:186} INFO - Started process (PID=905) to work on /opt/airflow/dags/bash.py
[2025-04-24T06:25:17.276+0000] {processor.py:914} INFO - Processing file /opt/airflow/dags/bash.py for tasks to queue
[2025-04-24T06:25:17.279+0000] {logging_mixin.py:190} INFO - [2025-04-24T06:25:17.279+0000] {dagbag.py:588} INFO - Filling up the DagBag from /opt/airflow/dags/bash.py
[2025-04-24T06:25:17.290+0000] {processor.py:925} INFO - DAG(s) 'my_second_dag' retrieved from /opt/airflow/dags/bash.py
[2025-04-24T06:25:17.305+0000] {logging_mixin.py:190} INFO - [2025-04-24T06:25:17.305+0000] {dag.py:3239} INFO - Sync 1 DAGs
[2025-04-24T06:25:17.319+0000] {logging_mixin.py:190} INFO - [2025-04-24T06:25:17.319+0000] {dag.py:4180} INFO - Setting next_dagrun for my_second_dag to 2011-02-15 00:00:00+00:00, run_after=2011-02-16 00:00:00+00:00
[2025-04-24T06:25:17.334+0000] {processor.py:208} INFO - Processing /opt/airflow/dags/bash.py took 0.063 seconds
[2025-04-24T06:25:48.192+0000] {processor.py:186} INFO - Started process (PID=963) to work on /opt/airflow/dags/bash.py
[2025-04-24T06:25:48.193+0000] {processor.py:914} INFO - Processing file /opt/airflow/dags/bash.py for tasks to queue
[2025-04-24T06:25:48.194+0000] {logging_mixin.py:190} INFO - [2025-04-24T06:25:48.194+0000] {dagbag.py:588} INFO - Filling up the DagBag from /opt/airflow/dags/bash.py
[2025-04-24T06:25:48.202+0000] {processor.py:925} INFO - DAG(s) 'my_second_dag' retrieved from /opt/airflow/dags/bash.py
[2025-04-24T06:25:48.222+0000] {logging_mixin.py:190} INFO - [2025-04-24T06:25:48.222+0000] {dag.py:3239} INFO - Sync 1 DAGs
[2025-04-24T06:25:48.237+0000] {logging_mixin.py:190} INFO - [2025-04-24T06:25:48.237+0000] {dag.py:4180} INFO - Setting next_dagrun for my_second_dag to 2011-02-15 00:00:00+00:00, run_after=2011-02-16 00:00:00+00:00
[2025-04-24T06:25:48.250+0000] {processor.py:208} INFO - Processing /opt/airflow/dags/bash.py took 0.062 seconds
[2025-04-24T06:26:19.064+0000] {processor.py:186} INFO - Started process (PID=1018) to work on /opt/airflow/dags/bash.py
[2025-04-24T06:26:19.065+0000] {processor.py:914} INFO - Processing file /opt/airflow/dags/bash.py for tasks to queue
[2025-04-24T06:26:19.066+0000] {logging_mixin.py:190} INFO - [2025-04-24T06:26:19.066+0000] {dagbag.py:588} INFO - Filling up the DagBag from /opt/airflow/dags/bash.py
[2025-04-24T06:26:19.074+0000] {processor.py:925} INFO - DAG(s) 'my_second_dag' retrieved from /opt/airflow/dags/bash.py
[2025-04-24T06:26:19.091+0000] {logging_mixin.py:190} INFO - [2025-04-24T06:26:19.089+0000] {dag.py:3239} INFO - Sync 1 DAGs
[2025-04-24T06:26:19.106+0000] {logging_mixin.py:190} INFO - [2025-04-24T06:26:19.106+0000] {dag.py:4180} INFO - Setting next_dagrun for my_second_dag to 2011-02-15 00:00:00+00:00, run_after=2011-02-16 00:00:00+00:00
[2025-04-24T06:26:19.116+0000] {processor.py:208} INFO - Processing /opt/airflow/dags/bash.py took 0.055 seconds
[2025-04-24T06:26:49.954+0000] {processor.py:186} INFO - Started process (PID=1073) to work on /opt/airflow/dags/bash.py
[2025-04-24T06:26:49.955+0000] {processor.py:914} INFO - Processing file /opt/airflow/dags/bash.py for tasks to queue
[2025-04-24T06:26:49.957+0000] {logging_mixin.py:190} INFO - [2025-04-24T06:26:49.957+0000] {dagbag.py:588} INFO - Filling up the DagBag from /opt/airflow/dags/bash.py
[2025-04-24T06:26:49.965+0000] {processor.py:925} INFO - DAG(s) 'my_second_dag' retrieved from /opt/airflow/dags/bash.py
[2025-04-24T06:26:49.980+0000] {logging_mixin.py:190} INFO - [2025-04-24T06:26:49.980+0000] {dag.py:3239} INFO - Sync 1 DAGs
[2025-04-24T06:26:49.993+0000] {logging_mixin.py:190} INFO - [2025-04-24T06:26:49.993+0000] {dag.py:4180} INFO - Setting next_dagrun for my_second_dag to 2011-02-15 00:00:00+00:00, run_after=2011-02-16 00:00:00+00:00
[2025-04-24T06:26:50.006+0000] {processor.py:208} INFO - Processing /opt/airflow/dags/bash.py took 0.056 seconds
[2025-04-24T06:27:20.984+0000] {processor.py:186} INFO - Started process (PID=1129) to work on /opt/airflow/dags/bash.py
[2025-04-24T06:27:20.984+0000] {processor.py:914} INFO - Processing file /opt/airflow/dags/bash.py for tasks to queue
[2025-04-24T06:27:20.986+0000] {logging_mixin.py:190} INFO - [2025-04-24T06:27:20.985+0000] {dagbag.py:588} INFO - Filling up the DagBag from /opt/airflow/dags/bash.py
[2025-04-24T06:27:20.992+0000] {processor.py:925} INFO - DAG(s) 'my_second_dag' retrieved from /opt/airflow/dags/bash.py
[2025-04-24T06:27:21.007+0000] {logging_mixin.py:190} INFO - [2025-04-24T06:27:21.006+0000] {dag.py:3239} INFO - Sync 1 DAGs
[2025-04-24T06:27:21.019+0000] {logging_mixin.py:190} INFO - [2025-04-24T06:27:21.019+0000] {dag.py:4180} INFO - Setting next_dagrun for my_second_dag to 2011-02-15 00:00:00+00:00, run_after=2011-02-16 00:00:00+00:00
[2025-04-24T06:27:21.031+0000] {processor.py:208} INFO - Processing /opt/airflow/dags/bash.py took 0.051 seconds
[2025-04-24T06:27:51.937+0000] {processor.py:186} INFO - Started process (PID=1185) to work on /opt/airflow/dags/bash.py
[2025-04-24T06:27:51.939+0000] {processor.py:914} INFO - Processing file /opt/airflow/dags/bash.py for tasks to queue
[2025-04-24T06:27:51.942+0000] {logging_mixin.py:190} INFO - [2025-04-24T06:27:51.941+0000] {dagbag.py:588} INFO - Filling up the DagBag from /opt/airflow/dags/bash.py
[2025-04-24T06:27:51.950+0000] {processor.py:925} INFO - DAG(s) 'my_second_dag' retrieved from /opt/airflow/dags/bash.py
[2025-04-24T06:27:51.965+0000] {logging_mixin.py:190} INFO - [2025-04-24T06:27:51.965+0000] {dag.py:3239} INFO - Sync 1 DAGs
[2025-04-24T06:27:51.977+0000] {logging_mixin.py:190} INFO - [2025-04-24T06:27:51.977+0000] {dag.py:4180} INFO - Setting next_dagrun for my_second_dag to 2011-02-15 00:00:00+00:00, run_after=2011-02-16 00:00:00+00:00
[2025-04-24T06:27:51.991+0000] {processor.py:208} INFO - Processing /opt/airflow/dags/bash.py took 0.057 seconds
[2025-04-24T06:28:22.908+0000] {processor.py:186} INFO - Started process (PID=1240) to work on /opt/airflow/dags/bash.py
[2025-04-24T06:28:22.909+0000] {processor.py:914} INFO - Processing file /opt/airflow/dags/bash.py for tasks to queue
[2025-04-24T06:28:22.911+0000] {logging_mixin.py:190} INFO - [2025-04-24T06:28:22.910+0000] {dagbag.py:588} INFO - Filling up the DagBag from /opt/airflow/dags/bash.py
[2025-04-24T06:28:22.919+0000] {processor.py:925} INFO - DAG(s) 'my_second_dag' retrieved from /opt/airflow/dags/bash.py
[2025-04-24T06:28:22.937+0000] {logging_mixin.py:190} INFO - [2025-04-24T06:28:22.936+0000] {dag.py:3239} INFO - Sync 1 DAGs
[2025-04-24T06:28:22.950+0000] {logging_mixin.py:190} INFO - [2025-04-24T06:28:22.950+0000] {dag.py:4180} INFO - Setting next_dagrun for my_second_dag to 2011-02-15 00:00:00+00:00, run_after=2011-02-16 00:00:00+00:00
[2025-04-24T06:28:22.964+0000] {processor.py:208} INFO - Processing /opt/airflow/dags/bash.py took 0.059 seconds
[2025-04-24T06:28:53.797+0000] {processor.py:186} INFO - Started process (PID=1296) to work on /opt/airflow/dags/bash.py
[2025-04-24T06:28:53.797+0000] {processor.py:914} INFO - Processing file /opt/airflow/dags/bash.py for tasks to queue
[2025-04-24T06:28:53.799+0000] {logging_mixin.py:190} INFO - [2025-04-24T06:28:53.798+0000] {dagbag.py:588} INFO - Filling up the DagBag from /opt/airflow/dags/bash.py
[2025-04-24T06:28:53.804+0000] {processor.py:925} INFO - DAG(s) 'my_second_dag' retrieved from /opt/airflow/dags/bash.py
[2025-04-24T06:28:53.819+0000] {logging_mixin.py:190} INFO - [2025-04-24T06:28:53.819+0000] {dag.py:3239} INFO - Sync 1 DAGs
[2025-04-24T06:28:53.834+0000] {logging_mixin.py:190} INFO - [2025-04-24T06:28:53.834+0000] {dag.py:4180} INFO - Setting next_dagrun for my_second_dag to 2011-02-15 00:00:00+00:00, run_after=2011-02-16 00:00:00+00:00
[2025-04-24T06:28:53.845+0000] {processor.py:208} INFO - Processing /opt/airflow/dags/bash.py took 0.052 seconds
[2025-04-24T06:29:24.779+0000] {processor.py:186} INFO - Started process (PID=1352) to work on /opt/airflow/dags/bash.py
[2025-04-24T06:29:24.781+0000] {processor.py:914} INFO - Processing file /opt/airflow/dags/bash.py for tasks to queue
[2025-04-24T06:29:24.782+0000] {logging_mixin.py:190} INFO - [2025-04-24T06:29:24.782+0000] {dagbag.py:588} INFO - Filling up the DagBag from /opt/airflow/dags/bash.py
[2025-04-24T06:29:24.790+0000] {processor.py:925} INFO - DAG(s) 'my_second_dag' retrieved from /opt/airflow/dags/bash.py
[2025-04-24T06:29:24.805+0000] {logging_mixin.py:190} INFO - [2025-04-24T06:29:24.805+0000] {dag.py:3239} INFO - Sync 1 DAGs
[2025-04-24T06:29:24.818+0000] {logging_mixin.py:190} INFO - [2025-04-24T06:29:24.818+0000] {dag.py:4180} INFO - Setting next_dagrun for my_second_dag to 2011-02-15 00:00:00+00:00, run_after=2011-02-16 00:00:00+00:00
[2025-04-24T06:29:24.828+0000] {processor.py:208} INFO - Processing /opt/airflow/dags/bash.py took 0.053 seconds
[2025-04-24T06:29:55.799+0000] {processor.py:186} INFO - Started process (PID=1410) to work on /opt/airflow/dags/bash.py
[2025-04-24T06:29:55.800+0000] {processor.py:914} INFO - Processing file /opt/airflow/dags/bash.py for tasks to queue
[2025-04-24T06:29:55.801+0000] {logging_mixin.py:190} INFO - [2025-04-24T06:29:55.801+0000] {dagbag.py:588} INFO - Filling up the DagBag from /opt/airflow/dags/bash.py
[2025-04-24T06:29:55.807+0000] {processor.py:925} INFO - DAG(s) 'my_second_dag' retrieved from /opt/airflow/dags/bash.py
[2025-04-24T06:29:55.822+0000] {logging_mixin.py:190} INFO - [2025-04-24T06:29:55.821+0000] {dag.py:3239} INFO - Sync 1 DAGs
[2025-04-24T06:29:55.834+0000] {logging_mixin.py:190} INFO - [2025-04-24T06:29:55.833+0000] {dag.py:4180} INFO - Setting next_dagrun for my_second_dag to 2011-02-15 00:00:00+00:00, run_after=2011-02-16 00:00:00+00:00
[2025-04-24T06:29:55.848+0000] {processor.py:208} INFO - Processing /opt/airflow/dags/bash.py took 0.052 seconds
[2025-04-24T06:30:26.671+0000] {processor.py:186} INFO - Started process (PID=1466) to work on /opt/airflow/dags/bash.py
[2025-04-24T06:30:26.672+0000] {processor.py:914} INFO - Processing file /opt/airflow/dags/bash.py for tasks to queue
[2025-04-24T06:30:26.675+0000] {logging_mixin.py:190} INFO - [2025-04-24T06:30:26.675+0000] {dagbag.py:588} INFO - Filling up the DagBag from /opt/airflow/dags/bash.py
[2025-04-24T06:30:26.683+0000] {processor.py:925} INFO - DAG(s) 'my_second_dag' retrieved from /opt/airflow/dags/bash.py
[2025-04-24T06:30:26.702+0000] {logging_mixin.py:190} INFO - [2025-04-24T06:30:26.702+0000] {dag.py:3239} INFO - Sync 1 DAGs
[2025-04-24T06:30:26.720+0000] {logging_mixin.py:190} INFO - [2025-04-24T06:30:26.720+0000] {dag.py:4180} INFO - Setting next_dagrun for my_second_dag to 2011-02-15 00:00:00+00:00, run_after=2011-02-16 00:00:00+00:00
[2025-04-24T06:30:26.729+0000] {processor.py:208} INFO - Processing /opt/airflow/dags/bash.py took 0.062 seconds
[2025-04-24T06:30:57.503+0000] {processor.py:186} INFO - Started process (PID=1520) to work on /opt/airflow/dags/bash.py
[2025-04-24T06:30:57.504+0000] {processor.py:914} INFO - Processing file /opt/airflow/dags/bash.py for tasks to queue
[2025-04-24T06:30:57.506+0000] {logging_mixin.py:190} INFO - [2025-04-24T06:30:57.506+0000] {dagbag.py:588} INFO - Filling up the DagBag from /opt/airflow/dags/bash.py
[2025-04-24T06:30:57.515+0000] {processor.py:925} INFO - DAG(s) 'my_second_dag' retrieved from /opt/airflow/dags/bash.py
[2025-04-24T06:30:57.529+0000] {logging_mixin.py:190} INFO - [2025-04-24T06:30:57.529+0000] {dag.py:3239} INFO - Sync 1 DAGs
[2025-04-24T06:30:57.541+0000] {logging_mixin.py:190} INFO - [2025-04-24T06:30:57.540+0000] {dag.py:4180} INFO - Setting next_dagrun for my_second_dag to 2011-02-15 00:00:00+00:00, run_after=2011-02-16 00:00:00+00:00
[2025-04-24T06:30:57.554+0000] {processor.py:208} INFO - Processing /opt/airflow/dags/bash.py took 0.054 seconds
[2025-04-24T06:31:28.504+0000] {processor.py:186} INFO - Started process (PID=1576) to work on /opt/airflow/dags/bash.py
[2025-04-24T06:31:28.505+0000] {processor.py:914} INFO - Processing file /opt/airflow/dags/bash.py for tasks to queue
[2025-04-24T06:31:28.507+0000] {logging_mixin.py:190} INFO - [2025-04-24T06:31:28.506+0000] {dagbag.py:588} INFO - Filling up the DagBag from /opt/airflow/dags/bash.py
[2025-04-24T06:31:28.516+0000] {processor.py:925} INFO - DAG(s) 'my_second_dag' retrieved from /opt/airflow/dags/bash.py
[2025-04-24T06:31:28.535+0000] {logging_mixin.py:190} INFO - [2025-04-24T06:31:28.535+0000] {dag.py:3239} INFO - Sync 1 DAGs
[2025-04-24T06:31:28.550+0000] {logging_mixin.py:190} INFO - [2025-04-24T06:31:28.550+0000] {dag.py:4180} INFO - Setting next_dagrun for my_second_dag to 2011-02-15 00:00:00+00:00, run_after=2011-02-16 00:00:00+00:00
[2025-04-24T06:31:28.565+0000] {processor.py:208} INFO - Processing /opt/airflow/dags/bash.py took 0.067 seconds
[2025-04-24T06:31:59.501+0000] {processor.py:186} INFO - Started process (PID=1632) to work on /opt/airflow/dags/bash.py
[2025-04-24T06:31:59.503+0000] {processor.py:914} INFO - Processing file /opt/airflow/dags/bash.py for tasks to queue
[2025-04-24T06:31:59.506+0000] {logging_mixin.py:190} INFO - [2025-04-24T06:31:59.506+0000] {dagbag.py:588} INFO - Filling up the DagBag from /opt/airflow/dags/bash.py
[2025-04-24T06:31:59.515+0000] {processor.py:925} INFO - DAG(s) 'my_second_dag' retrieved from /opt/airflow/dags/bash.py
[2025-04-24T06:31:59.539+0000] {logging_mixin.py:190} INFO - [2025-04-24T06:31:59.539+0000] {dag.py:3239} INFO - Sync 1 DAGs
[2025-04-24T06:31:59.552+0000] {logging_mixin.py:190} INFO - [2025-04-24T06:31:59.552+0000] {dag.py:4180} INFO - Setting next_dagrun for my_second_dag to 2011-02-15 00:00:00+00:00, run_after=2011-02-16 00:00:00+00:00
[2025-04-24T06:31:59.565+0000] {processor.py:208} INFO - Processing /opt/airflow/dags/bash.py took 0.069 seconds
[2025-04-24T06:32:30.492+0000] {processor.py:186} INFO - Started process (PID=1688) to work on /opt/airflow/dags/bash.py
[2025-04-24T06:32:30.493+0000] {processor.py:914} INFO - Processing file /opt/airflow/dags/bash.py for tasks to queue
[2025-04-24T06:32:30.494+0000] {logging_mixin.py:190} INFO - [2025-04-24T06:32:30.494+0000] {dagbag.py:588} INFO - Filling up the DagBag from /opt/airflow/dags/bash.py
[2025-04-24T06:32:30.503+0000] {processor.py:925} INFO - DAG(s) 'my_second_dag' retrieved from /opt/airflow/dags/bash.py
[2025-04-24T06:32:30.522+0000] {logging_mixin.py:190} INFO - [2025-04-24T06:32:30.522+0000] {dag.py:3239} INFO - Sync 1 DAGs
[2025-04-24T06:32:30.534+0000] {logging_mixin.py:190} INFO - [2025-04-24T06:32:30.534+0000] {dag.py:4180} INFO - Setting next_dagrun for my_second_dag to 2011-02-15 00:00:00+00:00, run_after=2011-02-16 00:00:00+00:00
[2025-04-24T06:32:30.544+0000] {processor.py:208} INFO - Processing /opt/airflow/dags/bash.py took 0.056 seconds
[2025-04-24T06:33:01.416+0000] {processor.py:186} INFO - Started process (PID=1744) to work on /opt/airflow/dags/bash.py
[2025-04-24T06:33:01.417+0000] {processor.py:914} INFO - Processing file /opt/airflow/dags/bash.py for tasks to queue
[2025-04-24T06:33:01.419+0000] {logging_mixin.py:190} INFO - [2025-04-24T06:33:01.418+0000] {dagbag.py:588} INFO - Filling up the DagBag from /opt/airflow/dags/bash.py
[2025-04-24T06:33:01.427+0000] {processor.py:925} INFO - DAG(s) 'my_second_dag' retrieved from /opt/airflow/dags/bash.py
[2025-04-24T06:33:01.449+0000] {logging_mixin.py:190} INFO - [2025-04-24T06:33:01.449+0000] {dag.py:3239} INFO - Sync 1 DAGs
[2025-04-24T06:33:01.463+0000] {logging_mixin.py:190} INFO - [2025-04-24T06:33:01.463+0000] {dag.py:4180} INFO - Setting next_dagrun for my_second_dag to 2011-02-15 00:00:00+00:00, run_after=2011-02-16 00:00:00+00:00
[2025-04-24T06:33:01.475+0000] {processor.py:208} INFO - Processing /opt/airflow/dags/bash.py took 0.062 seconds
[2025-04-24T06:33:32.452+0000] {processor.py:186} INFO - Started process (PID=1802) to work on /opt/airflow/dags/bash.py
[2025-04-24T06:33:32.453+0000] {processor.py:914} INFO - Processing file /opt/airflow/dags/bash.py for tasks to queue
[2025-04-24T06:33:32.455+0000] {logging_mixin.py:190} INFO - [2025-04-24T06:33:32.455+0000] {dagbag.py:588} INFO - Filling up the DagBag from /opt/airflow/dags/bash.py
[2025-04-24T06:33:32.468+0000] {processor.py:925} INFO - DAG(s) 'my_second_dag' retrieved from /opt/airflow/dags/bash.py
[2025-04-24T06:33:32.486+0000] {logging_mixin.py:190} INFO - [2025-04-24T06:33:32.486+0000] {dag.py:3239} INFO - Sync 1 DAGs
[2025-04-24T06:33:32.497+0000] {logging_mixin.py:190} INFO - [2025-04-24T06:33:32.497+0000] {dag.py:4180} INFO - Setting next_dagrun for my_second_dag to 2011-02-15 00:00:00+00:00, run_after=2011-02-16 00:00:00+00:00
[2025-04-24T06:33:32.507+0000] {processor.py:208} INFO - Processing /opt/airflow/dags/bash.py took 0.059 seconds
[2025-04-24T06:34:03.384+0000] {processor.py:186} INFO - Started process (PID=1856) to work on /opt/airflow/dags/bash.py
[2025-04-24T06:34:03.385+0000] {processor.py:914} INFO - Processing file /opt/airflow/dags/bash.py for tasks to queue
[2025-04-24T06:34:03.386+0000] {logging_mixin.py:190} INFO - [2025-04-24T06:34:03.386+0000] {dagbag.py:588} INFO - Filling up the DagBag from /opt/airflow/dags/bash.py
[2025-04-24T06:34:03.393+0000] {processor.py:925} INFO - DAG(s) 'my_second_dag' retrieved from /opt/airflow/dags/bash.py
[2025-04-24T06:34:03.407+0000] {logging_mixin.py:190} INFO - [2025-04-24T06:34:03.407+0000] {dag.py:3239} INFO - Sync 1 DAGs
[2025-04-24T06:34:03.421+0000] {logging_mixin.py:190} INFO - [2025-04-24T06:34:03.421+0000] {dag.py:4180} INFO - Setting next_dagrun for my_second_dag to 2011-02-15 00:00:00+00:00, run_after=2011-02-16 00:00:00+00:00
[2025-04-24T06:34:03.437+0000] {processor.py:208} INFO - Processing /opt/airflow/dags/bash.py took 0.056 seconds
[2025-04-24T06:34:34.307+0000] {processor.py:186} INFO - Started process (PID=1913) to work on /opt/airflow/dags/bash.py
[2025-04-24T06:34:34.308+0000] {processor.py:914} INFO - Processing file /opt/airflow/dags/bash.py for tasks to queue
[2025-04-24T06:34:34.310+0000] {logging_mixin.py:190} INFO - [2025-04-24T06:34:34.309+0000] {dagbag.py:588} INFO - Filling up the DagBag from /opt/airflow/dags/bash.py
[2025-04-24T06:34:34.317+0000] {processor.py:925} INFO - DAG(s) 'my_second_dag' retrieved from /opt/airflow/dags/bash.py
[2025-04-24T06:34:34.337+0000] {logging_mixin.py:190} INFO - [2025-04-24T06:34:34.336+0000] {dag.py:3239} INFO - Sync 1 DAGs
[2025-04-24T06:34:34.349+0000] {logging_mixin.py:190} INFO - [2025-04-24T06:34:34.349+0000] {dag.py:4180} INFO - Setting next_dagrun for my_second_dag to 2011-02-15 00:00:00+00:00, run_after=2011-02-16 00:00:00+00:00
[2025-04-24T06:34:34.359+0000] {processor.py:208} INFO - Processing /opt/airflow/dags/bash.py took 0.055 seconds
[2025-04-24T06:35:05.141+0000] {processor.py:186} INFO - Started process (PID=1968) to work on /opt/airflow/dags/bash.py
[2025-04-24T06:35:05.142+0000] {processor.py:914} INFO - Processing file /opt/airflow/dags/bash.py for tasks to queue
[2025-04-24T06:35:05.143+0000] {logging_mixin.py:190} INFO - [2025-04-24T06:35:05.143+0000] {dagbag.py:588} INFO - Filling up the DagBag from /opt/airflow/dags/bash.py
[2025-04-24T06:35:05.152+0000] {processor.py:925} INFO - DAG(s) 'my_second_dag' retrieved from /opt/airflow/dags/bash.py
[2025-04-24T06:35:05.169+0000] {logging_mixin.py:190} INFO - [2025-04-24T06:35:05.169+0000] {dag.py:3239} INFO - Sync 1 DAGs
[2025-04-24T06:35:05.182+0000] {logging_mixin.py:190} INFO - [2025-04-24T06:35:05.182+0000] {dag.py:4180} INFO - Setting next_dagrun for my_second_dag to 2011-02-15 00:00:00+00:00, run_after=2011-02-16 00:00:00+00:00
[2025-04-24T06:35:05.195+0000] {processor.py:208} INFO - Processing /opt/airflow/dags/bash.py took 0.057 seconds
[2025-04-24T06:35:35.990+0000] {processor.py:186} INFO - Started process (PID=2024) to work on /opt/airflow/dags/bash.py
[2025-04-24T06:35:35.990+0000] {processor.py:914} INFO - Processing file /opt/airflow/dags/bash.py for tasks to queue
[2025-04-24T06:35:35.992+0000] {logging_mixin.py:190} INFO - [2025-04-24T06:35:35.991+0000] {dagbag.py:588} INFO - Filling up the DagBag from /opt/airflow/dags/bash.py
[2025-04-24T06:35:36.000+0000] {processor.py:925} INFO - DAG(s) 'my_second_dag' retrieved from /opt/airflow/dags/bash.py
[2025-04-24T06:35:36.018+0000] {logging_mixin.py:190} INFO - [2025-04-24T06:35:36.018+0000] {dag.py:3239} INFO - Sync 1 DAGs
[2025-04-24T06:35:36.029+0000] {logging_mixin.py:190} INFO - [2025-04-24T06:35:36.029+0000] {dag.py:4180} INFO - Setting next_dagrun for my_second_dag to 2011-02-15 00:00:00+00:00, run_after=2011-02-16 00:00:00+00:00
[2025-04-24T06:35:36.037+0000] {processor.py:208} INFO - Processing /opt/airflow/dags/bash.py took 0.050 seconds
[2025-04-24T06:36:06.885+0000] {processor.py:186} INFO - Started process (PID=2080) to work on /opt/airflow/dags/bash.py
[2025-04-24T06:36:06.886+0000] {processor.py:914} INFO - Processing file /opt/airflow/dags/bash.py for tasks to queue
[2025-04-24T06:36:06.887+0000] {logging_mixin.py:190} INFO - [2025-04-24T06:36:06.887+0000] {dagbag.py:588} INFO - Filling up the DagBag from /opt/airflow/dags/bash.py
[2025-04-24T06:36:06.895+0000] {processor.py:925} INFO - DAG(s) 'my_second_dag' retrieved from /opt/airflow/dags/bash.py
[2025-04-24T06:36:06.908+0000] {logging_mixin.py:190} INFO - [2025-04-24T06:36:06.908+0000] {dag.py:3239} INFO - Sync 1 DAGs
[2025-04-24T06:36:06.924+0000] {logging_mixin.py:190} INFO - [2025-04-24T06:36:06.924+0000] {dag.py:4180} INFO - Setting next_dagrun for my_second_dag to 2011-02-15 00:00:00+00:00, run_after=2011-02-16 00:00:00+00:00
[2025-04-24T06:36:06.935+0000] {processor.py:208} INFO - Processing /opt/airflow/dags/bash.py took 0.053 seconds
[2025-04-24T06:36:37.718+0000] {processor.py:186} INFO - Started process (PID=2136) to work on /opt/airflow/dags/bash.py
[2025-04-24T06:36:37.719+0000] {processor.py:914} INFO - Processing file /opt/airflow/dags/bash.py for tasks to queue
[2025-04-24T06:36:37.721+0000] {logging_mixin.py:190} INFO - [2025-04-24T06:36:37.721+0000] {dagbag.py:588} INFO - Filling up the DagBag from /opt/airflow/dags/bash.py
[2025-04-24T06:36:37.728+0000] {processor.py:925} INFO - DAG(s) 'my_second_dag' retrieved from /opt/airflow/dags/bash.py
[2025-04-24T06:36:37.741+0000] {logging_mixin.py:190} INFO - [2025-04-24T06:36:37.741+0000] {dag.py:3239} INFO - Sync 1 DAGs
[2025-04-24T06:36:37.755+0000] {logging_mixin.py:190} INFO - [2025-04-24T06:36:37.755+0000] {dag.py:4180} INFO - Setting next_dagrun for my_second_dag to 2011-02-15 00:00:00+00:00, run_after=2011-02-16 00:00:00+00:00
[2025-04-24T06:36:37.765+0000] {processor.py:208} INFO - Processing /opt/airflow/dags/bash.py took 0.050 seconds
[2025-04-24T06:37:08.558+0000] {processor.py:186} INFO - Started process (PID=2192) to work on /opt/airflow/dags/bash.py
[2025-04-24T06:37:08.559+0000] {processor.py:914} INFO - Processing file /opt/airflow/dags/bash.py for tasks to queue
[2025-04-24T06:37:08.562+0000] {logging_mixin.py:190} INFO - [2025-04-24T06:37:08.562+0000] {dagbag.py:588} INFO - Filling up the DagBag from /opt/airflow/dags/bash.py
[2025-04-24T06:37:08.569+0000] {processor.py:925} INFO - DAG(s) 'my_second_dag' retrieved from /opt/airflow/dags/bash.py
[2025-04-24T06:37:08.584+0000] {logging_mixin.py:190} INFO - [2025-04-24T06:37:08.584+0000] {dag.py:3239} INFO - Sync 1 DAGs
[2025-04-24T06:37:08.596+0000] {logging_mixin.py:190} INFO - [2025-04-24T06:37:08.596+0000] {dag.py:4180} INFO - Setting next_dagrun for my_second_dag to 2011-02-15 00:00:00+00:00, run_after=2011-02-16 00:00:00+00:00
[2025-04-24T06:37:08.605+0000] {processor.py:208} INFO - Processing /opt/airflow/dags/bash.py took 0.050 seconds
[2025-04-24T06:37:39.406+0000] {processor.py:186} INFO - Started process (PID=2248) to work on /opt/airflow/dags/bash.py
[2025-04-24T06:37:39.406+0000] {processor.py:914} INFO - Processing file /opt/airflow/dags/bash.py for tasks to queue
[2025-04-24T06:37:39.408+0000] {logging_mixin.py:190} INFO - [2025-04-24T06:37:39.407+0000] {dagbag.py:588} INFO - Filling up the DagBag from /opt/airflow/dags/bash.py
[2025-04-24T06:37:39.417+0000] {processor.py:925} INFO - DAG(s) 'my_second_dag' retrieved from /opt/airflow/dags/bash.py
[2025-04-24T06:37:39.432+0000] {logging_mixin.py:190} INFO - [2025-04-24T06:37:39.432+0000] {dag.py:3239} INFO - Sync 1 DAGs
[2025-04-24T06:37:39.448+0000] {logging_mixin.py:190} INFO - [2025-04-24T06:37:39.448+0000] {dag.py:4180} INFO - Setting next_dagrun for my_second_dag to 2011-02-15 00:00:00+00:00, run_after=2011-02-16 00:00:00+00:00
[2025-04-24T06:37:39.458+0000] {processor.py:208} INFO - Processing /opt/airflow/dags/bash.py took 0.056 seconds
[2025-04-24T06:38:10.241+0000] {processor.py:186} INFO - Started process (PID=2304) to work on /opt/airflow/dags/bash.py
[2025-04-24T06:38:10.241+0000] {processor.py:914} INFO - Processing file /opt/airflow/dags/bash.py for tasks to queue
[2025-04-24T06:38:10.243+0000] {logging_mixin.py:190} INFO - [2025-04-24T06:38:10.243+0000] {dagbag.py:588} INFO - Filling up the DagBag from /opt/airflow/dags/bash.py
[2025-04-24T06:38:10.251+0000] {processor.py:925} INFO - DAG(s) 'my_second_dag' retrieved from /opt/airflow/dags/bash.py
[2025-04-24T06:38:10.267+0000] {logging_mixin.py:190} INFO - [2025-04-24T06:38:10.267+0000] {dag.py:3239} INFO - Sync 1 DAGs
[2025-04-24T06:38:10.280+0000] {logging_mixin.py:190} INFO - [2025-04-24T06:38:10.280+0000] {dag.py:4180} INFO - Setting next_dagrun for my_second_dag to 2011-02-15 00:00:00+00:00, run_after=2011-02-16 00:00:00+00:00
[2025-04-24T06:38:10.292+0000] {processor.py:208} INFO - Processing /opt/airflow/dags/bash.py took 0.054 seconds
[2025-04-24T06:38:41.092+0000] {processor.py:186} INFO - Started process (PID=2368) to work on /opt/airflow/dags/bash.py
[2025-04-24T06:38:41.095+0000] {processor.py:914} INFO - Processing file /opt/airflow/dags/bash.py for tasks to queue
[2025-04-24T06:38:41.097+0000] {logging_mixin.py:190} INFO - [2025-04-24T06:38:41.097+0000] {dagbag.py:588} INFO - Filling up the DagBag from /opt/airflow/dags/bash.py
[2025-04-24T06:38:41.103+0000] {processor.py:925} INFO - DAG(s) 'my_second_dag' retrieved from /opt/airflow/dags/bash.py
[2025-04-24T06:38:41.119+0000] {logging_mixin.py:190} INFO - [2025-04-24T06:38:41.119+0000] {dag.py:3239} INFO - Sync 1 DAGs
[2025-04-24T06:38:41.131+0000] {logging_mixin.py:190} INFO - [2025-04-24T06:38:41.131+0000] {dag.py:4180} INFO - Setting next_dagrun for my_second_dag to 2011-02-15 00:00:00+00:00, run_after=2011-02-16 00:00:00+00:00
[2025-04-24T06:38:41.142+0000] {processor.py:208} INFO - Processing /opt/airflow/dags/bash.py took 0.052 seconds
[2025-04-24T06:39:11.993+0000] {processor.py:186} INFO - Started process (PID=2424) to work on /opt/airflow/dags/bash.py
[2025-04-24T06:39:11.994+0000] {processor.py:914} INFO - Processing file /opt/airflow/dags/bash.py for tasks to queue
[2025-04-24T06:39:11.996+0000] {logging_mixin.py:190} INFO - [2025-04-24T06:39:11.996+0000] {dagbag.py:588} INFO - Filling up the DagBag from /opt/airflow/dags/bash.py
[2025-04-24T06:39:12.005+0000] {processor.py:925} INFO - DAG(s) 'my_second_dag' retrieved from /opt/airflow/dags/bash.py
[2025-04-24T06:39:12.023+0000] {logging_mixin.py:190} INFO - [2025-04-24T06:39:12.023+0000] {dag.py:3239} INFO - Sync 1 DAGs
[2025-04-24T06:39:12.036+0000] {logging_mixin.py:190} INFO - [2025-04-24T06:39:12.036+0000] {dag.py:4180} INFO - Setting next_dagrun for my_second_dag to 2011-02-15 00:00:00+00:00, run_after=2011-02-16 00:00:00+00:00
[2025-04-24T06:39:12.049+0000] {processor.py:208} INFO - Processing /opt/airflow/dags/bash.py took 0.060 seconds
[2025-04-24T06:39:42.862+0000] {processor.py:186} INFO - Started process (PID=2478) to work on /opt/airflow/dags/bash.py
[2025-04-24T06:39:42.863+0000] {processor.py:914} INFO - Processing file /opt/airflow/dags/bash.py for tasks to queue
[2025-04-24T06:39:42.864+0000] {logging_mixin.py:190} INFO - [2025-04-24T06:39:42.864+0000] {dagbag.py:588} INFO - Filling up the DagBag from /opt/airflow/dags/bash.py
[2025-04-24T06:39:42.872+0000] {processor.py:925} INFO - DAG(s) 'my_second_dag' retrieved from /opt/airflow/dags/bash.py
[2025-04-24T06:39:42.886+0000] {logging_mixin.py:190} INFO - [2025-04-24T06:39:42.885+0000] {dag.py:3239} INFO - Sync 1 DAGs
[2025-04-24T06:39:42.897+0000] {logging_mixin.py:190} INFO - [2025-04-24T06:39:42.897+0000] {dag.py:4180} INFO - Setting next_dagrun for my_second_dag to 2011-02-15 00:00:00+00:00, run_after=2011-02-16 00:00:00+00:00
[2025-04-24T06:39:42.906+0000] {processor.py:208} INFO - Processing /opt/airflow/dags/bash.py took 0.047 seconds
[2025-04-24T06:40:13.758+0000] {processor.py:186} INFO - Started process (PID=2536) to work on /opt/airflow/dags/bash.py
[2025-04-24T06:40:13.759+0000] {processor.py:914} INFO - Processing file /opt/airflow/dags/bash.py for tasks to queue
[2025-04-24T06:40:13.760+0000] {logging_mixin.py:190} INFO - [2025-04-24T06:40:13.760+0000] {dagbag.py:588} INFO - Filling up the DagBag from /opt/airflow/dags/bash.py
[2025-04-24T06:40:13.767+0000] {processor.py:925} INFO - DAG(s) 'my_second_dag' retrieved from /opt/airflow/dags/bash.py
[2025-04-24T06:40:13.780+0000] {logging_mixin.py:190} INFO - [2025-04-24T06:40:13.780+0000] {dag.py:3239} INFO - Sync 1 DAGs
[2025-04-24T06:40:13.791+0000] {logging_mixin.py:190} INFO - [2025-04-24T06:40:13.791+0000] {dag.py:4180} INFO - Setting next_dagrun for my_second_dag to 2011-02-15 00:00:00+00:00, run_after=2011-02-16 00:00:00+00:00
[2025-04-24T06:40:13.798+0000] {processor.py:208} INFO - Processing /opt/airflow/dags/bash.py took 0.043 seconds
[2025-04-24T06:40:44.632+0000] {processor.py:186} INFO - Started process (PID=2591) to work on /opt/airflow/dags/bash.py
[2025-04-24T06:40:44.632+0000] {processor.py:914} INFO - Processing file /opt/airflow/dags/bash.py for tasks to queue
[2025-04-24T06:40:44.634+0000] {logging_mixin.py:190} INFO - [2025-04-24T06:40:44.634+0000] {dagbag.py:588} INFO - Filling up the DagBag from /opt/airflow/dags/bash.py
[2025-04-24T06:40:44.643+0000] {processor.py:925} INFO - DAG(s) 'my_second_dag' retrieved from /opt/airflow/dags/bash.py
[2025-04-24T06:40:44.658+0000] {logging_mixin.py:190} INFO - [2025-04-24T06:40:44.658+0000] {dag.py:3239} INFO - Sync 1 DAGs
[2025-04-24T06:40:44.669+0000] {logging_mixin.py:190} INFO - [2025-04-24T06:40:44.669+0000] {dag.py:4180} INFO - Setting next_dagrun for my_second_dag to 2011-02-15 00:00:00+00:00, run_after=2011-02-16 00:00:00+00:00
[2025-04-24T06:40:44.678+0000] {processor.py:208} INFO - Processing /opt/airflow/dags/bash.py took 0.049 seconds
[2025-04-24T06:41:15.499+0000] {processor.py:186} INFO - Started process (PID=2646) to work on /opt/airflow/dags/bash.py
[2025-04-24T06:41:15.500+0000] {processor.py:914} INFO - Processing file /opt/airflow/dags/bash.py for tasks to queue
[2025-04-24T06:41:15.502+0000] {logging_mixin.py:190} INFO - [2025-04-24T06:41:15.502+0000] {dagbag.py:588} INFO - Filling up the DagBag from /opt/airflow/dags/bash.py
[2025-04-24T06:41:15.508+0000] {processor.py:925} INFO - DAG(s) 'my_second_dag' retrieved from /opt/airflow/dags/bash.py
[2025-04-24T06:41:15.522+0000] {logging_mixin.py:190} INFO - [2025-04-24T06:41:15.522+0000] {dag.py:3239} INFO - Sync 1 DAGs
[2025-04-24T06:41:15.535+0000] {logging_mixin.py:190} INFO - [2025-04-24T06:41:15.535+0000] {dag.py:4180} INFO - Setting next_dagrun for my_second_dag to 2011-02-15 00:00:00+00:00, run_after=2011-02-16 00:00:00+00:00
[2025-04-24T06:41:15.544+0000] {processor.py:208} INFO - Processing /opt/airflow/dags/bash.py took 0.049 seconds
[2025-04-24T06:41:46.388+0000] {processor.py:186} INFO - Started process (PID=2703) to work on /opt/airflow/dags/bash.py
[2025-04-24T06:41:46.389+0000] {processor.py:914} INFO - Processing file /opt/airflow/dags/bash.py for tasks to queue
[2025-04-24T06:41:46.390+0000] {logging_mixin.py:190} INFO - [2025-04-24T06:41:46.390+0000] {dagbag.py:588} INFO - Filling up the DagBag from /opt/airflow/dags/bash.py
[2025-04-24T06:41:46.398+0000] {processor.py:925} INFO - DAG(s) 'my_second_dag' retrieved from /opt/airflow/dags/bash.py
[2025-04-24T06:41:46.413+0000] {logging_mixin.py:190} INFO - [2025-04-24T06:41:46.413+0000] {dag.py:3239} INFO - Sync 1 DAGs
[2025-04-24T06:41:46.431+0000] {logging_mixin.py:190} INFO - [2025-04-24T06:41:46.431+0000] {dag.py:4180} INFO - Setting next_dagrun for my_second_dag to 2011-02-15 00:00:00+00:00, run_after=2011-02-16 00:00:00+00:00
[2025-04-24T06:41:46.445+0000] {processor.py:208} INFO - Processing /opt/airflow/dags/bash.py took 0.060 seconds
[2025-04-24T06:42:17.292+0000] {processor.py:186} INFO - Started process (PID=2758) to work on /opt/airflow/dags/bash.py
[2025-04-24T06:42:17.294+0000] {processor.py:914} INFO - Processing file /opt/airflow/dags/bash.py for tasks to queue
[2025-04-24T06:42:17.296+0000] {logging_mixin.py:190} INFO - [2025-04-24T06:42:17.296+0000] {dagbag.py:588} INFO - Filling up the DagBag from /opt/airflow/dags/bash.py
[2025-04-24T06:42:17.304+0000] {processor.py:925} INFO - DAG(s) 'my_second_dag' retrieved from /opt/airflow/dags/bash.py
[2025-04-24T06:42:17.320+0000] {logging_mixin.py:190} INFO - [2025-04-24T06:42:17.320+0000] {dag.py:3239} INFO - Sync 1 DAGs
[2025-04-24T06:42:17.333+0000] {logging_mixin.py:190} INFO - [2025-04-24T06:42:17.333+0000] {dag.py:4180} INFO - Setting next_dagrun for my_second_dag to 2011-02-15 00:00:00+00:00, run_after=2011-02-16 00:00:00+00:00
[2025-04-24T06:42:17.348+0000] {processor.py:208} INFO - Processing /opt/airflow/dags/bash.py took 0.059 seconds
[2025-04-24T06:42:48.223+0000] {processor.py:186} INFO - Started process (PID=2814) to work on /opt/airflow/dags/bash.py
[2025-04-24T06:42:48.224+0000] {processor.py:914} INFO - Processing file /opt/airflow/dags/bash.py for tasks to queue
[2025-04-24T06:42:48.225+0000] {logging_mixin.py:190} INFO - [2025-04-24T06:42:48.225+0000] {dagbag.py:588} INFO - Filling up the DagBag from /opt/airflow/dags/bash.py
[2025-04-24T06:42:48.232+0000] {processor.py:925} INFO - DAG(s) 'my_second_dag' retrieved from /opt/airflow/dags/bash.py
[2025-04-24T06:42:48.247+0000] {logging_mixin.py:190} INFO - [2025-04-24T06:42:48.247+0000] {dag.py:3239} INFO - Sync 1 DAGs
[2025-04-24T06:42:48.260+0000] {logging_mixin.py:190} INFO - [2025-04-24T06:42:48.260+0000] {dag.py:4180} INFO - Setting next_dagrun for my_second_dag to 2011-02-15 00:00:00+00:00, run_after=2011-02-16 00:00:00+00:00
[2025-04-24T06:42:48.274+0000] {processor.py:208} INFO - Processing /opt/airflow/dags/bash.py took 0.055 seconds
[2025-04-24T06:43:19.068+0000] {processor.py:186} INFO - Started process (PID=2870) to work on /opt/airflow/dags/bash.py
[2025-04-24T06:43:19.070+0000] {processor.py:914} INFO - Processing file /opt/airflow/dags/bash.py for tasks to queue
[2025-04-24T06:43:19.071+0000] {logging_mixin.py:190} INFO - [2025-04-24T06:43:19.071+0000] {dagbag.py:588} INFO - Filling up the DagBag from /opt/airflow/dags/bash.py
[2025-04-24T06:43:19.078+0000] {processor.py:925} INFO - DAG(s) 'my_second_dag' retrieved from /opt/airflow/dags/bash.py
[2025-04-24T06:43:19.095+0000] {logging_mixin.py:190} INFO - [2025-04-24T06:43:19.095+0000] {dag.py:3239} INFO - Sync 1 DAGs
[2025-04-24T06:43:19.109+0000] {logging_mixin.py:190} INFO - [2025-04-24T06:43:19.108+0000] {dag.py:4180} INFO - Setting next_dagrun for my_second_dag to 2011-02-15 00:00:00+00:00, run_after=2011-02-16 00:00:00+00:00
[2025-04-24T06:43:19.120+0000] {processor.py:208} INFO - Processing /opt/airflow/dags/bash.py took 0.054 seconds
[2025-04-24T06:43:49.877+0000] {processor.py:186} INFO - Started process (PID=2926) to work on /opt/airflow/dags/bash.py
[2025-04-24T06:43:49.877+0000] {processor.py:914} INFO - Processing file /opt/airflow/dags/bash.py for tasks to queue
[2025-04-24T06:43:49.881+0000] {logging_mixin.py:190} INFO - [2025-04-24T06:43:49.881+0000] {dagbag.py:588} INFO - Filling up the DagBag from /opt/airflow/dags/bash.py
[2025-04-24T06:43:49.889+0000] {processor.py:925} INFO - DAG(s) 'my_second_dag' retrieved from /opt/airflow/dags/bash.py
[2025-04-24T06:43:49.909+0000] {logging_mixin.py:190} INFO - [2025-04-24T06:43:49.909+0000] {dag.py:3239} INFO - Sync 1 DAGs
[2025-04-24T06:43:49.923+0000] {logging_mixin.py:190} INFO - [2025-04-24T06:43:49.923+0000] {dag.py:4180} INFO - Setting next_dagrun for my_second_dag to 2011-02-15 00:00:00+00:00, run_after=2011-02-16 00:00:00+00:00
[2025-04-24T06:43:49.931+0000] {processor.py:208} INFO - Processing /opt/airflow/dags/bash.py took 0.057 seconds
[2025-04-24T06:44:20.830+0000] {processor.py:186} INFO - Started process (PID=2982) to work on /opt/airflow/dags/bash.py
[2025-04-24T06:44:20.831+0000] {processor.py:914} INFO - Processing file /opt/airflow/dags/bash.py for tasks to queue
[2025-04-24T06:44:20.832+0000] {logging_mixin.py:190} INFO - [2025-04-24T06:44:20.832+0000] {dagbag.py:588} INFO - Filling up the DagBag from /opt/airflow/dags/bash.py
[2025-04-24T06:44:20.839+0000] {processor.py:925} INFO - DAG(s) 'my_second_dag' retrieved from /opt/airflow/dags/bash.py
[2025-04-24T06:44:20.854+0000] {logging_mixin.py:190} INFO - [2025-04-24T06:44:20.854+0000] {dag.py:3239} INFO - Sync 1 DAGs
[2025-04-24T06:44:20.867+0000] {logging_mixin.py:190} INFO - [2025-04-24T06:44:20.867+0000] {dag.py:4180} INFO - Setting next_dagrun for my_second_dag to 2011-02-15 00:00:00+00:00, run_after=2011-02-16 00:00:00+00:00
[2025-04-24T06:44:20.969+0000] {processor.py:208} INFO - Processing /opt/airflow/dags/bash.py took 0.142 seconds
[2025-04-24T06:44:51.816+0000] {processor.py:186} INFO - Started process (PID=3038) to work on /opt/airflow/dags/bash.py
[2025-04-24T06:44:51.817+0000] {processor.py:914} INFO - Processing file /opt/airflow/dags/bash.py for tasks to queue
[2025-04-24T06:44:51.818+0000] {logging_mixin.py:190} INFO - [2025-04-24T06:44:51.818+0000] {dagbag.py:588} INFO - Filling up the DagBag from /opt/airflow/dags/bash.py
[2025-04-24T06:44:51.825+0000] {processor.py:925} INFO - DAG(s) 'my_second_dag' retrieved from /opt/airflow/dags/bash.py
[2025-04-24T06:44:51.840+0000] {logging_mixin.py:190} INFO - [2025-04-24T06:44:51.840+0000] {dag.py:3239} INFO - Sync 1 DAGs
[2025-04-24T06:44:51.852+0000] {logging_mixin.py:190} INFO - [2025-04-24T06:44:51.852+0000] {dag.py:4180} INFO - Setting next_dagrun for my_second_dag to 2011-02-15 00:00:00+00:00, run_after=2011-02-16 00:00:00+00:00
[2025-04-24T06:44:51.862+0000] {processor.py:208} INFO - Processing /opt/airflow/dags/bash.py took 0.049 seconds
[2025-04-24T06:45:22.688+0000] {processor.py:186} INFO - Started process (PID=3093) to work on /opt/airflow/dags/bash.py
[2025-04-24T06:45:22.689+0000] {processor.py:914} INFO - Processing file /opt/airflow/dags/bash.py for tasks to queue
[2025-04-24T06:45:22.691+0000] {logging_mixin.py:190} INFO - [2025-04-24T06:45:22.691+0000] {dagbag.py:588} INFO - Filling up the DagBag from /opt/airflow/dags/bash.py
[2025-04-24T06:45:22.697+0000] {processor.py:925} INFO - DAG(s) 'my_second_dag' retrieved from /opt/airflow/dags/bash.py
[2025-04-24T06:45:22.710+0000] {logging_mixin.py:190} INFO - [2025-04-24T06:45:22.710+0000] {dag.py:3239} INFO - Sync 1 DAGs
[2025-04-24T06:45:22.723+0000] {logging_mixin.py:190} INFO - [2025-04-24T06:45:22.723+0000] {dag.py:4180} INFO - Setting next_dagrun for my_second_dag to 2011-02-15 00:00:00+00:00, run_after=2011-02-16 00:00:00+00:00
[2025-04-24T06:45:22.735+0000] {processor.py:208} INFO - Processing /opt/airflow/dags/bash.py took 0.050 seconds
[2025-04-24T06:45:53.752+0000] {processor.py:186} INFO - Started process (PID=3149) to work on /opt/airflow/dags/bash.py
[2025-04-24T06:45:53.754+0000] {processor.py:914} INFO - Processing file /opt/airflow/dags/bash.py for tasks to queue
[2025-04-24T06:45:53.756+0000] {logging_mixin.py:190} INFO - [2025-04-24T06:45:53.756+0000] {dagbag.py:588} INFO - Filling up the DagBag from /opt/airflow/dags/bash.py
[2025-04-24T06:45:53.763+0000] {processor.py:925} INFO - DAG(s) 'my_second_dag' retrieved from /opt/airflow/dags/bash.py
[2025-04-24T06:45:53.778+0000] {logging_mixin.py:190} INFO - [2025-04-24T06:45:53.778+0000] {dag.py:3239} INFO - Sync 1 DAGs
[2025-04-24T06:45:53.791+0000] {logging_mixin.py:190} INFO - [2025-04-24T06:45:53.791+0000] {dag.py:4180} INFO - Setting next_dagrun for my_second_dag to 2011-02-15 00:00:00+00:00, run_after=2011-02-16 00:00:00+00:00
[2025-04-24T06:45:53.800+0000] {processor.py:208} INFO - Processing /opt/airflow/dags/bash.py took 0.052 seconds
[2025-04-24T06:46:24.726+0000] {processor.py:186} INFO - Started process (PID=3207) to work on /opt/airflow/dags/bash.py
[2025-04-24T06:46:24.726+0000] {processor.py:914} INFO - Processing file /opt/airflow/dags/bash.py for tasks to queue
[2025-04-24T06:46:24.728+0000] {logging_mixin.py:190} INFO - [2025-04-24T06:46:24.728+0000] {dagbag.py:588} INFO - Filling up the DagBag from /opt/airflow/dags/bash.py
[2025-04-24T06:46:24.735+0000] {processor.py:925} INFO - DAG(s) 'my_second_dag' retrieved from /opt/airflow/dags/bash.py
[2025-04-24T06:46:24.751+0000] {logging_mixin.py:190} INFO - [2025-04-24T06:46:24.751+0000] {dag.py:3239} INFO - Sync 1 DAGs
[2025-04-24T06:46:24.762+0000] {logging_mixin.py:190} INFO - [2025-04-24T06:46:24.762+0000] {dag.py:4180} INFO - Setting next_dagrun for my_second_dag to 2011-02-15 00:00:00+00:00, run_after=2011-02-16 00:00:00+00:00
[2025-04-24T06:46:24.871+0000] {processor.py:208} INFO - Processing /opt/airflow/dags/bash.py took 0.149 seconds
[2025-04-24T06:46:55.826+0000] {processor.py:186} INFO - Started process (PID=3262) to work on /opt/airflow/dags/bash.py
[2025-04-24T06:46:55.827+0000] {processor.py:914} INFO - Processing file /opt/airflow/dags/bash.py for tasks to queue
[2025-04-24T06:46:55.829+0000] {logging_mixin.py:190} INFO - [2025-04-24T06:46:55.828+0000] {dagbag.py:588} INFO - Filling up the DagBag from /opt/airflow/dags/bash.py
[2025-04-24T06:46:55.835+0000] {processor.py:925} INFO - DAG(s) 'my_second_dag' retrieved from /opt/airflow/dags/bash.py
[2025-04-24T06:46:55.849+0000] {logging_mixin.py:190} INFO - [2025-04-24T06:46:55.849+0000] {dag.py:3239} INFO - Sync 1 DAGs
[2025-04-24T06:46:55.861+0000] {logging_mixin.py:190} INFO - [2025-04-24T06:46:55.861+0000] {dag.py:4180} INFO - Setting next_dagrun for my_second_dag to 2011-02-15 00:00:00+00:00, run_after=2011-02-16 00:00:00+00:00
[2025-04-24T06:46:55.871+0000] {processor.py:208} INFO - Processing /opt/airflow/dags/bash.py took 0.049 seconds
[2025-04-24T06:47:26.713+0000] {processor.py:186} INFO - Started process (PID=3317) to work on /opt/airflow/dags/bash.py
[2025-04-24T06:47:26.714+0000] {processor.py:914} INFO - Processing file /opt/airflow/dags/bash.py for tasks to queue
[2025-04-24T06:47:26.715+0000] {logging_mixin.py:190} INFO - [2025-04-24T06:47:26.715+0000] {dagbag.py:588} INFO - Filling up the DagBag from /opt/airflow/dags/bash.py
[2025-04-24T06:47:26.724+0000] {processor.py:925} INFO - DAG(s) 'my_second_dag' retrieved from /opt/airflow/dags/bash.py
[2025-04-24T06:47:26.739+0000] {logging_mixin.py:190} INFO - [2025-04-24T06:47:26.739+0000] {dag.py:3239} INFO - Sync 1 DAGs
[2025-04-24T06:47:26.753+0000] {logging_mixin.py:190} INFO - [2025-04-24T06:47:26.752+0000] {dag.py:4180} INFO - Setting next_dagrun for my_second_dag to 2011-02-15 00:00:00+00:00, run_after=2011-02-16 00:00:00+00:00
[2025-04-24T06:47:26.763+0000] {processor.py:208} INFO - Processing /opt/airflow/dags/bash.py took 0.054 seconds
[2025-04-24T06:47:58.814+0000] {processor.py:186} INFO - Started process (PID=3373) to work on /opt/airflow/dags/bash.py
[2025-04-24T06:47:58.815+0000] {processor.py:914} INFO - Processing file /opt/airflow/dags/bash.py for tasks to queue
[2025-04-24T06:47:58.816+0000] {logging_mixin.py:190} INFO - [2025-04-24T06:47:58.816+0000] {dagbag.py:588} INFO - Filling up the DagBag from /opt/airflow/dags/bash.py
[2025-04-24T06:47:58.825+0000] {processor.py:925} INFO - DAG(s) 'my_second_dag' retrieved from /opt/airflow/dags/bash.py
[2025-04-24T06:47:58.840+0000] {logging_mixin.py:190} INFO - [2025-04-24T06:47:58.839+0000] {dag.py:3239} INFO - Sync 1 DAGs
[2025-04-24T06:47:58.852+0000] {logging_mixin.py:190} INFO - [2025-04-24T06:47:58.851+0000] {dag.py:4180} INFO - Setting next_dagrun for my_second_dag to 2011-02-15 00:00:00+00:00, run_after=2011-02-16 00:00:00+00:00
[2025-04-24T06:47:58.864+0000] {processor.py:208} INFO - Processing /opt/airflow/dags/bash.py took 0.053 seconds
[2025-04-24T06:48:29.742+0000] {processor.py:186} INFO - Started process (PID=3428) to work on /opt/airflow/dags/bash.py
[2025-04-24T06:48:29.742+0000] {processor.py:914} INFO - Processing file /opt/airflow/dags/bash.py for tasks to queue
[2025-04-24T06:48:29.744+0000] {logging_mixin.py:190} INFO - [2025-04-24T06:48:29.743+0000] {dagbag.py:588} INFO - Filling up the DagBag from /opt/airflow/dags/bash.py
[2025-04-24T06:48:29.750+0000] {processor.py:925} INFO - DAG(s) 'my_second_dag' retrieved from /opt/airflow/dags/bash.py
[2025-04-24T06:48:29.763+0000] {logging_mixin.py:190} INFO - [2025-04-24T06:48:29.763+0000] {dag.py:3239} INFO - Sync 1 DAGs
[2025-04-24T06:48:29.885+0000] {logging_mixin.py:190} INFO - [2025-04-24T06:48:29.884+0000] {dag.py:4180} INFO - Setting next_dagrun for my_second_dag to 2011-02-15 00:00:00+00:00, run_after=2011-02-16 00:00:00+00:00
[2025-04-24T06:48:29.893+0000] {processor.py:208} INFO - Processing /opt/airflow/dags/bash.py took 0.154 seconds
[2025-04-24T06:49:00.952+0000] {processor.py:186} INFO - Started process (PID=3484) to work on /opt/airflow/dags/bash.py
[2025-04-24T06:49:00.953+0000] {processor.py:914} INFO - Processing file /opt/airflow/dags/bash.py for tasks to queue
[2025-04-24T06:49:00.954+0000] {logging_mixin.py:190} INFO - [2025-04-24T06:49:00.954+0000] {dagbag.py:588} INFO - Filling up the DagBag from /opt/airflow/dags/bash.py
[2025-04-24T06:49:00.962+0000] {processor.py:925} INFO - DAG(s) 'my_second_dag' retrieved from /opt/airflow/dags/bash.py
[2025-04-24T06:49:00.977+0000] {logging_mixin.py:190} INFO - [2025-04-24T06:49:00.977+0000] {dag.py:3239} INFO - Sync 1 DAGs
[2025-04-24T06:49:00.988+0000] {logging_mixin.py:190} INFO - [2025-04-24T06:49:00.988+0000] {dag.py:4180} INFO - Setting next_dagrun for my_second_dag to 2011-02-15 00:00:00+00:00, run_after=2011-02-16 00:00:00+00:00
[2025-04-24T06:49:01.000+0000] {processor.py:208} INFO - Processing /opt/airflow/dags/bash.py took 0.051 seconds
[2025-04-24T06:49:31.928+0000] {processor.py:186} INFO - Started process (PID=3540) to work on /opt/airflow/dags/bash.py
[2025-04-24T06:49:31.929+0000] {processor.py:914} INFO - Processing file /opt/airflow/dags/bash.py for tasks to queue
[2025-04-24T06:49:31.931+0000] {logging_mixin.py:190} INFO - [2025-04-24T06:49:31.931+0000] {dagbag.py:588} INFO - Filling up the DagBag from /opt/airflow/dags/bash.py
[2025-04-24T06:49:31.938+0000] {processor.py:925} INFO - DAG(s) 'my_second_dag' retrieved from /opt/airflow/dags/bash.py
[2025-04-24T06:49:31.953+0000] {logging_mixin.py:190} INFO - [2025-04-24T06:49:31.953+0000] {dag.py:3239} INFO - Sync 1 DAGs
[2025-04-24T06:49:31.965+0000] {logging_mixin.py:190} INFO - [2025-04-24T06:49:31.965+0000] {dag.py:4180} INFO - Setting next_dagrun for my_second_dag to 2011-02-15 00:00:00+00:00, run_after=2011-02-16 00:00:00+00:00
[2025-04-24T06:49:31.974+0000] {processor.py:208} INFO - Processing /opt/airflow/dags/bash.py took 0.049 seconds
[2025-04-24T06:50:02.840+0000] {processor.py:186} INFO - Started process (PID=3596) to work on /opt/airflow/dags/bash.py
[2025-04-24T06:50:02.841+0000] {processor.py:914} INFO - Processing file /opt/airflow/dags/bash.py for tasks to queue
[2025-04-24T06:50:02.843+0000] {logging_mixin.py:190} INFO - [2025-04-24T06:50:02.843+0000] {dagbag.py:588} INFO - Filling up the DagBag from /opt/airflow/dags/bash.py
[2025-04-24T06:50:02.849+0000] {processor.py:925} INFO - DAG(s) 'my_second_dag' retrieved from /opt/airflow/dags/bash.py
[2025-04-24T06:50:02.865+0000] {logging_mixin.py:190} INFO - [2025-04-24T06:50:02.865+0000] {dag.py:3239} INFO - Sync 1 DAGs
[2025-04-24T06:50:02.879+0000] {logging_mixin.py:190} INFO - [2025-04-24T06:50:02.879+0000] {dag.py:4180} INFO - Setting next_dagrun for my_second_dag to 2011-02-15 00:00:00+00:00, run_after=2011-02-16 00:00:00+00:00
[2025-04-24T06:50:02.888+0000] {processor.py:208} INFO - Processing /opt/airflow/dags/bash.py took 0.051 seconds
[2025-04-24T06:50:34.019+0000] {processor.py:186} INFO - Started process (PID=3654) to work on /opt/airflow/dags/bash.py
[2025-04-24T06:50:34.020+0000] {processor.py:914} INFO - Processing file /opt/airflow/dags/bash.py for tasks to queue
[2025-04-24T06:50:34.022+0000] {logging_mixin.py:190} INFO - [2025-04-24T06:50:34.022+0000] {dagbag.py:588} INFO - Filling up the DagBag from /opt/airflow/dags/bash.py
[2025-04-24T06:50:34.040+0000] {processor.py:925} INFO - DAG(s) 'my_second_dag' retrieved from /opt/airflow/dags/bash.py
[2025-04-24T06:50:34.056+0000] {logging_mixin.py:190} INFO - [2025-04-24T06:50:34.056+0000] {dag.py:3239} INFO - Sync 1 DAGs
[2025-04-24T06:50:34.168+0000] {logging_mixin.py:190} INFO - [2025-04-24T06:50:34.168+0000] {dag.py:4180} INFO - Setting next_dagrun for my_second_dag to 2011-02-15 00:00:00+00:00, run_after=2011-02-16 00:00:00+00:00
[2025-04-24T06:50:34.184+0000] {processor.py:208} INFO - Processing /opt/airflow/dags/bash.py took 0.168 seconds
[2025-04-24T06:51:05.115+0000] {processor.py:186} INFO - Started process (PID=3710) to work on /opt/airflow/dags/bash.py
[2025-04-24T06:51:05.116+0000] {processor.py:914} INFO - Processing file /opt/airflow/dags/bash.py for tasks to queue
[2025-04-24T06:51:05.118+0000] {logging_mixin.py:190} INFO - [2025-04-24T06:51:05.117+0000] {dagbag.py:588} INFO - Filling up the DagBag from /opt/airflow/dags/bash.py
[2025-04-24T06:51:05.124+0000] {processor.py:925} INFO - DAG(s) 'my_second_dag' retrieved from /opt/airflow/dags/bash.py
[2025-04-24T06:51:05.137+0000] {logging_mixin.py:190} INFO - [2025-04-24T06:51:05.137+0000] {dag.py:3239} INFO - Sync 1 DAGs
[2025-04-24T06:51:05.228+0000] {logging_mixin.py:190} INFO - [2025-04-24T06:51:05.227+0000] {dag.py:4180} INFO - Setting next_dagrun for my_second_dag to 2011-02-15 00:00:00+00:00, run_after=2011-02-16 00:00:00+00:00
[2025-04-24T06:51:05.235+0000] {processor.py:208} INFO - Processing /opt/airflow/dags/bash.py took 0.123 seconds
[2025-04-24T06:51:36.339+0000] {processor.py:186} INFO - Started process (PID=3764) to work on /opt/airflow/dags/bash.py
[2025-04-24T06:51:36.340+0000] {processor.py:914} INFO - Processing file /opt/airflow/dags/bash.py for tasks to queue
[2025-04-24T06:51:36.346+0000] {logging_mixin.py:190} INFO - [2025-04-24T06:51:36.344+0000] {dagbag.py:588} INFO - Filling up the DagBag from /opt/airflow/dags/bash.py
[2025-04-24T06:51:36.357+0000] {processor.py:925} INFO - DAG(s) 'my_second_dag' retrieved from /opt/airflow/dags/bash.py
[2025-04-24T06:51:36.379+0000] {logging_mixin.py:190} INFO - [2025-04-24T06:51:36.378+0000] {dag.py:3239} INFO - Sync 1 DAGs
[2025-04-24T06:51:36.421+0000] {logging_mixin.py:190} INFO - [2025-04-24T06:51:36.421+0000] {dag.py:4180} INFO - Setting next_dagrun for my_second_dag to 2011-02-15 00:00:00+00:00, run_after=2011-02-16 00:00:00+00:00
[2025-04-24T06:51:36.454+0000] {processor.py:208} INFO - Processing /opt/airflow/dags/bash.py took 0.121 seconds
[2025-04-24T06:52:07.529+0000] {processor.py:186} INFO - Started process (PID=3821) to work on /opt/airflow/dags/bash.py
[2025-04-24T06:52:07.530+0000] {processor.py:914} INFO - Processing file /opt/airflow/dags/bash.py for tasks to queue
[2025-04-24T06:52:07.532+0000] {logging_mixin.py:190} INFO - [2025-04-24T06:52:07.532+0000] {dagbag.py:588} INFO - Filling up the DagBag from /opt/airflow/dags/bash.py
[2025-04-24T06:52:07.539+0000] {processor.py:925} INFO - DAG(s) 'my_second_dag' retrieved from /opt/airflow/dags/bash.py
[2025-04-24T06:52:07.554+0000] {logging_mixin.py:190} INFO - [2025-04-24T06:52:07.554+0000] {dag.py:3239} INFO - Sync 1 DAGs
[2025-04-24T06:52:07.568+0000] {logging_mixin.py:190} INFO - [2025-04-24T06:52:07.568+0000] {dag.py:4180} INFO - Setting next_dagrun for my_second_dag to 2011-02-15 00:00:00+00:00, run_after=2011-02-16 00:00:00+00:00
[2025-04-24T06:52:07.581+0000] {processor.py:208} INFO - Processing /opt/airflow/dags/bash.py took 0.055 seconds
[2025-04-24T06:52:38.547+0000] {processor.py:186} INFO - Started process (PID=3877) to work on /opt/airflow/dags/bash.py
[2025-04-24T06:52:38.547+0000] {processor.py:914} INFO - Processing file /opt/airflow/dags/bash.py for tasks to queue
[2025-04-24T06:52:38.550+0000] {logging_mixin.py:190} INFO - [2025-04-24T06:52:38.550+0000] {dagbag.py:588} INFO - Filling up the DagBag from /opt/airflow/dags/bash.py
[2025-04-24T06:52:38.557+0000] {processor.py:925} INFO - DAG(s) 'my_second_dag' retrieved from /opt/airflow/dags/bash.py
[2025-04-24T06:52:38.573+0000] {logging_mixin.py:190} INFO - [2025-04-24T06:52:38.573+0000] {dag.py:3239} INFO - Sync 1 DAGs
[2025-04-24T06:52:38.688+0000] {logging_mixin.py:190} INFO - [2025-04-24T06:52:38.688+0000] {dag.py:4180} INFO - Setting next_dagrun for my_second_dag to 2011-02-15 00:00:00+00:00, run_after=2011-02-16 00:00:00+00:00
[2025-04-24T06:52:38.699+0000] {processor.py:208} INFO - Processing /opt/airflow/dags/bash.py took 0.156 seconds
[2025-04-24T06:53:09.660+0000] {processor.py:186} INFO - Started process (PID=3934) to work on /opt/airflow/dags/bash.py
[2025-04-24T06:53:09.661+0000] {processor.py:914} INFO - Processing file /opt/airflow/dags/bash.py for tasks to queue
[2025-04-24T06:53:09.663+0000] {logging_mixin.py:190} INFO - [2025-04-24T06:53:09.662+0000] {dagbag.py:588} INFO - Filling up the DagBag from /opt/airflow/dags/bash.py
[2025-04-24T06:53:09.677+0000] {processor.py:925} INFO - DAG(s) 'my_second_dag' retrieved from /opt/airflow/dags/bash.py
[2025-04-24T06:53:09.788+0000] {logging_mixin.py:190} INFO - [2025-04-24T06:53:09.788+0000] {dag.py:3239} INFO - Sync 1 DAGs
[2025-04-24T06:53:09.800+0000] {logging_mixin.py:190} INFO - [2025-04-24T06:53:09.800+0000] {dag.py:4180} INFO - Setting next_dagrun for my_second_dag to 2011-02-15 00:00:00+00:00, run_after=2011-02-16 00:00:00+00:00
[2025-04-24T06:53:09.809+0000] {processor.py:208} INFO - Processing /opt/airflow/dags/bash.py took 0.153 seconds
[2025-04-24T06:53:40.741+0000] {processor.py:186} INFO - Started process (PID=3988) to work on /opt/airflow/dags/bash.py
[2025-04-24T06:53:40.741+0000] {processor.py:914} INFO - Processing file /opt/airflow/dags/bash.py for tasks to queue
[2025-04-24T06:53:40.743+0000] {logging_mixin.py:190} INFO - [2025-04-24T06:53:40.743+0000] {dagbag.py:588} INFO - Filling up the DagBag from /opt/airflow/dags/bash.py
[2025-04-24T06:53:40.750+0000] {processor.py:925} INFO - DAG(s) 'my_second_dag' retrieved from /opt/airflow/dags/bash.py
[2025-04-24T06:53:40.766+0000] {logging_mixin.py:190} INFO - [2025-04-24T06:53:40.766+0000] {dag.py:3239} INFO - Sync 1 DAGs
[2025-04-24T06:53:40.779+0000] {logging_mixin.py:190} INFO - [2025-04-24T06:53:40.779+0000] {dag.py:4180} INFO - Setting next_dagrun for my_second_dag to 2011-02-15 00:00:00+00:00, run_after=2011-02-16 00:00:00+00:00
[2025-04-24T06:53:40.789+0000] {processor.py:208} INFO - Processing /opt/airflow/dags/bash.py took 0.052 seconds
[2025-04-24T06:54:11.673+0000] {processor.py:186} INFO - Started process (PID=4043) to work on /opt/airflow/dags/bash.py
[2025-04-24T06:54:11.674+0000] {processor.py:914} INFO - Processing file /opt/airflow/dags/bash.py for tasks to queue
[2025-04-24T06:54:11.676+0000] {logging_mixin.py:190} INFO - [2025-04-24T06:54:11.675+0000] {dagbag.py:588} INFO - Filling up the DagBag from /opt/airflow/dags/bash.py
[2025-04-24T06:54:11.685+0000] {processor.py:925} INFO - DAG(s) 'my_second_dag' retrieved from /opt/airflow/dags/bash.py
[2025-04-24T06:54:11.700+0000] {logging_mixin.py:190} INFO - [2025-04-24T06:54:11.700+0000] {dag.py:3239} INFO - Sync 1 DAGs
[2025-04-24T06:54:11.714+0000] {logging_mixin.py:190} INFO - [2025-04-24T06:54:11.713+0000] {dag.py:4180} INFO - Setting next_dagrun for my_second_dag to 2011-02-15 00:00:00+00:00, run_after=2011-02-16 00:00:00+00:00
[2025-04-24T06:54:11.722+0000] {processor.py:208} INFO - Processing /opt/airflow/dags/bash.py took 0.053 seconds
[2025-04-24T06:54:42.493+0000] {processor.py:186} INFO - Started process (PID=4105) to work on /opt/airflow/dags/bash.py
[2025-04-24T06:54:42.494+0000] {processor.py:914} INFO - Processing file /opt/airflow/dags/bash.py for tasks to queue
[2025-04-24T06:54:42.496+0000] {logging_mixin.py:190} INFO - [2025-04-24T06:54:42.496+0000] {dagbag.py:588} INFO - Filling up the DagBag from /opt/airflow/dags/bash.py
[2025-04-24T06:54:42.505+0000] {processor.py:925} INFO - DAG(s) 'my_second_dag' retrieved from /opt/airflow/dags/bash.py
[2025-04-24T06:54:42.521+0000] {logging_mixin.py:190} INFO - [2025-04-24T06:54:42.521+0000] {dag.py:3239} INFO - Sync 1 DAGs
[2025-04-24T06:54:42.534+0000] {logging_mixin.py:190} INFO - [2025-04-24T06:54:42.534+0000] {dag.py:4180} INFO - Setting next_dagrun for my_second_dag to 2011-02-15 00:00:00+00:00, run_after=2011-02-16 00:00:00+00:00
[2025-04-24T06:54:42.547+0000] {processor.py:208} INFO - Processing /opt/airflow/dags/bash.py took 0.058 seconds
[2025-04-24T06:55:13.288+0000] {processor.py:186} INFO - Started process (PID=4161) to work on /opt/airflow/dags/bash.py
[2025-04-24T06:55:13.289+0000] {processor.py:914} INFO - Processing file /opt/airflow/dags/bash.py for tasks to queue
[2025-04-24T06:55:13.291+0000] {logging_mixin.py:190} INFO - [2025-04-24T06:55:13.290+0000] {dagbag.py:588} INFO - Filling up the DagBag from /opt/airflow/dags/bash.py
[2025-04-24T06:55:13.302+0000] {processor.py:925} INFO - DAG(s) 'my_second_dag' retrieved from /opt/airflow/dags/bash.py
[2025-04-24T06:55:13.319+0000] {logging_mixin.py:190} INFO - [2025-04-24T06:55:13.319+0000] {dag.py:3239} INFO - Sync 1 DAGs
[2025-04-24T06:55:13.333+0000] {logging_mixin.py:190} INFO - [2025-04-24T06:55:13.333+0000] {dag.py:4180} INFO - Setting next_dagrun for my_second_dag to 2011-02-15 00:00:00+00:00, run_after=2011-02-16 00:00:00+00:00
[2025-04-24T06:55:13.348+0000] {processor.py:208} INFO - Processing /opt/airflow/dags/bash.py took 0.063 seconds
[2025-04-24T06:55:44.112+0000] {processor.py:186} INFO - Started process (PID=4217) to work on /opt/airflow/dags/bash.py
[2025-04-24T06:55:44.113+0000] {processor.py:914} INFO - Processing file /opt/airflow/dags/bash.py for tasks to queue
[2025-04-24T06:55:44.114+0000] {logging_mixin.py:190} INFO - [2025-04-24T06:55:44.114+0000] {dagbag.py:588} INFO - Filling up the DagBag from /opt/airflow/dags/bash.py
[2025-04-24T06:55:44.123+0000] {processor.py:925} INFO - DAG(s) 'my_second_dag' retrieved from /opt/airflow/dags/bash.py
[2025-04-24T06:55:44.143+0000] {logging_mixin.py:190} INFO - [2025-04-24T06:55:44.143+0000] {dag.py:3239} INFO - Sync 1 DAGs
[2025-04-24T06:55:44.155+0000] {logging_mixin.py:190} INFO - [2025-04-24T06:55:44.155+0000] {dag.py:4180} INFO - Setting next_dagrun for my_second_dag to 2011-02-15 00:00:00+00:00, run_after=2011-02-16 00:00:00+00:00
[2025-04-24T06:55:44.166+0000] {processor.py:208} INFO - Processing /opt/airflow/dags/bash.py took 0.057 seconds
[2025-04-24T06:56:14.914+0000] {processor.py:186} INFO - Started process (PID=4273) to work on /opt/airflow/dags/bash.py
[2025-04-24T06:56:14.914+0000] {processor.py:914} INFO - Processing file /opt/airflow/dags/bash.py for tasks to queue
[2025-04-24T06:56:14.916+0000] {logging_mixin.py:190} INFO - [2025-04-24T06:56:14.916+0000] {dagbag.py:588} INFO - Filling up the DagBag from /opt/airflow/dags/bash.py
[2025-04-24T06:56:14.926+0000] {processor.py:925} INFO - DAG(s) 'my_second_dag' retrieved from /opt/airflow/dags/bash.py
[2025-04-24T06:56:14.943+0000] {logging_mixin.py:190} INFO - [2025-04-24T06:56:14.942+0000] {dag.py:3239} INFO - Sync 1 DAGs
[2025-04-24T06:56:14.957+0000] {logging_mixin.py:190} INFO - [2025-04-24T06:56:14.957+0000] {dag.py:4180} INFO - Setting next_dagrun for my_second_dag to 2011-02-15 00:00:00+00:00, run_after=2011-02-16 00:00:00+00:00
[2025-04-24T06:56:14.969+0000] {processor.py:208} INFO - Processing /opt/airflow/dags/bash.py took 0.060 seconds
[2025-04-24T06:56:45.739+0000] {processor.py:186} INFO - Started process (PID=4329) to work on /opt/airflow/dags/bash.py
[2025-04-24T06:56:45.740+0000] {processor.py:914} INFO - Processing file /opt/airflow/dags/bash.py for tasks to queue
[2025-04-24T06:56:45.742+0000] {logging_mixin.py:190} INFO - [2025-04-24T06:56:45.741+0000] {dagbag.py:588} INFO - Filling up the DagBag from /opt/airflow/dags/bash.py
[2025-04-24T06:56:45.752+0000] {processor.py:925} INFO - DAG(s) 'my_second_dag' retrieved from /opt/airflow/dags/bash.py
[2025-04-24T06:56:45.767+0000] {logging_mixin.py:190} INFO - [2025-04-24T06:56:45.767+0000] {dag.py:3239} INFO - Sync 1 DAGs
[2025-04-24T06:56:45.778+0000] {logging_mixin.py:190} INFO - [2025-04-24T06:56:45.778+0000] {dag.py:4180} INFO - Setting next_dagrun for my_second_dag to 2011-02-15 00:00:00+00:00, run_after=2011-02-16 00:00:00+00:00
[2025-04-24T06:56:45.789+0000] {processor.py:208} INFO - Processing /opt/airflow/dags/bash.py took 0.053 seconds
[2025-04-24T06:57:16.513+0000] {processor.py:186} INFO - Started process (PID=4385) to work on /opt/airflow/dags/bash.py
[2025-04-24T06:57:16.515+0000] {processor.py:914} INFO - Processing file /opt/airflow/dags/bash.py for tasks to queue
[2025-04-24T06:57:16.517+0000] {logging_mixin.py:190} INFO - [2025-04-24T06:57:16.517+0000] {dagbag.py:588} INFO - Filling up the DagBag from /opt/airflow/dags/bash.py
[2025-04-24T06:57:16.524+0000] {processor.py:925} INFO - DAG(s) 'my_second_dag' retrieved from /opt/airflow/dags/bash.py
[2025-04-24T06:57:16.546+0000] {logging_mixin.py:190} INFO - [2025-04-24T06:57:16.545+0000] {dag.py:3239} INFO - Sync 1 DAGs
[2025-04-24T06:57:16.558+0000] {logging_mixin.py:190} INFO - [2025-04-24T06:57:16.558+0000] {dag.py:4180} INFO - Setting next_dagrun for my_second_dag to 2011-02-15 00:00:00+00:00, run_after=2011-02-16 00:00:00+00:00
[2025-04-24T06:57:16.566+0000] {processor.py:208} INFO - Processing /opt/airflow/dags/bash.py took 0.057 seconds
[2025-04-24T06:57:47.287+0000] {processor.py:186} INFO - Started process (PID=4441) to work on /opt/airflow/dags/bash.py
[2025-04-24T06:57:47.288+0000] {processor.py:914} INFO - Processing file /opt/airflow/dags/bash.py for tasks to queue
[2025-04-24T06:57:47.290+0000] {logging_mixin.py:190} INFO - [2025-04-24T06:57:47.289+0000] {dagbag.py:588} INFO - Filling up the DagBag from /opt/airflow/dags/bash.py
[2025-04-24T06:57:47.297+0000] {processor.py:925} INFO - DAG(s) 'my_second_dag' retrieved from /opt/airflow/dags/bash.py
[2025-04-24T06:57:47.314+0000] {logging_mixin.py:190} INFO - [2025-04-24T06:57:47.314+0000] {dag.py:3239} INFO - Sync 1 DAGs
[2025-04-24T06:57:47.327+0000] {logging_mixin.py:190} INFO - [2025-04-24T06:57:47.327+0000] {dag.py:4180} INFO - Setting next_dagrun for my_second_dag to 2011-02-15 00:00:00+00:00, run_after=2011-02-16 00:00:00+00:00
[2025-04-24T06:57:47.338+0000] {processor.py:208} INFO - Processing /opt/airflow/dags/bash.py took 0.054 seconds
[2025-04-24T06:58:18.020+0000] {processor.py:186} INFO - Started process (PID=4497) to work on /opt/airflow/dags/bash.py
[2025-04-24T06:58:18.020+0000] {processor.py:914} INFO - Processing file /opt/airflow/dags/bash.py for tasks to queue
[2025-04-24T06:58:18.022+0000] {logging_mixin.py:190} INFO - [2025-04-24T06:58:18.022+0000] {dagbag.py:588} INFO - Filling up the DagBag from /opt/airflow/dags/bash.py
[2025-04-24T06:58:18.031+0000] {processor.py:925} INFO - DAG(s) 'my_second_dag' retrieved from /opt/airflow/dags/bash.py
[2025-04-24T06:58:18.046+0000] {logging_mixin.py:190} INFO - [2025-04-24T06:58:18.046+0000] {dag.py:3239} INFO - Sync 1 DAGs
[2025-04-24T06:58:18.057+0000] {logging_mixin.py:190} INFO - [2025-04-24T06:58:18.057+0000] {dag.py:4180} INFO - Setting next_dagrun for my_second_dag to 2011-02-15 00:00:00+00:00, run_after=2011-02-16 00:00:00+00:00
[2025-04-24T06:58:18.068+0000] {processor.py:208} INFO - Processing /opt/airflow/dags/bash.py took 0.052 seconds
[2025-04-24T06:58:48.744+0000] {processor.py:186} INFO - Started process (PID=4553) to work on /opt/airflow/dags/bash.py
[2025-04-24T06:58:48.745+0000] {processor.py:914} INFO - Processing file /opt/airflow/dags/bash.py for tasks to queue
[2025-04-24T06:58:48.747+0000] {logging_mixin.py:190} INFO - [2025-04-24T06:58:48.747+0000] {dagbag.py:588} INFO - Filling up the DagBag from /opt/airflow/dags/bash.py
[2025-04-24T06:58:48.755+0000] {processor.py:925} INFO - DAG(s) 'my_second_dag' retrieved from /opt/airflow/dags/bash.py
[2025-04-24T06:58:48.769+0000] {logging_mixin.py:190} INFO - [2025-04-24T06:58:48.769+0000] {dag.py:3239} INFO - Sync 1 DAGs
[2025-04-24T06:58:48.782+0000] {logging_mixin.py:190} INFO - [2025-04-24T06:58:48.782+0000] {dag.py:4180} INFO - Setting next_dagrun for my_second_dag to 2011-02-15 00:00:00+00:00, run_after=2011-02-16 00:00:00+00:00
[2025-04-24T06:58:48.792+0000] {processor.py:208} INFO - Processing /opt/airflow/dags/bash.py took 0.052 seconds
[2025-04-24T06:59:19.555+0000] {processor.py:186} INFO - Started process (PID=4609) to work on /opt/airflow/dags/bash.py
[2025-04-24T06:59:19.556+0000] {processor.py:914} INFO - Processing file /opt/airflow/dags/bash.py for tasks to queue
[2025-04-24T06:59:19.558+0000] {logging_mixin.py:190} INFO - [2025-04-24T06:59:19.558+0000] {dagbag.py:588} INFO - Filling up the DagBag from /opt/airflow/dags/bash.py
[2025-04-24T06:59:19.565+0000] {processor.py:925} INFO - DAG(s) 'my_second_dag' retrieved from /opt/airflow/dags/bash.py
[2025-04-24T06:59:19.581+0000] {logging_mixin.py:190} INFO - [2025-04-24T06:59:19.581+0000] {dag.py:3239} INFO - Sync 1 DAGs
[2025-04-24T06:59:19.597+0000] {logging_mixin.py:190} INFO - [2025-04-24T06:59:19.597+0000] {dag.py:4180} INFO - Setting next_dagrun for my_second_dag to 2011-02-15 00:00:00+00:00, run_after=2011-02-16 00:00:00+00:00
[2025-04-24T06:59:19.609+0000] {processor.py:208} INFO - Processing /opt/airflow/dags/bash.py took 0.057 seconds
[2025-04-24T06:59:50.440+0000] {processor.py:186} INFO - Started process (PID=4665) to work on /opt/airflow/dags/bash.py
[2025-04-24T06:59:50.442+0000] {processor.py:914} INFO - Processing file /opt/airflow/dags/bash.py for tasks to queue
[2025-04-24T06:59:50.443+0000] {logging_mixin.py:190} INFO - [2025-04-24T06:59:50.443+0000] {dagbag.py:588} INFO - Filling up the DagBag from /opt/airflow/dags/bash.py
[2025-04-24T06:59:50.451+0000] {processor.py:925} INFO - DAG(s) 'my_second_dag' retrieved from /opt/airflow/dags/bash.py
[2025-04-24T06:59:50.466+0000] {logging_mixin.py:190} INFO - [2025-04-24T06:59:50.466+0000] {dag.py:3239} INFO - Sync 1 DAGs
[2025-04-24T06:59:50.478+0000] {logging_mixin.py:190} INFO - [2025-04-24T06:59:50.478+0000] {dag.py:4180} INFO - Setting next_dagrun for my_second_dag to 2011-02-15 00:00:00+00:00, run_after=2011-02-16 00:00:00+00:00
[2025-04-24T06:59:50.487+0000] {processor.py:208} INFO - Processing /opt/airflow/dags/bash.py took 0.050 seconds
[2025-04-24T07:00:21.230+0000] {processor.py:186} INFO - Started process (PID=4721) to work on /opt/airflow/dags/bash.py
[2025-04-24T07:00:21.231+0000] {processor.py:914} INFO - Processing file /opt/airflow/dags/bash.py for tasks to queue
[2025-04-24T07:00:21.233+0000] {logging_mixin.py:190} INFO - [2025-04-24T07:00:21.232+0000] {dagbag.py:588} INFO - Filling up the DagBag from /opt/airflow/dags/bash.py
[2025-04-24T07:00:21.242+0000] {processor.py:925} INFO - DAG(s) 'my_second_dag' retrieved from /opt/airflow/dags/bash.py
[2025-04-24T07:00:21.257+0000] {logging_mixin.py:190} INFO - [2025-04-24T07:00:21.257+0000] {dag.py:3239} INFO - Sync 1 DAGs
[2025-04-24T07:00:21.273+0000] {logging_mixin.py:190} INFO - [2025-04-24T07:00:21.273+0000] {dag.py:4180} INFO - Setting next_dagrun for my_second_dag to 2011-02-15 00:00:00+00:00, run_after=2011-02-16 00:00:00+00:00
[2025-04-24T07:00:21.287+0000] {processor.py:208} INFO - Processing /opt/airflow/dags/bash.py took 0.060 seconds
[2025-04-24T07:00:52.023+0000] {processor.py:186} INFO - Started process (PID=4779) to work on /opt/airflow/dags/bash.py
[2025-04-24T07:00:52.024+0000] {processor.py:914} INFO - Processing file /opt/airflow/dags/bash.py for tasks to queue
[2025-04-24T07:00:52.026+0000] {logging_mixin.py:190} INFO - [2025-04-24T07:00:52.025+0000] {dagbag.py:588} INFO - Filling up the DagBag from /opt/airflow/dags/bash.py
[2025-04-24T07:00:52.034+0000] {processor.py:925} INFO - DAG(s) 'my_second_dag' retrieved from /opt/airflow/dags/bash.py
[2025-04-24T07:00:52.053+0000] {logging_mixin.py:190} INFO - [2025-04-24T07:00:52.053+0000] {dag.py:3239} INFO - Sync 1 DAGs
[2025-04-24T07:00:52.068+0000] {logging_mixin.py:190} INFO - [2025-04-24T07:00:52.068+0000] {dag.py:4180} INFO - Setting next_dagrun for my_second_dag to 2011-02-15 00:00:00+00:00, run_after=2011-02-16 00:00:00+00:00
[2025-04-24T07:00:52.080+0000] {processor.py:208} INFO - Processing /opt/airflow/dags/bash.py took 0.060 seconds
[2025-04-24T07:01:23.393+0000] {processor.py:186} INFO - Started process (PID=4833) to work on /opt/airflow/dags/bash.py
[2025-04-24T07:01:23.394+0000] {processor.py:914} INFO - Processing file /opt/airflow/dags/bash.py for tasks to queue
[2025-04-24T07:01:23.396+0000] {logging_mixin.py:190} INFO - [2025-04-24T07:01:23.396+0000] {dagbag.py:588} INFO - Filling up the DagBag from /opt/airflow/dags/bash.py
[2025-04-24T07:01:23.404+0000] {processor.py:925} INFO - DAG(s) 'my_second_dag' retrieved from /opt/airflow/dags/bash.py
[2025-04-24T07:01:23.420+0000] {logging_mixin.py:190} INFO - [2025-04-24T07:01:23.420+0000] {dag.py:3239} INFO - Sync 1 DAGs
[2025-04-24T07:01:23.435+0000] {logging_mixin.py:190} INFO - [2025-04-24T07:01:23.435+0000] {dag.py:4180} INFO - Setting next_dagrun for my_second_dag to 2011-02-15 00:00:00+00:00, run_after=2011-02-16 00:00:00+00:00
[2025-04-24T07:01:23.446+0000] {processor.py:208} INFO - Processing /opt/airflow/dags/bash.py took 0.056 seconds
[2025-04-24T07:01:54.282+0000] {processor.py:186} INFO - Started process (PID=4891) to work on /opt/airflow/dags/bash.py
[2025-04-24T07:01:54.283+0000] {processor.py:914} INFO - Processing file /opt/airflow/dags/bash.py for tasks to queue
[2025-04-24T07:01:54.284+0000] {logging_mixin.py:190} INFO - [2025-04-24T07:01:54.284+0000] {dagbag.py:588} INFO - Filling up the DagBag from /opt/airflow/dags/bash.py
[2025-04-24T07:01:54.294+0000] {processor.py:925} INFO - DAG(s) 'my_second_dag' retrieved from /opt/airflow/dags/bash.py
[2025-04-24T07:01:54.314+0000] {logging_mixin.py:190} INFO - [2025-04-24T07:01:54.314+0000] {dag.py:3239} INFO - Sync 1 DAGs
[2025-04-24T07:01:54.327+0000] {logging_mixin.py:190} INFO - [2025-04-24T07:01:54.327+0000] {dag.py:4180} INFO - Setting next_dagrun for my_second_dag to 2011-02-15 00:00:00+00:00, run_after=2011-02-16 00:00:00+00:00
[2025-04-24T07:01:54.341+0000] {processor.py:208} INFO - Processing /opt/airflow/dags/bash.py took 0.062 seconds
[2025-04-24T07:02:25.056+0000] {processor.py:186} INFO - Started process (PID=4945) to work on /opt/airflow/dags/bash.py
[2025-04-24T07:02:25.057+0000] {processor.py:914} INFO - Processing file /opt/airflow/dags/bash.py for tasks to queue
[2025-04-24T07:02:25.058+0000] {logging_mixin.py:190} INFO - [2025-04-24T07:02:25.058+0000] {dagbag.py:588} INFO - Filling up the DagBag from /opt/airflow/dags/bash.py
[2025-04-24T07:02:25.068+0000] {processor.py:925} INFO - DAG(s) 'my_second_dag' retrieved from /opt/airflow/dags/bash.py
[2025-04-24T07:02:25.083+0000] {logging_mixin.py:190} INFO - [2025-04-24T07:02:25.083+0000] {dag.py:3239} INFO - Sync 1 DAGs
[2025-04-24T07:02:25.095+0000] {logging_mixin.py:190} INFO - [2025-04-24T07:02:25.095+0000] {dag.py:4180} INFO - Setting next_dagrun for my_second_dag to 2011-02-15 00:00:00+00:00, run_after=2011-02-16 00:00:00+00:00
[2025-04-24T07:02:25.108+0000] {processor.py:208} INFO - Processing /opt/airflow/dags/bash.py took 0.055 seconds
[2025-04-24T07:02:55.922+0000] {processor.py:186} INFO - Started process (PID=5001) to work on /opt/airflow/dags/bash.py
[2025-04-24T07:02:55.924+0000] {processor.py:914} INFO - Processing file /opt/airflow/dags/bash.py for tasks to queue
[2025-04-24T07:02:55.927+0000] {logging_mixin.py:190} INFO - [2025-04-24T07:02:55.926+0000] {dagbag.py:588} INFO - Filling up the DagBag from /opt/airflow/dags/bash.py
[2025-04-24T07:02:55.942+0000] {processor.py:925} INFO - DAG(s) 'my_second_dag' retrieved from /opt/airflow/dags/bash.py
[2025-04-24T07:02:55.975+0000] {logging_mixin.py:190} INFO - [2025-04-24T07:02:55.975+0000] {dag.py:3239} INFO - Sync 1 DAGs
[2025-04-24T07:02:55.993+0000] {logging_mixin.py:190} INFO - [2025-04-24T07:02:55.993+0000] {dag.py:4180} INFO - Setting next_dagrun for my_second_dag to 2011-02-15 00:00:00+00:00, run_after=2011-02-16 00:00:00+00:00
[2025-04-24T07:02:56.009+0000] {processor.py:208} INFO - Processing /opt/airflow/dags/bash.py took 0.094 seconds
[2025-04-24T07:03:26.808+0000] {processor.py:186} INFO - Started process (PID=5057) to work on /opt/airflow/dags/bash.py
[2025-04-24T07:03:26.809+0000] {processor.py:914} INFO - Processing file /opt/airflow/dags/bash.py for tasks to queue
[2025-04-24T07:03:26.811+0000] {logging_mixin.py:190} INFO - [2025-04-24T07:03:26.810+0000] {dagbag.py:588} INFO - Filling up the DagBag from /opt/airflow/dags/bash.py
[2025-04-24T07:03:26.823+0000] {processor.py:925} INFO - DAG(s) 'my_second_dag' retrieved from /opt/airflow/dags/bash.py
[2025-04-24T07:03:26.838+0000] {logging_mixin.py:190} INFO - [2025-04-24T07:03:26.837+0000] {dag.py:3239} INFO - Sync 1 DAGs
[2025-04-24T07:03:26.851+0000] {logging_mixin.py:190} INFO - [2025-04-24T07:03:26.851+0000] {dag.py:4180} INFO - Setting next_dagrun for my_second_dag to 2011-02-15 00:00:00+00:00, run_after=2011-02-16 00:00:00+00:00
[2025-04-24T07:03:26.864+0000] {processor.py:208} INFO - Processing /opt/airflow/dags/bash.py took 0.060 seconds
[2025-04-24T07:03:57.653+0000] {processor.py:186} INFO - Started process (PID=5113) to work on /opt/airflow/dags/bash.py
[2025-04-24T07:03:57.655+0000] {processor.py:914} INFO - Processing file /opt/airflow/dags/bash.py for tasks to queue
[2025-04-24T07:03:57.656+0000] {logging_mixin.py:190} INFO - [2025-04-24T07:03:57.656+0000] {dagbag.py:588} INFO - Filling up the DagBag from /opt/airflow/dags/bash.py
[2025-04-24T07:03:57.667+0000] {processor.py:925} INFO - DAG(s) 'my_second_dag' retrieved from /opt/airflow/dags/bash.py
[2025-04-24T07:03:57.684+0000] {logging_mixin.py:190} INFO - [2025-04-24T07:03:57.684+0000] {dag.py:3239} INFO - Sync 1 DAGs
[2025-04-24T07:03:57.697+0000] {logging_mixin.py:190} INFO - [2025-04-24T07:03:57.697+0000] {dag.py:4180} INFO - Setting next_dagrun for my_second_dag to 2011-02-15 00:00:00+00:00, run_after=2011-02-16 00:00:00+00:00
[2025-04-24T07:03:57.709+0000] {processor.py:208} INFO - Processing /opt/airflow/dags/bash.py took 0.059 seconds
[2025-04-24T07:04:28.497+0000] {processor.py:186} INFO - Started process (PID=5169) to work on /opt/airflow/dags/bash.py
[2025-04-24T07:04:28.498+0000] {processor.py:914} INFO - Processing file /opt/airflow/dags/bash.py for tasks to queue
[2025-04-24T07:04:28.500+0000] {logging_mixin.py:190} INFO - [2025-04-24T07:04:28.499+0000] {dagbag.py:588} INFO - Filling up the DagBag from /opt/airflow/dags/bash.py
[2025-04-24T07:04:28.507+0000] {processor.py:925} INFO - DAG(s) 'my_second_dag' retrieved from /opt/airflow/dags/bash.py
[2025-04-24T07:04:28.521+0000] {logging_mixin.py:190} INFO - [2025-04-24T07:04:28.521+0000] {dag.py:3239} INFO - Sync 1 DAGs
[2025-04-24T07:04:28.532+0000] {logging_mixin.py:190} INFO - [2025-04-24T07:04:28.532+0000] {dag.py:4180} INFO - Setting next_dagrun for my_second_dag to 2011-02-15 00:00:00+00:00, run_after=2011-02-16 00:00:00+00:00
[2025-04-24T07:04:28.543+0000] {processor.py:208} INFO - Processing /opt/airflow/dags/bash.py took 0.050 seconds
[2025-04-24T07:04:59.271+0000] {processor.py:186} INFO - Started process (PID=5227) to work on /opt/airflow/dags/bash.py
[2025-04-24T07:04:59.272+0000] {processor.py:914} INFO - Processing file /opt/airflow/dags/bash.py for tasks to queue
[2025-04-24T07:04:59.273+0000] {logging_mixin.py:190} INFO - [2025-04-24T07:04:59.273+0000] {dagbag.py:588} INFO - Filling up the DagBag from /opt/airflow/dags/bash.py
[2025-04-24T07:04:59.282+0000] {processor.py:925} INFO - DAG(s) 'my_second_dag' retrieved from /opt/airflow/dags/bash.py
[2025-04-24T07:04:59.300+0000] {logging_mixin.py:190} INFO - [2025-04-24T07:04:59.300+0000] {dag.py:3239} INFO - Sync 1 DAGs
[2025-04-24T07:04:59.313+0000] {logging_mixin.py:190} INFO - [2025-04-24T07:04:59.313+0000] {dag.py:4180} INFO - Setting next_dagrun for my_second_dag to 2011-02-15 00:00:00+00:00, run_after=2011-02-16 00:00:00+00:00
[2025-04-24T07:04:59.326+0000] {processor.py:208} INFO - Processing /opt/airflow/dags/bash.py took 0.059 seconds
[2025-04-24T07:05:30.050+0000] {processor.py:186} INFO - Started process (PID=5281) to work on /opt/airflow/dags/bash.py
[2025-04-24T07:05:30.051+0000] {processor.py:914} INFO - Processing file /opt/airflow/dags/bash.py for tasks to queue
[2025-04-24T07:05:30.053+0000] {logging_mixin.py:190} INFO - [2025-04-24T07:05:30.053+0000] {dagbag.py:588} INFO - Filling up the DagBag from /opt/airflow/dags/bash.py
[2025-04-24T07:05:30.060+0000] {processor.py:925} INFO - DAG(s) 'my_second_dag' retrieved from /opt/airflow/dags/bash.py
[2025-04-24T07:05:30.076+0000] {logging_mixin.py:190} INFO - [2025-04-24T07:05:30.076+0000] {dag.py:3239} INFO - Sync 1 DAGs
[2025-04-24T07:05:30.090+0000] {logging_mixin.py:190} INFO - [2025-04-24T07:05:30.090+0000] {dag.py:4180} INFO - Setting next_dagrun for my_second_dag to 2011-02-15 00:00:00+00:00, run_after=2011-02-16 00:00:00+00:00
[2025-04-24T07:05:30.101+0000] {processor.py:208} INFO - Processing /opt/airflow/dags/bash.py took 0.054 seconds
[2025-04-24T07:06:00.871+0000] {processor.py:186} INFO - Started process (PID=5336) to work on /opt/airflow/dags/bash.py
[2025-04-24T07:06:00.872+0000] {processor.py:914} INFO - Processing file /opt/airflow/dags/bash.py for tasks to queue
[2025-04-24T07:06:00.874+0000] {logging_mixin.py:190} INFO - [2025-04-24T07:06:00.873+0000] {dagbag.py:588} INFO - Filling up the DagBag from /opt/airflow/dags/bash.py
[2025-04-24T07:06:00.881+0000] {processor.py:925} INFO - DAG(s) 'my_second_dag' retrieved from /opt/airflow/dags/bash.py
[2025-04-24T07:06:00.898+0000] {logging_mixin.py:190} INFO - [2025-04-24T07:06:00.898+0000] {dag.py:3239} INFO - Sync 1 DAGs
[2025-04-24T07:06:00.910+0000] {logging_mixin.py:190} INFO - [2025-04-24T07:06:00.910+0000] {dag.py:4180} INFO - Setting next_dagrun for my_second_dag to 2011-02-15 00:00:00+00:00, run_after=2011-02-16 00:00:00+00:00
[2025-04-24T07:06:00.923+0000] {processor.py:208} INFO - Processing /opt/airflow/dags/bash.py took 0.056 seconds
[2025-04-24T07:06:31.643+0000] {processor.py:186} INFO - Started process (PID=5392) to work on /opt/airflow/dags/bash.py
[2025-04-24T07:06:31.644+0000] {processor.py:914} INFO - Processing file /opt/airflow/dags/bash.py for tasks to queue
[2025-04-24T07:06:31.645+0000] {logging_mixin.py:190} INFO - [2025-04-24T07:06:31.645+0000] {dagbag.py:588} INFO - Filling up the DagBag from /opt/airflow/dags/bash.py
[2025-04-24T07:06:31.657+0000] {processor.py:925} INFO - DAG(s) 'my_second_dag' retrieved from /opt/airflow/dags/bash.py
[2025-04-24T07:06:31.672+0000] {logging_mixin.py:190} INFO - [2025-04-24T07:06:31.672+0000] {dag.py:3239} INFO - Sync 1 DAGs
[2025-04-24T07:06:31.684+0000] {logging_mixin.py:190} INFO - [2025-04-24T07:06:31.684+0000] {dag.py:4180} INFO - Setting next_dagrun for my_second_dag to 2011-02-15 00:00:00+00:00, run_after=2011-02-16 00:00:00+00:00
[2025-04-24T07:06:31.697+0000] {processor.py:208} INFO - Processing /opt/airflow/dags/bash.py took 0.057 seconds
[2025-04-24T07:07:02.460+0000] {processor.py:186} INFO - Started process (PID=5448) to work on /opt/airflow/dags/bash.py
[2025-04-24T07:07:02.460+0000] {processor.py:914} INFO - Processing file /opt/airflow/dags/bash.py for tasks to queue
[2025-04-24T07:07:02.462+0000] {logging_mixin.py:190} INFO - [2025-04-24T07:07:02.462+0000] {dagbag.py:588} INFO - Filling up the DagBag from /opt/airflow/dags/bash.py
[2025-04-24T07:07:02.478+0000] {processor.py:925} INFO - DAG(s) 'my_second_dag' retrieved from /opt/airflow/dags/bash.py
[2025-04-24T07:07:02.493+0000] {logging_mixin.py:190} INFO - [2025-04-24T07:07:02.493+0000] {dag.py:3239} INFO - Sync 1 DAGs
[2025-04-24T07:07:02.507+0000] {logging_mixin.py:190} INFO - [2025-04-24T07:07:02.507+0000] {dag.py:4180} INFO - Setting next_dagrun for my_second_dag to 2011-02-15 00:00:00+00:00, run_after=2011-02-16 00:00:00+00:00
[2025-04-24T07:07:02.517+0000] {processor.py:208} INFO - Processing /opt/airflow/dags/bash.py took 0.061 seconds
[2025-04-24T07:07:33.263+0000] {processor.py:186} INFO - Started process (PID=5504) to work on /opt/airflow/dags/bash.py
[2025-04-24T07:07:33.263+0000] {processor.py:914} INFO - Processing file /opt/airflow/dags/bash.py for tasks to queue
[2025-04-24T07:07:33.265+0000] {logging_mixin.py:190} INFO - [2025-04-24T07:07:33.265+0000] {dagbag.py:588} INFO - Filling up the DagBag from /opt/airflow/dags/bash.py
[2025-04-24T07:07:33.272+0000] {processor.py:925} INFO - DAG(s) 'my_second_dag' retrieved from /opt/airflow/dags/bash.py
[2025-04-24T07:07:33.288+0000] {logging_mixin.py:190} INFO - [2025-04-24T07:07:33.288+0000] {dag.py:3239} INFO - Sync 1 DAGs
[2025-04-24T07:07:33.303+0000] {logging_mixin.py:190} INFO - [2025-04-24T07:07:33.302+0000] {dag.py:4180} INFO - Setting next_dagrun for my_second_dag to 2011-02-15 00:00:00+00:00, run_after=2011-02-16 00:00:00+00:00
[2025-04-24T07:07:33.313+0000] {processor.py:208} INFO - Processing /opt/airflow/dags/bash.py took 0.054 seconds
