[2025-04-24T06:19:04.664+0000] {processor.py:186} INFO - Started process (PID=199) to work on /opt/airflow/dags/dag_postgres.py
[2025-04-24T06:19:04.666+0000] {processor.py:914} INFO - Processing file /opt/airflow/dags/dag_postgres.py for tasks to queue
[2025-04-24T06:19:04.669+0000] {logging_mixin.py:190} INFO - [2025-04-24T06:19:04.668+0000] {dagbag.py:588} INFO - Filling up the DagBag from /opt/airflow/dags/dag_postgres.py
[2025-04-24T06:19:04.690+0000] {processor.py:925} INFO - DAG(s) 'postgres_pipeline' retrieved from /opt/airflow/dags/dag_postgres.py
[2025-04-24T06:19:04.714+0000] {logging_mixin.py:190} INFO - [2025-04-24T06:19:04.714+0000] {dag.py:3239} INFO - Sync 1 DAGs
[2025-04-24T06:19:04.736+0000] {logging_mixin.py:190} INFO - [2025-04-24T06:19:04.736+0000] {dag.py:4180} INFO - Setting next_dagrun for postgres_pipeline to None, run_after=None
[2025-04-24T06:19:04.761+0000] {processor.py:208} INFO - Processing /opt/airflow/dags/dag_postgres.py took 0.104 seconds
[2025-04-24T06:19:34.795+0000] {processor.py:186} INFO - Started process (PID=256) to work on /opt/airflow/dags/dag_postgres.py
[2025-04-24T06:19:34.795+0000] {processor.py:914} INFO - Processing file /opt/airflow/dags/dag_postgres.py for tasks to queue
[2025-04-24T06:19:34.796+0000] {logging_mixin.py:190} INFO - [2025-04-24T06:19:34.796+0000] {dagbag.py:588} INFO - Filling up the DagBag from /opt/airflow/dags/dag_postgres.py
[2025-04-24T06:19:34.813+0000] {processor.py:925} INFO - DAG(s) 'postgres_pipeline' retrieved from /opt/airflow/dags/dag_postgres.py
[2025-04-24T06:19:34.836+0000] {logging_mixin.py:190} INFO - [2025-04-24T06:19:34.836+0000] {dag.py:3239} INFO - Sync 1 DAGs
[2025-04-24T06:19:34.851+0000] {logging_mixin.py:190} INFO - [2025-04-24T06:19:34.851+0000] {dag.py:4180} INFO - Setting next_dagrun for postgres_pipeline to None, run_after=None
[2025-04-24T06:19:34.877+0000] {processor.py:208} INFO - Processing /opt/airflow/dags/dag_postgres.py took 0.086 seconds
[2025-04-24T06:20:05.747+0000] {processor.py:186} INFO - Started process (PID=310) to work on /opt/airflow/dags/dag_postgres.py
[2025-04-24T06:20:05.748+0000] {processor.py:914} INFO - Processing file /opt/airflow/dags/dag_postgres.py for tasks to queue
[2025-04-24T06:20:05.749+0000] {logging_mixin.py:190} INFO - [2025-04-24T06:20:05.749+0000] {dagbag.py:588} INFO - Filling up the DagBag from /opt/airflow/dags/dag_postgres.py
[2025-04-24T06:20:05.768+0000] {processor.py:925} INFO - DAG(s) 'postgres_pipeline' retrieved from /opt/airflow/dags/dag_postgres.py
[2025-04-24T06:20:05.789+0000] {logging_mixin.py:190} INFO - [2025-04-24T06:20:05.789+0000] {dag.py:3239} INFO - Sync 1 DAGs
[2025-04-24T06:20:05.802+0000] {logging_mixin.py:190} INFO - [2025-04-24T06:20:05.802+0000] {dag.py:4180} INFO - Setting next_dagrun for postgres_pipeline to None, run_after=None
[2025-04-24T06:20:05.820+0000] {processor.py:208} INFO - Processing /opt/airflow/dags/dag_postgres.py took 0.078 seconds
[2025-04-24T06:20:36.625+0000] {processor.py:186} INFO - Started process (PID=366) to work on /opt/airflow/dags/dag_postgres.py
[2025-04-24T06:20:36.626+0000] {processor.py:914} INFO - Processing file /opt/airflow/dags/dag_postgres.py for tasks to queue
[2025-04-24T06:20:36.629+0000] {logging_mixin.py:190} INFO - [2025-04-24T06:20:36.628+0000] {dagbag.py:588} INFO - Filling up the DagBag from /opt/airflow/dags/dag_postgres.py
[2025-04-24T06:20:36.641+0000] {processor.py:925} INFO - DAG(s) 'postgres_pipeline' retrieved from /opt/airflow/dags/dag_postgres.py
[2025-04-24T06:20:36.660+0000] {logging_mixin.py:190} INFO - [2025-04-24T06:20:36.660+0000] {dag.py:3239} INFO - Sync 1 DAGs
[2025-04-24T06:20:36.672+0000] {logging_mixin.py:190} INFO - [2025-04-24T06:20:36.672+0000] {dag.py:4180} INFO - Setting next_dagrun for postgres_pipeline to None, run_after=None
[2025-04-24T06:20:36.694+0000] {processor.py:208} INFO - Processing /opt/airflow/dags/dag_postgres.py took 0.073 seconds
[2025-04-24T06:21:07.487+0000] {processor.py:186} INFO - Started process (PID=422) to work on /opt/airflow/dags/dag_postgres.py
[2025-04-24T06:21:07.489+0000] {processor.py:914} INFO - Processing file /opt/airflow/dags/dag_postgres.py for tasks to queue
[2025-04-24T06:21:07.491+0000] {logging_mixin.py:190} INFO - [2025-04-24T06:21:07.491+0000] {dagbag.py:588} INFO - Filling up the DagBag from /opt/airflow/dags/dag_postgres.py
[2025-04-24T06:21:07.501+0000] {processor.py:925} INFO - DAG(s) 'postgres_pipeline' retrieved from /opt/airflow/dags/dag_postgres.py
[2025-04-24T06:21:07.518+0000] {logging_mixin.py:190} INFO - [2025-04-24T06:21:07.518+0000] {dag.py:3239} INFO - Sync 1 DAGs
[2025-04-24T06:21:07.530+0000] {logging_mixin.py:190} INFO - [2025-04-24T06:21:07.530+0000] {dag.py:4180} INFO - Setting next_dagrun for postgres_pipeline to None, run_after=None
[2025-04-24T06:21:07.549+0000] {processor.py:208} INFO - Processing /opt/airflow/dags/dag_postgres.py took 0.065 seconds
[2025-04-24T06:21:38.370+0000] {processor.py:186} INFO - Started process (PID=478) to work on /opt/airflow/dags/dag_postgres.py
[2025-04-24T06:21:38.371+0000] {processor.py:914} INFO - Processing file /opt/airflow/dags/dag_postgres.py for tasks to queue
[2025-04-24T06:21:38.372+0000] {logging_mixin.py:190} INFO - [2025-04-24T06:21:38.372+0000] {dagbag.py:588} INFO - Filling up the DagBag from /opt/airflow/dags/dag_postgres.py
[2025-04-24T06:21:38.386+0000] {processor.py:925} INFO - DAG(s) 'postgres_pipeline' retrieved from /opt/airflow/dags/dag_postgres.py
[2025-04-24T06:21:38.407+0000] {logging_mixin.py:190} INFO - [2025-04-24T06:21:38.407+0000] {dag.py:3239} INFO - Sync 1 DAGs
[2025-04-24T06:21:38.422+0000] {logging_mixin.py:190} INFO - [2025-04-24T06:21:38.422+0000] {dag.py:4180} INFO - Setting next_dagrun for postgres_pipeline to None, run_after=None
[2025-04-24T06:21:38.441+0000] {processor.py:208} INFO - Processing /opt/airflow/dags/dag_postgres.py took 0.076 seconds
[2025-04-24T06:22:09.375+0000] {processor.py:186} INFO - Started process (PID=540) to work on /opt/airflow/dags/dag_postgres.py
[2025-04-24T06:22:09.376+0000] {processor.py:914} INFO - Processing file /opt/airflow/dags/dag_postgres.py for tasks to queue
[2025-04-24T06:22:09.378+0000] {logging_mixin.py:190} INFO - [2025-04-24T06:22:09.378+0000] {dagbag.py:588} INFO - Filling up the DagBag from /opt/airflow/dags/dag_postgres.py
[2025-04-24T06:22:09.397+0000] {processor.py:925} INFO - DAG(s) 'postgres_pipeline' retrieved from /opt/airflow/dags/dag_postgres.py
[2025-04-24T06:22:09.419+0000] {logging_mixin.py:190} INFO - [2025-04-24T06:22:09.419+0000] {dag.py:3239} INFO - Sync 1 DAGs
[2025-04-24T06:22:09.434+0000] {logging_mixin.py:190} INFO - [2025-04-24T06:22:09.434+0000] {dag.py:4180} INFO - Setting next_dagrun for postgres_pipeline to None, run_after=None
[2025-04-24T06:22:09.455+0000] {processor.py:208} INFO - Processing /opt/airflow/dags/dag_postgres.py took 0.085 seconds
[2025-04-24T06:22:40.257+0000] {processor.py:186} INFO - Started process (PID=595) to work on /opt/airflow/dags/dag_postgres.py
[2025-04-24T06:22:40.258+0000] {processor.py:914} INFO - Processing file /opt/airflow/dags/dag_postgres.py for tasks to queue
[2025-04-24T06:22:40.260+0000] {logging_mixin.py:190} INFO - [2025-04-24T06:22:40.260+0000] {dagbag.py:588} INFO - Filling up the DagBag from /opt/airflow/dags/dag_postgres.py
[2025-04-24T06:22:40.272+0000] {processor.py:925} INFO - DAG(s) 'postgres_pipeline' retrieved from /opt/airflow/dags/dag_postgres.py
[2025-04-24T06:22:40.290+0000] {logging_mixin.py:190} INFO - [2025-04-24T06:22:40.290+0000] {dag.py:3239} INFO - Sync 1 DAGs
[2025-04-24T06:22:40.303+0000] {logging_mixin.py:190} INFO - [2025-04-24T06:22:40.303+0000] {dag.py:4180} INFO - Setting next_dagrun for postgres_pipeline to None, run_after=None
[2025-04-24T06:22:40.319+0000] {processor.py:208} INFO - Processing /opt/airflow/dags/dag_postgres.py took 0.069 seconds
[2025-04-24T06:23:11.137+0000] {processor.py:186} INFO - Started process (PID=651) to work on /opt/airflow/dags/dag_postgres.py
[2025-04-24T06:23:11.139+0000] {processor.py:914} INFO - Processing file /opt/airflow/dags/dag_postgres.py for tasks to queue
[2025-04-24T06:23:11.140+0000] {logging_mixin.py:190} INFO - [2025-04-24T06:23:11.140+0000] {dagbag.py:588} INFO - Filling up the DagBag from /opt/airflow/dags/dag_postgres.py
[2025-04-24T06:23:11.152+0000] {processor.py:925} INFO - DAG(s) 'postgres_pipeline' retrieved from /opt/airflow/dags/dag_postgres.py
[2025-04-24T06:23:11.172+0000] {logging_mixin.py:190} INFO - [2025-04-24T06:23:11.172+0000] {dag.py:3239} INFO - Sync 1 DAGs
[2025-04-24T06:23:11.188+0000] {logging_mixin.py:190} INFO - [2025-04-24T06:23:11.188+0000] {dag.py:4180} INFO - Setting next_dagrun for postgres_pipeline to None, run_after=None
[2025-04-24T06:23:11.206+0000] {processor.py:208} INFO - Processing /opt/airflow/dags/dag_postgres.py took 0.074 seconds
[2025-04-24T06:23:42.000+0000] {processor.py:186} INFO - Started process (PID=707) to work on /opt/airflow/dags/dag_postgres.py
[2025-04-24T06:23:42.000+0000] {processor.py:914} INFO - Processing file /opt/airflow/dags/dag_postgres.py for tasks to queue
[2025-04-24T06:23:42.003+0000] {logging_mixin.py:190} INFO - [2025-04-24T06:23:42.003+0000] {dagbag.py:588} INFO - Filling up the DagBag from /opt/airflow/dags/dag_postgres.py
[2025-04-24T06:23:42.014+0000] {processor.py:925} INFO - DAG(s) 'postgres_pipeline' retrieved from /opt/airflow/dags/dag_postgres.py
[2025-04-24T06:23:42.037+0000] {logging_mixin.py:190} INFO - [2025-04-24T06:23:42.037+0000] {dag.py:3239} INFO - Sync 1 DAGs
[2025-04-24T06:23:42.049+0000] {logging_mixin.py:190} INFO - [2025-04-24T06:23:42.049+0000] {dag.py:4180} INFO - Setting next_dagrun for postgres_pipeline to None, run_after=None
[2025-04-24T06:23:42.066+0000] {processor.py:208} INFO - Processing /opt/airflow/dags/dag_postgres.py took 0.071 seconds
[2025-04-24T06:24:12.838+0000] {processor.py:186} INFO - Started process (PID=763) to work on /opt/airflow/dags/dag_postgres.py
[2025-04-24T06:24:12.839+0000] {processor.py:914} INFO - Processing file /opt/airflow/dags/dag_postgres.py for tasks to queue
[2025-04-24T06:24:12.841+0000] {logging_mixin.py:190} INFO - [2025-04-24T06:24:12.841+0000] {dagbag.py:588} INFO - Filling up the DagBag from /opt/airflow/dags/dag_postgres.py
[2025-04-24T06:24:12.857+0000] {processor.py:925} INFO - DAG(s) 'postgres_pipeline' retrieved from /opt/airflow/dags/dag_postgres.py
[2025-04-24T06:24:12.874+0000] {logging_mixin.py:190} INFO - [2025-04-24T06:24:12.874+0000] {dag.py:3239} INFO - Sync 1 DAGs
[2025-04-24T06:24:12.886+0000] {logging_mixin.py:190} INFO - [2025-04-24T06:24:12.886+0000] {dag.py:4180} INFO - Setting next_dagrun for postgres_pipeline to None, run_after=None
[2025-04-24T06:24:12.900+0000] {processor.py:208} INFO - Processing /opt/airflow/dags/dag_postgres.py took 0.065 seconds
[2025-04-24T06:24:43.702+0000] {processor.py:186} INFO - Started process (PID=819) to work on /opt/airflow/dags/dag_postgres.py
[2025-04-24T06:24:43.703+0000] {processor.py:914} INFO - Processing file /opt/airflow/dags/dag_postgres.py for tasks to queue
[2025-04-24T06:24:43.705+0000] {logging_mixin.py:190} INFO - [2025-04-24T06:24:43.704+0000] {dagbag.py:588} INFO - Filling up the DagBag from /opt/airflow/dags/dag_postgres.py
[2025-04-24T06:24:43.718+0000] {processor.py:925} INFO - DAG(s) 'postgres_pipeline' retrieved from /opt/airflow/dags/dag_postgres.py
[2025-04-24T06:24:43.735+0000] {logging_mixin.py:190} INFO - [2025-04-24T06:24:43.735+0000] {dag.py:3239} INFO - Sync 1 DAGs
[2025-04-24T06:24:43.748+0000] {logging_mixin.py:190} INFO - [2025-04-24T06:24:43.748+0000] {dag.py:4180} INFO - Setting next_dagrun for postgres_pipeline to None, run_after=None
[2025-04-24T06:24:43.764+0000] {processor.py:208} INFO - Processing /opt/airflow/dags/dag_postgres.py took 0.065 seconds
[2025-04-24T06:25:14.588+0000] {processor.py:186} INFO - Started process (PID=875) to work on /opt/airflow/dags/dag_postgres.py
[2025-04-24T06:25:14.590+0000] {processor.py:914} INFO - Processing file /opt/airflow/dags/dag_postgres.py for tasks to queue
[2025-04-24T06:25:14.593+0000] {logging_mixin.py:190} INFO - [2025-04-24T06:25:14.593+0000] {dagbag.py:588} INFO - Filling up the DagBag from /opt/airflow/dags/dag_postgres.py
[2025-04-24T06:25:14.611+0000] {processor.py:925} INFO - DAG(s) 'postgres_pipeline' retrieved from /opt/airflow/dags/dag_postgres.py
[2025-04-24T06:25:14.649+0000] {logging_mixin.py:190} INFO - [2025-04-24T06:25:14.649+0000] {dag.py:3239} INFO - Sync 1 DAGs
[2025-04-24T06:25:14.670+0000] {logging_mixin.py:190} INFO - [2025-04-24T06:25:14.670+0000] {dag.py:4180} INFO - Setting next_dagrun for postgres_pipeline to None, run_after=None
[2025-04-24T06:25:14.690+0000] {processor.py:208} INFO - Processing /opt/airflow/dags/dag_postgres.py took 0.115 seconds
[2025-04-24T06:25:45.701+0000] {processor.py:186} INFO - Started process (PID=931) to work on /opt/airflow/dags/dag_postgres.py
[2025-04-24T06:25:45.702+0000] {processor.py:914} INFO - Processing file /opt/airflow/dags/dag_postgres.py for tasks to queue
[2025-04-24T06:25:45.704+0000] {logging_mixin.py:190} INFO - [2025-04-24T06:25:45.704+0000] {dagbag.py:588} INFO - Filling up the DagBag from /opt/airflow/dags/dag_postgres.py
[2025-04-24T06:25:45.719+0000] {processor.py:925} INFO - DAG(s) 'postgres_pipeline' retrieved from /opt/airflow/dags/dag_postgres.py
[2025-04-24T06:25:45.737+0000] {logging_mixin.py:190} INFO - [2025-04-24T06:25:45.737+0000] {dag.py:3239} INFO - Sync 1 DAGs
[2025-04-24T06:25:45.750+0000] {logging_mixin.py:190} INFO - [2025-04-24T06:25:45.750+0000] {dag.py:4180} INFO - Setting next_dagrun for postgres_pipeline to None, run_after=None
[2025-04-24T06:25:45.769+0000] {processor.py:208} INFO - Processing /opt/airflow/dags/dag_postgres.py took 0.072 seconds
[2025-04-24T06:26:16.574+0000] {processor.py:186} INFO - Started process (PID=987) to work on /opt/airflow/dags/dag_postgres.py
[2025-04-24T06:26:16.575+0000] {processor.py:914} INFO - Processing file /opt/airflow/dags/dag_postgres.py for tasks to queue
[2025-04-24T06:26:16.576+0000] {logging_mixin.py:190} INFO - [2025-04-24T06:26:16.576+0000] {dagbag.py:588} INFO - Filling up the DagBag from /opt/airflow/dags/dag_postgres.py
[2025-04-24T06:26:16.588+0000] {processor.py:925} INFO - DAG(s) 'postgres_pipeline' retrieved from /opt/airflow/dags/dag_postgres.py
[2025-04-24T06:26:16.607+0000] {logging_mixin.py:190} INFO - [2025-04-24T06:26:16.607+0000] {dag.py:3239} INFO - Sync 1 DAGs
[2025-04-24T06:26:16.620+0000] {logging_mixin.py:190} INFO - [2025-04-24T06:26:16.620+0000] {dag.py:4180} INFO - Setting next_dagrun for postgres_pipeline to None, run_after=None
[2025-04-24T06:26:16.638+0000] {processor.py:208} INFO - Processing /opt/airflow/dags/dag_postgres.py took 0.068 seconds
[2025-04-24T06:26:47.459+0000] {processor.py:186} INFO - Started process (PID=1043) to work on /opt/airflow/dags/dag_postgres.py
[2025-04-24T06:26:47.461+0000] {processor.py:914} INFO - Processing file /opt/airflow/dags/dag_postgres.py for tasks to queue
[2025-04-24T06:26:47.466+0000] {logging_mixin.py:190} INFO - [2025-04-24T06:26:47.466+0000] {dagbag.py:588} INFO - Filling up the DagBag from /opt/airflow/dags/dag_postgres.py
[2025-04-24T06:26:47.483+0000] {processor.py:925} INFO - DAG(s) 'postgres_pipeline' retrieved from /opt/airflow/dags/dag_postgres.py
[2025-04-24T06:26:47.505+0000] {logging_mixin.py:190} INFO - [2025-04-24T06:26:47.505+0000] {dag.py:3239} INFO - Sync 1 DAGs
[2025-04-24T06:26:47.519+0000] {logging_mixin.py:190} INFO - [2025-04-24T06:26:47.519+0000] {dag.py:4180} INFO - Setting next_dagrun for postgres_pipeline to None, run_after=None
[2025-04-24T06:26:47.537+0000] {processor.py:208} INFO - Processing /opt/airflow/dags/dag_postgres.py took 0.084 seconds
[2025-04-24T06:27:18.445+0000] {processor.py:186} INFO - Started process (PID=1099) to work on /opt/airflow/dags/dag_postgres.py
[2025-04-24T06:27:18.446+0000] {processor.py:914} INFO - Processing file /opt/airflow/dags/dag_postgres.py for tasks to queue
[2025-04-24T06:27:18.448+0000] {logging_mixin.py:190} INFO - [2025-04-24T06:27:18.448+0000] {dagbag.py:588} INFO - Filling up the DagBag from /opt/airflow/dags/dag_postgres.py
[2025-04-24T06:27:18.467+0000] {processor.py:925} INFO - DAG(s) 'postgres_pipeline' retrieved from /opt/airflow/dags/dag_postgres.py
[2025-04-24T06:27:18.490+0000] {logging_mixin.py:190} INFO - [2025-04-24T06:27:18.490+0000] {dag.py:3239} INFO - Sync 1 DAGs
[2025-04-24T06:27:18.506+0000] {logging_mixin.py:190} INFO - [2025-04-24T06:27:18.506+0000] {dag.py:4180} INFO - Setting next_dagrun for postgres_pipeline to None, run_after=None
[2025-04-24T06:27:18.522+0000] {processor.py:208} INFO - Processing /opt/airflow/dags/dag_postgres.py took 0.083 seconds
[2025-04-24T06:27:49.444+0000] {processor.py:186} INFO - Started process (PID=1155) to work on /opt/airflow/dags/dag_postgres.py
[2025-04-24T06:27:49.445+0000] {processor.py:914} INFO - Processing file /opt/airflow/dags/dag_postgres.py for tasks to queue
[2025-04-24T06:27:49.447+0000] {logging_mixin.py:190} INFO - [2025-04-24T06:27:49.446+0000] {dagbag.py:588} INFO - Filling up the DagBag from /opt/airflow/dags/dag_postgres.py
[2025-04-24T06:27:49.458+0000] {processor.py:925} INFO - DAG(s) 'postgres_pipeline' retrieved from /opt/airflow/dags/dag_postgres.py
[2025-04-24T06:27:49.477+0000] {logging_mixin.py:190} INFO - [2025-04-24T06:27:49.476+0000] {dag.py:3239} INFO - Sync 1 DAGs
[2025-04-24T06:27:49.492+0000] {logging_mixin.py:190} INFO - [2025-04-24T06:27:49.492+0000] {dag.py:4180} INFO - Setting next_dagrun for postgres_pipeline to None, run_after=None
[2025-04-24T06:27:49.508+0000] {processor.py:208} INFO - Processing /opt/airflow/dags/dag_postgres.py took 0.068 seconds
[2025-04-24T06:28:20.397+0000] {processor.py:186} INFO - Started process (PID=1210) to work on /opt/airflow/dags/dag_postgres.py
[2025-04-24T06:28:20.398+0000] {processor.py:914} INFO - Processing file /opt/airflow/dags/dag_postgres.py for tasks to queue
[2025-04-24T06:28:20.400+0000] {logging_mixin.py:190} INFO - [2025-04-24T06:28:20.400+0000] {dagbag.py:588} INFO - Filling up the DagBag from /opt/airflow/dags/dag_postgres.py
[2025-04-24T06:28:20.412+0000] {processor.py:925} INFO - DAG(s) 'postgres_pipeline' retrieved from /opt/airflow/dags/dag_postgres.py
[2025-04-24T06:28:20.432+0000] {logging_mixin.py:190} INFO - [2025-04-24T06:28:20.432+0000] {dag.py:3239} INFO - Sync 1 DAGs
[2025-04-24T06:28:20.445+0000] {logging_mixin.py:190} INFO - [2025-04-24T06:28:20.445+0000] {dag.py:4180} INFO - Setting next_dagrun for postgres_pipeline to None, run_after=None
[2025-04-24T06:28:20.465+0000] {processor.py:208} INFO - Processing /opt/airflow/dags/dag_postgres.py took 0.073 seconds
[2025-04-24T06:28:51.339+0000] {processor.py:186} INFO - Started process (PID=1266) to work on /opt/airflow/dags/dag_postgres.py
[2025-04-24T06:28:51.339+0000] {processor.py:914} INFO - Processing file /opt/airflow/dags/dag_postgres.py for tasks to queue
[2025-04-24T06:28:51.341+0000] {logging_mixin.py:190} INFO - [2025-04-24T06:28:51.341+0000] {dagbag.py:588} INFO - Filling up the DagBag from /opt/airflow/dags/dag_postgres.py
[2025-04-24T06:28:51.355+0000] {processor.py:925} INFO - DAG(s) 'postgres_pipeline' retrieved from /opt/airflow/dags/dag_postgres.py
[2025-04-24T06:28:51.372+0000] {logging_mixin.py:190} INFO - [2025-04-24T06:28:51.372+0000] {dag.py:3239} INFO - Sync 1 DAGs
[2025-04-24T06:28:51.388+0000] {logging_mixin.py:190} INFO - [2025-04-24T06:28:51.388+0000] {dag.py:4180} INFO - Setting next_dagrun for postgres_pipeline to None, run_after=None
[2025-04-24T06:28:51.404+0000] {processor.py:208} INFO - Processing /opt/airflow/dags/dag_postgres.py took 0.070 seconds
[2025-04-24T06:29:22.250+0000] {processor.py:186} INFO - Started process (PID=1322) to work on /opt/airflow/dags/dag_postgres.py
[2025-04-24T06:29:22.252+0000] {processor.py:914} INFO - Processing file /opt/airflow/dags/dag_postgres.py for tasks to queue
[2025-04-24T06:29:22.256+0000] {logging_mixin.py:190} INFO - [2025-04-24T06:29:22.255+0000] {dagbag.py:588} INFO - Filling up the DagBag from /opt/airflow/dags/dag_postgres.py
[2025-04-24T06:29:22.269+0000] {processor.py:925} INFO - DAG(s) 'postgres_pipeline' retrieved from /opt/airflow/dags/dag_postgres.py
[2025-04-24T06:29:22.292+0000] {logging_mixin.py:190} INFO - [2025-04-24T06:29:22.292+0000] {dag.py:3239} INFO - Sync 1 DAGs
[2025-04-24T06:29:22.308+0000] {logging_mixin.py:190} INFO - [2025-04-24T06:29:22.308+0000] {dag.py:4180} INFO - Setting next_dagrun for postgres_pipeline to None, run_after=None
[2025-04-24T06:29:22.326+0000] {processor.py:208} INFO - Processing /opt/airflow/dags/dag_postgres.py took 0.082 seconds
[2025-04-24T06:29:53.241+0000] {processor.py:186} INFO - Started process (PID=1378) to work on /opt/airflow/dags/dag_postgres.py
[2025-04-24T06:29:53.241+0000] {processor.py:914} INFO - Processing file /opt/airflow/dags/dag_postgres.py for tasks to queue
[2025-04-24T06:29:53.243+0000] {logging_mixin.py:190} INFO - [2025-04-24T06:29:53.243+0000] {dagbag.py:588} INFO - Filling up the DagBag from /opt/airflow/dags/dag_postgres.py
[2025-04-24T06:29:53.260+0000] {processor.py:925} INFO - DAG(s) 'postgres_pipeline' retrieved from /opt/airflow/dags/dag_postgres.py
[2025-04-24T06:29:53.291+0000] {logging_mixin.py:190} INFO - [2025-04-24T06:29:53.291+0000] {dag.py:3239} INFO - Sync 1 DAGs
[2025-04-24T06:29:53.306+0000] {logging_mixin.py:190} INFO - [2025-04-24T06:29:53.305+0000] {dag.py:4180} INFO - Setting next_dagrun for postgres_pipeline to None, run_after=None
[2025-04-24T06:29:53.324+0000] {processor.py:208} INFO - Processing /opt/airflow/dags/dag_postgres.py took 0.089 seconds
[2025-04-24T06:30:24.168+0000] {processor.py:186} INFO - Started process (PID=1434) to work on /opt/airflow/dags/dag_postgres.py
[2025-04-24T06:30:24.169+0000] {processor.py:914} INFO - Processing file /opt/airflow/dags/dag_postgres.py for tasks to queue
[2025-04-24T06:30:24.171+0000] {logging_mixin.py:190} INFO - [2025-04-24T06:30:24.171+0000] {dagbag.py:588} INFO - Filling up the DagBag from /opt/airflow/dags/dag_postgres.py
[2025-04-24T06:30:24.183+0000] {processor.py:925} INFO - DAG(s) 'postgres_pipeline' retrieved from /opt/airflow/dags/dag_postgres.py
[2025-04-24T06:30:24.205+0000] {logging_mixin.py:190} INFO - [2025-04-24T06:30:24.205+0000] {dag.py:3239} INFO - Sync 1 DAGs
[2025-04-24T06:30:24.219+0000] {logging_mixin.py:190} INFO - [2025-04-24T06:30:24.219+0000] {dag.py:4180} INFO - Setting next_dagrun for postgres_pipeline to None, run_after=None
[2025-04-24T06:30:24.236+0000] {processor.py:208} INFO - Processing /opt/airflow/dags/dag_postgres.py took 0.071 seconds
[2025-04-24T06:30:55.024+0000] {processor.py:186} INFO - Started process (PID=1490) to work on /opt/airflow/dags/dag_postgres.py
[2025-04-24T06:30:55.028+0000] {processor.py:914} INFO - Processing file /opt/airflow/dags/dag_postgres.py for tasks to queue
[2025-04-24T06:30:55.029+0000] {logging_mixin.py:190} INFO - [2025-04-24T06:30:55.029+0000] {dagbag.py:588} INFO - Filling up the DagBag from /opt/airflow/dags/dag_postgres.py
[2025-04-24T06:30:55.041+0000] {processor.py:925} INFO - DAG(s) 'postgres_pipeline' retrieved from /opt/airflow/dags/dag_postgres.py
[2025-04-24T06:30:55.067+0000] {logging_mixin.py:190} INFO - [2025-04-24T06:30:55.067+0000] {dag.py:3239} INFO - Sync 1 DAGs
[2025-04-24T06:30:55.082+0000] {logging_mixin.py:190} INFO - [2025-04-24T06:30:55.082+0000] {dag.py:4180} INFO - Setting next_dagrun for postgres_pipeline to None, run_after=None
[2025-04-24T06:30:55.100+0000] {processor.py:208} INFO - Processing /opt/airflow/dags/dag_postgres.py took 0.080 seconds
[2025-04-24T06:31:25.932+0000] {processor.py:186} INFO - Started process (PID=1546) to work on /opt/airflow/dags/dag_postgres.py
[2025-04-24T06:31:25.932+0000] {processor.py:914} INFO - Processing file /opt/airflow/dags/dag_postgres.py for tasks to queue
[2025-04-24T06:31:25.936+0000] {logging_mixin.py:190} INFO - [2025-04-24T06:31:25.936+0000] {dagbag.py:588} INFO - Filling up the DagBag from /opt/airflow/dags/dag_postgres.py
[2025-04-24T06:31:25.949+0000] {processor.py:925} INFO - DAG(s) 'postgres_pipeline' retrieved from /opt/airflow/dags/dag_postgres.py
[2025-04-24T06:31:25.970+0000] {logging_mixin.py:190} INFO - [2025-04-24T06:31:25.970+0000] {dag.py:3239} INFO - Sync 1 DAGs
[2025-04-24T06:31:25.983+0000] {logging_mixin.py:190} INFO - [2025-04-24T06:31:25.983+0000] {dag.py:4180} INFO - Setting next_dagrun for postgres_pipeline to None, run_after=None
[2025-04-24T06:31:26.004+0000] {processor.py:208} INFO - Processing /opt/airflow/dags/dag_postgres.py took 0.074 seconds
[2025-04-24T06:31:56.917+0000] {processor.py:186} INFO - Started process (PID=1602) to work on /opt/airflow/dags/dag_postgres.py
[2025-04-24T06:31:56.917+0000] {processor.py:914} INFO - Processing file /opt/airflow/dags/dag_postgres.py for tasks to queue
[2025-04-24T06:31:56.920+0000] {logging_mixin.py:190} INFO - [2025-04-24T06:31:56.919+0000] {dagbag.py:588} INFO - Filling up the DagBag from /opt/airflow/dags/dag_postgres.py
[2025-04-24T06:31:56.935+0000] {processor.py:925} INFO - DAG(s) 'postgres_pipeline' retrieved from /opt/airflow/dags/dag_postgres.py
[2025-04-24T06:31:56.966+0000] {logging_mixin.py:190} INFO - [2025-04-24T06:31:56.966+0000] {dag.py:3239} INFO - Sync 1 DAGs
[2025-04-24T06:31:56.986+0000] {logging_mixin.py:190} INFO - [2025-04-24T06:31:56.986+0000] {dag.py:4180} INFO - Setting next_dagrun for postgres_pipeline to None, run_after=None
[2025-04-24T06:31:57.012+0000] {processor.py:208} INFO - Processing /opt/airflow/dags/dag_postgres.py took 0.099 seconds
[2025-04-24T06:32:27.971+0000] {processor.py:186} INFO - Started process (PID=1658) to work on /opt/airflow/dags/dag_postgres.py
[2025-04-24T06:32:27.972+0000] {processor.py:914} INFO - Processing file /opt/airflow/dags/dag_postgres.py for tasks to queue
[2025-04-24T06:32:27.973+0000] {logging_mixin.py:190} INFO - [2025-04-24T06:32:27.973+0000] {dagbag.py:588} INFO - Filling up the DagBag from /opt/airflow/dags/dag_postgres.py
[2025-04-24T06:32:27.987+0000] {processor.py:925} INFO - DAG(s) 'postgres_pipeline' retrieved from /opt/airflow/dags/dag_postgres.py
[2025-04-24T06:32:28.008+0000] {logging_mixin.py:190} INFO - [2025-04-24T06:32:28.008+0000] {dag.py:3239} INFO - Sync 1 DAGs
[2025-04-24T06:32:28.021+0000] {logging_mixin.py:190} INFO - [2025-04-24T06:32:28.021+0000] {dag.py:4180} INFO - Setting next_dagrun for postgres_pipeline to None, run_after=None
[2025-04-24T06:32:28.038+0000] {processor.py:208} INFO - Processing /opt/airflow/dags/dag_postgres.py took 0.071 seconds
[2025-04-24T06:32:58.901+0000] {processor.py:186} INFO - Started process (PID=1714) to work on /opt/airflow/dags/dag_postgres.py
[2025-04-24T06:32:58.903+0000] {processor.py:914} INFO - Processing file /opt/airflow/dags/dag_postgres.py for tasks to queue
[2025-04-24T06:32:58.906+0000] {logging_mixin.py:190} INFO - [2025-04-24T06:32:58.906+0000] {dagbag.py:588} INFO - Filling up the DagBag from /opt/airflow/dags/dag_postgres.py
[2025-04-24T06:32:58.929+0000] {processor.py:925} INFO - DAG(s) 'postgres_pipeline' retrieved from /opt/airflow/dags/dag_postgres.py
[2025-04-24T06:32:58.956+0000] {logging_mixin.py:190} INFO - [2025-04-24T06:32:58.956+0000] {dag.py:3239} INFO - Sync 1 DAGs
[2025-04-24T06:32:58.970+0000] {logging_mixin.py:190} INFO - [2025-04-24T06:32:58.969+0000] {dag.py:4180} INFO - Setting next_dagrun for postgres_pipeline to None, run_after=None
[2025-04-24T06:32:58.987+0000] {processor.py:208} INFO - Processing /opt/airflow/dags/dag_postgres.py took 0.093 seconds
[2025-04-24T06:33:29.831+0000] {processor.py:186} INFO - Started process (PID=1770) to work on /opt/airflow/dags/dag_postgres.py
[2025-04-24T06:33:29.832+0000] {processor.py:914} INFO - Processing file /opt/airflow/dags/dag_postgres.py for tasks to queue
[2025-04-24T06:33:29.835+0000] {logging_mixin.py:190} INFO - [2025-04-24T06:33:29.835+0000] {dagbag.py:588} INFO - Filling up the DagBag from /opt/airflow/dags/dag_postgres.py
[2025-04-24T06:33:29.876+0000] {processor.py:925} INFO - DAG(s) 'postgres_pipeline' retrieved from /opt/airflow/dags/dag_postgres.py
[2025-04-24T06:33:29.896+0000] {logging_mixin.py:190} INFO - [2025-04-24T06:33:29.896+0000] {dag.py:3239} INFO - Sync 1 DAGs
[2025-04-24T06:33:29.911+0000] {logging_mixin.py:190} INFO - [2025-04-24T06:33:29.911+0000] {dag.py:4180} INFO - Setting next_dagrun for postgres_pipeline to None, run_after=None
[2025-04-24T06:33:29.931+0000] {processor.py:208} INFO - Processing /opt/airflow/dags/dag_postgres.py took 0.107 seconds
[2025-04-24T06:34:00.865+0000] {processor.py:186} INFO - Started process (PID=1825) to work on /opt/airflow/dags/dag_postgres.py
[2025-04-24T06:34:00.867+0000] {processor.py:914} INFO - Processing file /opt/airflow/dags/dag_postgres.py for tasks to queue
[2025-04-24T06:34:00.869+0000] {logging_mixin.py:190} INFO - [2025-04-24T06:34:00.869+0000] {dagbag.py:588} INFO - Filling up the DagBag from /opt/airflow/dags/dag_postgres.py
[2025-04-24T06:34:00.884+0000] {processor.py:925} INFO - DAG(s) 'postgres_pipeline' retrieved from /opt/airflow/dags/dag_postgres.py
[2025-04-24T06:34:00.909+0000] {logging_mixin.py:190} INFO - [2025-04-24T06:34:00.909+0000] {dag.py:3239} INFO - Sync 1 DAGs
[2025-04-24T06:34:00.924+0000] {logging_mixin.py:190} INFO - [2025-04-24T06:34:00.923+0000] {dag.py:4180} INFO - Setting next_dagrun for postgres_pipeline to None, run_after=None
[2025-04-24T06:34:00.942+0000] {processor.py:208} INFO - Processing /opt/airflow/dags/dag_postgres.py took 0.081 seconds
[2025-04-24T06:34:31.823+0000] {processor.py:186} INFO - Started process (PID=1882) to work on /opt/airflow/dags/dag_postgres.py
[2025-04-24T06:34:31.824+0000] {processor.py:914} INFO - Processing file /opt/airflow/dags/dag_postgres.py for tasks to queue
[2025-04-24T06:34:31.826+0000] {logging_mixin.py:190} INFO - [2025-04-24T06:34:31.826+0000] {dagbag.py:588} INFO - Filling up the DagBag from /opt/airflow/dags/dag_postgres.py
[2025-04-24T06:34:31.840+0000] {processor.py:925} INFO - DAG(s) 'postgres_pipeline' retrieved from /opt/airflow/dags/dag_postgres.py
[2025-04-24T06:34:31.861+0000] {logging_mixin.py:190} INFO - [2025-04-24T06:34:31.861+0000] {dag.py:3239} INFO - Sync 1 DAGs
[2025-04-24T06:34:31.877+0000] {logging_mixin.py:190} INFO - [2025-04-24T06:34:31.876+0000] {dag.py:4180} INFO - Setting next_dagrun for postgres_pipeline to None, run_after=None
[2025-04-24T06:34:31.895+0000] {processor.py:208} INFO - Processing /opt/airflow/dags/dag_postgres.py took 0.076 seconds
[2025-04-24T06:35:02.680+0000] {processor.py:186} INFO - Started process (PID=1938) to work on /opt/airflow/dags/dag_postgres.py
[2025-04-24T06:35:02.682+0000] {processor.py:914} INFO - Processing file /opt/airflow/dags/dag_postgres.py for tasks to queue
[2025-04-24T06:35:02.686+0000] {logging_mixin.py:190} INFO - [2025-04-24T06:35:02.686+0000] {dagbag.py:588} INFO - Filling up the DagBag from /opt/airflow/dags/dag_postgres.py
[2025-04-24T06:35:02.699+0000] {processor.py:925} INFO - DAG(s) 'postgres_pipeline' retrieved from /opt/airflow/dags/dag_postgres.py
[2025-04-24T06:35:02.719+0000] {logging_mixin.py:190} INFO - [2025-04-24T06:35:02.719+0000] {dag.py:3239} INFO - Sync 1 DAGs
[2025-04-24T06:35:02.730+0000] {logging_mixin.py:190} INFO - [2025-04-24T06:35:02.730+0000] {dag.py:4180} INFO - Setting next_dagrun for postgres_pipeline to None, run_after=None
[2025-04-24T06:35:02.747+0000] {processor.py:208} INFO - Processing /opt/airflow/dags/dag_postgres.py took 0.071 seconds
[2025-04-24T06:35:33.531+0000] {processor.py:186} INFO - Started process (PID=1994) to work on /opt/airflow/dags/dag_postgres.py
[2025-04-24T06:35:33.532+0000] {processor.py:914} INFO - Processing file /opt/airflow/dags/dag_postgres.py for tasks to queue
[2025-04-24T06:35:33.534+0000] {logging_mixin.py:190} INFO - [2025-04-24T06:35:33.534+0000] {dagbag.py:588} INFO - Filling up the DagBag from /opt/airflow/dags/dag_postgres.py
[2025-04-24T06:35:33.546+0000] {processor.py:925} INFO - DAG(s) 'postgres_pipeline' retrieved from /opt/airflow/dags/dag_postgres.py
[2025-04-24T06:35:33.564+0000] {logging_mixin.py:190} INFO - [2025-04-24T06:35:33.563+0000] {dag.py:3239} INFO - Sync 1 DAGs
[2025-04-24T06:35:33.578+0000] {logging_mixin.py:190} INFO - [2025-04-24T06:35:33.578+0000] {dag.py:4180} INFO - Setting next_dagrun for postgres_pipeline to None, run_after=None
[2025-04-24T06:35:33.596+0000] {processor.py:208} INFO - Processing /opt/airflow/dags/dag_postgres.py took 0.068 seconds
[2025-04-24T06:36:04.399+0000] {processor.py:186} INFO - Started process (PID=2050) to work on /opt/airflow/dags/dag_postgres.py
[2025-04-24T06:36:04.400+0000] {processor.py:914} INFO - Processing file /opt/airflow/dags/dag_postgres.py for tasks to queue
[2025-04-24T06:36:04.402+0000] {logging_mixin.py:190} INFO - [2025-04-24T06:36:04.402+0000] {dagbag.py:588} INFO - Filling up the DagBag from /opt/airflow/dags/dag_postgres.py
[2025-04-24T06:36:04.413+0000] {processor.py:925} INFO - DAG(s) 'postgres_pipeline' retrieved from /opt/airflow/dags/dag_postgres.py
[2025-04-24T06:36:04.431+0000] {logging_mixin.py:190} INFO - [2025-04-24T06:36:04.431+0000] {dag.py:3239} INFO - Sync 1 DAGs
[2025-04-24T06:36:04.445+0000] {logging_mixin.py:190} INFO - [2025-04-24T06:36:04.445+0000] {dag.py:4180} INFO - Setting next_dagrun for postgres_pipeline to None, run_after=None
[2025-04-24T06:36:04.461+0000] {processor.py:208} INFO - Processing /opt/airflow/dags/dag_postgres.py took 0.065 seconds
[2025-04-24T06:36:35.271+0000] {processor.py:186} INFO - Started process (PID=2106) to work on /opt/airflow/dags/dag_postgres.py
[2025-04-24T06:36:35.273+0000] {processor.py:914} INFO - Processing file /opt/airflow/dags/dag_postgres.py for tasks to queue
[2025-04-24T06:36:35.275+0000] {logging_mixin.py:190} INFO - [2025-04-24T06:36:35.275+0000] {dagbag.py:588} INFO - Filling up the DagBag from /opt/airflow/dags/dag_postgres.py
[2025-04-24T06:36:35.285+0000] {processor.py:925} INFO - DAG(s) 'postgres_pipeline' retrieved from /opt/airflow/dags/dag_postgres.py
[2025-04-24T06:36:35.302+0000] {logging_mixin.py:190} INFO - [2025-04-24T06:36:35.301+0000] {dag.py:3239} INFO - Sync 1 DAGs
[2025-04-24T06:36:35.313+0000] {logging_mixin.py:190} INFO - [2025-04-24T06:36:35.313+0000] {dag.py:4180} INFO - Setting next_dagrun for postgres_pipeline to None, run_after=None
[2025-04-24T06:36:35.330+0000] {processor.py:208} INFO - Processing /opt/airflow/dags/dag_postgres.py took 0.063 seconds
[2025-04-24T06:37:06.100+0000] {processor.py:186} INFO - Started process (PID=2162) to work on /opt/airflow/dags/dag_postgres.py
[2025-04-24T06:37:06.101+0000] {processor.py:914} INFO - Processing file /opt/airflow/dags/dag_postgres.py for tasks to queue
[2025-04-24T06:37:06.104+0000] {logging_mixin.py:190} INFO - [2025-04-24T06:37:06.103+0000] {dagbag.py:588} INFO - Filling up the DagBag from /opt/airflow/dags/dag_postgres.py
[2025-04-24T06:37:06.114+0000] {processor.py:925} INFO - DAG(s) 'postgres_pipeline' retrieved from /opt/airflow/dags/dag_postgres.py
[2025-04-24T06:37:06.129+0000] {logging_mixin.py:190} INFO - [2025-04-24T06:37:06.129+0000] {dag.py:3239} INFO - Sync 1 DAGs
[2025-04-24T06:37:06.141+0000] {logging_mixin.py:190} INFO - [2025-04-24T06:37:06.140+0000] {dag.py:4180} INFO - Setting next_dagrun for postgres_pipeline to None, run_after=None
[2025-04-24T06:37:06.162+0000] {processor.py:208} INFO - Processing /opt/airflow/dags/dag_postgres.py took 0.065 seconds
[2025-04-24T06:37:36.944+0000] {processor.py:186} INFO - Started process (PID=2218) to work on /opt/airflow/dags/dag_postgres.py
[2025-04-24T06:37:36.945+0000] {processor.py:914} INFO - Processing file /opt/airflow/dags/dag_postgres.py for tasks to queue
[2025-04-24T06:37:36.946+0000] {logging_mixin.py:190} INFO - [2025-04-24T06:37:36.946+0000] {dagbag.py:588} INFO - Filling up the DagBag from /opt/airflow/dags/dag_postgres.py
[2025-04-24T06:37:36.957+0000] {processor.py:925} INFO - DAG(s) 'postgres_pipeline' retrieved from /opt/airflow/dags/dag_postgres.py
[2025-04-24T06:37:36.977+0000] {logging_mixin.py:190} INFO - [2025-04-24T06:37:36.977+0000] {dag.py:3239} INFO - Sync 1 DAGs
[2025-04-24T06:37:36.989+0000] {logging_mixin.py:190} INFO - [2025-04-24T06:37:36.989+0000] {dag.py:4180} INFO - Setting next_dagrun for postgres_pipeline to None, run_after=None
[2025-04-24T06:37:37.005+0000] {processor.py:208} INFO - Processing /opt/airflow/dags/dag_postgres.py took 0.064 seconds
[2025-04-24T06:38:07.777+0000] {processor.py:186} INFO - Started process (PID=2274) to work on /opt/airflow/dags/dag_postgres.py
[2025-04-24T06:38:07.778+0000] {processor.py:914} INFO - Processing file /opt/airflow/dags/dag_postgres.py for tasks to queue
[2025-04-24T06:38:07.783+0000] {logging_mixin.py:190} INFO - [2025-04-24T06:38:07.783+0000] {dagbag.py:588} INFO - Filling up the DagBag from /opt/airflow/dags/dag_postgres.py
[2025-04-24T06:38:07.796+0000] {processor.py:925} INFO - DAG(s) 'postgres_pipeline' retrieved from /opt/airflow/dags/dag_postgres.py
[2025-04-24T06:38:07.814+0000] {logging_mixin.py:190} INFO - [2025-04-24T06:38:07.813+0000] {dag.py:3239} INFO - Sync 1 DAGs
[2025-04-24T06:38:07.826+0000] {logging_mixin.py:190} INFO - [2025-04-24T06:38:07.825+0000] {dag.py:4180} INFO - Setting next_dagrun for postgres_pipeline to None, run_after=None
[2025-04-24T06:38:07.842+0000] {processor.py:208} INFO - Processing /opt/airflow/dags/dag_postgres.py took 0.070 seconds
[2025-04-24T06:38:38.648+0000] {processor.py:186} INFO - Started process (PID=2330) to work on /opt/airflow/dags/dag_postgres.py
[2025-04-24T06:38:38.648+0000] {processor.py:914} INFO - Processing file /opt/airflow/dags/dag_postgres.py for tasks to queue
[2025-04-24T06:38:38.650+0000] {logging_mixin.py:190} INFO - [2025-04-24T06:38:38.650+0000] {dagbag.py:588} INFO - Filling up the DagBag from /opt/airflow/dags/dag_postgres.py
[2025-04-24T06:38:38.661+0000] {processor.py:925} INFO - DAG(s) 'postgres_pipeline' retrieved from /opt/airflow/dags/dag_postgres.py
[2025-04-24T06:38:38.680+0000] {logging_mixin.py:190} INFO - [2025-04-24T06:38:38.680+0000] {dag.py:3239} INFO - Sync 1 DAGs
[2025-04-24T06:38:38.694+0000] {logging_mixin.py:190} INFO - [2025-04-24T06:38:38.694+0000] {dag.py:4180} INFO - Setting next_dagrun for postgres_pipeline to None, run_after=None
[2025-04-24T06:38:38.708+0000] {processor.py:208} INFO - Processing /opt/airflow/dags/dag_postgres.py took 0.064 seconds
[2025-04-24T06:39:09.469+0000] {processor.py:186} INFO - Started process (PID=2386) to work on /opt/airflow/dags/dag_postgres.py
[2025-04-24T06:39:09.470+0000] {processor.py:914} INFO - Processing file /opt/airflow/dags/dag_postgres.py for tasks to queue
[2025-04-24T06:39:09.473+0000] {logging_mixin.py:190} INFO - [2025-04-24T06:39:09.473+0000] {dagbag.py:588} INFO - Filling up the DagBag from /opt/airflow/dags/dag_postgres.py
[2025-04-24T06:39:09.485+0000] {processor.py:925} INFO - DAG(s) 'postgres_pipeline' retrieved from /opt/airflow/dags/dag_postgres.py
[2025-04-24T06:39:09.511+0000] {logging_mixin.py:190} INFO - [2025-04-24T06:39:09.511+0000] {dag.py:3239} INFO - Sync 1 DAGs
[2025-04-24T06:39:09.525+0000] {logging_mixin.py:190} INFO - [2025-04-24T06:39:09.525+0000] {dag.py:4180} INFO - Setting next_dagrun for postgres_pipeline to None, run_after=None
[2025-04-24T06:39:09.541+0000] {processor.py:208} INFO - Processing /opt/airflow/dags/dag_postgres.py took 0.076 seconds
[2025-04-24T06:39:40.398+0000] {processor.py:186} INFO - Started process (PID=2442) to work on /opt/airflow/dags/dag_postgres.py
[2025-04-24T06:39:40.399+0000] {processor.py:914} INFO - Processing file /opt/airflow/dags/dag_postgres.py for tasks to queue
[2025-04-24T06:39:40.401+0000] {logging_mixin.py:190} INFO - [2025-04-24T06:39:40.401+0000] {dagbag.py:588} INFO - Filling up the DagBag from /opt/airflow/dags/dag_postgres.py
[2025-04-24T06:39:40.415+0000] {processor.py:925} INFO - DAG(s) 'postgres_pipeline' retrieved from /opt/airflow/dags/dag_postgres.py
[2025-04-24T06:39:40.434+0000] {logging_mixin.py:190} INFO - [2025-04-24T06:39:40.434+0000] {dag.py:3239} INFO - Sync 1 DAGs
[2025-04-24T06:39:40.447+0000] {logging_mixin.py:190} INFO - [2025-04-24T06:39:40.447+0000] {dag.py:4180} INFO - Setting next_dagrun for postgres_pipeline to None, run_after=None
[2025-04-24T06:39:40.461+0000] {processor.py:208} INFO - Processing /opt/airflow/dags/dag_postgres.py took 0.069 seconds
[2025-04-24T06:40:11.270+0000] {processor.py:186} INFO - Started process (PID=2504) to work on /opt/airflow/dags/dag_postgres.py
[2025-04-24T06:40:11.272+0000] {processor.py:914} INFO - Processing file /opt/airflow/dags/dag_postgres.py for tasks to queue
[2025-04-24T06:40:11.274+0000] {logging_mixin.py:190} INFO - [2025-04-24T06:40:11.274+0000] {dagbag.py:588} INFO - Filling up the DagBag from /opt/airflow/dags/dag_postgres.py
[2025-04-24T06:40:11.287+0000] {processor.py:925} INFO - DAG(s) 'postgres_pipeline' retrieved from /opt/airflow/dags/dag_postgres.py
[2025-04-24T06:40:11.305+0000] {logging_mixin.py:190} INFO - [2025-04-24T06:40:11.305+0000] {dag.py:3239} INFO - Sync 1 DAGs
[2025-04-24T06:40:11.317+0000] {logging_mixin.py:190} INFO - [2025-04-24T06:40:11.317+0000] {dag.py:4180} INFO - Setting next_dagrun for postgres_pipeline to None, run_after=None
[2025-04-24T06:40:11.335+0000] {processor.py:208} INFO - Processing /opt/airflow/dags/dag_postgres.py took 0.071 seconds
[2025-04-24T06:40:42.174+0000] {processor.py:186} INFO - Started process (PID=2559) to work on /opt/airflow/dags/dag_postgres.py
[2025-04-24T06:40:42.175+0000] {processor.py:914} INFO - Processing file /opt/airflow/dags/dag_postgres.py for tasks to queue
[2025-04-24T06:40:42.178+0000] {logging_mixin.py:190} INFO - [2025-04-24T06:40:42.178+0000] {dagbag.py:588} INFO - Filling up the DagBag from /opt/airflow/dags/dag_postgres.py
[2025-04-24T06:40:42.190+0000] {processor.py:925} INFO - DAG(s) 'postgres_pipeline' retrieved from /opt/airflow/dags/dag_postgres.py
[2025-04-24T06:40:42.210+0000] {logging_mixin.py:190} INFO - [2025-04-24T06:40:42.210+0000] {dag.py:3239} INFO - Sync 1 DAGs
[2025-04-24T06:40:42.225+0000] {logging_mixin.py:190} INFO - [2025-04-24T06:40:42.225+0000] {dag.py:4180} INFO - Setting next_dagrun for postgres_pipeline to None, run_after=None
[2025-04-24T06:40:42.242+0000] {processor.py:208} INFO - Processing /opt/airflow/dags/dag_postgres.py took 0.073 seconds
[2025-04-24T06:41:13.002+0000] {processor.py:186} INFO - Started process (PID=2616) to work on /opt/airflow/dags/dag_postgres.py
[2025-04-24T06:41:13.003+0000] {processor.py:914} INFO - Processing file /opt/airflow/dags/dag_postgres.py for tasks to queue
[2025-04-24T06:41:13.005+0000] {logging_mixin.py:190} INFO - [2025-04-24T06:41:13.005+0000] {dagbag.py:588} INFO - Filling up the DagBag from /opt/airflow/dags/dag_postgres.py
[2025-04-24T06:41:13.018+0000] {processor.py:925} INFO - DAG(s) 'postgres_pipeline' retrieved from /opt/airflow/dags/dag_postgres.py
[2025-04-24T06:41:13.041+0000] {logging_mixin.py:190} INFO - [2025-04-24T06:41:13.041+0000] {dag.py:3239} INFO - Sync 1 DAGs
[2025-04-24T06:41:13.054+0000] {logging_mixin.py:190} INFO - [2025-04-24T06:41:13.053+0000] {dag.py:4180} INFO - Setting next_dagrun for postgres_pipeline to None, run_after=None
[2025-04-24T06:41:13.068+0000] {processor.py:208} INFO - Processing /opt/airflow/dags/dag_postgres.py took 0.071 seconds
[2025-04-24T06:41:43.912+0000] {processor.py:186} INFO - Started process (PID=2672) to work on /opt/airflow/dags/dag_postgres.py
[2025-04-24T06:41:43.912+0000] {processor.py:914} INFO - Processing file /opt/airflow/dags/dag_postgres.py for tasks to queue
[2025-04-24T06:41:43.914+0000] {logging_mixin.py:190} INFO - [2025-04-24T06:41:43.914+0000] {dagbag.py:588} INFO - Filling up the DagBag from /opt/airflow/dags/dag_postgres.py
[2025-04-24T06:41:43.927+0000] {processor.py:925} INFO - DAG(s) 'postgres_pipeline' retrieved from /opt/airflow/dags/dag_postgres.py
[2025-04-24T06:41:43.949+0000] {logging_mixin.py:190} INFO - [2025-04-24T06:41:43.948+0000] {dag.py:3239} INFO - Sync 1 DAGs
[2025-04-24T06:41:43.963+0000] {logging_mixin.py:190} INFO - [2025-04-24T06:41:43.963+0000] {dag.py:4180} INFO - Setting next_dagrun for postgres_pipeline to None, run_after=None
[2025-04-24T06:41:43.980+0000] {processor.py:208} INFO - Processing /opt/airflow/dags/dag_postgres.py took 0.072 seconds
[2025-04-24T06:42:14.750+0000] {processor.py:186} INFO - Started process (PID=2728) to work on /opt/airflow/dags/dag_postgres.py
[2025-04-24T06:42:14.754+0000] {processor.py:914} INFO - Processing file /opt/airflow/dags/dag_postgres.py for tasks to queue
[2025-04-24T06:42:14.755+0000] {logging_mixin.py:190} INFO - [2025-04-24T06:42:14.755+0000] {dagbag.py:588} INFO - Filling up the DagBag from /opt/airflow/dags/dag_postgres.py
[2025-04-24T06:42:14.768+0000] {processor.py:925} INFO - DAG(s) 'postgres_pipeline' retrieved from /opt/airflow/dags/dag_postgres.py
[2025-04-24T06:42:14.792+0000] {logging_mixin.py:190} INFO - [2025-04-24T06:42:14.792+0000] {dag.py:3239} INFO - Sync 1 DAGs
[2025-04-24T06:42:14.804+0000] {logging_mixin.py:190} INFO - [2025-04-24T06:42:14.804+0000] {dag.py:4180} INFO - Setting next_dagrun for postgres_pipeline to None, run_after=None
[2025-04-24T06:42:14.922+0000] {processor.py:208} INFO - Processing /opt/airflow/dags/dag_postgres.py took 0.176 seconds
[2025-04-24T06:42:45.698+0000] {processor.py:186} INFO - Started process (PID=2784) to work on /opt/airflow/dags/dag_postgres.py
[2025-04-24T06:42:45.699+0000] {processor.py:914} INFO - Processing file /opt/airflow/dags/dag_postgres.py for tasks to queue
[2025-04-24T06:42:45.701+0000] {logging_mixin.py:190} INFO - [2025-04-24T06:42:45.700+0000] {dagbag.py:588} INFO - Filling up the DagBag from /opt/airflow/dags/dag_postgres.py
[2025-04-24T06:42:45.716+0000] {processor.py:925} INFO - DAG(s) 'postgres_pipeline' retrieved from /opt/airflow/dags/dag_postgres.py
[2025-04-24T06:42:45.740+0000] {logging_mixin.py:190} INFO - [2025-04-24T06:42:45.740+0000] {dag.py:3239} INFO - Sync 1 DAGs
[2025-04-24T06:42:45.753+0000] {logging_mixin.py:190} INFO - [2025-04-24T06:42:45.753+0000] {dag.py:4180} INFO - Setting next_dagrun for postgres_pipeline to None, run_after=None
[2025-04-24T06:42:45.770+0000] {processor.py:208} INFO - Processing /opt/airflow/dags/dag_postgres.py took 0.076 seconds
[2025-04-24T06:43:16.625+0000] {processor.py:186} INFO - Started process (PID=2840) to work on /opt/airflow/dags/dag_postgres.py
[2025-04-24T06:43:16.626+0000] {processor.py:914} INFO - Processing file /opt/airflow/dags/dag_postgres.py for tasks to queue
[2025-04-24T06:43:16.627+0000] {logging_mixin.py:190} INFO - [2025-04-24T06:43:16.627+0000] {dagbag.py:588} INFO - Filling up the DagBag from /opt/airflow/dags/dag_postgres.py
[2025-04-24T06:43:16.640+0000] {processor.py:925} INFO - DAG(s) 'postgres_pipeline' retrieved from /opt/airflow/dags/dag_postgres.py
[2025-04-24T06:43:16.659+0000] {logging_mixin.py:190} INFO - [2025-04-24T06:43:16.659+0000] {dag.py:3239} INFO - Sync 1 DAGs
[2025-04-24T06:43:16.672+0000] {logging_mixin.py:190} INFO - [2025-04-24T06:43:16.671+0000] {dag.py:4180} INFO - Setting next_dagrun for postgres_pipeline to None, run_after=None
[2025-04-24T06:43:16.691+0000] {processor.py:208} INFO - Processing /opt/airflow/dags/dag_postgres.py took 0.071 seconds
[2025-04-24T06:43:47.411+0000] {processor.py:186} INFO - Started process (PID=2896) to work on /opt/airflow/dags/dag_postgres.py
[2025-04-24T06:43:47.412+0000] {processor.py:914} INFO - Processing file /opt/airflow/dags/dag_postgres.py for tasks to queue
[2025-04-24T06:43:47.415+0000] {logging_mixin.py:190} INFO - [2025-04-24T06:43:47.415+0000] {dagbag.py:588} INFO - Filling up the DagBag from /opt/airflow/dags/dag_postgres.py
[2025-04-24T06:43:47.431+0000] {processor.py:925} INFO - DAG(s) 'postgres_pipeline' retrieved from /opt/airflow/dags/dag_postgres.py
[2025-04-24T06:43:47.454+0000] {logging_mixin.py:190} INFO - [2025-04-24T06:43:47.454+0000] {dag.py:3239} INFO - Sync 1 DAGs
[2025-04-24T06:43:47.469+0000] {logging_mixin.py:190} INFO - [2025-04-24T06:43:47.469+0000] {dag.py:4180} INFO - Setting next_dagrun for postgres_pipeline to None, run_after=None
[2025-04-24T06:43:47.487+0000] {processor.py:208} INFO - Processing /opt/airflow/dags/dag_postgres.py took 0.081 seconds
[2025-04-24T06:44:18.320+0000] {processor.py:186} INFO - Started process (PID=2952) to work on /opt/airflow/dags/dag_postgres.py
[2025-04-24T06:44:18.320+0000] {processor.py:914} INFO - Processing file /opt/airflow/dags/dag_postgres.py for tasks to queue
[2025-04-24T06:44:18.323+0000] {logging_mixin.py:190} INFO - [2025-04-24T06:44:18.322+0000] {dagbag.py:588} INFO - Filling up the DagBag from /opt/airflow/dags/dag_postgres.py
[2025-04-24T06:44:18.334+0000] {processor.py:925} INFO - DAG(s) 'postgres_pipeline' retrieved from /opt/airflow/dags/dag_postgres.py
[2025-04-24T06:44:18.351+0000] {logging_mixin.py:190} INFO - [2025-04-24T06:44:18.351+0000] {dag.py:3239} INFO - Sync 1 DAGs
[2025-04-24T06:44:18.364+0000] {logging_mixin.py:190} INFO - [2025-04-24T06:44:18.364+0000] {dag.py:4180} INFO - Setting next_dagrun for postgres_pipeline to None, run_after=None
[2025-04-24T06:44:18.472+0000] {processor.py:208} INFO - Processing /opt/airflow/dags/dag_postgres.py took 0.156 seconds
[2025-04-24T06:44:49.336+0000] {processor.py:186} INFO - Started process (PID=3007) to work on /opt/airflow/dags/dag_postgres.py
[2025-04-24T06:44:49.337+0000] {processor.py:914} INFO - Processing file /opt/airflow/dags/dag_postgres.py for tasks to queue
[2025-04-24T06:44:49.338+0000] {logging_mixin.py:190} INFO - [2025-04-24T06:44:49.338+0000] {dagbag.py:588} INFO - Filling up the DagBag from /opt/airflow/dags/dag_postgres.py
[2025-04-24T06:44:49.351+0000] {processor.py:925} INFO - DAG(s) 'postgres_pipeline' retrieved from /opt/airflow/dags/dag_postgres.py
[2025-04-24T06:44:49.370+0000] {logging_mixin.py:190} INFO - [2025-04-24T06:44:49.370+0000] {dag.py:3239} INFO - Sync 1 DAGs
[2025-04-24T06:44:49.381+0000] {logging_mixin.py:190} INFO - [2025-04-24T06:44:49.381+0000] {dag.py:4180} INFO - Setting next_dagrun for postgres_pipeline to None, run_after=None
[2025-04-24T06:44:49.400+0000] {processor.py:208} INFO - Processing /opt/airflow/dags/dag_postgres.py took 0.067 seconds
[2025-04-24T06:45:20.239+0000] {processor.py:186} INFO - Started process (PID=3063) to work on /opt/airflow/dags/dag_postgres.py
[2025-04-24T06:45:20.239+0000] {processor.py:914} INFO - Processing file /opt/airflow/dags/dag_postgres.py for tasks to queue
[2025-04-24T06:45:20.240+0000] {logging_mixin.py:190} INFO - [2025-04-24T06:45:20.240+0000] {dagbag.py:588} INFO - Filling up the DagBag from /opt/airflow/dags/dag_postgres.py
[2025-04-24T06:45:20.253+0000] {processor.py:925} INFO - DAG(s) 'postgres_pipeline' retrieved from /opt/airflow/dags/dag_postgres.py
[2025-04-24T06:45:20.269+0000] {logging_mixin.py:190} INFO - [2025-04-24T06:45:20.269+0000] {dag.py:3239} INFO - Sync 1 DAGs
[2025-04-24T06:45:20.282+0000] {logging_mixin.py:190} INFO - [2025-04-24T06:45:20.282+0000] {dag.py:4180} INFO - Setting next_dagrun for postgres_pipeline to None, run_after=None
[2025-04-24T06:45:20.298+0000] {processor.py:208} INFO - Processing /opt/airflow/dags/dag_postgres.py took 0.063 seconds
[2025-04-24T06:45:51.112+0000] {processor.py:186} INFO - Started process (PID=3119) to work on /opt/airflow/dags/dag_postgres.py
[2025-04-24T06:45:51.113+0000] {processor.py:914} INFO - Processing file /opt/airflow/dags/dag_postgres.py for tasks to queue
[2025-04-24T06:45:51.117+0000] {logging_mixin.py:190} INFO - [2025-04-24T06:45:51.116+0000] {dagbag.py:588} INFO - Filling up the DagBag from /opt/airflow/dags/dag_postgres.py
[2025-04-24T06:45:51.145+0000] {processor.py:925} INFO - DAG(s) 'postgres_pipeline' retrieved from /opt/airflow/dags/dag_postgres.py
[2025-04-24T06:45:51.167+0000] {logging_mixin.py:190} INFO - [2025-04-24T06:45:51.167+0000] {dag.py:3239} INFO - Sync 1 DAGs
[2025-04-24T06:45:51.183+0000] {logging_mixin.py:190} INFO - [2025-04-24T06:45:51.183+0000] {dag.py:4180} INFO - Setting next_dagrun for postgres_pipeline to None, run_after=None
[2025-04-24T06:45:51.202+0000] {processor.py:208} INFO - Processing /opt/airflow/dags/dag_postgres.py took 0.098 seconds
[2025-04-24T06:46:22.163+0000] {processor.py:186} INFO - Started process (PID=3175) to work on /opt/airflow/dags/dag_postgres.py
[2025-04-24T06:46:22.164+0000] {processor.py:914} INFO - Processing file /opt/airflow/dags/dag_postgres.py for tasks to queue
[2025-04-24T06:46:22.167+0000] {logging_mixin.py:190} INFO - [2025-04-24T06:46:22.167+0000] {dagbag.py:588} INFO - Filling up the DagBag from /opt/airflow/dags/dag_postgres.py
[2025-04-24T06:46:22.183+0000] {processor.py:925} INFO - DAG(s) 'postgres_pipeline' retrieved from /opt/airflow/dags/dag_postgres.py
[2025-04-24T06:46:22.204+0000] {logging_mixin.py:190} INFO - [2025-04-24T06:46:22.204+0000] {dag.py:3239} INFO - Sync 1 DAGs
[2025-04-24T06:46:22.219+0000] {logging_mixin.py:190} INFO - [2025-04-24T06:46:22.219+0000] {dag.py:4180} INFO - Setting next_dagrun for postgres_pipeline to None, run_after=None
[2025-04-24T06:46:22.343+0000] {processor.py:208} INFO - Processing /opt/airflow/dags/dag_postgres.py took 0.184 seconds
[2025-04-24T06:46:52.377+0000] {processor.py:186} INFO - Started process (PID=3243) to work on /opt/airflow/dags/dag_postgres.py
[2025-04-24T06:46:52.377+0000] {processor.py:914} INFO - Processing file /opt/airflow/dags/dag_postgres.py for tasks to queue
[2025-04-24T06:46:52.379+0000] {logging_mixin.py:190} INFO - [2025-04-24T06:46:52.378+0000] {dagbag.py:588} INFO - Filling up the DagBag from /opt/airflow/dags/dag_postgres.py
[2025-04-24T06:46:52.385+0000] {processor.py:925} INFO - DAG(s) 'postgres_pipeline' retrieved from /opt/airflow/dags/dag_postgres.py
[2025-04-24T06:46:52.404+0000] {logging_mixin.py:190} INFO - [2025-04-24T06:46:52.404+0000] {dag.py:3239} INFO - Sync 1 DAGs
[2025-04-24T06:46:52.415+0000] {logging_mixin.py:190} INFO - [2025-04-24T06:46:52.415+0000] {dag.py:4180} INFO - Setting next_dagrun for postgres_pipeline to None, run_after=None
[2025-04-24T06:46:52.428+0000] {processor.py:208} INFO - Processing /opt/airflow/dags/dag_postgres.py took 0.055 seconds
[2025-04-24T06:47:23.180+0000] {processor.py:186} INFO - Started process (PID=3287) to work on /opt/airflow/dags/dag_postgres.py
[2025-04-24T06:47:23.180+0000] {processor.py:914} INFO - Processing file /opt/airflow/dags/dag_postgres.py for tasks to queue
[2025-04-24T06:47:23.182+0000] {logging_mixin.py:190} INFO - [2025-04-24T06:47:23.182+0000] {dagbag.py:588} INFO - Filling up the DagBag from /opt/airflow/dags/dag_postgres.py
[2025-04-24T06:47:23.192+0000] {processor.py:925} INFO - DAG(s) 'postgres_pipeline' retrieved from /opt/airflow/dags/dag_postgres.py
[2025-04-24T06:47:23.211+0000] {logging_mixin.py:190} INFO - [2025-04-24T06:47:23.210+0000] {dag.py:3239} INFO - Sync 1 DAGs
[2025-04-24T06:47:23.225+0000] {logging_mixin.py:190} INFO - [2025-04-24T06:47:23.224+0000] {dag.py:4180} INFO - Setting next_dagrun for postgres_pipeline to None, run_after=None
[2025-04-24T06:47:23.242+0000] {processor.py:208} INFO - Processing /opt/airflow/dags/dag_postgres.py took 0.067 seconds
[2025-04-24T06:47:54.129+0000] {processor.py:186} INFO - Started process (PID=3343) to work on /opt/airflow/dags/dag_postgres.py
[2025-04-24T06:47:54.130+0000] {processor.py:914} INFO - Processing file /opt/airflow/dags/dag_postgres.py for tasks to queue
[2025-04-24T06:47:54.131+0000] {logging_mixin.py:190} INFO - [2025-04-24T06:47:54.131+0000] {dagbag.py:588} INFO - Filling up the DagBag from /opt/airflow/dags/dag_postgres.py
[2025-04-24T06:47:54.142+0000] {processor.py:925} INFO - DAG(s) 'postgres_pipeline' retrieved from /opt/airflow/dags/dag_postgres.py
[2025-04-24T06:47:54.160+0000] {logging_mixin.py:190} INFO - [2025-04-24T06:47:54.160+0000] {dag.py:3239} INFO - Sync 1 DAGs
[2025-04-24T06:47:54.173+0000] {logging_mixin.py:190} INFO - [2025-04-24T06:47:54.173+0000] {dag.py:4180} INFO - Setting next_dagrun for postgres_pipeline to None, run_after=None
[2025-04-24T06:47:54.191+0000] {processor.py:208} INFO - Processing /opt/airflow/dags/dag_postgres.py took 0.066 seconds
[2025-04-24T06:48:24.217+0000] {processor.py:186} INFO - Started process (PID=3398) to work on /opt/airflow/dags/dag_postgres.py
[2025-04-24T06:48:24.217+0000] {processor.py:914} INFO - Processing file /opt/airflow/dags/dag_postgres.py for tasks to queue
[2025-04-24T06:48:24.220+0000] {logging_mixin.py:190} INFO - [2025-04-24T06:48:24.219+0000] {dagbag.py:588} INFO - Filling up the DagBag from /opt/airflow/dags/dag_postgres.py
[2025-04-24T06:48:24.229+0000] {processor.py:925} INFO - DAG(s) 'postgres_pipeline' retrieved from /opt/airflow/dags/dag_postgres.py
[2025-04-24T06:48:24.245+0000] {logging_mixin.py:190} INFO - [2025-04-24T06:48:24.245+0000] {dag.py:3239} INFO - Sync 1 DAGs
[2025-04-24T06:48:24.259+0000] {logging_mixin.py:190} INFO - [2025-04-24T06:48:24.258+0000] {dag.py:4180} INFO - Setting next_dagrun for postgres_pipeline to None, run_after=None
[2025-04-24T06:48:24.366+0000] {processor.py:208} INFO - Processing /opt/airflow/dags/dag_postgres.py took 0.153 seconds
[2025-04-24T06:48:54.435+0000] {processor.py:186} INFO - Started process (PID=3456) to work on /opt/airflow/dags/dag_postgres.py
[2025-04-24T06:48:54.435+0000] {processor.py:914} INFO - Processing file /opt/airflow/dags/dag_postgres.py for tasks to queue
[2025-04-24T06:48:54.437+0000] {logging_mixin.py:190} INFO - [2025-04-24T06:48:54.437+0000] {dagbag.py:588} INFO - Filling up the DagBag from /opt/airflow/dags/dag_postgres.py
[2025-04-24T06:48:54.447+0000] {processor.py:925} INFO - DAG(s) 'postgres_pipeline' retrieved from /opt/airflow/dags/dag_postgres.py
[2025-04-24T06:48:54.465+0000] {logging_mixin.py:190} INFO - [2025-04-24T06:48:54.465+0000] {dag.py:3239} INFO - Sync 1 DAGs
[2025-04-24T06:48:54.565+0000] {logging_mixin.py:190} INFO - [2025-04-24T06:48:54.565+0000] {dag.py:4180} INFO - Setting next_dagrun for postgres_pipeline to None, run_after=None
[2025-04-24T06:48:54.575+0000] {processor.py:208} INFO - Processing /opt/airflow/dags/dag_postgres.py took 0.143 seconds
[2025-04-24T06:49:25.394+0000] {processor.py:186} INFO - Started process (PID=3510) to work on /opt/airflow/dags/dag_postgres.py
[2025-04-24T06:49:25.395+0000] {processor.py:914} INFO - Processing file /opt/airflow/dags/dag_postgres.py for tasks to queue
[2025-04-24T06:49:25.397+0000] {logging_mixin.py:190} INFO - [2025-04-24T06:49:25.396+0000] {dagbag.py:588} INFO - Filling up the DagBag from /opt/airflow/dags/dag_postgres.py
[2025-04-24T06:49:25.409+0000] {processor.py:925} INFO - DAG(s) 'postgres_pipeline' retrieved from /opt/airflow/dags/dag_postgres.py
[2025-04-24T06:49:25.427+0000] {logging_mixin.py:190} INFO - [2025-04-24T06:49:25.426+0000] {dag.py:3239} INFO - Sync 1 DAGs
[2025-04-24T06:49:25.439+0000] {logging_mixin.py:190} INFO - [2025-04-24T06:49:25.439+0000] {dag.py:4180} INFO - Setting next_dagrun for postgres_pipeline to None, run_after=None
[2025-04-24T06:49:25.458+0000] {processor.py:208} INFO - Processing /opt/airflow/dags/dag_postgres.py took 0.068 seconds
[2025-04-24T06:49:56.329+0000] {processor.py:186} INFO - Started process (PID=3566) to work on /opt/airflow/dags/dag_postgres.py
[2025-04-24T06:49:56.330+0000] {processor.py:914} INFO - Processing file /opt/airflow/dags/dag_postgres.py for tasks to queue
[2025-04-24T06:49:56.331+0000] {logging_mixin.py:190} INFO - [2025-04-24T06:49:56.331+0000] {dagbag.py:588} INFO - Filling up the DagBag from /opt/airflow/dags/dag_postgres.py
[2025-04-24T06:49:56.345+0000] {processor.py:925} INFO - DAG(s) 'postgres_pipeline' retrieved from /opt/airflow/dags/dag_postgres.py
[2025-04-24T06:49:56.365+0000] {logging_mixin.py:190} INFO - [2025-04-24T06:49:56.365+0000] {dag.py:3239} INFO - Sync 1 DAGs
[2025-04-24T06:49:56.377+0000] {logging_mixin.py:190} INFO - [2025-04-24T06:49:56.377+0000] {dag.py:4180} INFO - Setting next_dagrun for postgres_pipeline to None, run_after=None
[2025-04-24T06:49:56.393+0000] {processor.py:208} INFO - Processing /opt/airflow/dags/dag_postgres.py took 0.068 seconds
[2025-04-24T06:50:27.179+0000] {processor.py:186} INFO - Started process (PID=3621) to work on /opt/airflow/dags/dag_postgres.py
[2025-04-24T06:50:27.180+0000] {processor.py:914} INFO - Processing file /opt/airflow/dags/dag_postgres.py for tasks to queue
[2025-04-24T06:50:27.183+0000] {logging_mixin.py:190} INFO - [2025-04-24T06:50:27.183+0000] {dagbag.py:588} INFO - Filling up the DagBag from /opt/airflow/dags/dag_postgres.py
[2025-04-24T06:50:27.201+0000] {processor.py:925} INFO - DAG(s) 'postgres_pipeline' retrieved from /opt/airflow/dags/dag_postgres.py
[2025-04-24T06:50:27.229+0000] {logging_mixin.py:190} INFO - [2025-04-24T06:50:27.228+0000] {dag.py:3239} INFO - Sync 1 DAGs
[2025-04-24T06:50:27.247+0000] {logging_mixin.py:190} INFO - [2025-04-24T06:50:27.246+0000] {dag.py:4180} INFO - Setting next_dagrun for postgres_pipeline to None, run_after=None
[2025-04-24T06:50:27.384+0000] {processor.py:208} INFO - Processing /opt/airflow/dags/dag_postgres.py took 0.211 seconds
[2025-04-24T06:50:57.447+0000] {processor.py:186} INFO - Started process (PID=3678) to work on /opt/airflow/dags/dag_postgres.py
[2025-04-24T06:50:57.447+0000] {processor.py:914} INFO - Processing file /opt/airflow/dags/dag_postgres.py for tasks to queue
[2025-04-24T06:50:57.449+0000] {logging_mixin.py:190} INFO - [2025-04-24T06:50:57.449+0000] {dagbag.py:588} INFO - Filling up the DagBag from /opt/airflow/dags/dag_postgres.py
[2025-04-24T06:50:57.462+0000] {processor.py:925} INFO - DAG(s) 'postgres_pipeline' retrieved from /opt/airflow/dags/dag_postgres.py
[2025-04-24T06:50:57.482+0000] {logging_mixin.py:190} INFO - [2025-04-24T06:50:57.482+0000] {dag.py:3239} INFO - Sync 1 DAGs
[2025-04-24T06:50:57.585+0000] {logging_mixin.py:190} INFO - [2025-04-24T06:50:57.585+0000] {dag.py:4180} INFO - Setting next_dagrun for postgres_pipeline to None, run_after=None
[2025-04-24T06:50:57.603+0000] {processor.py:208} INFO - Processing /opt/airflow/dags/dag_postgres.py took 0.161 seconds
[2025-04-24T06:51:27.727+0000] {processor.py:186} INFO - Started process (PID=3736) to work on /opt/airflow/dags/dag_postgres.py
[2025-04-24T06:51:27.728+0000] {processor.py:914} INFO - Processing file /opt/airflow/dags/dag_postgres.py for tasks to queue
[2025-04-24T06:51:27.729+0000] {logging_mixin.py:190} INFO - [2025-04-24T06:51:27.729+0000] {dagbag.py:588} INFO - Filling up the DagBag from /opt/airflow/dags/dag_postgres.py
[2025-04-24T06:51:27.739+0000] {processor.py:925} INFO - DAG(s) 'postgres_pipeline' retrieved from /opt/airflow/dags/dag_postgres.py
[2025-04-24T06:51:27.757+0000] {logging_mixin.py:190} INFO - [2025-04-24T06:51:27.757+0000] {dag.py:3239} INFO - Sync 1 DAGs
[2025-04-24T06:51:27.770+0000] {logging_mixin.py:190} INFO - [2025-04-24T06:51:27.769+0000] {dag.py:4180} INFO - Setting next_dagrun for postgres_pipeline to None, run_after=None
[2025-04-24T06:51:27.788+0000] {processor.py:208} INFO - Processing /opt/airflow/dags/dag_postgres.py took 0.065 seconds
[2025-04-24T06:51:57.860+0000] {processor.py:186} INFO - Started process (PID=3790) to work on /opt/airflow/dags/dag_postgres.py
[2025-04-24T06:51:57.861+0000] {processor.py:914} INFO - Processing file /opt/airflow/dags/dag_postgres.py for tasks to queue
[2025-04-24T06:51:57.863+0000] {logging_mixin.py:190} INFO - [2025-04-24T06:51:57.863+0000] {dagbag.py:588} INFO - Filling up the DagBag from /opt/airflow/dags/dag_postgres.py
[2025-04-24T06:51:57.876+0000] {processor.py:925} INFO - DAG(s) 'postgres_pipeline' retrieved from /opt/airflow/dags/dag_postgres.py
[2025-04-24T06:51:57.899+0000] {logging_mixin.py:190} INFO - [2025-04-24T06:51:57.899+0000] {dag.py:3239} INFO - Sync 1 DAGs
[2025-04-24T06:51:57.915+0000] {logging_mixin.py:190} INFO - [2025-04-24T06:51:57.915+0000] {dag.py:4180} INFO - Setting next_dagrun for postgres_pipeline to None, run_after=None
[2025-04-24T06:51:57.935+0000] {processor.py:208} INFO - Processing /opt/airflow/dags/dag_postgres.py took 0.081 seconds
[2025-04-24T06:52:28.861+0000] {processor.py:186} INFO - Started process (PID=3846) to work on /opt/airflow/dags/dag_postgres.py
[2025-04-24T06:52:28.862+0000] {processor.py:914} INFO - Processing file /opt/airflow/dags/dag_postgres.py for tasks to queue
[2025-04-24T06:52:28.864+0000] {logging_mixin.py:190} INFO - [2025-04-24T06:52:28.864+0000] {dagbag.py:588} INFO - Filling up the DagBag from /opt/airflow/dags/dag_postgres.py
[2025-04-24T06:52:28.878+0000] {processor.py:925} INFO - DAG(s) 'postgres_pipeline' retrieved from /opt/airflow/dags/dag_postgres.py
[2025-04-24T06:52:28.911+0000] {logging_mixin.py:190} INFO - [2025-04-24T06:52:28.911+0000] {dag.py:3239} INFO - Sync 1 DAGs
[2025-04-24T06:52:28.924+0000] {logging_mixin.py:190} INFO - [2025-04-24T06:52:28.924+0000] {dag.py:4180} INFO - Setting next_dagrun for postgres_pipeline to None, run_after=None
[2025-04-24T06:52:29.048+0000] {processor.py:208} INFO - Processing /opt/airflow/dags/dag_postgres.py took 0.192 seconds
[2025-04-24T06:52:59.118+0000] {processor.py:186} INFO - Started process (PID=3914) to work on /opt/airflow/dags/dag_postgres.py
[2025-04-24T06:52:59.119+0000] {processor.py:914} INFO - Processing file /opt/airflow/dags/dag_postgres.py for tasks to queue
[2025-04-24T06:52:59.121+0000] {logging_mixin.py:190} INFO - [2025-04-24T06:52:59.121+0000] {dagbag.py:588} INFO - Filling up the DagBag from /opt/airflow/dags/dag_postgres.py
[2025-04-24T06:52:59.132+0000] {processor.py:925} INFO - DAG(s) 'postgres_pipeline' retrieved from /opt/airflow/dags/dag_postgres.py
[2025-04-24T06:52:59.150+0000] {logging_mixin.py:190} INFO - [2025-04-24T06:52:59.150+0000] {dag.py:3239} INFO - Sync 1 DAGs
[2025-04-24T06:52:59.242+0000] {logging_mixin.py:190} INFO - [2025-04-24T06:52:59.242+0000] {dag.py:4180} INFO - Setting next_dagrun for postgres_pipeline to None, run_after=None
[2025-04-24T06:52:59.255+0000] {processor.py:208} INFO - Processing /opt/airflow/dags/dag_postgres.py took 0.140 seconds
[2025-04-24T06:53:30.274+0000] {processor.py:186} INFO - Started process (PID=3975) to work on /opt/airflow/dags/dag_postgres.py
[2025-04-24T06:53:30.275+0000] {processor.py:914} INFO - Processing file /opt/airflow/dags/dag_postgres.py for tasks to queue
[2025-04-24T06:53:30.277+0000] {logging_mixin.py:190} INFO - [2025-04-24T06:53:30.276+0000] {dagbag.py:588} INFO - Filling up the DagBag from /opt/airflow/dags/dag_postgres.py
[2025-04-24T06:53:30.398+0000] {processor.py:925} INFO - DAG(s) 'postgres_pipeline' retrieved from /opt/airflow/dags/dag_postgres.py
[2025-04-24T06:53:30.412+0000] {logging_mixin.py:190} INFO - [2025-04-24T06:53:30.412+0000] {dag.py:3239} INFO - Sync 1 DAGs
[2025-04-24T06:53:30.423+0000] {logging_mixin.py:190} INFO - [2025-04-24T06:53:30.423+0000] {dag.py:4180} INFO - Setting next_dagrun for postgres_pipeline to None, run_after=None
[2025-04-24T06:53:30.435+0000] {processor.py:208} INFO - Processing /opt/airflow/dags/dag_postgres.py took 0.167 seconds
[2025-04-24T06:54:01.231+0000] {processor.py:186} INFO - Started process (PID=4030) to work on /opt/airflow/dags/dag_postgres.py
[2025-04-24T06:54:01.232+0000] {processor.py:914} INFO - Processing file /opt/airflow/dags/dag_postgres.py for tasks to queue
[2025-04-24T06:54:01.233+0000] {logging_mixin.py:190} INFO - [2025-04-24T06:54:01.233+0000] {dagbag.py:588} INFO - Filling up the DagBag from /opt/airflow/dags/dag_postgres.py
[2025-04-24T06:54:01.242+0000] {processor.py:925} INFO - DAG(s) 'postgres_pipeline' retrieved from /opt/airflow/dags/dag_postgres.py
[2025-04-24T06:54:01.260+0000] {logging_mixin.py:190} INFO - [2025-04-24T06:54:01.260+0000] {dag.py:3239} INFO - Sync 1 DAGs
[2025-04-24T06:54:01.273+0000] {logging_mixin.py:190} INFO - [2025-04-24T06:54:01.272+0000] {dag.py:4180} INFO - Setting next_dagrun for postgres_pipeline to None, run_after=None
[2025-04-24T06:54:01.287+0000] {processor.py:208} INFO - Processing /opt/airflow/dags/dag_postgres.py took 0.061 seconds
[2025-04-24T06:54:32.111+0000] {processor.py:186} INFO - Started process (PID=4086) to work on /opt/airflow/dags/dag_postgres.py
[2025-04-24T06:54:32.112+0000] {processor.py:914} INFO - Processing file /opt/airflow/dags/dag_postgres.py for tasks to queue
[2025-04-24T06:54:32.114+0000] {logging_mixin.py:190} INFO - [2025-04-24T06:54:32.114+0000] {dagbag.py:588} INFO - Filling up the DagBag from /opt/airflow/dags/dag_postgres.py
[2025-04-24T06:54:32.126+0000] {processor.py:925} INFO - DAG(s) 'postgres_pipeline' retrieved from /opt/airflow/dags/dag_postgres.py
[2025-04-24T06:54:32.148+0000] {logging_mixin.py:190} INFO - [2025-04-24T06:54:32.148+0000] {dag.py:3239} INFO - Sync 1 DAGs
[2025-04-24T06:54:32.160+0000] {logging_mixin.py:190} INFO - [2025-04-24T06:54:32.159+0000] {dag.py:4180} INFO - Setting next_dagrun for postgres_pipeline to None, run_after=None
[2025-04-24T06:54:32.171+0000] {processor.py:208} INFO - Processing /opt/airflow/dags/dag_postgres.py took 0.067 seconds
[2025-04-24T06:55:02.910+0000] {processor.py:186} INFO - Started process (PID=4142) to work on /opt/airflow/dags/dag_postgres.py
[2025-04-24T06:55:02.911+0000] {processor.py:914} INFO - Processing file /opt/airflow/dags/dag_postgres.py for tasks to queue
[2025-04-24T06:55:02.913+0000] {logging_mixin.py:190} INFO - [2025-04-24T06:55:02.912+0000] {dagbag.py:588} INFO - Filling up the DagBag from /opt/airflow/dags/dag_postgres.py
[2025-04-24T06:55:02.923+0000] {processor.py:925} INFO - DAG(s) 'postgres_pipeline' retrieved from /opt/airflow/dags/dag_postgres.py
[2025-04-24T06:55:02.942+0000] {logging_mixin.py:190} INFO - [2025-04-24T06:55:02.941+0000] {dag.py:3239} INFO - Sync 1 DAGs
[2025-04-24T06:55:02.954+0000] {logging_mixin.py:190} INFO - [2025-04-24T06:55:02.954+0000] {dag.py:4180} INFO - Setting next_dagrun for postgres_pipeline to None, run_after=None
[2025-04-24T06:55:02.967+0000] {processor.py:208} INFO - Processing /opt/airflow/dags/dag_postgres.py took 0.064 seconds
[2025-04-24T06:55:33.712+0000] {processor.py:186} INFO - Started process (PID=4198) to work on /opt/airflow/dags/dag_postgres.py
[2025-04-24T06:55:33.714+0000] {processor.py:914} INFO - Processing file /opt/airflow/dags/dag_postgres.py for tasks to queue
[2025-04-24T06:55:33.718+0000] {logging_mixin.py:190} INFO - [2025-04-24T06:55:33.717+0000] {dagbag.py:588} INFO - Filling up the DagBag from /opt/airflow/dags/dag_postgres.py
[2025-04-24T06:55:33.728+0000] {processor.py:925} INFO - DAG(s) 'postgres_pipeline' retrieved from /opt/airflow/dags/dag_postgres.py
[2025-04-24T06:55:33.746+0000] {logging_mixin.py:190} INFO - [2025-04-24T06:55:33.746+0000] {dag.py:3239} INFO - Sync 1 DAGs
[2025-04-24T06:55:33.759+0000] {logging_mixin.py:190} INFO - [2025-04-24T06:55:33.759+0000] {dag.py:4180} INFO - Setting next_dagrun for postgres_pipeline to None, run_after=None
[2025-04-24T06:55:33.773+0000] {processor.py:208} INFO - Processing /opt/airflow/dags/dag_postgres.py took 0.064 seconds
[2025-04-24T06:56:04.499+0000] {processor.py:186} INFO - Started process (PID=4254) to work on /opt/airflow/dags/dag_postgres.py
[2025-04-24T06:56:04.500+0000] {processor.py:914} INFO - Processing file /opt/airflow/dags/dag_postgres.py for tasks to queue
[2025-04-24T06:56:04.501+0000] {logging_mixin.py:190} INFO - [2025-04-24T06:56:04.501+0000] {dagbag.py:588} INFO - Filling up the DagBag from /opt/airflow/dags/dag_postgres.py
[2025-04-24T06:56:04.508+0000] {processor.py:925} INFO - DAG(s) 'postgres_pipeline' retrieved from /opt/airflow/dags/dag_postgres.py
[2025-04-24T06:56:04.524+0000] {logging_mixin.py:190} INFO - [2025-04-24T06:56:04.524+0000] {dag.py:3239} INFO - Sync 1 DAGs
[2025-04-24T06:56:04.535+0000] {logging_mixin.py:190} INFO - [2025-04-24T06:56:04.535+0000] {dag.py:4180} INFO - Setting next_dagrun for postgres_pipeline to None, run_after=None
[2025-04-24T06:56:04.548+0000] {processor.py:208} INFO - Processing /opt/airflow/dags/dag_postgres.py took 0.052 seconds
[2025-04-24T06:56:35.333+0000] {processor.py:186} INFO - Started process (PID=4310) to work on /opt/airflow/dags/dag_postgres.py
[2025-04-24T06:56:35.334+0000] {processor.py:914} INFO - Processing file /opt/airflow/dags/dag_postgres.py for tasks to queue
[2025-04-24T06:56:35.335+0000] {logging_mixin.py:190} INFO - [2025-04-24T06:56:35.334+0000] {dagbag.py:588} INFO - Filling up the DagBag from /opt/airflow/dags/dag_postgres.py
[2025-04-24T06:56:35.342+0000] {processor.py:925} INFO - DAG(s) 'postgres_pipeline' retrieved from /opt/airflow/dags/dag_postgres.py
[2025-04-24T06:56:35.355+0000] {logging_mixin.py:190} INFO - [2025-04-24T06:56:35.355+0000] {dag.py:3239} INFO - Sync 1 DAGs
[2025-04-24T06:56:35.366+0000] {logging_mixin.py:190} INFO - [2025-04-24T06:56:35.366+0000] {dag.py:4180} INFO - Setting next_dagrun for postgres_pipeline to None, run_after=None
[2025-04-24T06:56:35.381+0000] {processor.py:208} INFO - Processing /opt/airflow/dags/dag_postgres.py took 0.051 seconds
[2025-04-24T06:57:06.153+0000] {processor.py:186} INFO - Started process (PID=4366) to work on /opt/airflow/dags/dag_postgres.py
[2025-04-24T06:57:06.154+0000] {processor.py:914} INFO - Processing file /opt/airflow/dags/dag_postgres.py for tasks to queue
[2025-04-24T06:57:06.156+0000] {logging_mixin.py:190} INFO - [2025-04-24T06:57:06.156+0000] {dagbag.py:588} INFO - Filling up the DagBag from /opt/airflow/dags/dag_postgres.py
[2025-04-24T06:57:06.176+0000] {processor.py:925} INFO - DAG(s) 'postgres_pipeline' retrieved from /opt/airflow/dags/dag_postgres.py
[2025-04-24T06:57:06.191+0000] {logging_mixin.py:190} INFO - [2025-04-24T06:57:06.191+0000] {dag.py:3239} INFO - Sync 1 DAGs
[2025-04-24T06:57:06.203+0000] {logging_mixin.py:190} INFO - [2025-04-24T06:57:06.202+0000] {dag.py:4180} INFO - Setting next_dagrun for postgres_pipeline to None, run_after=None
[2025-04-24T06:57:06.216+0000] {processor.py:208} INFO - Processing /opt/airflow/dags/dag_postgres.py took 0.066 seconds
[2025-04-24T06:57:36.954+0000] {processor.py:186} INFO - Started process (PID=4422) to work on /opt/airflow/dags/dag_postgres.py
[2025-04-24T06:57:36.954+0000] {processor.py:914} INFO - Processing file /opt/airflow/dags/dag_postgres.py for tasks to queue
[2025-04-24T06:57:36.956+0000] {logging_mixin.py:190} INFO - [2025-04-24T06:57:36.955+0000] {dagbag.py:588} INFO - Filling up the DagBag from /opt/airflow/dags/dag_postgres.py
[2025-04-24T06:57:36.965+0000] {processor.py:925} INFO - DAG(s) 'postgres_pipeline' retrieved from /opt/airflow/dags/dag_postgres.py
[2025-04-24T06:57:36.980+0000] {logging_mixin.py:190} INFO - [2025-04-24T06:57:36.980+0000] {dag.py:3239} INFO - Sync 1 DAGs
[2025-04-24T06:57:36.991+0000] {logging_mixin.py:190} INFO - [2025-04-24T06:57:36.991+0000] {dag.py:4180} INFO - Setting next_dagrun for postgres_pipeline to None, run_after=None
[2025-04-24T06:57:37.006+0000] {processor.py:208} INFO - Processing /opt/airflow/dags/dag_postgres.py took 0.056 seconds
[2025-04-24T06:58:07.679+0000] {processor.py:186} INFO - Started process (PID=4478) to work on /opt/airflow/dags/dag_postgres.py
[2025-04-24T06:58:07.680+0000] {processor.py:914} INFO - Processing file /opt/airflow/dags/dag_postgres.py for tasks to queue
[2025-04-24T06:58:07.681+0000] {logging_mixin.py:190} INFO - [2025-04-24T06:58:07.681+0000] {dagbag.py:588} INFO - Filling up the DagBag from /opt/airflow/dags/dag_postgres.py
[2025-04-24T06:58:07.690+0000] {processor.py:925} INFO - DAG(s) 'postgres_pipeline' retrieved from /opt/airflow/dags/dag_postgres.py
[2025-04-24T06:58:07.707+0000] {logging_mixin.py:190} INFO - [2025-04-24T06:58:07.707+0000] {dag.py:3239} INFO - Sync 1 DAGs
[2025-04-24T06:58:07.719+0000] {logging_mixin.py:190} INFO - [2025-04-24T06:58:07.719+0000] {dag.py:4180} INFO - Setting next_dagrun for postgres_pipeline to None, run_after=None
[2025-04-24T06:58:07.732+0000] {processor.py:208} INFO - Processing /opt/airflow/dags/dag_postgres.py took 0.057 seconds
[2025-04-24T06:58:38.397+0000] {processor.py:186} INFO - Started process (PID=4534) to work on /opt/airflow/dags/dag_postgres.py
[2025-04-24T06:58:38.398+0000] {processor.py:914} INFO - Processing file /opt/airflow/dags/dag_postgres.py for tasks to queue
[2025-04-24T06:58:38.400+0000] {logging_mixin.py:190} INFO - [2025-04-24T06:58:38.400+0000] {dagbag.py:588} INFO - Filling up the DagBag from /opt/airflow/dags/dag_postgres.py
[2025-04-24T06:58:38.408+0000] {processor.py:925} INFO - DAG(s) 'postgres_pipeline' retrieved from /opt/airflow/dags/dag_postgres.py
[2025-04-24T06:58:38.427+0000] {logging_mixin.py:190} INFO - [2025-04-24T06:58:38.427+0000] {dag.py:3239} INFO - Sync 1 DAGs
[2025-04-24T06:58:38.440+0000] {logging_mixin.py:190} INFO - [2025-04-24T06:58:38.440+0000] {dag.py:4180} INFO - Setting next_dagrun for postgres_pipeline to None, run_after=None
[2025-04-24T06:58:38.453+0000] {processor.py:208} INFO - Processing /opt/airflow/dags/dag_postgres.py took 0.061 seconds
[2025-04-24T06:59:09.186+0000] {processor.py:186} INFO - Started process (PID=4590) to work on /opt/airflow/dags/dag_postgres.py
[2025-04-24T06:59:09.187+0000] {processor.py:914} INFO - Processing file /opt/airflow/dags/dag_postgres.py for tasks to queue
[2025-04-24T06:59:09.188+0000] {logging_mixin.py:190} INFO - [2025-04-24T06:59:09.188+0000] {dagbag.py:588} INFO - Filling up the DagBag from /opt/airflow/dags/dag_postgres.py
[2025-04-24T06:59:09.194+0000] {processor.py:925} INFO - DAG(s) 'postgres_pipeline' retrieved from /opt/airflow/dags/dag_postgres.py
[2025-04-24T06:59:09.209+0000] {logging_mixin.py:190} INFO - [2025-04-24T06:59:09.209+0000] {dag.py:3239} INFO - Sync 1 DAGs
[2025-04-24T06:59:09.219+0000] {logging_mixin.py:190} INFO - [2025-04-24T06:59:09.219+0000] {dag.py:4180} INFO - Setting next_dagrun for postgres_pipeline to None, run_after=None
[2025-04-24T06:59:09.231+0000] {processor.py:208} INFO - Processing /opt/airflow/dags/dag_postgres.py took 0.048 seconds
[2025-04-24T06:59:40.054+0000] {processor.py:186} INFO - Started process (PID=4646) to work on /opt/airflow/dags/dag_postgres.py
[2025-04-24T06:59:40.056+0000] {processor.py:914} INFO - Processing file /opt/airflow/dags/dag_postgres.py for tasks to queue
[2025-04-24T06:59:40.057+0000] {logging_mixin.py:190} INFO - [2025-04-24T06:59:40.057+0000] {dagbag.py:588} INFO - Filling up the DagBag from /opt/airflow/dags/dag_postgres.py
[2025-04-24T06:59:40.069+0000] {processor.py:925} INFO - DAG(s) 'postgres_pipeline' retrieved from /opt/airflow/dags/dag_postgres.py
[2025-04-24T06:59:40.092+0000] {logging_mixin.py:190} INFO - [2025-04-24T06:59:40.092+0000] {dag.py:3239} INFO - Sync 1 DAGs
[2025-04-24T06:59:40.105+0000] {logging_mixin.py:190} INFO - [2025-04-24T06:59:40.105+0000] {dag.py:4180} INFO - Setting next_dagrun for postgres_pipeline to None, run_after=None
[2025-04-24T06:59:40.119+0000] {processor.py:208} INFO - Processing /opt/airflow/dags/dag_postgres.py took 0.073 seconds
[2025-04-24T07:00:10.855+0000] {processor.py:186} INFO - Started process (PID=4702) to work on /opt/airflow/dags/dag_postgres.py
[2025-04-24T07:00:10.855+0000] {processor.py:914} INFO - Processing file /opt/airflow/dags/dag_postgres.py for tasks to queue
[2025-04-24T07:00:10.857+0000] {logging_mixin.py:190} INFO - [2025-04-24T07:00:10.857+0000] {dagbag.py:588} INFO - Filling up the DagBag from /opt/airflow/dags/dag_postgres.py
[2025-04-24T07:00:10.871+0000] {processor.py:925} INFO - DAG(s) 'postgres_pipeline' retrieved from /opt/airflow/dags/dag_postgres.py
[2025-04-24T07:00:10.892+0000] {logging_mixin.py:190} INFO - [2025-04-24T07:00:10.892+0000] {dag.py:3239} INFO - Sync 1 DAGs
[2025-04-24T07:00:10.904+0000] {logging_mixin.py:190} INFO - [2025-04-24T07:00:10.904+0000] {dag.py:4180} INFO - Setting next_dagrun for postgres_pipeline to None, run_after=None
[2025-04-24T07:00:10.917+0000] {processor.py:208} INFO - Processing /opt/airflow/dags/dag_postgres.py took 0.069 seconds
[2025-04-24T07:00:41.668+0000] {processor.py:186} INFO - Started process (PID=4758) to work on /opt/airflow/dags/dag_postgres.py
[2025-04-24T07:00:41.669+0000] {processor.py:914} INFO - Processing file /opt/airflow/dags/dag_postgres.py for tasks to queue
[2025-04-24T07:00:41.672+0000] {logging_mixin.py:190} INFO - [2025-04-24T07:00:41.672+0000] {dagbag.py:588} INFO - Filling up the DagBag from /opt/airflow/dags/dag_postgres.py
[2025-04-24T07:00:41.683+0000] {processor.py:925} INFO - DAG(s) 'postgres_pipeline' retrieved from /opt/airflow/dags/dag_postgres.py
[2025-04-24T07:00:41.702+0000] {logging_mixin.py:190} INFO - [2025-04-24T07:00:41.702+0000] {dag.py:3239} INFO - Sync 1 DAGs
[2025-04-24T07:00:41.717+0000] {logging_mixin.py:190} INFO - [2025-04-24T07:00:41.716+0000] {dag.py:4180} INFO - Setting next_dagrun for postgres_pipeline to None, run_after=None
[2025-04-24T07:00:41.731+0000] {processor.py:208} INFO - Processing /opt/airflow/dags/dag_postgres.py took 0.069 seconds
[2025-04-24T07:01:12.399+0000] {processor.py:186} INFO - Started process (PID=4814) to work on /opt/airflow/dags/dag_postgres.py
[2025-04-24T07:01:12.400+0000] {processor.py:914} INFO - Processing file /opt/airflow/dags/dag_postgres.py for tasks to queue
[2025-04-24T07:01:12.401+0000] {logging_mixin.py:190} INFO - [2025-04-24T07:01:12.401+0000] {dagbag.py:588} INFO - Filling up the DagBag from /opt/airflow/dags/dag_postgres.py
[2025-04-24T07:01:12.411+0000] {processor.py:925} INFO - DAG(s) 'postgres_pipeline' retrieved from /opt/airflow/dags/dag_postgres.py
[2025-04-24T07:01:12.428+0000] {logging_mixin.py:190} INFO - [2025-04-24T07:01:12.428+0000] {dag.py:3239} INFO - Sync 1 DAGs
[2025-04-24T07:01:12.440+0000] {logging_mixin.py:190} INFO - [2025-04-24T07:01:12.440+0000] {dag.py:4180} INFO - Setting next_dagrun for postgres_pipeline to None, run_after=None
[2025-04-24T07:01:12.452+0000] {processor.py:208} INFO - Processing /opt/airflow/dags/dag_postgres.py took 0.057 seconds
[2025-04-24T07:01:42.839+0000] {processor.py:186} INFO - Started process (PID=4870) to work on /opt/airflow/dags/dag_postgres.py
[2025-04-24T07:01:42.842+0000] {processor.py:914} INFO - Processing file /opt/airflow/dags/dag_postgres.py for tasks to queue
[2025-04-24T07:01:42.844+0000] {logging_mixin.py:190} INFO - [2025-04-24T07:01:42.844+0000] {dagbag.py:588} INFO - Filling up the DagBag from /opt/airflow/dags/dag_postgres.py
[2025-04-24T07:01:42.859+0000] {processor.py:925} INFO - DAG(s) 'postgres_pipeline' retrieved from /opt/airflow/dags/dag_postgres.py
[2025-04-24T07:01:42.884+0000] {logging_mixin.py:190} INFO - [2025-04-24T07:01:42.884+0000] {dag.py:3239} INFO - Sync 1 DAGs
[2025-04-24T07:01:42.897+0000] {logging_mixin.py:190} INFO - [2025-04-24T07:01:42.897+0000] {dag.py:4180} INFO - Setting next_dagrun for postgres_pipeline to None, run_after=None
[2025-04-24T07:01:42.912+0000] {processor.py:208} INFO - Processing /opt/airflow/dags/dag_postgres.py took 0.082 seconds
[2025-04-24T07:02:13.671+0000] {processor.py:186} INFO - Started process (PID=4932) to work on /opt/airflow/dags/dag_postgres.py
[2025-04-24T07:02:13.673+0000] {processor.py:914} INFO - Processing file /opt/airflow/dags/dag_postgres.py for tasks to queue
[2025-04-24T07:02:13.675+0000] {logging_mixin.py:190} INFO - [2025-04-24T07:02:13.675+0000] {dagbag.py:588} INFO - Filling up the DagBag from /opt/airflow/dags/dag_postgres.py
[2025-04-24T07:02:13.687+0000] {processor.py:925} INFO - DAG(s) 'postgres_pipeline' retrieved from /opt/airflow/dags/dag_postgres.py
[2025-04-24T07:02:13.704+0000] {logging_mixin.py:190} INFO - [2025-04-24T07:02:13.704+0000] {dag.py:3239} INFO - Sync 1 DAGs
[2025-04-24T07:02:13.717+0000] {logging_mixin.py:190} INFO - [2025-04-24T07:02:13.716+0000] {dag.py:4180} INFO - Setting next_dagrun for postgres_pipeline to None, run_after=None
[2025-04-24T07:02:13.729+0000] {processor.py:208} INFO - Processing /opt/airflow/dags/dag_postgres.py took 0.064 seconds
[2025-04-24T07:02:44.424+0000] {processor.py:186} INFO - Started process (PID=4988) to work on /opt/airflow/dags/dag_postgres.py
[2025-04-24T07:02:44.425+0000] {processor.py:914} INFO - Processing file /opt/airflow/dags/dag_postgres.py for tasks to queue
[2025-04-24T07:02:44.427+0000] {logging_mixin.py:190} INFO - [2025-04-24T07:02:44.427+0000] {dagbag.py:588} INFO - Filling up the DagBag from /opt/airflow/dags/dag_postgres.py
[2025-04-24T07:02:44.437+0000] {processor.py:925} INFO - DAG(s) 'postgres_pipeline' retrieved from /opt/airflow/dags/dag_postgres.py
[2025-04-24T07:02:44.455+0000] {logging_mixin.py:190} INFO - [2025-04-24T07:02:44.455+0000] {dag.py:3239} INFO - Sync 1 DAGs
[2025-04-24T07:02:44.469+0000] {logging_mixin.py:190} INFO - [2025-04-24T07:02:44.468+0000] {dag.py:4180} INFO - Setting next_dagrun for postgres_pipeline to None, run_after=None
[2025-04-24T07:02:44.483+0000] {processor.py:208} INFO - Processing /opt/airflow/dags/dag_postgres.py took 0.063 seconds
[2025-04-24T07:03:15.349+0000] {processor.py:186} INFO - Started process (PID=5044) to work on /opt/airflow/dags/dag_postgres.py
[2025-04-24T07:03:15.350+0000] {processor.py:914} INFO - Processing file /opt/airflow/dags/dag_postgres.py for tasks to queue
[2025-04-24T07:03:15.352+0000] {logging_mixin.py:190} INFO - [2025-04-24T07:03:15.351+0000] {dagbag.py:588} INFO - Filling up the DagBag from /opt/airflow/dags/dag_postgres.py
[2025-04-24T07:03:15.360+0000] {processor.py:925} INFO - DAG(s) 'postgres_pipeline' retrieved from /opt/airflow/dags/dag_postgres.py
[2025-04-24T07:03:15.379+0000] {logging_mixin.py:190} INFO - [2025-04-24T07:03:15.379+0000] {dag.py:3239} INFO - Sync 1 DAGs
[2025-04-24T07:03:15.391+0000] {logging_mixin.py:190} INFO - [2025-04-24T07:03:15.391+0000] {dag.py:4180} INFO - Setting next_dagrun for postgres_pipeline to None, run_after=None
[2025-04-24T07:03:15.403+0000] {processor.py:208} INFO - Processing /opt/airflow/dags/dag_postgres.py took 0.060 seconds
[2025-04-24T07:03:46.263+0000] {processor.py:186} INFO - Started process (PID=5100) to work on /opt/airflow/dags/dag_postgres.py
[2025-04-24T07:03:46.264+0000] {processor.py:914} INFO - Processing file /opt/airflow/dags/dag_postgres.py for tasks to queue
[2025-04-24T07:03:46.266+0000] {logging_mixin.py:190} INFO - [2025-04-24T07:03:46.265+0000] {dagbag.py:588} INFO - Filling up the DagBag from /opt/airflow/dags/dag_postgres.py
[2025-04-24T07:03:46.276+0000] {processor.py:925} INFO - DAG(s) 'postgres_pipeline' retrieved from /opt/airflow/dags/dag_postgres.py
[2025-04-24T07:03:46.296+0000] {logging_mixin.py:190} INFO - [2025-04-24T07:03:46.296+0000] {dag.py:3239} INFO - Sync 1 DAGs
[2025-04-24T07:03:46.311+0000] {logging_mixin.py:190} INFO - [2025-04-24T07:03:46.311+0000] {dag.py:4180} INFO - Setting next_dagrun for postgres_pipeline to None, run_after=None
[2025-04-24T07:03:46.326+0000] {processor.py:208} INFO - Processing /opt/airflow/dags/dag_postgres.py took 0.069 seconds
[2025-04-24T07:04:17.125+0000] {processor.py:186} INFO - Started process (PID=5156) to work on /opt/airflow/dags/dag_postgres.py
[2025-04-24T07:04:17.126+0000] {processor.py:914} INFO - Processing file /opt/airflow/dags/dag_postgres.py for tasks to queue
[2025-04-24T07:04:17.129+0000] {logging_mixin.py:190} INFO - [2025-04-24T07:04:17.128+0000] {dagbag.py:588} INFO - Filling up the DagBag from /opt/airflow/dags/dag_postgres.py
[2025-04-24T07:04:17.148+0000] {processor.py:925} INFO - DAG(s) 'postgres_pipeline' retrieved from /opt/airflow/dags/dag_postgres.py
[2025-04-24T07:04:17.170+0000] {logging_mixin.py:190} INFO - [2025-04-24T07:04:17.170+0000] {dag.py:3239} INFO - Sync 1 DAGs
[2025-04-24T07:04:17.183+0000] {logging_mixin.py:190} INFO - [2025-04-24T07:04:17.183+0000] {dag.py:4180} INFO - Setting next_dagrun for postgres_pipeline to None, run_after=None
[2025-04-24T07:04:17.201+0000] {processor.py:208} INFO - Processing /opt/airflow/dags/dag_postgres.py took 0.085 seconds
[2025-04-24T07:04:47.885+0000] {processor.py:186} INFO - Started process (PID=5212) to work on /opt/airflow/dags/dag_postgres.py
[2025-04-24T07:04:47.886+0000] {processor.py:914} INFO - Processing file /opt/airflow/dags/dag_postgres.py for tasks to queue
[2025-04-24T07:04:47.887+0000] {logging_mixin.py:190} INFO - [2025-04-24T07:04:47.887+0000] {dagbag.py:588} INFO - Filling up the DagBag from /opt/airflow/dags/dag_postgres.py
[2025-04-24T07:04:47.902+0000] {processor.py:925} INFO - DAG(s) 'postgres_pipeline' retrieved from /opt/airflow/dags/dag_postgres.py
[2025-04-24T07:04:47.922+0000] {logging_mixin.py:190} INFO - [2025-04-24T07:04:47.922+0000] {dag.py:3239} INFO - Sync 1 DAGs
[2025-04-24T07:04:47.936+0000] {logging_mixin.py:190} INFO - [2025-04-24T07:04:47.935+0000] {dag.py:4180} INFO - Setting next_dagrun for postgres_pipeline to None, run_after=None
[2025-04-24T07:04:47.951+0000] {processor.py:208} INFO - Processing /opt/airflow/dags/dag_postgres.py took 0.070 seconds
[2025-04-24T07:05:18.646+0000] {processor.py:186} INFO - Started process (PID=5268) to work on /opt/airflow/dags/dag_postgres.py
[2025-04-24T07:05:18.647+0000] {processor.py:914} INFO - Processing file /opt/airflow/dags/dag_postgres.py for tasks to queue
[2025-04-24T07:05:18.649+0000] {logging_mixin.py:190} INFO - [2025-04-24T07:05:18.649+0000] {dagbag.py:588} INFO - Filling up the DagBag from /opt/airflow/dags/dag_postgres.py
[2025-04-24T07:05:18.660+0000] {processor.py:925} INFO - DAG(s) 'postgres_pipeline' retrieved from /opt/airflow/dags/dag_postgres.py
[2025-04-24T07:05:18.677+0000] {logging_mixin.py:190} INFO - [2025-04-24T07:05:18.676+0000] {dag.py:3239} INFO - Sync 1 DAGs
[2025-04-24T07:05:18.689+0000] {logging_mixin.py:190} INFO - [2025-04-24T07:05:18.689+0000] {dag.py:4180} INFO - Setting next_dagrun for postgres_pipeline to None, run_after=None
[2025-04-24T07:05:18.704+0000] {processor.py:208} INFO - Processing /opt/airflow/dags/dag_postgres.py took 0.062 seconds
[2025-04-24T07:05:49.447+0000] {processor.py:186} INFO - Started process (PID=5323) to work on /opt/airflow/dags/dag_postgres.py
[2025-04-24T07:05:49.449+0000] {processor.py:914} INFO - Processing file /opt/airflow/dags/dag_postgres.py for tasks to queue
[2025-04-24T07:05:49.452+0000] {logging_mixin.py:190} INFO - [2025-04-24T07:05:49.451+0000] {dagbag.py:588} INFO - Filling up the DagBag from /opt/airflow/dags/dag_postgres.py
[2025-04-24T07:05:49.460+0000] {processor.py:925} INFO - DAG(s) 'postgres_pipeline' retrieved from /opt/airflow/dags/dag_postgres.py
[2025-04-24T07:05:49.477+0000] {logging_mixin.py:190} INFO - [2025-04-24T07:05:49.477+0000] {dag.py:3239} INFO - Sync 1 DAGs
[2025-04-24T07:05:49.489+0000] {logging_mixin.py:190} INFO - [2025-04-24T07:05:49.489+0000] {dag.py:4180} INFO - Setting next_dagrun for postgres_pipeline to None, run_after=None
[2025-04-24T07:05:49.502+0000] {processor.py:208} INFO - Processing /opt/airflow/dags/dag_postgres.py took 0.060 seconds
[2025-04-24T07:06:20.262+0000] {processor.py:186} INFO - Started process (PID=5379) to work on /opt/airflow/dags/dag_postgres.py
[2025-04-24T07:06:20.264+0000] {processor.py:914} INFO - Processing file /opt/airflow/dags/dag_postgres.py for tasks to queue
[2025-04-24T07:06:20.268+0000] {logging_mixin.py:190} INFO - [2025-04-24T07:06:20.268+0000] {dagbag.py:588} INFO - Filling up the DagBag from /opt/airflow/dags/dag_postgres.py
[2025-04-24T07:06:20.283+0000] {processor.py:925} INFO - DAG(s) 'postgres_pipeline' retrieved from /opt/airflow/dags/dag_postgres.py
[2025-04-24T07:06:20.307+0000] {logging_mixin.py:190} INFO - [2025-04-24T07:06:20.307+0000] {dag.py:3239} INFO - Sync 1 DAGs
[2025-04-24T07:06:20.321+0000] {logging_mixin.py:190} INFO - [2025-04-24T07:06:20.321+0000] {dag.py:4180} INFO - Setting next_dagrun for postgres_pipeline to None, run_after=None
[2025-04-24T07:06:20.336+0000] {processor.py:208} INFO - Processing /opt/airflow/dags/dag_postgres.py took 0.081 seconds
[2025-04-24T07:06:51.056+0000] {processor.py:186} INFO - Started process (PID=5435) to work on /opt/airflow/dags/dag_postgres.py
[2025-04-24T07:06:51.057+0000] {processor.py:914} INFO - Processing file /opt/airflow/dags/dag_postgres.py for tasks to queue
[2025-04-24T07:06:51.059+0000] {logging_mixin.py:190} INFO - [2025-04-24T07:06:51.059+0000] {dagbag.py:588} INFO - Filling up the DagBag from /opt/airflow/dags/dag_postgres.py
[2025-04-24T07:06:51.071+0000] {processor.py:925} INFO - DAG(s) 'postgres_pipeline' retrieved from /opt/airflow/dags/dag_postgres.py
[2025-04-24T07:06:51.094+0000] {logging_mixin.py:190} INFO - [2025-04-24T07:06:51.094+0000] {dag.py:3239} INFO - Sync 1 DAGs
[2025-04-24T07:06:51.107+0000] {logging_mixin.py:190} INFO - [2025-04-24T07:06:51.107+0000] {dag.py:4180} INFO - Setting next_dagrun for postgres_pipeline to None, run_after=None
[2025-04-24T07:06:51.122+0000] {processor.py:208} INFO - Processing /opt/airflow/dags/dag_postgres.py took 0.072 seconds
[2025-04-24T07:07:21.868+0000] {processor.py:186} INFO - Started process (PID=5491) to work on /opt/airflow/dags/dag_postgres.py
[2025-04-24T07:07:21.869+0000] {processor.py:914} INFO - Processing file /opt/airflow/dags/dag_postgres.py for tasks to queue
[2025-04-24T07:07:21.872+0000] {logging_mixin.py:190} INFO - [2025-04-24T07:07:21.872+0000] {dagbag.py:588} INFO - Filling up the DagBag from /opt/airflow/dags/dag_postgres.py
[2025-04-24T07:07:21.885+0000] {processor.py:925} INFO - DAG(s) 'postgres_pipeline' retrieved from /opt/airflow/dags/dag_postgres.py
[2025-04-24T07:07:21.909+0000] {logging_mixin.py:190} INFO - [2025-04-24T07:07:21.909+0000] {dag.py:3239} INFO - Sync 1 DAGs
[2025-04-24T07:07:21.922+0000] {logging_mixin.py:190} INFO - [2025-04-24T07:07:21.922+0000] {dag.py:4180} INFO - Setting next_dagrun for postgres_pipeline to None, run_after=None
[2025-04-24T07:07:21.936+0000] {processor.py:208} INFO - Processing /opt/airflow/dags/dag_postgres.py took 0.075 seconds
