[2025-04-24T06:19:06.469+0000] {processor.py:186} INFO - Started process (PID=239) to work on /opt/airflow/dags/fisrt_dag_1.py
[2025-04-24T06:19:06.471+0000] {processor.py:914} INFO - Processing file /opt/airflow/dags/fisrt_dag_1.py for tasks to queue
[2025-04-24T06:19:06.473+0000] {logging_mixin.py:190} INFO - [2025-04-24T06:19:06.473+0000] {dagbag.py:588} INFO - Filling up the DagBag from /opt/airflow/dags/fisrt_dag_1.py
[2025-04-24T06:19:06.481+0000] {processor.py:925} INFO - DAG(s) 'my_first_dag' retrieved from /opt/airflow/dags/fisrt_dag_1.py
[2025-04-24T06:19:06.495+0000] {logging_mixin.py:190} INFO - [2025-04-24T06:19:06.495+0000] {dag.py:3239} INFO - Sync 1 DAGs
[2025-04-24T06:19:06.516+0000] {processor.py:208} INFO - Processing /opt/airflow/dags/fisrt_dag_1.py took 0.050 seconds
[2025-04-24T06:19:37.423+0000] {processor.py:186} INFO - Started process (PID=294) to work on /opt/airflow/dags/fisrt_dag_1.py
[2025-04-24T06:19:37.424+0000] {processor.py:914} INFO - Processing file /opt/airflow/dags/fisrt_dag_1.py for tasks to queue
[2025-04-24T06:19:37.425+0000] {logging_mixin.py:190} INFO - [2025-04-24T06:19:37.425+0000] {dagbag.py:588} INFO - Filling up the DagBag from /opt/airflow/dags/fisrt_dag_1.py
[2025-04-24T06:19:37.432+0000] {processor.py:925} INFO - DAG(s) 'my_first_dag' retrieved from /opt/airflow/dags/fisrt_dag_1.py
[2025-04-24T06:19:37.446+0000] {logging_mixin.py:190} INFO - [2025-04-24T06:19:37.446+0000] {dag.py:3239} INFO - Sync 1 DAGs
[2025-04-24T06:19:37.465+0000] {processor.py:208} INFO - Processing /opt/airflow/dags/fisrt_dag_1.py took 0.047 seconds
[2025-04-24T06:20:08.343+0000] {processor.py:186} INFO - Started process (PID=352) to work on /opt/airflow/dags/fisrt_dag_1.py
[2025-04-24T06:20:08.343+0000] {processor.py:914} INFO - Processing file /opt/airflow/dags/fisrt_dag_1.py for tasks to queue
[2025-04-24T06:20:08.345+0000] {logging_mixin.py:190} INFO - [2025-04-24T06:20:08.344+0000] {dagbag.py:588} INFO - Filling up the DagBag from /opt/airflow/dags/fisrt_dag_1.py
[2025-04-24T06:20:08.351+0000] {processor.py:925} INFO - DAG(s) 'my_first_dag' retrieved from /opt/airflow/dags/fisrt_dag_1.py
[2025-04-24T06:20:08.365+0000] {logging_mixin.py:190} INFO - [2025-04-24T06:20:08.365+0000] {dag.py:3239} INFO - Sync 1 DAGs
[2025-04-24T06:20:08.383+0000] {processor.py:208} INFO - Processing /opt/airflow/dags/fisrt_dag_1.py took 0.044 seconds
[2025-04-24T06:20:39.208+0000] {processor.py:186} INFO - Started process (PID=412) to work on /opt/airflow/dags/fisrt_dag_1.py
[2025-04-24T06:20:39.210+0000] {processor.py:914} INFO - Processing file /opt/airflow/dags/fisrt_dag_1.py for tasks to queue
[2025-04-24T06:20:39.212+0000] {logging_mixin.py:190} INFO - [2025-04-24T06:20:39.211+0000] {dagbag.py:588} INFO - Filling up the DagBag from /opt/airflow/dags/fisrt_dag_1.py
[2025-04-24T06:20:39.219+0000] {processor.py:925} INFO - DAG(s) 'my_first_dag' retrieved from /opt/airflow/dags/fisrt_dag_1.py
[2025-04-24T06:20:39.233+0000] {logging_mixin.py:190} INFO - [2025-04-24T06:20:39.233+0000] {dag.py:3239} INFO - Sync 1 DAGs
[2025-04-24T06:20:39.251+0000] {processor.py:208} INFO - Processing /opt/airflow/dags/fisrt_dag_1.py took 0.046 seconds
[2025-04-24T06:21:10.050+0000] {processor.py:186} INFO - Started process (PID=468) to work on /opt/airflow/dags/fisrt_dag_1.py
[2025-04-24T06:21:10.050+0000] {processor.py:914} INFO - Processing file /opt/airflow/dags/fisrt_dag_1.py for tasks to queue
[2025-04-24T06:21:10.052+0000] {logging_mixin.py:190} INFO - [2025-04-24T06:21:10.052+0000] {dagbag.py:588} INFO - Filling up the DagBag from /opt/airflow/dags/fisrt_dag_1.py
[2025-04-24T06:21:10.059+0000] {processor.py:925} INFO - DAG(s) 'my_first_dag' retrieved from /opt/airflow/dags/fisrt_dag_1.py
[2025-04-24T06:21:10.073+0000] {logging_mixin.py:190} INFO - [2025-04-24T06:21:10.073+0000] {dag.py:3239} INFO - Sync 1 DAGs
[2025-04-24T06:21:10.092+0000] {processor.py:208} INFO - Processing /opt/airflow/dags/fisrt_dag_1.py took 0.046 seconds
[2025-04-24T06:21:40.978+0000] {processor.py:186} INFO - Started process (PID=524) to work on /opt/airflow/dags/fisrt_dag_1.py
[2025-04-24T06:21:40.980+0000] {processor.py:914} INFO - Processing file /opt/airflow/dags/fisrt_dag_1.py for tasks to queue
[2025-04-24T06:21:40.981+0000] {logging_mixin.py:190} INFO - [2025-04-24T06:21:40.981+0000] {dagbag.py:588} INFO - Filling up the DagBag from /opt/airflow/dags/fisrt_dag_1.py
[2025-04-24T06:21:40.992+0000] {processor.py:925} INFO - DAG(s) 'my_first_dag' retrieved from /opt/airflow/dags/fisrt_dag_1.py
[2025-04-24T06:21:41.010+0000] {logging_mixin.py:190} INFO - [2025-04-24T06:21:41.010+0000] {dag.py:3239} INFO - Sync 1 DAGs
[2025-04-24T06:21:41.034+0000] {processor.py:208} INFO - Processing /opt/airflow/dags/fisrt_dag_1.py took 0.059 seconds
[2025-04-24T06:22:11.958+0000] {processor.py:186} INFO - Started process (PID=580) to work on /opt/airflow/dags/fisrt_dag_1.py
[2025-04-24T06:22:11.959+0000] {processor.py:914} INFO - Processing file /opt/airflow/dags/fisrt_dag_1.py for tasks to queue
[2025-04-24T06:22:11.960+0000] {logging_mixin.py:190} INFO - [2025-04-24T06:22:11.960+0000] {dagbag.py:588} INFO - Filling up the DagBag from /opt/airflow/dags/fisrt_dag_1.py
[2025-04-24T06:22:11.967+0000] {processor.py:925} INFO - DAG(s) 'my_first_dag' retrieved from /opt/airflow/dags/fisrt_dag_1.py
[2025-04-24T06:22:11.980+0000] {logging_mixin.py:190} INFO - [2025-04-24T06:22:11.980+0000] {dag.py:3239} INFO - Sync 1 DAGs
[2025-04-24T06:22:11.997+0000] {processor.py:208} INFO - Processing /opt/airflow/dags/fisrt_dag_1.py took 0.042 seconds
[2025-04-24T06:22:42.805+0000] {processor.py:186} INFO - Started process (PID=635) to work on /opt/airflow/dags/fisrt_dag_1.py
[2025-04-24T06:22:42.806+0000] {processor.py:914} INFO - Processing file /opt/airflow/dags/fisrt_dag_1.py for tasks to queue
[2025-04-24T06:22:42.807+0000] {logging_mixin.py:190} INFO - [2025-04-24T06:22:42.807+0000] {dagbag.py:588} INFO - Filling up the DagBag from /opt/airflow/dags/fisrt_dag_1.py
[2025-04-24T06:22:42.813+0000] {processor.py:925} INFO - DAG(s) 'my_first_dag' retrieved from /opt/airflow/dags/fisrt_dag_1.py
[2025-04-24T06:22:42.826+0000] {logging_mixin.py:190} INFO - [2025-04-24T06:22:42.825+0000] {dag.py:3239} INFO - Sync 1 DAGs
[2025-04-24T06:22:42.843+0000] {processor.py:208} INFO - Processing /opt/airflow/dags/fisrt_dag_1.py took 0.041 seconds
[2025-04-24T06:23:13.687+0000] {processor.py:186} INFO - Started process (PID=691) to work on /opt/airflow/dags/fisrt_dag_1.py
[2025-04-24T06:23:13.688+0000] {processor.py:914} INFO - Processing file /opt/airflow/dags/fisrt_dag_1.py for tasks to queue
[2025-04-24T06:23:13.689+0000] {logging_mixin.py:190} INFO - [2025-04-24T06:23:13.688+0000] {dagbag.py:588} INFO - Filling up the DagBag from /opt/airflow/dags/fisrt_dag_1.py
[2025-04-24T06:23:13.694+0000] {processor.py:925} INFO - DAG(s) 'my_first_dag' retrieved from /opt/airflow/dags/fisrt_dag_1.py
[2025-04-24T06:23:13.707+0000] {logging_mixin.py:190} INFO - [2025-04-24T06:23:13.707+0000] {dag.py:3239} INFO - Sync 1 DAGs
[2025-04-24T06:23:13.724+0000] {processor.py:208} INFO - Processing /opt/airflow/dags/fisrt_dag_1.py took 0.040 seconds
[2025-04-24T06:23:44.515+0000] {processor.py:186} INFO - Started process (PID=747) to work on /opt/airflow/dags/fisrt_dag_1.py
[2025-04-24T06:23:44.516+0000] {processor.py:914} INFO - Processing file /opt/airflow/dags/fisrt_dag_1.py for tasks to queue
[2025-04-24T06:23:44.517+0000] {logging_mixin.py:190} INFO - [2025-04-24T06:23:44.517+0000] {dagbag.py:588} INFO - Filling up the DagBag from /opt/airflow/dags/fisrt_dag_1.py
[2025-04-24T06:23:44.525+0000] {processor.py:925} INFO - DAG(s) 'my_first_dag' retrieved from /opt/airflow/dags/fisrt_dag_1.py
[2025-04-24T06:23:44.540+0000] {logging_mixin.py:190} INFO - [2025-04-24T06:23:44.540+0000] {dag.py:3239} INFO - Sync 1 DAGs
[2025-04-24T06:23:44.559+0000] {processor.py:208} INFO - Processing /opt/airflow/dags/fisrt_dag_1.py took 0.047 seconds
[2025-04-24T06:24:15.398+0000] {processor.py:186} INFO - Started process (PID=803) to work on /opt/airflow/dags/fisrt_dag_1.py
[2025-04-24T06:24:15.398+0000] {processor.py:914} INFO - Processing file /opt/airflow/dags/fisrt_dag_1.py for tasks to queue
[2025-04-24T06:24:15.400+0000] {logging_mixin.py:190} INFO - [2025-04-24T06:24:15.400+0000] {dagbag.py:588} INFO - Filling up the DagBag from /opt/airflow/dags/fisrt_dag_1.py
[2025-04-24T06:24:15.408+0000] {processor.py:925} INFO - DAG(s) 'my_first_dag' retrieved from /opt/airflow/dags/fisrt_dag_1.py
[2025-04-24T06:24:15.421+0000] {logging_mixin.py:190} INFO - [2025-04-24T06:24:15.421+0000] {dag.py:3239} INFO - Sync 1 DAGs
[2025-04-24T06:24:15.440+0000] {processor.py:208} INFO - Processing /opt/airflow/dags/fisrt_dag_1.py took 0.046 seconds
[2025-04-24T06:24:46.222+0000] {processor.py:186} INFO - Started process (PID=859) to work on /opt/airflow/dags/fisrt_dag_1.py
[2025-04-24T06:24:46.222+0000] {processor.py:914} INFO - Processing file /opt/airflow/dags/fisrt_dag_1.py for tasks to queue
[2025-04-24T06:24:46.225+0000] {logging_mixin.py:190} INFO - [2025-04-24T06:24:46.225+0000] {dagbag.py:588} INFO - Filling up the DagBag from /opt/airflow/dags/fisrt_dag_1.py
[2025-04-24T06:24:46.231+0000] {processor.py:925} INFO - DAG(s) 'my_first_dag' retrieved from /opt/airflow/dags/fisrt_dag_1.py
[2025-04-24T06:24:46.244+0000] {logging_mixin.py:190} INFO - [2025-04-24T06:24:46.244+0000] {dag.py:3239} INFO - Sync 1 DAGs
[2025-04-24T06:24:46.260+0000] {processor.py:208} INFO - Processing /opt/airflow/dags/fisrt_dag_1.py took 0.042 seconds
[2025-04-24T06:25:17.353+0000] {processor.py:186} INFO - Started process (PID=915) to work on /opt/airflow/dags/fisrt_dag_1.py
[2025-04-24T06:25:17.354+0000] {processor.py:914} INFO - Processing file /opt/airflow/dags/fisrt_dag_1.py for tasks to queue
[2025-04-24T06:25:17.356+0000] {logging_mixin.py:190} INFO - [2025-04-24T06:25:17.355+0000] {dagbag.py:588} INFO - Filling up the DagBag from /opt/airflow/dags/fisrt_dag_1.py
[2025-04-24T06:25:17.364+0000] {processor.py:925} INFO - DAG(s) 'my_first_dag' retrieved from /opt/airflow/dags/fisrt_dag_1.py
[2025-04-24T06:25:17.379+0000] {logging_mixin.py:190} INFO - [2025-04-24T06:25:17.379+0000] {dag.py:3239} INFO - Sync 1 DAGs
[2025-04-24T06:25:17.397+0000] {processor.py:208} INFO - Processing /opt/airflow/dags/fisrt_dag_1.py took 0.048 seconds
[2025-04-24T06:25:48.269+0000] {processor.py:186} INFO - Started process (PID=971) to work on /opt/airflow/dags/fisrt_dag_1.py
[2025-04-24T06:25:48.270+0000] {processor.py:914} INFO - Processing file /opt/airflow/dags/fisrt_dag_1.py for tasks to queue
[2025-04-24T06:25:48.271+0000] {logging_mixin.py:190} INFO - [2025-04-24T06:25:48.271+0000] {dagbag.py:588} INFO - Filling up the DagBag from /opt/airflow/dags/fisrt_dag_1.py
[2025-04-24T06:25:48.278+0000] {processor.py:925} INFO - DAG(s) 'my_first_dag' retrieved from /opt/airflow/dags/fisrt_dag_1.py
[2025-04-24T06:25:48.291+0000] {logging_mixin.py:190} INFO - [2025-04-24T06:25:48.291+0000] {dag.py:3239} INFO - Sync 1 DAGs
[2025-04-24T06:25:48.309+0000] {processor.py:208} INFO - Processing /opt/airflow/dags/fisrt_dag_1.py took 0.044 seconds
[2025-04-24T06:26:19.137+0000] {processor.py:186} INFO - Started process (PID=1027) to work on /opt/airflow/dags/fisrt_dag_1.py
[2025-04-24T06:26:19.137+0000] {processor.py:914} INFO - Processing file /opt/airflow/dags/fisrt_dag_1.py for tasks to queue
[2025-04-24T06:26:19.138+0000] {logging_mixin.py:190} INFO - [2025-04-24T06:26:19.138+0000] {dagbag.py:588} INFO - Filling up the DagBag from /opt/airflow/dags/fisrt_dag_1.py
[2025-04-24T06:26:19.147+0000] {processor.py:925} INFO - DAG(s) 'my_first_dag' retrieved from /opt/airflow/dags/fisrt_dag_1.py
[2025-04-24T06:26:19.160+0000] {logging_mixin.py:190} INFO - [2025-04-24T06:26:19.160+0000] {dag.py:3239} INFO - Sync 1 DAGs
[2025-04-24T06:26:19.178+0000] {processor.py:208} INFO - Processing /opt/airflow/dags/fisrt_dag_1.py took 0.044 seconds
[2025-04-24T06:26:50.023+0000] {processor.py:186} INFO - Started process (PID=1083) to work on /opt/airflow/dags/fisrt_dag_1.py
[2025-04-24T06:26:50.024+0000] {processor.py:914} INFO - Processing file /opt/airflow/dags/fisrt_dag_1.py for tasks to queue
[2025-04-24T06:26:50.027+0000] {logging_mixin.py:190} INFO - [2025-04-24T06:26:50.026+0000] {dagbag.py:588} INFO - Filling up the DagBag from /opt/airflow/dags/fisrt_dag_1.py
[2025-04-24T06:26:50.036+0000] {processor.py:925} INFO - DAG(s) 'my_first_dag' retrieved from /opt/airflow/dags/fisrt_dag_1.py
[2025-04-24T06:26:50.051+0000] {logging_mixin.py:190} INFO - [2025-04-24T06:26:50.051+0000] {dag.py:3239} INFO - Sync 1 DAGs
[2025-04-24T06:26:50.069+0000] {processor.py:208} INFO - Processing /opt/airflow/dags/fisrt_dag_1.py took 0.049 seconds
[2025-04-24T06:27:21.049+0000] {processor.py:186} INFO - Started process (PID=1139) to work on /opt/airflow/dags/fisrt_dag_1.py
[2025-04-24T06:27:21.050+0000] {processor.py:914} INFO - Processing file /opt/airflow/dags/fisrt_dag_1.py for tasks to queue
[2025-04-24T06:27:21.051+0000] {logging_mixin.py:190} INFO - [2025-04-24T06:27:21.051+0000] {dagbag.py:588} INFO - Filling up the DagBag from /opt/airflow/dags/fisrt_dag_1.py
[2025-04-24T06:27:21.060+0000] {processor.py:925} INFO - DAG(s) 'my_first_dag' retrieved from /opt/airflow/dags/fisrt_dag_1.py
[2025-04-24T06:27:21.075+0000] {logging_mixin.py:190} INFO - [2025-04-24T06:27:21.075+0000] {dag.py:3239} INFO - Sync 1 DAGs
[2025-04-24T06:27:21.092+0000] {processor.py:208} INFO - Processing /opt/airflow/dags/fisrt_dag_1.py took 0.046 seconds
[2025-04-24T06:27:52.008+0000] {processor.py:186} INFO - Started process (PID=1195) to work on /opt/airflow/dags/fisrt_dag_1.py
[2025-04-24T06:27:52.009+0000] {processor.py:914} INFO - Processing file /opt/airflow/dags/fisrt_dag_1.py for tasks to queue
[2025-04-24T06:27:52.010+0000] {logging_mixin.py:190} INFO - [2025-04-24T06:27:52.010+0000] {dagbag.py:588} INFO - Filling up the DagBag from /opt/airflow/dags/fisrt_dag_1.py
[2025-04-24T06:27:52.019+0000] {processor.py:925} INFO - DAG(s) 'my_first_dag' retrieved from /opt/airflow/dags/fisrt_dag_1.py
[2025-04-24T06:27:52.032+0000] {logging_mixin.py:190} INFO - [2025-04-24T06:27:52.032+0000] {dag.py:3239} INFO - Sync 1 DAGs
[2025-04-24T06:27:52.048+0000] {processor.py:208} INFO - Processing /opt/airflow/dags/fisrt_dag_1.py took 0.044 seconds
[2025-04-24T06:28:22.982+0000] {processor.py:186} INFO - Started process (PID=1250) to work on /opt/airflow/dags/fisrt_dag_1.py
[2025-04-24T06:28:22.983+0000] {processor.py:914} INFO - Processing file /opt/airflow/dags/fisrt_dag_1.py for tasks to queue
[2025-04-24T06:28:22.984+0000] {logging_mixin.py:190} INFO - [2025-04-24T06:28:22.984+0000] {dagbag.py:588} INFO - Filling up the DagBag from /opt/airflow/dags/fisrt_dag_1.py
[2025-04-24T06:28:22.992+0000] {processor.py:925} INFO - DAG(s) 'my_first_dag' retrieved from /opt/airflow/dags/fisrt_dag_1.py
[2025-04-24T06:28:23.006+0000] {logging_mixin.py:190} INFO - [2025-04-24T06:28:23.005+0000] {dag.py:3239} INFO - Sync 1 DAGs
[2025-04-24T06:28:23.025+0000] {processor.py:208} INFO - Processing /opt/airflow/dags/fisrt_dag_1.py took 0.047 seconds
[2025-04-24T06:28:53.866+0000] {processor.py:186} INFO - Started process (PID=1306) to work on /opt/airflow/dags/fisrt_dag_1.py
[2025-04-24T06:28:53.868+0000] {processor.py:914} INFO - Processing file /opt/airflow/dags/fisrt_dag_1.py for tasks to queue
[2025-04-24T06:28:53.869+0000] {logging_mixin.py:190} INFO - [2025-04-24T06:28:53.869+0000] {dagbag.py:588} INFO - Filling up the DagBag from /opt/airflow/dags/fisrt_dag_1.py
[2025-04-24T06:28:53.875+0000] {processor.py:925} INFO - DAG(s) 'my_first_dag' retrieved from /opt/airflow/dags/fisrt_dag_1.py
[2025-04-24T06:28:53.887+0000] {logging_mixin.py:190} INFO - [2025-04-24T06:28:53.887+0000] {dag.py:3239} INFO - Sync 1 DAGs
[2025-04-24T06:28:53.904+0000] {processor.py:208} INFO - Processing /opt/airflow/dags/fisrt_dag_1.py took 0.041 seconds
[2025-04-24T06:29:24.849+0000] {processor.py:186} INFO - Started process (PID=1362) to work on /opt/airflow/dags/fisrt_dag_1.py
[2025-04-24T06:29:24.850+0000] {processor.py:914} INFO - Processing file /opt/airflow/dags/fisrt_dag_1.py for tasks to queue
[2025-04-24T06:29:24.851+0000] {logging_mixin.py:190} INFO - [2025-04-24T06:29:24.851+0000] {dagbag.py:588} INFO - Filling up the DagBag from /opt/airflow/dags/fisrt_dag_1.py
[2025-04-24T06:29:24.861+0000] {processor.py:925} INFO - DAG(s) 'my_first_dag' retrieved from /opt/airflow/dags/fisrt_dag_1.py
[2025-04-24T06:29:24.873+0000] {logging_mixin.py:190} INFO - [2025-04-24T06:29:24.873+0000] {dag.py:3239} INFO - Sync 1 DAGs
[2025-04-24T06:29:24.890+0000] {processor.py:208} INFO - Processing /opt/airflow/dags/fisrt_dag_1.py took 0.044 seconds
[2025-04-24T06:29:55.869+0000] {processor.py:186} INFO - Started process (PID=1418) to work on /opt/airflow/dags/fisrt_dag_1.py
[2025-04-24T06:29:55.870+0000] {processor.py:914} INFO - Processing file /opt/airflow/dags/fisrt_dag_1.py for tasks to queue
[2025-04-24T06:29:55.872+0000] {logging_mixin.py:190} INFO - [2025-04-24T06:29:55.872+0000] {dagbag.py:588} INFO - Filling up the DagBag from /opt/airflow/dags/fisrt_dag_1.py
[2025-04-24T06:29:55.881+0000] {processor.py:925} INFO - DAG(s) 'my_first_dag' retrieved from /opt/airflow/dags/fisrt_dag_1.py
[2025-04-24T06:29:55.903+0000] {logging_mixin.py:190} INFO - [2025-04-24T06:29:55.903+0000] {dag.py:3239} INFO - Sync 1 DAGs
[2025-04-24T06:29:55.926+0000] {processor.py:208} INFO - Processing /opt/airflow/dags/fisrt_dag_1.py took 0.060 seconds
[2025-04-24T06:30:26.747+0000] {processor.py:186} INFO - Started process (PID=1474) to work on /opt/airflow/dags/fisrt_dag_1.py
[2025-04-24T06:30:26.748+0000] {processor.py:914} INFO - Processing file /opt/airflow/dags/fisrt_dag_1.py for tasks to queue
[2025-04-24T06:30:26.749+0000] {logging_mixin.py:190} INFO - [2025-04-24T06:30:26.749+0000] {dagbag.py:588} INFO - Filling up the DagBag from /opt/airflow/dags/fisrt_dag_1.py
[2025-04-24T06:30:26.756+0000] {processor.py:925} INFO - DAG(s) 'my_first_dag' retrieved from /opt/airflow/dags/fisrt_dag_1.py
[2025-04-24T06:30:26.769+0000] {logging_mixin.py:190} INFO - [2025-04-24T06:30:26.769+0000] {dag.py:3239} INFO - Sync 1 DAGs
[2025-04-24T06:30:26.787+0000] {processor.py:208} INFO - Processing /opt/airflow/dags/fisrt_dag_1.py took 0.044 seconds
[2025-04-24T06:30:57.575+0000] {processor.py:186} INFO - Started process (PID=1530) to work on /opt/airflow/dags/fisrt_dag_1.py
[2025-04-24T06:30:57.576+0000] {processor.py:914} INFO - Processing file /opt/airflow/dags/fisrt_dag_1.py for tasks to queue
[2025-04-24T06:30:57.578+0000] {logging_mixin.py:190} INFO - [2025-04-24T06:30:57.578+0000] {dagbag.py:588} INFO - Filling up the DagBag from /opt/airflow/dags/fisrt_dag_1.py
[2025-04-24T06:30:57.586+0000] {processor.py:925} INFO - DAG(s) 'my_first_dag' retrieved from /opt/airflow/dags/fisrt_dag_1.py
[2025-04-24T06:30:57.598+0000] {logging_mixin.py:190} INFO - [2025-04-24T06:30:57.598+0000] {dag.py:3239} INFO - Sync 1 DAGs
[2025-04-24T06:30:57.614+0000] {processor.py:208} INFO - Processing /opt/airflow/dags/fisrt_dag_1.py took 0.042 seconds
[2025-04-24T06:31:28.593+0000] {processor.py:186} INFO - Started process (PID=1586) to work on /opt/airflow/dags/fisrt_dag_1.py
[2025-04-24T06:31:28.594+0000] {processor.py:914} INFO - Processing file /opt/airflow/dags/fisrt_dag_1.py for tasks to queue
[2025-04-24T06:31:28.596+0000] {logging_mixin.py:190} INFO - [2025-04-24T06:31:28.595+0000] {dagbag.py:588} INFO - Filling up the DagBag from /opt/airflow/dags/fisrt_dag_1.py
[2025-04-24T06:31:28.605+0000] {processor.py:925} INFO - DAG(s) 'my_first_dag' retrieved from /opt/airflow/dags/fisrt_dag_1.py
[2025-04-24T06:31:28.620+0000] {logging_mixin.py:190} INFO - [2025-04-24T06:31:28.620+0000] {dag.py:3239} INFO - Sync 1 DAGs
[2025-04-24T06:31:28.641+0000] {processor.py:208} INFO - Processing /opt/airflow/dags/fisrt_dag_1.py took 0.052 seconds
[2025-04-24T06:31:59.586+0000] {processor.py:186} INFO - Started process (PID=1642) to work on /opt/airflow/dags/fisrt_dag_1.py
[2025-04-24T06:31:59.587+0000] {processor.py:914} INFO - Processing file /opt/airflow/dags/fisrt_dag_1.py for tasks to queue
[2025-04-24T06:31:59.589+0000] {logging_mixin.py:190} INFO - [2025-04-24T06:31:59.589+0000] {dagbag.py:588} INFO - Filling up the DagBag from /opt/airflow/dags/fisrt_dag_1.py
[2025-04-24T06:31:59.597+0000] {processor.py:925} INFO - DAG(s) 'my_first_dag' retrieved from /opt/airflow/dags/fisrt_dag_1.py
[2025-04-24T06:31:59.619+0000] {logging_mixin.py:190} INFO - [2025-04-24T06:31:59.618+0000] {dag.py:3239} INFO - Sync 1 DAGs
[2025-04-24T06:31:59.647+0000] {processor.py:208} INFO - Processing /opt/airflow/dags/fisrt_dag_1.py took 0.064 seconds
[2025-04-24T06:32:30.563+0000] {processor.py:186} INFO - Started process (PID=1698) to work on /opt/airflow/dags/fisrt_dag_1.py
[2025-04-24T06:32:30.563+0000] {processor.py:914} INFO - Processing file /opt/airflow/dags/fisrt_dag_1.py for tasks to queue
[2025-04-24T06:32:30.565+0000] {logging_mixin.py:190} INFO - [2025-04-24T06:32:30.565+0000] {dagbag.py:588} INFO - Filling up the DagBag from /opt/airflow/dags/fisrt_dag_1.py
[2025-04-24T06:32:30.574+0000] {processor.py:925} INFO - DAG(s) 'my_first_dag' retrieved from /opt/airflow/dags/fisrt_dag_1.py
[2025-04-24T06:32:30.590+0000] {logging_mixin.py:190} INFO - [2025-04-24T06:32:30.590+0000] {dag.py:3239} INFO - Sync 1 DAGs
[2025-04-24T06:32:30.607+0000] {processor.py:208} INFO - Processing /opt/airflow/dags/fisrt_dag_1.py took 0.047 seconds
[2025-04-24T06:33:01.492+0000] {processor.py:186} INFO - Started process (PID=1754) to work on /opt/airflow/dags/fisrt_dag_1.py
[2025-04-24T06:33:01.493+0000] {processor.py:914} INFO - Processing file /opt/airflow/dags/fisrt_dag_1.py for tasks to queue
[2025-04-24T06:33:01.495+0000] {logging_mixin.py:190} INFO - [2025-04-24T06:33:01.495+0000] {dagbag.py:588} INFO - Filling up the DagBag from /opt/airflow/dags/fisrt_dag_1.py
[2025-04-24T06:33:01.502+0000] {processor.py:925} INFO - DAG(s) 'my_first_dag' retrieved from /opt/airflow/dags/fisrt_dag_1.py
[2025-04-24T06:33:01.519+0000] {logging_mixin.py:190} INFO - [2025-04-24T06:33:01.519+0000] {dag.py:3239} INFO - Sync 1 DAGs
[2025-04-24T06:33:01.537+0000] {processor.py:208} INFO - Processing /opt/airflow/dags/fisrt_dag_1.py took 0.049 seconds
[2025-04-24T06:33:32.527+0000] {processor.py:186} INFO - Started process (PID=1810) to work on /opt/airflow/dags/fisrt_dag_1.py
[2025-04-24T06:33:32.528+0000] {processor.py:914} INFO - Processing file /opt/airflow/dags/fisrt_dag_1.py for tasks to queue
[2025-04-24T06:33:32.529+0000] {logging_mixin.py:190} INFO - [2025-04-24T06:33:32.529+0000] {dagbag.py:588} INFO - Filling up the DagBag from /opt/airflow/dags/fisrt_dag_1.py
[2025-04-24T06:33:32.539+0000] {processor.py:925} INFO - DAG(s) 'my_first_dag' retrieved from /opt/airflow/dags/fisrt_dag_1.py
[2025-04-24T06:33:32.552+0000] {logging_mixin.py:190} INFO - [2025-04-24T06:33:32.552+0000] {dag.py:3239} INFO - Sync 1 DAGs
[2025-04-24T06:33:32.570+0000] {processor.py:208} INFO - Processing /opt/airflow/dags/fisrt_dag_1.py took 0.046 seconds
[2025-04-24T06:34:03.456+0000] {processor.py:186} INFO - Started process (PID=1866) to work on /opt/airflow/dags/fisrt_dag_1.py
[2025-04-24T06:34:03.457+0000] {processor.py:914} INFO - Processing file /opt/airflow/dags/fisrt_dag_1.py for tasks to queue
[2025-04-24T06:34:03.459+0000] {logging_mixin.py:190} INFO - [2025-04-24T06:34:03.458+0000] {dagbag.py:588} INFO - Filling up the DagBag from /opt/airflow/dags/fisrt_dag_1.py
[2025-04-24T06:34:03.465+0000] {processor.py:925} INFO - DAG(s) 'my_first_dag' retrieved from /opt/airflow/dags/fisrt_dag_1.py
[2025-04-24T06:34:03.478+0000] {logging_mixin.py:190} INFO - [2025-04-24T06:34:03.477+0000] {dag.py:3239} INFO - Sync 1 DAGs
[2025-04-24T06:34:03.496+0000] {processor.py:208} INFO - Processing /opt/airflow/dags/fisrt_dag_1.py took 0.043 seconds
[2025-04-24T06:34:34.378+0000] {processor.py:186} INFO - Started process (PID=1922) to work on /opt/airflow/dags/fisrt_dag_1.py
[2025-04-24T06:34:34.378+0000] {processor.py:914} INFO - Processing file /opt/airflow/dags/fisrt_dag_1.py for tasks to queue
[2025-04-24T06:34:34.379+0000] {logging_mixin.py:190} INFO - [2025-04-24T06:34:34.379+0000] {dagbag.py:588} INFO - Filling up the DagBag from /opt/airflow/dags/fisrt_dag_1.py
[2025-04-24T06:34:34.386+0000] {processor.py:925} INFO - DAG(s) 'my_first_dag' retrieved from /opt/airflow/dags/fisrt_dag_1.py
[2025-04-24T06:34:34.398+0000] {logging_mixin.py:190} INFO - [2025-04-24T06:34:34.398+0000] {dag.py:3239} INFO - Sync 1 DAGs
[2025-04-24T06:34:34.415+0000] {processor.py:208} INFO - Processing /opt/airflow/dags/fisrt_dag_1.py took 0.041 seconds
[2025-04-24T06:35:05.212+0000] {processor.py:186} INFO - Started process (PID=1978) to work on /opt/airflow/dags/fisrt_dag_1.py
[2025-04-24T06:35:05.212+0000] {processor.py:914} INFO - Processing file /opt/airflow/dags/fisrt_dag_1.py for tasks to queue
[2025-04-24T06:35:05.214+0000] {logging_mixin.py:190} INFO - [2025-04-24T06:35:05.214+0000] {dagbag.py:588} INFO - Filling up the DagBag from /opt/airflow/dags/fisrt_dag_1.py
[2025-04-24T06:35:05.220+0000] {processor.py:925} INFO - DAG(s) 'my_first_dag' retrieved from /opt/airflow/dags/fisrt_dag_1.py
[2025-04-24T06:35:05.232+0000] {logging_mixin.py:190} INFO - [2025-04-24T06:35:05.232+0000] {dag.py:3239} INFO - Sync 1 DAGs
[2025-04-24T06:35:05.248+0000] {processor.py:208} INFO - Processing /opt/airflow/dags/fisrt_dag_1.py took 0.040 seconds
[2025-04-24T06:35:36.054+0000] {processor.py:186} INFO - Started process (PID=2034) to work on /opt/airflow/dags/fisrt_dag_1.py
[2025-04-24T06:35:36.054+0000] {processor.py:914} INFO - Processing file /opt/airflow/dags/fisrt_dag_1.py for tasks to queue
[2025-04-24T06:35:36.055+0000] {logging_mixin.py:190} INFO - [2025-04-24T06:35:36.055+0000] {dagbag.py:588} INFO - Filling up the DagBag from /opt/airflow/dags/fisrt_dag_1.py
[2025-04-24T06:35:36.062+0000] {processor.py:925} INFO - DAG(s) 'my_first_dag' retrieved from /opt/airflow/dags/fisrt_dag_1.py
[2025-04-24T06:35:36.074+0000] {logging_mixin.py:190} INFO - [2025-04-24T06:35:36.074+0000] {dag.py:3239} INFO - Sync 1 DAGs
[2025-04-24T06:35:36.091+0000] {processor.py:208} INFO - Processing /opt/airflow/dags/fisrt_dag_1.py took 0.041 seconds
[2025-04-24T06:36:06.954+0000] {processor.py:186} INFO - Started process (PID=2090) to work on /opt/airflow/dags/fisrt_dag_1.py
[2025-04-24T06:36:06.955+0000] {processor.py:914} INFO - Processing file /opt/airflow/dags/fisrt_dag_1.py for tasks to queue
[2025-04-24T06:36:06.956+0000] {logging_mixin.py:190} INFO - [2025-04-24T06:36:06.956+0000] {dagbag.py:588} INFO - Filling up the DagBag from /opt/airflow/dags/fisrt_dag_1.py
[2025-04-24T06:36:06.962+0000] {processor.py:925} INFO - DAG(s) 'my_first_dag' retrieved from /opt/airflow/dags/fisrt_dag_1.py
[2025-04-24T06:36:06.975+0000] {logging_mixin.py:190} INFO - [2025-04-24T06:36:06.975+0000] {dag.py:3239} INFO - Sync 1 DAGs
[2025-04-24T06:36:06.993+0000] {processor.py:208} INFO - Processing /opt/airflow/dags/fisrt_dag_1.py took 0.042 seconds
[2025-04-24T06:36:37.785+0000] {processor.py:186} INFO - Started process (PID=2146) to work on /opt/airflow/dags/fisrt_dag_1.py
[2025-04-24T06:36:37.786+0000] {processor.py:914} INFO - Processing file /opt/airflow/dags/fisrt_dag_1.py for tasks to queue
[2025-04-24T06:36:37.788+0000] {logging_mixin.py:190} INFO - [2025-04-24T06:36:37.788+0000] {dagbag.py:588} INFO - Filling up the DagBag from /opt/airflow/dags/fisrt_dag_1.py
[2025-04-24T06:36:37.794+0000] {processor.py:925} INFO - DAG(s) 'my_first_dag' retrieved from /opt/airflow/dags/fisrt_dag_1.py
[2025-04-24T06:36:37.807+0000] {logging_mixin.py:190} INFO - [2025-04-24T06:36:37.807+0000] {dag.py:3239} INFO - Sync 1 DAGs
[2025-04-24T06:36:37.825+0000] {processor.py:208} INFO - Processing /opt/airflow/dags/fisrt_dag_1.py took 0.043 seconds
[2025-04-24T06:37:08.622+0000] {processor.py:186} INFO - Started process (PID=2202) to work on /opt/airflow/dags/fisrt_dag_1.py
[2025-04-24T06:37:08.623+0000] {processor.py:914} INFO - Processing file /opt/airflow/dags/fisrt_dag_1.py for tasks to queue
[2025-04-24T06:37:08.625+0000] {logging_mixin.py:190} INFO - [2025-04-24T06:37:08.624+0000] {dagbag.py:588} INFO - Filling up the DagBag from /opt/airflow/dags/fisrt_dag_1.py
[2025-04-24T06:37:08.632+0000] {processor.py:925} INFO - DAG(s) 'my_first_dag' retrieved from /opt/airflow/dags/fisrt_dag_1.py
[2025-04-24T06:37:08.645+0000] {logging_mixin.py:190} INFO - [2025-04-24T06:37:08.644+0000] {dag.py:3239} INFO - Sync 1 DAGs
[2025-04-24T06:37:08.662+0000] {processor.py:208} INFO - Processing /opt/airflow/dags/fisrt_dag_1.py took 0.043 seconds
[2025-04-24T06:37:39.475+0000] {processor.py:186} INFO - Started process (PID=2258) to work on /opt/airflow/dags/fisrt_dag_1.py
[2025-04-24T06:37:39.476+0000] {processor.py:914} INFO - Processing file /opt/airflow/dags/fisrt_dag_1.py for tasks to queue
[2025-04-24T06:37:39.478+0000] {logging_mixin.py:190} INFO - [2025-04-24T06:37:39.478+0000] {dagbag.py:588} INFO - Filling up the DagBag from /opt/airflow/dags/fisrt_dag_1.py
[2025-04-24T06:37:39.484+0000] {processor.py:925} INFO - DAG(s) 'my_first_dag' retrieved from /opt/airflow/dags/fisrt_dag_1.py
[2025-04-24T06:37:39.497+0000] {logging_mixin.py:190} INFO - [2025-04-24T06:37:39.496+0000] {dag.py:3239} INFO - Sync 1 DAGs
[2025-04-24T06:37:39.513+0000] {processor.py:208} INFO - Processing /opt/airflow/dags/fisrt_dag_1.py took 0.041 seconds
[2025-04-24T06:38:10.311+0000] {processor.py:186} INFO - Started process (PID=2314) to work on /opt/airflow/dags/fisrt_dag_1.py
[2025-04-24T06:38:10.312+0000] {processor.py:914} INFO - Processing file /opt/airflow/dags/fisrt_dag_1.py for tasks to queue
[2025-04-24T06:38:10.313+0000] {logging_mixin.py:190} INFO - [2025-04-24T06:38:10.313+0000] {dagbag.py:588} INFO - Filling up the DagBag from /opt/airflow/dags/fisrt_dag_1.py
[2025-04-24T06:38:10.322+0000] {processor.py:925} INFO - DAG(s) 'my_first_dag' retrieved from /opt/airflow/dags/fisrt_dag_1.py
[2025-04-24T06:38:10.334+0000] {logging_mixin.py:190} INFO - [2025-04-24T06:38:10.334+0000] {dag.py:3239} INFO - Sync 1 DAGs
[2025-04-24T06:38:10.351+0000] {processor.py:208} INFO - Processing /opt/airflow/dags/fisrt_dag_1.py took 0.043 seconds
[2025-04-24T06:38:41.158+0000] {processor.py:186} INFO - Started process (PID=2378) to work on /opt/airflow/dags/fisrt_dag_1.py
[2025-04-24T06:38:41.158+0000] {processor.py:914} INFO - Processing file /opt/airflow/dags/fisrt_dag_1.py for tasks to queue
[2025-04-24T06:38:41.159+0000] {logging_mixin.py:190} INFO - [2025-04-24T06:38:41.159+0000] {dagbag.py:588} INFO - Filling up the DagBag from /opt/airflow/dags/fisrt_dag_1.py
[2025-04-24T06:38:41.165+0000] {processor.py:925} INFO - DAG(s) 'my_first_dag' retrieved from /opt/airflow/dags/fisrt_dag_1.py
[2025-04-24T06:38:41.177+0000] {logging_mixin.py:190} INFO - [2025-04-24T06:38:41.177+0000] {dag.py:3239} INFO - Sync 1 DAGs
[2025-04-24T06:38:41.193+0000] {processor.py:208} INFO - Processing /opt/airflow/dags/fisrt_dag_1.py took 0.039 seconds
[2025-04-24T06:39:12.072+0000] {processor.py:186} INFO - Started process (PID=2434) to work on /opt/airflow/dags/fisrt_dag_1.py
[2025-04-24T06:39:12.073+0000] {processor.py:914} INFO - Processing file /opt/airflow/dags/fisrt_dag_1.py for tasks to queue
[2025-04-24T06:39:12.074+0000] {logging_mixin.py:190} INFO - [2025-04-24T06:39:12.074+0000] {dagbag.py:588} INFO - Filling up the DagBag from /opt/airflow/dags/fisrt_dag_1.py
[2025-04-24T06:39:12.083+0000] {processor.py:925} INFO - DAG(s) 'my_first_dag' retrieved from /opt/airflow/dags/fisrt_dag_1.py
[2025-04-24T06:39:12.100+0000] {logging_mixin.py:190} INFO - [2025-04-24T06:39:12.100+0000] {dag.py:3239} INFO - Sync 1 DAGs
[2025-04-24T06:39:12.124+0000] {processor.py:208} INFO - Processing /opt/airflow/dags/fisrt_dag_1.py took 0.056 seconds
[2025-04-24T06:39:42.923+0000] {processor.py:186} INFO - Started process (PID=2488) to work on /opt/airflow/dags/fisrt_dag_1.py
[2025-04-24T06:39:42.924+0000] {processor.py:914} INFO - Processing file /opt/airflow/dags/fisrt_dag_1.py for tasks to queue
[2025-04-24T06:39:42.925+0000] {logging_mixin.py:190} INFO - [2025-04-24T06:39:42.925+0000] {dagbag.py:588} INFO - Filling up the DagBag from /opt/airflow/dags/fisrt_dag_1.py
[2025-04-24T06:39:42.935+0000] {processor.py:925} INFO - DAG(s) 'my_first_dag' retrieved from /opt/airflow/dags/fisrt_dag_1.py
[2025-04-24T06:39:42.948+0000] {logging_mixin.py:190} INFO - [2025-04-24T06:39:42.947+0000] {dag.py:3239} INFO - Sync 1 DAGs
[2025-04-24T06:39:42.965+0000] {processor.py:208} INFO - Processing /opt/airflow/dags/fisrt_dag_1.py took 0.045 seconds
[2025-04-24T06:40:13.815+0000] {processor.py:186} INFO - Started process (PID=2544) to work on /opt/airflow/dags/fisrt_dag_1.py
[2025-04-24T06:40:13.816+0000] {processor.py:914} INFO - Processing file /opt/airflow/dags/fisrt_dag_1.py for tasks to queue
[2025-04-24T06:40:13.819+0000] {logging_mixin.py:190} INFO - [2025-04-24T06:40:13.817+0000] {dagbag.py:588} INFO - Filling up the DagBag from /opt/airflow/dags/fisrt_dag_1.py
[2025-04-24T06:40:13.828+0000] {processor.py:925} INFO - DAG(s) 'my_first_dag' retrieved from /opt/airflow/dags/fisrt_dag_1.py
[2025-04-24T06:40:13.841+0000] {logging_mixin.py:190} INFO - [2025-04-24T06:40:13.841+0000] {dag.py:3239} INFO - Sync 1 DAGs
[2025-04-24T06:40:13.859+0000] {processor.py:208} INFO - Processing /opt/airflow/dags/fisrt_dag_1.py took 0.048 seconds
[2025-04-24T06:40:44.694+0000] {processor.py:186} INFO - Started process (PID=2600) to work on /opt/airflow/dags/fisrt_dag_1.py
[2025-04-24T06:40:44.695+0000] {processor.py:914} INFO - Processing file /opt/airflow/dags/fisrt_dag_1.py for tasks to queue
[2025-04-24T06:40:44.696+0000] {logging_mixin.py:190} INFO - [2025-04-24T06:40:44.696+0000] {dagbag.py:588} INFO - Filling up the DagBag from /opt/airflow/dags/fisrt_dag_1.py
[2025-04-24T06:40:44.703+0000] {processor.py:925} INFO - DAG(s) 'my_first_dag' retrieved from /opt/airflow/dags/fisrt_dag_1.py
[2025-04-24T06:40:44.715+0000] {logging_mixin.py:190} INFO - [2025-04-24T06:40:44.715+0000] {dag.py:3239} INFO - Sync 1 DAGs
[2025-04-24T06:40:44.732+0000] {processor.py:208} INFO - Processing /opt/airflow/dags/fisrt_dag_1.py took 0.042 seconds
[2025-04-24T06:41:15.562+0000] {processor.py:186} INFO - Started process (PID=2656) to work on /opt/airflow/dags/fisrt_dag_1.py
[2025-04-24T06:41:15.562+0000] {processor.py:914} INFO - Processing file /opt/airflow/dags/fisrt_dag_1.py for tasks to queue
[2025-04-24T06:41:15.564+0000] {logging_mixin.py:190} INFO - [2025-04-24T06:41:15.564+0000] {dagbag.py:588} INFO - Filling up the DagBag from /opt/airflow/dags/fisrt_dag_1.py
[2025-04-24T06:41:15.572+0000] {processor.py:925} INFO - DAG(s) 'my_first_dag' retrieved from /opt/airflow/dags/fisrt_dag_1.py
[2025-04-24T06:41:15.585+0000] {logging_mixin.py:190} INFO - [2025-04-24T06:41:15.585+0000] {dag.py:3239} INFO - Sync 1 DAGs
[2025-04-24T06:41:15.604+0000] {processor.py:208} INFO - Processing /opt/airflow/dags/fisrt_dag_1.py took 0.045 seconds
[2025-04-24T06:41:46.464+0000] {processor.py:186} INFO - Started process (PID=2712) to work on /opt/airflow/dags/fisrt_dag_1.py
[2025-04-24T06:41:46.465+0000] {processor.py:914} INFO - Processing file /opt/airflow/dags/fisrt_dag_1.py for tasks to queue
[2025-04-24T06:41:46.466+0000] {logging_mixin.py:190} INFO - [2025-04-24T06:41:46.466+0000] {dagbag.py:588} INFO - Filling up the DagBag from /opt/airflow/dags/fisrt_dag_1.py
[2025-04-24T06:41:46.472+0000] {processor.py:925} INFO - DAG(s) 'my_first_dag' retrieved from /opt/airflow/dags/fisrt_dag_1.py
[2025-04-24T06:41:46.484+0000] {logging_mixin.py:190} INFO - [2025-04-24T06:41:46.484+0000] {dag.py:3239} INFO - Sync 1 DAGs
[2025-04-24T06:41:46.501+0000] {processor.py:208} INFO - Processing /opt/airflow/dags/fisrt_dag_1.py took 0.040 seconds
[2025-04-24T06:42:17.369+0000] {processor.py:186} INFO - Started process (PID=2768) to work on /opt/airflow/dags/fisrt_dag_1.py
[2025-04-24T06:42:17.370+0000] {processor.py:914} INFO - Processing file /opt/airflow/dags/fisrt_dag_1.py for tasks to queue
[2025-04-24T06:42:17.372+0000] {logging_mixin.py:190} INFO - [2025-04-24T06:42:17.371+0000] {dagbag.py:588} INFO - Filling up the DagBag from /opt/airflow/dags/fisrt_dag_1.py
[2025-04-24T06:42:17.382+0000] {processor.py:925} INFO - DAG(s) 'my_first_dag' retrieved from /opt/airflow/dags/fisrt_dag_1.py
[2025-04-24T06:42:17.395+0000] {logging_mixin.py:190} INFO - [2025-04-24T06:42:17.395+0000] {dag.py:3239} INFO - Sync 1 DAGs
[2025-04-24T06:42:17.414+0000] {processor.py:208} INFO - Processing /opt/airflow/dags/fisrt_dag_1.py took 0.048 seconds
[2025-04-24T06:42:48.293+0000] {processor.py:186} INFO - Started process (PID=2824) to work on /opt/airflow/dags/fisrt_dag_1.py
[2025-04-24T06:42:48.294+0000] {processor.py:914} INFO - Processing file /opt/airflow/dags/fisrt_dag_1.py for tasks to queue
[2025-04-24T06:42:48.296+0000] {logging_mixin.py:190} INFO - [2025-04-24T06:42:48.296+0000] {dagbag.py:588} INFO - Filling up the DagBag from /opt/airflow/dags/fisrt_dag_1.py
[2025-04-24T06:42:48.304+0000] {processor.py:925} INFO - DAG(s) 'my_first_dag' retrieved from /opt/airflow/dags/fisrt_dag_1.py
[2025-04-24T06:42:48.318+0000] {logging_mixin.py:190} INFO - [2025-04-24T06:42:48.317+0000] {dag.py:3239} INFO - Sync 1 DAGs
[2025-04-24T06:42:48.334+0000] {processor.py:208} INFO - Processing /opt/airflow/dags/fisrt_dag_1.py took 0.044 seconds
[2025-04-24T06:43:19.136+0000] {processor.py:186} INFO - Started process (PID=2880) to work on /opt/airflow/dags/fisrt_dag_1.py
[2025-04-24T06:43:19.136+0000] {processor.py:914} INFO - Processing file /opt/airflow/dags/fisrt_dag_1.py for tasks to queue
[2025-04-24T06:43:19.138+0000] {logging_mixin.py:190} INFO - [2025-04-24T06:43:19.138+0000] {dagbag.py:588} INFO - Filling up the DagBag from /opt/airflow/dags/fisrt_dag_1.py
[2025-04-24T06:43:19.149+0000] {processor.py:925} INFO - DAG(s) 'my_first_dag' retrieved from /opt/airflow/dags/fisrt_dag_1.py
[2025-04-24T06:43:19.161+0000] {logging_mixin.py:190} INFO - [2025-04-24T06:43:19.161+0000] {dag.py:3239} INFO - Sync 1 DAGs
[2025-04-24T06:43:19.180+0000] {processor.py:208} INFO - Processing /opt/airflow/dags/fisrt_dag_1.py took 0.047 seconds
[2025-04-24T06:43:49.948+0000] {processor.py:186} INFO - Started process (PID=2936) to work on /opt/airflow/dags/fisrt_dag_1.py
[2025-04-24T06:43:49.949+0000] {processor.py:914} INFO - Processing file /opt/airflow/dags/fisrt_dag_1.py for tasks to queue
[2025-04-24T06:43:49.950+0000] {logging_mixin.py:190} INFO - [2025-04-24T06:43:49.950+0000] {dagbag.py:588} INFO - Filling up the DagBag from /opt/airflow/dags/fisrt_dag_1.py
[2025-04-24T06:43:49.957+0000] {processor.py:925} INFO - DAG(s) 'my_first_dag' retrieved from /opt/airflow/dags/fisrt_dag_1.py
[2025-04-24T06:43:49.970+0000] {logging_mixin.py:190} INFO - [2025-04-24T06:43:49.969+0000] {dag.py:3239} INFO - Sync 1 DAGs
[2025-04-24T06:43:49.986+0000] {processor.py:208} INFO - Processing /opt/airflow/dags/fisrt_dag_1.py took 0.041 seconds
[2025-04-24T06:44:20.997+0000] {processor.py:186} INFO - Started process (PID=2992) to work on /opt/airflow/dags/fisrt_dag_1.py
[2025-04-24T06:44:20.998+0000] {processor.py:914} INFO - Processing file /opt/airflow/dags/fisrt_dag_1.py for tasks to queue
[2025-04-24T06:44:20.999+0000] {logging_mixin.py:190} INFO - [2025-04-24T06:44:20.999+0000] {dagbag.py:588} INFO - Filling up the DagBag from /opt/airflow/dags/fisrt_dag_1.py
[2025-04-24T06:44:21.008+0000] {processor.py:925} INFO - DAG(s) 'my_first_dag' retrieved from /opt/airflow/dags/fisrt_dag_1.py
[2025-04-24T06:44:21.020+0000] {logging_mixin.py:190} INFO - [2025-04-24T06:44:21.020+0000] {dag.py:3239} INFO - Sync 1 DAGs
[2025-04-24T06:44:21.114+0000] {processor.py:208} INFO - Processing /opt/airflow/dags/fisrt_dag_1.py took 0.120 seconds
[2025-04-24T06:44:51.881+0000] {processor.py:186} INFO - Started process (PID=3047) to work on /opt/airflow/dags/fisrt_dag_1.py
[2025-04-24T06:44:51.882+0000] {processor.py:914} INFO - Processing file /opt/airflow/dags/fisrt_dag_1.py for tasks to queue
[2025-04-24T06:44:51.884+0000] {logging_mixin.py:190} INFO - [2025-04-24T06:44:51.884+0000] {dagbag.py:588} INFO - Filling up the DagBag from /opt/airflow/dags/fisrt_dag_1.py
[2025-04-24T06:44:51.891+0000] {processor.py:925} INFO - DAG(s) 'my_first_dag' retrieved from /opt/airflow/dags/fisrt_dag_1.py
[2025-04-24T06:44:51.906+0000] {logging_mixin.py:190} INFO - [2025-04-24T06:44:51.906+0000] {dag.py:3239} INFO - Sync 1 DAGs
[2025-04-24T06:44:51.924+0000] {processor.py:208} INFO - Processing /opt/airflow/dags/fisrt_dag_1.py took 0.046 seconds
[2025-04-24T06:45:22.755+0000] {processor.py:186} INFO - Started process (PID=3103) to work on /opt/airflow/dags/fisrt_dag_1.py
[2025-04-24T06:45:22.756+0000] {processor.py:914} INFO - Processing file /opt/airflow/dags/fisrt_dag_1.py for tasks to queue
[2025-04-24T06:45:22.757+0000] {logging_mixin.py:190} INFO - [2025-04-24T06:45:22.757+0000] {dagbag.py:588} INFO - Filling up the DagBag from /opt/airflow/dags/fisrt_dag_1.py
[2025-04-24T06:45:22.766+0000] {processor.py:925} INFO - DAG(s) 'my_first_dag' retrieved from /opt/airflow/dags/fisrt_dag_1.py
[2025-04-24T06:45:22.778+0000] {logging_mixin.py:190} INFO - [2025-04-24T06:45:22.778+0000] {dag.py:3239} INFO - Sync 1 DAGs
[2025-04-24T06:45:22.798+0000] {processor.py:208} INFO - Processing /opt/airflow/dags/fisrt_dag_1.py took 0.046 seconds
[2025-04-24T06:45:53.819+0000] {processor.py:186} INFO - Started process (PID=3159) to work on /opt/airflow/dags/fisrt_dag_1.py
[2025-04-24T06:45:53.820+0000] {processor.py:914} INFO - Processing file /opt/airflow/dags/fisrt_dag_1.py for tasks to queue
[2025-04-24T06:45:53.821+0000] {logging_mixin.py:190} INFO - [2025-04-24T06:45:53.821+0000] {dagbag.py:588} INFO - Filling up the DagBag from /opt/airflow/dags/fisrt_dag_1.py
[2025-04-24T06:45:53.831+0000] {processor.py:925} INFO - DAG(s) 'my_first_dag' retrieved from /opt/airflow/dags/fisrt_dag_1.py
[2025-04-24T06:45:53.845+0000] {logging_mixin.py:190} INFO - [2025-04-24T06:45:53.844+0000] {dag.py:3239} INFO - Sync 1 DAGs
[2025-04-24T06:45:53.863+0000] {processor.py:208} INFO - Processing /opt/airflow/dags/fisrt_dag_1.py took 0.047 seconds
[2025-04-24T06:46:24.892+0000] {processor.py:186} INFO - Started process (PID=3217) to work on /opt/airflow/dags/fisrt_dag_1.py
[2025-04-24T06:46:24.893+0000] {processor.py:914} INFO - Processing file /opt/airflow/dags/fisrt_dag_1.py for tasks to queue
[2025-04-24T06:46:24.894+0000] {logging_mixin.py:190} INFO - [2025-04-24T06:46:24.894+0000] {dagbag.py:588} INFO - Filling up the DagBag from /opt/airflow/dags/fisrt_dag_1.py
[2025-04-24T06:46:24.900+0000] {processor.py:925} INFO - DAG(s) 'my_first_dag' retrieved from /opt/airflow/dags/fisrt_dag_1.py
[2025-04-24T06:46:24.913+0000] {logging_mixin.py:190} INFO - [2025-04-24T06:46:24.913+0000] {dag.py:3239} INFO - Sync 1 DAGs
[2025-04-24T06:46:25.017+0000] {processor.py:208} INFO - Processing /opt/airflow/dags/fisrt_dag_1.py took 0.128 seconds
[2025-04-24T06:46:55.891+0000] {processor.py:186} INFO - Started process (PID=3271) to work on /opt/airflow/dags/fisrt_dag_1.py
[2025-04-24T06:46:55.892+0000] {processor.py:914} INFO - Processing file /opt/airflow/dags/fisrt_dag_1.py for tasks to queue
[2025-04-24T06:46:55.894+0000] {logging_mixin.py:190} INFO - [2025-04-24T06:46:55.893+0000] {dagbag.py:588} INFO - Filling up the DagBag from /opt/airflow/dags/fisrt_dag_1.py
[2025-04-24T06:46:55.903+0000] {processor.py:925} INFO - DAG(s) 'my_first_dag' retrieved from /opt/airflow/dags/fisrt_dag_1.py
[2025-04-24T06:46:55.917+0000] {logging_mixin.py:190} INFO - [2025-04-24T06:46:55.917+0000] {dag.py:3239} INFO - Sync 1 DAGs
[2025-04-24T06:46:55.935+0000] {processor.py:208} INFO - Processing /opt/airflow/dags/fisrt_dag_1.py took 0.048 seconds
[2025-04-24T06:47:26.787+0000] {processor.py:186} INFO - Started process (PID=3327) to work on /opt/airflow/dags/fisrt_dag_1.py
[2025-04-24T06:47:26.789+0000] {processor.py:914} INFO - Processing file /opt/airflow/dags/fisrt_dag_1.py for tasks to queue
[2025-04-24T06:47:26.790+0000] {logging_mixin.py:190} INFO - [2025-04-24T06:47:26.790+0000] {dagbag.py:588} INFO - Filling up the DagBag from /opt/airflow/dags/fisrt_dag_1.py
[2025-04-24T06:47:26.798+0000] {processor.py:925} INFO - DAG(s) 'my_first_dag' retrieved from /opt/airflow/dags/fisrt_dag_1.py
[2025-04-24T06:47:26.811+0000] {logging_mixin.py:190} INFO - [2025-04-24T06:47:26.811+0000] {dag.py:3239} INFO - Sync 1 DAGs
[2025-04-24T06:47:26.830+0000] {processor.py:208} INFO - Processing /opt/airflow/dags/fisrt_dag_1.py took 0.046 seconds
[2025-04-24T06:47:58.881+0000] {processor.py:186} INFO - Started process (PID=3383) to work on /opt/airflow/dags/fisrt_dag_1.py
[2025-04-24T06:47:58.882+0000] {processor.py:914} INFO - Processing file /opt/airflow/dags/fisrt_dag_1.py for tasks to queue
[2025-04-24T06:47:58.884+0000] {logging_mixin.py:190} INFO - [2025-04-24T06:47:58.884+0000] {dagbag.py:588} INFO - Filling up the DagBag from /opt/airflow/dags/fisrt_dag_1.py
[2025-04-24T06:47:58.892+0000] {processor.py:925} INFO - DAG(s) 'my_first_dag' retrieved from /opt/airflow/dags/fisrt_dag_1.py
[2025-04-24T06:47:58.905+0000] {logging_mixin.py:190} INFO - [2025-04-24T06:47:58.905+0000] {dag.py:3239} INFO - Sync 1 DAGs
[2025-04-24T06:47:58.922+0000] {processor.py:208} INFO - Processing /opt/airflow/dags/fisrt_dag_1.py took 0.044 seconds
[2025-04-24T06:48:29.918+0000] {processor.py:186} INFO - Started process (PID=3438) to work on /opt/airflow/dags/fisrt_dag_1.py
[2025-04-24T06:48:29.919+0000] {processor.py:914} INFO - Processing file /opt/airflow/dags/fisrt_dag_1.py for tasks to queue
[2025-04-24T06:48:29.920+0000] {logging_mixin.py:190} INFO - [2025-04-24T06:48:29.920+0000] {dagbag.py:588} INFO - Filling up the DagBag from /opt/airflow/dags/fisrt_dag_1.py
[2025-04-24T06:48:29.928+0000] {processor.py:925} INFO - DAG(s) 'my_first_dag' retrieved from /opt/airflow/dags/fisrt_dag_1.py
[2025-04-24T06:48:29.941+0000] {logging_mixin.py:190} INFO - [2025-04-24T06:48:29.941+0000] {dag.py:3239} INFO - Sync 1 DAGs
[2025-04-24T06:48:30.046+0000] {processor.py:208} INFO - Processing /opt/airflow/dags/fisrt_dag_1.py took 0.131 seconds
[2025-04-24T06:49:01.018+0000] {processor.py:186} INFO - Started process (PID=3494) to work on /opt/airflow/dags/fisrt_dag_1.py
[2025-04-24T06:49:01.018+0000] {processor.py:914} INFO - Processing file /opt/airflow/dags/fisrt_dag_1.py for tasks to queue
[2025-04-24T06:49:01.020+0000] {logging_mixin.py:190} INFO - [2025-04-24T06:49:01.020+0000] {dagbag.py:588} INFO - Filling up the DagBag from /opt/airflow/dags/fisrt_dag_1.py
[2025-04-24T06:49:01.029+0000] {processor.py:925} INFO - DAG(s) 'my_first_dag' retrieved from /opt/airflow/dags/fisrt_dag_1.py
[2025-04-24T06:49:01.041+0000] {logging_mixin.py:190} INFO - [2025-04-24T06:49:01.041+0000] {dag.py:3239} INFO - Sync 1 DAGs
[2025-04-24T06:49:01.058+0000] {processor.py:208} INFO - Processing /opt/airflow/dags/fisrt_dag_1.py took 0.043 seconds
[2025-04-24T06:49:31.992+0000] {processor.py:186} INFO - Started process (PID=3550) to work on /opt/airflow/dags/fisrt_dag_1.py
[2025-04-24T06:49:31.992+0000] {processor.py:914} INFO - Processing file /opt/airflow/dags/fisrt_dag_1.py for tasks to queue
[2025-04-24T06:49:31.994+0000] {logging_mixin.py:190} INFO - [2025-04-24T06:49:31.994+0000] {dagbag.py:588} INFO - Filling up the DagBag from /opt/airflow/dags/fisrt_dag_1.py
[2025-04-24T06:49:32.000+0000] {processor.py:925} INFO - DAG(s) 'my_first_dag' retrieved from /opt/airflow/dags/fisrt_dag_1.py
[2025-04-24T06:49:32.012+0000] {logging_mixin.py:190} INFO - [2025-04-24T06:49:32.012+0000] {dag.py:3239} INFO - Sync 1 DAGs
[2025-04-24T06:49:32.029+0000] {processor.py:208} INFO - Processing /opt/airflow/dags/fisrt_dag_1.py took 0.041 seconds
[2025-04-24T06:50:02.906+0000] {processor.py:186} INFO - Started process (PID=3606) to work on /opt/airflow/dags/fisrt_dag_1.py
[2025-04-24T06:50:02.907+0000] {processor.py:914} INFO - Processing file /opt/airflow/dags/fisrt_dag_1.py for tasks to queue
[2025-04-24T06:50:02.909+0000] {logging_mixin.py:190} INFO - [2025-04-24T06:50:02.909+0000] {dagbag.py:588} INFO - Filling up the DagBag from /opt/airflow/dags/fisrt_dag_1.py
[2025-04-24T06:50:02.914+0000] {processor.py:925} INFO - DAG(s) 'my_first_dag' retrieved from /opt/airflow/dags/fisrt_dag_1.py
[2025-04-24T06:50:02.927+0000] {logging_mixin.py:190} INFO - [2025-04-24T06:50:02.927+0000] {dag.py:3239} INFO - Sync 1 DAGs
[2025-04-24T06:50:02.944+0000] {processor.py:208} INFO - Processing /opt/airflow/dags/fisrt_dag_1.py took 0.041 seconds
[2025-04-24T06:50:34.203+0000] {processor.py:186} INFO - Started process (PID=3664) to work on /opt/airflow/dags/fisrt_dag_1.py
[2025-04-24T06:50:34.204+0000] {processor.py:914} INFO - Processing file /opt/airflow/dags/fisrt_dag_1.py for tasks to queue
[2025-04-24T06:50:34.205+0000] {logging_mixin.py:190} INFO - [2025-04-24T06:50:34.205+0000] {dagbag.py:588} INFO - Filling up the DagBag from /opt/airflow/dags/fisrt_dag_1.py
[2025-04-24T06:50:34.211+0000] {processor.py:925} INFO - DAG(s) 'my_first_dag' retrieved from /opt/airflow/dags/fisrt_dag_1.py
[2025-04-24T06:50:34.228+0000] {logging_mixin.py:190} INFO - [2025-04-24T06:50:34.228+0000] {dag.py:3239} INFO - Sync 1 DAGs
[2025-04-24T06:50:34.369+0000] {processor.py:208} INFO - Processing /opt/airflow/dags/fisrt_dag_1.py took 0.169 seconds
[2025-04-24T06:51:05.255+0000] {processor.py:186} INFO - Started process (PID=3718) to work on /opt/airflow/dags/fisrt_dag_1.py
[2025-04-24T06:51:05.256+0000] {processor.py:914} INFO - Processing file /opt/airflow/dags/fisrt_dag_1.py for tasks to queue
[2025-04-24T06:51:05.258+0000] {logging_mixin.py:190} INFO - [2025-04-24T06:51:05.258+0000] {dagbag.py:588} INFO - Filling up the DagBag from /opt/airflow/dags/fisrt_dag_1.py
[2025-04-24T06:51:05.271+0000] {processor.py:925} INFO - DAG(s) 'my_first_dag' retrieved from /opt/airflow/dags/fisrt_dag_1.py
[2025-04-24T06:51:05.287+0000] {logging_mixin.py:190} INFO - [2025-04-24T06:51:05.287+0000] {dag.py:3239} INFO - Sync 1 DAGs
[2025-04-24T06:51:05.394+0000] {processor.py:208} INFO - Processing /opt/airflow/dags/fisrt_dag_1.py took 0.142 seconds
[2025-04-24T06:51:36.572+0000] {processor.py:186} INFO - Started process (PID=3774) to work on /opt/airflow/dags/fisrt_dag_1.py
[2025-04-24T06:51:36.573+0000] {processor.py:914} INFO - Processing file /opt/airflow/dags/fisrt_dag_1.py for tasks to queue
[2025-04-24T06:51:36.575+0000] {logging_mixin.py:190} INFO - [2025-04-24T06:51:36.575+0000] {dagbag.py:588} INFO - Filling up the DagBag from /opt/airflow/dags/fisrt_dag_1.py
[2025-04-24T06:51:36.592+0000] {processor.py:925} INFO - DAG(s) 'my_first_dag' retrieved from /opt/airflow/dags/fisrt_dag_1.py
[2025-04-24T06:51:36.623+0000] {logging_mixin.py:190} INFO - [2025-04-24T06:51:36.622+0000] {dag.py:3239} INFO - Sync 1 DAGs
[2025-04-24T06:51:36.648+0000] {processor.py:208} INFO - Processing /opt/airflow/dags/fisrt_dag_1.py took 0.082 seconds
[2025-04-24T06:52:07.607+0000] {processor.py:186} INFO - Started process (PID=3830) to work on /opt/airflow/dags/fisrt_dag_1.py
[2025-04-24T06:52:07.607+0000] {processor.py:914} INFO - Processing file /opt/airflow/dags/fisrt_dag_1.py for tasks to queue
[2025-04-24T06:52:07.609+0000] {logging_mixin.py:190} INFO - [2025-04-24T06:52:07.609+0000] {dagbag.py:588} INFO - Filling up the DagBag from /opt/airflow/dags/fisrt_dag_1.py
[2025-04-24T06:52:07.615+0000] {processor.py:925} INFO - DAG(s) 'my_first_dag' retrieved from /opt/airflow/dags/fisrt_dag_1.py
[2025-04-24T06:52:07.628+0000] {logging_mixin.py:190} INFO - [2025-04-24T06:52:07.628+0000] {dag.py:3239} INFO - Sync 1 DAGs
[2025-04-24T06:52:07.648+0000] {processor.py:208} INFO - Processing /opt/airflow/dags/fisrt_dag_1.py took 0.045 seconds
[2025-04-24T06:52:38.727+0000] {processor.py:186} INFO - Started process (PID=3886) to work on /opt/airflow/dags/fisrt_dag_1.py
[2025-04-24T06:52:38.728+0000] {processor.py:914} INFO - Processing file /opt/airflow/dags/fisrt_dag_1.py for tasks to queue
[2025-04-24T06:52:38.730+0000] {logging_mixin.py:190} INFO - [2025-04-24T06:52:38.729+0000] {dagbag.py:588} INFO - Filling up the DagBag from /opt/airflow/dags/fisrt_dag_1.py
[2025-04-24T06:52:38.739+0000] {processor.py:925} INFO - DAG(s) 'my_first_dag' retrieved from /opt/airflow/dags/fisrt_dag_1.py
[2025-04-24T06:52:38.752+0000] {logging_mixin.py:190} INFO - [2025-04-24T06:52:38.752+0000] {dag.py:3239} INFO - Sync 1 DAGs
[2025-04-24T06:52:38.854+0000] {processor.py:208} INFO - Processing /opt/airflow/dags/fisrt_dag_1.py took 0.130 seconds
[2025-04-24T06:53:09.834+0000] {processor.py:186} INFO - Started process (PID=3944) to work on /opt/airflow/dags/fisrt_dag_1.py
[2025-04-24T06:53:09.835+0000] {processor.py:914} INFO - Processing file /opt/airflow/dags/fisrt_dag_1.py for tasks to queue
[2025-04-24T06:53:09.836+0000] {logging_mixin.py:190} INFO - [2025-04-24T06:53:09.836+0000] {dagbag.py:588} INFO - Filling up the DagBag from /opt/airflow/dags/fisrt_dag_1.py
[2025-04-24T06:53:09.842+0000] {processor.py:925} INFO - DAG(s) 'my_first_dag' retrieved from /opt/airflow/dags/fisrt_dag_1.py
[2025-04-24T06:53:09.940+0000] {logging_mixin.py:190} INFO - [2025-04-24T06:53:09.940+0000] {dag.py:3239} INFO - Sync 1 DAGs
[2025-04-24T06:53:09.956+0000] {processor.py:208} INFO - Processing /opt/airflow/dags/fisrt_dag_1.py took 0.125 seconds
[2025-04-24T06:53:40.807+0000] {processor.py:186} INFO - Started process (PID=3998) to work on /opt/airflow/dags/fisrt_dag_1.py
[2025-04-24T06:53:40.808+0000] {processor.py:914} INFO - Processing file /opt/airflow/dags/fisrt_dag_1.py for tasks to queue
[2025-04-24T06:53:40.810+0000] {logging_mixin.py:190} INFO - [2025-04-24T06:53:40.810+0000] {dagbag.py:588} INFO - Filling up the DagBag from /opt/airflow/dags/fisrt_dag_1.py
[2025-04-24T06:53:40.818+0000] {processor.py:925} INFO - DAG(s) 'my_first_dag' retrieved from /opt/airflow/dags/fisrt_dag_1.py
[2025-04-24T06:53:40.832+0000] {logging_mixin.py:190} INFO - [2025-04-24T06:53:40.832+0000] {dag.py:3239} INFO - Sync 1 DAGs
[2025-04-24T06:53:40.850+0000] {processor.py:208} INFO - Processing /opt/airflow/dags/fisrt_dag_1.py took 0.046 seconds
[2025-04-24T06:54:11.742+0000] {processor.py:186} INFO - Started process (PID=4053) to work on /opt/airflow/dags/fisrt_dag_1.py
[2025-04-24T06:54:11.743+0000] {processor.py:914} INFO - Processing file /opt/airflow/dags/fisrt_dag_1.py for tasks to queue
[2025-04-24T06:54:11.744+0000] {logging_mixin.py:190} INFO - [2025-04-24T06:54:11.744+0000] {dagbag.py:588} INFO - Filling up the DagBag from /opt/airflow/dags/fisrt_dag_1.py
[2025-04-24T06:54:11.751+0000] {processor.py:925} INFO - DAG(s) 'my_first_dag' retrieved from /opt/airflow/dags/fisrt_dag_1.py
[2025-04-24T06:54:11.765+0000] {logging_mixin.py:190} INFO - [2025-04-24T06:54:11.765+0000] {dag.py:3239} INFO - Sync 1 DAGs
[2025-04-24T06:54:11.784+0000] {processor.py:208} INFO - Processing /opt/airflow/dags/fisrt_dag_1.py took 0.045 seconds
[2025-04-24T06:54:42.566+0000] {processor.py:186} INFO - Started process (PID=4117) to work on /opt/airflow/dags/fisrt_dag_1.py
[2025-04-24T06:54:42.567+0000] {processor.py:914} INFO - Processing file /opt/airflow/dags/fisrt_dag_1.py for tasks to queue
[2025-04-24T06:54:42.568+0000] {logging_mixin.py:190} INFO - [2025-04-24T06:54:42.568+0000] {dagbag.py:588} INFO - Filling up the DagBag from /opt/airflow/dags/fisrt_dag_1.py
[2025-04-24T06:54:42.576+0000] {processor.py:925} INFO - DAG(s) 'my_first_dag' retrieved from /opt/airflow/dags/fisrt_dag_1.py
[2025-04-24T06:54:42.589+0000] {logging_mixin.py:190} INFO - [2025-04-24T06:54:42.589+0000] {dag.py:3239} INFO - Sync 1 DAGs
[2025-04-24T06:54:42.607+0000] {processor.py:208} INFO - Processing /opt/airflow/dags/fisrt_dag_1.py took 0.044 seconds
[2025-04-24T06:55:13.367+0000] {processor.py:186} INFO - Started process (PID=4171) to work on /opt/airflow/dags/fisrt_dag_1.py
[2025-04-24T06:55:13.369+0000] {processor.py:914} INFO - Processing file /opt/airflow/dags/fisrt_dag_1.py for tasks to queue
[2025-04-24T06:55:13.370+0000] {logging_mixin.py:190} INFO - [2025-04-24T06:55:13.370+0000] {dagbag.py:588} INFO - Filling up the DagBag from /opt/airflow/dags/fisrt_dag_1.py
[2025-04-24T06:55:13.382+0000] {processor.py:925} INFO - DAG(s) 'my_first_dag' retrieved from /opt/airflow/dags/fisrt_dag_1.py
[2025-04-24T06:55:13.397+0000] {logging_mixin.py:190} INFO - [2025-04-24T06:55:13.396+0000] {dag.py:3239} INFO - Sync 1 DAGs
[2025-04-24T06:55:13.417+0000] {processor.py:208} INFO - Processing /opt/airflow/dags/fisrt_dag_1.py took 0.053 seconds
[2025-04-24T06:55:44.185+0000] {processor.py:186} INFO - Started process (PID=4227) to work on /opt/airflow/dags/fisrt_dag_1.py
[2025-04-24T06:55:44.186+0000] {processor.py:914} INFO - Processing file /opt/airflow/dags/fisrt_dag_1.py for tasks to queue
[2025-04-24T06:55:44.187+0000] {logging_mixin.py:190} INFO - [2025-04-24T06:55:44.187+0000] {dagbag.py:588} INFO - Filling up the DagBag from /opt/airflow/dags/fisrt_dag_1.py
[2025-04-24T06:55:44.193+0000] {processor.py:925} INFO - DAG(s) 'my_first_dag' retrieved from /opt/airflow/dags/fisrt_dag_1.py
[2025-04-24T06:55:44.207+0000] {logging_mixin.py:190} INFO - [2025-04-24T06:55:44.207+0000] {dag.py:3239} INFO - Sync 1 DAGs
[2025-04-24T06:55:44.225+0000] {processor.py:208} INFO - Processing /opt/airflow/dags/fisrt_dag_1.py took 0.044 seconds
[2025-04-24T06:56:14.992+0000] {processor.py:186} INFO - Started process (PID=4283) to work on /opt/airflow/dags/fisrt_dag_1.py
[2025-04-24T06:56:14.992+0000] {processor.py:914} INFO - Processing file /opt/airflow/dags/fisrt_dag_1.py for tasks to queue
[2025-04-24T06:56:14.994+0000] {logging_mixin.py:190} INFO - [2025-04-24T06:56:14.993+0000] {dagbag.py:588} INFO - Filling up the DagBag from /opt/airflow/dags/fisrt_dag_1.py
[2025-04-24T06:56:15.003+0000] {processor.py:925} INFO - DAG(s) 'my_first_dag' retrieved from /opt/airflow/dags/fisrt_dag_1.py
[2025-04-24T06:56:15.017+0000] {logging_mixin.py:190} INFO - [2025-04-24T06:56:15.017+0000] {dag.py:3239} INFO - Sync 1 DAGs
[2025-04-24T06:56:15.036+0000] {processor.py:208} INFO - Processing /opt/airflow/dags/fisrt_dag_1.py took 0.048 seconds
[2025-04-24T06:56:45.810+0000] {processor.py:186} INFO - Started process (PID=4339) to work on /opt/airflow/dags/fisrt_dag_1.py
[2025-04-24T06:56:45.811+0000] {processor.py:914} INFO - Processing file /opt/airflow/dags/fisrt_dag_1.py for tasks to queue
[2025-04-24T06:56:45.812+0000] {logging_mixin.py:190} INFO - [2025-04-24T06:56:45.812+0000] {dagbag.py:588} INFO - Filling up the DagBag from /opt/airflow/dags/fisrt_dag_1.py
[2025-04-24T06:56:45.820+0000] {processor.py:925} INFO - DAG(s) 'my_first_dag' retrieved from /opt/airflow/dags/fisrt_dag_1.py
[2025-04-24T06:56:45.833+0000] {logging_mixin.py:190} INFO - [2025-04-24T06:56:45.833+0000] {dag.py:3239} INFO - Sync 1 DAGs
[2025-04-24T06:56:45.852+0000] {processor.py:208} INFO - Processing /opt/airflow/dags/fisrt_dag_1.py took 0.045 seconds
[2025-04-24T06:57:16.585+0000] {processor.py:186} INFO - Started process (PID=4395) to work on /opt/airflow/dags/fisrt_dag_1.py
[2025-04-24T06:57:16.587+0000] {processor.py:914} INFO - Processing file /opt/airflow/dags/fisrt_dag_1.py for tasks to queue
[2025-04-24T06:57:16.588+0000] {logging_mixin.py:190} INFO - [2025-04-24T06:57:16.588+0000] {dagbag.py:588} INFO - Filling up the DagBag from /opt/airflow/dags/fisrt_dag_1.py
[2025-04-24T06:57:16.596+0000] {processor.py:925} INFO - DAG(s) 'my_first_dag' retrieved from /opt/airflow/dags/fisrt_dag_1.py
[2025-04-24T06:57:16.610+0000] {logging_mixin.py:190} INFO - [2025-04-24T06:57:16.610+0000] {dag.py:3239} INFO - Sync 1 DAGs
[2025-04-24T06:57:16.629+0000] {processor.py:208} INFO - Processing /opt/airflow/dags/fisrt_dag_1.py took 0.047 seconds
[2025-04-24T06:57:47.356+0000] {processor.py:186} INFO - Started process (PID=4451) to work on /opt/airflow/dags/fisrt_dag_1.py
[2025-04-24T06:57:47.357+0000] {processor.py:914} INFO - Processing file /opt/airflow/dags/fisrt_dag_1.py for tasks to queue
[2025-04-24T06:57:47.360+0000] {logging_mixin.py:190} INFO - [2025-04-24T06:57:47.358+0000] {dagbag.py:588} INFO - Filling up the DagBag from /opt/airflow/dags/fisrt_dag_1.py
[2025-04-24T06:57:47.367+0000] {processor.py:925} INFO - DAG(s) 'my_first_dag' retrieved from /opt/airflow/dags/fisrt_dag_1.py
[2025-04-24T06:57:47.380+0000] {logging_mixin.py:190} INFO - [2025-04-24T06:57:47.380+0000] {dag.py:3239} INFO - Sync 1 DAGs
[2025-04-24T06:57:47.397+0000] {processor.py:208} INFO - Processing /opt/airflow/dags/fisrt_dag_1.py took 0.045 seconds
[2025-04-24T06:58:18.087+0000] {processor.py:186} INFO - Started process (PID=4509) to work on /opt/airflow/dags/fisrt_dag_1.py
[2025-04-24T06:58:18.087+0000] {processor.py:914} INFO - Processing file /opt/airflow/dags/fisrt_dag_1.py for tasks to queue
[2025-04-24T06:58:18.088+0000] {logging_mixin.py:190} INFO - [2025-04-24T06:58:18.088+0000] {dagbag.py:588} INFO - Filling up the DagBag from /opt/airflow/dags/fisrt_dag_1.py
[2025-04-24T06:58:18.094+0000] {processor.py:925} INFO - DAG(s) 'my_first_dag' retrieved from /opt/airflow/dags/fisrt_dag_1.py
[2025-04-24T06:58:18.107+0000] {logging_mixin.py:190} INFO - [2025-04-24T06:58:18.107+0000] {dag.py:3239} INFO - Sync 1 DAGs
[2025-04-24T06:58:18.126+0000] {processor.py:208} INFO - Processing /opt/airflow/dags/fisrt_dag_1.py took 0.042 seconds
[2025-04-24T06:58:48.814+0000] {processor.py:186} INFO - Started process (PID=4563) to work on /opt/airflow/dags/fisrt_dag_1.py
[2025-04-24T06:58:48.814+0000] {processor.py:914} INFO - Processing file /opt/airflow/dags/fisrt_dag_1.py for tasks to queue
[2025-04-24T06:58:48.816+0000] {logging_mixin.py:190} INFO - [2025-04-24T06:58:48.816+0000] {dagbag.py:588} INFO - Filling up the DagBag from /opt/airflow/dags/fisrt_dag_1.py
[2025-04-24T06:58:48.823+0000] {processor.py:925} INFO - DAG(s) 'my_first_dag' retrieved from /opt/airflow/dags/fisrt_dag_1.py
[2025-04-24T06:58:48.836+0000] {logging_mixin.py:190} INFO - [2025-04-24T06:58:48.836+0000] {dag.py:3239} INFO - Sync 1 DAGs
[2025-04-24T06:58:48.855+0000] {processor.py:208} INFO - Processing /opt/airflow/dags/fisrt_dag_1.py took 0.045 seconds
[2025-04-24T06:59:19.626+0000] {processor.py:186} INFO - Started process (PID=4619) to work on /opt/airflow/dags/fisrt_dag_1.py
[2025-04-24T06:59:19.626+0000] {processor.py:914} INFO - Processing file /opt/airflow/dags/fisrt_dag_1.py for tasks to queue
[2025-04-24T06:59:19.627+0000] {logging_mixin.py:190} INFO - [2025-04-24T06:59:19.627+0000] {dagbag.py:588} INFO - Filling up the DagBag from /opt/airflow/dags/fisrt_dag_1.py
[2025-04-24T06:59:19.634+0000] {processor.py:925} INFO - DAG(s) 'my_first_dag' retrieved from /opt/airflow/dags/fisrt_dag_1.py
[2025-04-24T06:59:19.647+0000] {logging_mixin.py:190} INFO - [2025-04-24T06:59:19.646+0000] {dag.py:3239} INFO - Sync 1 DAGs
[2025-04-24T06:59:19.665+0000] {processor.py:208} INFO - Processing /opt/airflow/dags/fisrt_dag_1.py took 0.042 seconds
[2025-04-24T06:59:50.509+0000] {processor.py:186} INFO - Started process (PID=4675) to work on /opt/airflow/dags/fisrt_dag_1.py
[2025-04-24T06:59:50.510+0000] {processor.py:914} INFO - Processing file /opt/airflow/dags/fisrt_dag_1.py for tasks to queue
[2025-04-24T06:59:50.511+0000] {logging_mixin.py:190} INFO - [2025-04-24T06:59:50.511+0000] {dagbag.py:588} INFO - Filling up the DagBag from /opt/airflow/dags/fisrt_dag_1.py
[2025-04-24T06:59:50.519+0000] {processor.py:925} INFO - DAG(s) 'my_first_dag' retrieved from /opt/airflow/dags/fisrt_dag_1.py
[2025-04-24T06:59:50.536+0000] {logging_mixin.py:190} INFO - [2025-04-24T06:59:50.536+0000] {dag.py:3239} INFO - Sync 1 DAGs
[2025-04-24T06:59:50.554+0000] {processor.py:208} INFO - Processing /opt/airflow/dags/fisrt_dag_1.py took 0.050 seconds
[2025-04-24T07:00:21.307+0000] {processor.py:186} INFO - Started process (PID=4731) to work on /opt/airflow/dags/fisrt_dag_1.py
[2025-04-24T07:00:21.308+0000] {processor.py:914} INFO - Processing file /opt/airflow/dags/fisrt_dag_1.py for tasks to queue
[2025-04-24T07:00:21.310+0000] {logging_mixin.py:190} INFO - [2025-04-24T07:00:21.309+0000] {dagbag.py:588} INFO - Filling up the DagBag from /opt/airflow/dags/fisrt_dag_1.py
[2025-04-24T07:00:21.318+0000] {processor.py:925} INFO - DAG(s) 'my_first_dag' retrieved from /opt/airflow/dags/fisrt_dag_1.py
[2025-04-24T07:00:21.335+0000] {logging_mixin.py:190} INFO - [2025-04-24T07:00:21.335+0000] {dag.py:3239} INFO - Sync 1 DAGs
[2025-04-24T07:00:21.355+0000] {processor.py:208} INFO - Processing /opt/airflow/dags/fisrt_dag_1.py took 0.051 seconds
[2025-04-24T07:00:52.100+0000] {processor.py:186} INFO - Started process (PID=4789) to work on /opt/airflow/dags/fisrt_dag_1.py
[2025-04-24T07:00:52.101+0000] {processor.py:914} INFO - Processing file /opt/airflow/dags/fisrt_dag_1.py for tasks to queue
[2025-04-24T07:00:52.102+0000] {logging_mixin.py:190} INFO - [2025-04-24T07:00:52.102+0000] {dagbag.py:588} INFO - Filling up the DagBag from /opt/airflow/dags/fisrt_dag_1.py
[2025-04-24T07:00:52.109+0000] {processor.py:925} INFO - DAG(s) 'my_first_dag' retrieved from /opt/airflow/dags/fisrt_dag_1.py
[2025-04-24T07:00:52.123+0000] {logging_mixin.py:190} INFO - [2025-04-24T07:00:52.123+0000] {dag.py:3239} INFO - Sync 1 DAGs
[2025-04-24T07:00:52.142+0000] {processor.py:208} INFO - Processing /opt/airflow/dags/fisrt_dag_1.py took 0.045 seconds
[2025-04-24T07:01:23.468+0000] {processor.py:186} INFO - Started process (PID=4845) to work on /opt/airflow/dags/fisrt_dag_1.py
[2025-04-24T07:01:23.468+0000] {processor.py:914} INFO - Processing file /opt/airflow/dags/fisrt_dag_1.py for tasks to queue
[2025-04-24T07:01:23.469+0000] {logging_mixin.py:190} INFO - [2025-04-24T07:01:23.469+0000] {dagbag.py:588} INFO - Filling up the DagBag from /opt/airflow/dags/fisrt_dag_1.py
[2025-04-24T07:01:23.478+0000] {processor.py:925} INFO - DAG(s) 'my_first_dag' retrieved from /opt/airflow/dags/fisrt_dag_1.py
[2025-04-24T07:01:23.491+0000] {logging_mixin.py:190} INFO - [2025-04-24T07:01:23.491+0000] {dag.py:3239} INFO - Sync 1 DAGs
[2025-04-24T07:01:23.511+0000] {processor.py:208} INFO - Processing /opt/airflow/dags/fisrt_dag_1.py took 0.047 seconds
[2025-04-24T07:01:54.363+0000] {processor.py:186} INFO - Started process (PID=4899) to work on /opt/airflow/dags/fisrt_dag_1.py
[2025-04-24T07:01:54.364+0000] {processor.py:914} INFO - Processing file /opt/airflow/dags/fisrt_dag_1.py for tasks to queue
[2025-04-24T07:01:54.365+0000] {logging_mixin.py:190} INFO - [2025-04-24T07:01:54.365+0000] {dagbag.py:588} INFO - Filling up the DagBag from /opt/airflow/dags/fisrt_dag_1.py
[2025-04-24T07:01:54.371+0000] {processor.py:925} INFO - DAG(s) 'my_first_dag' retrieved from /opt/airflow/dags/fisrt_dag_1.py
[2025-04-24T07:01:54.385+0000] {logging_mixin.py:190} INFO - [2025-04-24T07:01:54.385+0000] {dag.py:3239} INFO - Sync 1 DAGs
[2025-04-24T07:01:54.404+0000] {processor.py:208} INFO - Processing /opt/airflow/dags/fisrt_dag_1.py took 0.045 seconds
[2025-04-24T07:02:25.127+0000] {processor.py:186} INFO - Started process (PID=4957) to work on /opt/airflow/dags/fisrt_dag_1.py
[2025-04-24T07:02:25.127+0000] {processor.py:914} INFO - Processing file /opt/airflow/dags/fisrt_dag_1.py for tasks to queue
[2025-04-24T07:02:25.128+0000] {logging_mixin.py:190} INFO - [2025-04-24T07:02:25.128+0000] {dagbag.py:588} INFO - Filling up the DagBag from /opt/airflow/dags/fisrt_dag_1.py
[2025-04-24T07:02:25.140+0000] {processor.py:925} INFO - DAG(s) 'my_first_dag' retrieved from /opt/airflow/dags/fisrt_dag_1.py
[2025-04-24T07:02:25.153+0000] {logging_mixin.py:190} INFO - [2025-04-24T07:02:25.153+0000] {dag.py:3239} INFO - Sync 1 DAGs
[2025-04-24T07:02:25.173+0000] {processor.py:208} INFO - Processing /opt/airflow/dags/fisrt_dag_1.py took 0.050 seconds
[2025-04-24T07:02:56.039+0000] {processor.py:186} INFO - Started process (PID=5011) to work on /opt/airflow/dags/fisrt_dag_1.py
[2025-04-24T07:02:56.041+0000] {processor.py:914} INFO - Processing file /opt/airflow/dags/fisrt_dag_1.py for tasks to queue
[2025-04-24T07:02:56.042+0000] {logging_mixin.py:190} INFO - [2025-04-24T07:02:56.042+0000] {dagbag.py:588} INFO - Filling up the DagBag from /opt/airflow/dags/fisrt_dag_1.py
[2025-04-24T07:02:56.053+0000] {processor.py:925} INFO - DAG(s) 'my_first_dag' retrieved from /opt/airflow/dags/fisrt_dag_1.py
[2025-04-24T07:02:56.071+0000] {logging_mixin.py:190} INFO - [2025-04-24T07:02:56.070+0000] {dag.py:3239} INFO - Sync 1 DAGs
[2025-04-24T07:02:56.094+0000] {processor.py:208} INFO - Processing /opt/airflow/dags/fisrt_dag_1.py took 0.060 seconds
[2025-04-24T07:03:26.886+0000] {processor.py:186} INFO - Started process (PID=5067) to work on /opt/airflow/dags/fisrt_dag_1.py
[2025-04-24T07:03:26.886+0000] {processor.py:914} INFO - Processing file /opt/airflow/dags/fisrt_dag_1.py for tasks to queue
[2025-04-24T07:03:26.888+0000] {logging_mixin.py:190} INFO - [2025-04-24T07:03:26.887+0000] {dagbag.py:588} INFO - Filling up the DagBag from /opt/airflow/dags/fisrt_dag_1.py
[2025-04-24T07:03:26.895+0000] {processor.py:925} INFO - DAG(s) 'my_first_dag' retrieved from /opt/airflow/dags/fisrt_dag_1.py
[2025-04-24T07:03:26.910+0000] {logging_mixin.py:190} INFO - [2025-04-24T07:03:26.910+0000] {dag.py:3239} INFO - Sync 1 DAGs
[2025-04-24T07:03:26.929+0000] {processor.py:208} INFO - Processing /opt/airflow/dags/fisrt_dag_1.py took 0.047 seconds
[2025-04-24T07:03:57.731+0000] {processor.py:186} INFO - Started process (PID=5125) to work on /opt/airflow/dags/fisrt_dag_1.py
[2025-04-24T07:03:57.732+0000] {processor.py:914} INFO - Processing file /opt/airflow/dags/fisrt_dag_1.py for tasks to queue
[2025-04-24T07:03:57.733+0000] {logging_mixin.py:190} INFO - [2025-04-24T07:03:57.733+0000] {dagbag.py:588} INFO - Filling up the DagBag from /opt/airflow/dags/fisrt_dag_1.py
[2025-04-24T07:03:57.740+0000] {processor.py:925} INFO - DAG(s) 'my_first_dag' retrieved from /opt/airflow/dags/fisrt_dag_1.py
[2025-04-24T07:03:57.755+0000] {logging_mixin.py:190} INFO - [2025-04-24T07:03:57.755+0000] {dag.py:3239} INFO - Sync 1 DAGs
[2025-04-24T07:03:57.775+0000] {processor.py:208} INFO - Processing /opt/airflow/dags/fisrt_dag_1.py took 0.047 seconds
[2025-04-24T07:04:28.562+0000] {processor.py:186} INFO - Started process (PID=5179) to work on /opt/airflow/dags/fisrt_dag_1.py
[2025-04-24T07:04:28.563+0000] {processor.py:914} INFO - Processing file /opt/airflow/dags/fisrt_dag_1.py for tasks to queue
[2025-04-24T07:04:28.564+0000] {logging_mixin.py:190} INFO - [2025-04-24T07:04:28.564+0000] {dagbag.py:588} INFO - Filling up the DagBag from /opt/airflow/dags/fisrt_dag_1.py
[2025-04-24T07:04:28.575+0000] {processor.py:925} INFO - DAG(s) 'my_first_dag' retrieved from /opt/airflow/dags/fisrt_dag_1.py
[2025-04-24T07:04:28.588+0000] {logging_mixin.py:190} INFO - [2025-04-24T07:04:28.587+0000] {dag.py:3239} INFO - Sync 1 DAGs
[2025-04-24T07:04:28.606+0000] {processor.py:208} INFO - Processing /opt/airflow/dags/fisrt_dag_1.py took 0.047 seconds
[2025-04-24T07:04:59.346+0000] {processor.py:186} INFO - Started process (PID=5237) to work on /opt/airflow/dags/fisrt_dag_1.py
[2025-04-24T07:04:59.347+0000] {processor.py:914} INFO - Processing file /opt/airflow/dags/fisrt_dag_1.py for tasks to queue
[2025-04-24T07:04:59.348+0000] {logging_mixin.py:190} INFO - [2025-04-24T07:04:59.348+0000] {dagbag.py:588} INFO - Filling up the DagBag from /opt/airflow/dags/fisrt_dag_1.py
[2025-04-24T07:04:59.355+0000] {processor.py:925} INFO - DAG(s) 'my_first_dag' retrieved from /opt/airflow/dags/fisrt_dag_1.py
[2025-04-24T07:04:59.368+0000] {logging_mixin.py:190} INFO - [2025-04-24T07:04:59.368+0000] {dag.py:3239} INFO - Sync 1 DAGs
[2025-04-24T07:04:59.386+0000] {processor.py:208} INFO - Processing /opt/airflow/dags/fisrt_dag_1.py took 0.044 seconds
[2025-04-24T07:05:30.124+0000] {processor.py:186} INFO - Started process (PID=5291) to work on /opt/airflow/dags/fisrt_dag_1.py
[2025-04-24T07:05:30.125+0000] {processor.py:914} INFO - Processing file /opt/airflow/dags/fisrt_dag_1.py for tasks to queue
[2025-04-24T07:05:30.126+0000] {logging_mixin.py:190} INFO - [2025-04-24T07:05:30.126+0000] {dagbag.py:588} INFO - Filling up the DagBag from /opt/airflow/dags/fisrt_dag_1.py
[2025-04-24T07:05:30.135+0000] {processor.py:925} INFO - DAG(s) 'my_first_dag' retrieved from /opt/airflow/dags/fisrt_dag_1.py
[2025-04-24T07:05:30.150+0000] {logging_mixin.py:190} INFO - [2025-04-24T07:05:30.150+0000] {dag.py:3239} INFO - Sync 1 DAGs
[2025-04-24T07:05:30.171+0000] {processor.py:208} INFO - Processing /opt/airflow/dags/fisrt_dag_1.py took 0.050 seconds
[2025-04-24T07:06:00.946+0000] {processor.py:186} INFO - Started process (PID=5348) to work on /opt/airflow/dags/fisrt_dag_1.py
[2025-04-24T07:06:00.947+0000] {processor.py:914} INFO - Processing file /opt/airflow/dags/fisrt_dag_1.py for tasks to queue
[2025-04-24T07:06:00.948+0000] {logging_mixin.py:190} INFO - [2025-04-24T07:06:00.948+0000] {dagbag.py:588} INFO - Filling up the DagBag from /opt/airflow/dags/fisrt_dag_1.py
[2025-04-24T07:06:00.956+0000] {processor.py:925} INFO - DAG(s) 'my_first_dag' retrieved from /opt/airflow/dags/fisrt_dag_1.py
[2025-04-24T07:06:00.971+0000] {logging_mixin.py:190} INFO - [2025-04-24T07:06:00.971+0000] {dag.py:3239} INFO - Sync 1 DAGs
[2025-04-24T07:06:00.991+0000] {processor.py:208} INFO - Processing /opt/airflow/dags/fisrt_dag_1.py took 0.049 seconds
[2025-04-24T07:06:31.718+0000] {processor.py:186} INFO - Started process (PID=5402) to work on /opt/airflow/dags/fisrt_dag_1.py
[2025-04-24T07:06:31.718+0000] {processor.py:914} INFO - Processing file /opt/airflow/dags/fisrt_dag_1.py for tasks to queue
[2025-04-24T07:06:31.719+0000] {logging_mixin.py:190} INFO - [2025-04-24T07:06:31.719+0000] {dagbag.py:588} INFO - Filling up the DagBag from /opt/airflow/dags/fisrt_dag_1.py
[2025-04-24T07:06:31.725+0000] {processor.py:925} INFO - DAG(s) 'my_first_dag' retrieved from /opt/airflow/dags/fisrt_dag_1.py
[2025-04-24T07:06:31.739+0000] {logging_mixin.py:190} INFO - [2025-04-24T07:06:31.738+0000] {dag.py:3239} INFO - Sync 1 DAGs
[2025-04-24T07:06:31.758+0000] {processor.py:208} INFO - Processing /opt/airflow/dags/fisrt_dag_1.py took 0.044 seconds
[2025-04-24T07:07:02.543+0000] {processor.py:186} INFO - Started process (PID=5458) to work on /opt/airflow/dags/fisrt_dag_1.py
[2025-04-24T07:07:02.543+0000] {processor.py:914} INFO - Processing file /opt/airflow/dags/fisrt_dag_1.py for tasks to queue
[2025-04-24T07:07:02.545+0000] {logging_mixin.py:190} INFO - [2025-04-24T07:07:02.544+0000] {dagbag.py:588} INFO - Filling up the DagBag from /opt/airflow/dags/fisrt_dag_1.py
[2025-04-24T07:07:02.551+0000] {processor.py:925} INFO - DAG(s) 'my_first_dag' retrieved from /opt/airflow/dags/fisrt_dag_1.py
[2025-04-24T07:07:02.564+0000] {logging_mixin.py:190} INFO - [2025-04-24T07:07:02.564+0000] {dag.py:3239} INFO - Sync 1 DAGs
[2025-04-24T07:07:02.583+0000] {processor.py:208} INFO - Processing /opt/airflow/dags/fisrt_dag_1.py took 0.044 seconds
[2025-04-24T07:07:33.333+0000] {processor.py:186} INFO - Started process (PID=5514) to work on /opt/airflow/dags/fisrt_dag_1.py
[2025-04-24T07:07:33.334+0000] {processor.py:914} INFO - Processing file /opt/airflow/dags/fisrt_dag_1.py for tasks to queue
[2025-04-24T07:07:33.336+0000] {logging_mixin.py:190} INFO - [2025-04-24T07:07:33.336+0000] {dagbag.py:588} INFO - Filling up the DagBag from /opt/airflow/dags/fisrt_dag_1.py
[2025-04-24T07:07:33.342+0000] {processor.py:925} INFO - DAG(s) 'my_first_dag' retrieved from /opt/airflow/dags/fisrt_dag_1.py
[2025-04-24T07:07:33.355+0000] {logging_mixin.py:190} INFO - [2025-04-24T07:07:33.355+0000] {dag.py:3239} INFO - Sync 1 DAGs
[2025-04-24T07:07:33.372+0000] {processor.py:208} INFO - Processing /opt/airflow/dags/fisrt_dag_1.py took 0.042 seconds
