[2025-04-24T06:19:04.762+0000] {processor.py:186} INFO - Started process (PID=209) to work on /opt/airflow/dags/insert_data_postgres.py
[2025-04-24T06:19:04.765+0000] {processor.py:914} INFO - Processing file /opt/airflow/dags/insert_data_postgres.py for tasks to queue
[2025-04-24T06:19:04.767+0000] {logging_mixin.py:190} INFO - [2025-04-24T06:19:04.766+0000] {dagbag.py:588} INFO - Filling up the DagBag from /opt/airflow/dags/insert_data_postgres.py
[2025-04-24T06:19:04.770+0000] {processor.py:927} WARNING - No viable dags retrieved from /opt/airflow/dags/insert_data_postgres.py
[2025-04-24T06:19:04.784+0000] {processor.py:208} INFO - Processing /opt/airflow/dags/insert_data_postgres.py took 0.026 seconds
[2025-04-24T06:19:34.840+0000] {processor.py:186} INFO - Started process (PID=264) to work on /opt/airflow/dags/insert_data_postgres.py
[2025-04-24T06:19:34.841+0000] {processor.py:914} INFO - Processing file /opt/airflow/dags/insert_data_postgres.py for tasks to queue
[2025-04-24T06:19:34.842+0000] {logging_mixin.py:190} INFO - [2025-04-24T06:19:34.842+0000] {dagbag.py:588} INFO - Filling up the DagBag from /opt/airflow/dags/insert_data_postgres.py
[2025-04-24T06:19:34.848+0000] {processor.py:927} WARNING - No viable dags retrieved from /opt/airflow/dags/insert_data_postgres.py
[2025-04-24T06:19:34.862+0000] {processor.py:208} INFO - Processing /opt/airflow/dags/insert_data_postgres.py took 0.027 seconds
[2025-04-24T06:20:05.859+0000] {processor.py:186} INFO - Started process (PID=322) to work on /opt/airflow/dags/insert_data_postgres.py
[2025-04-24T06:20:05.859+0000] {processor.py:914} INFO - Processing file /opt/airflow/dags/insert_data_postgres.py for tasks to queue
[2025-04-24T06:20:05.860+0000] {logging_mixin.py:190} INFO - [2025-04-24T06:20:05.860+0000] {dagbag.py:588} INFO - Filling up the DagBag from /opt/airflow/dags/insert_data_postgres.py
[2025-04-24T06:20:05.863+0000] {processor.py:927} WARNING - No viable dags retrieved from /opt/airflow/dags/insert_data_postgres.py
[2025-04-24T06:20:05.874+0000] {processor.py:208} INFO - Processing /opt/airflow/dags/insert_data_postgres.py took 0.018 seconds
[2025-04-24T06:20:36.712+0000] {processor.py:186} INFO - Started process (PID=376) to work on /opt/airflow/dags/insert_data_postgres.py
[2025-04-24T06:20:36.713+0000] {processor.py:914} INFO - Processing file /opt/airflow/dags/insert_data_postgres.py for tasks to queue
[2025-04-24T06:20:36.714+0000] {logging_mixin.py:190} INFO - [2025-04-24T06:20:36.714+0000] {dagbag.py:588} INFO - Filling up the DagBag from /opt/airflow/dags/insert_data_postgres.py
[2025-04-24T06:20:36.717+0000] {processor.py:927} WARNING - No viable dags retrieved from /opt/airflow/dags/insert_data_postgres.py
[2025-04-24T06:20:36.726+0000] {processor.py:208} INFO - Processing /opt/airflow/dags/insert_data_postgres.py took 0.017 seconds
[2025-04-24T06:21:07.567+0000] {processor.py:186} INFO - Started process (PID=432) to work on /opt/airflow/dags/insert_data_postgres.py
[2025-04-24T06:21:07.567+0000] {processor.py:914} INFO - Processing file /opt/airflow/dags/insert_data_postgres.py for tasks to queue
[2025-04-24T06:21:07.569+0000] {logging_mixin.py:190} INFO - [2025-04-24T06:21:07.568+0000] {dagbag.py:588} INFO - Filling up the DagBag from /opt/airflow/dags/insert_data_postgres.py
[2025-04-24T06:21:07.573+0000] {processor.py:927} WARNING - No viable dags retrieved from /opt/airflow/dags/insert_data_postgres.py
[2025-04-24T06:21:07.580+0000] {processor.py:208} INFO - Processing /opt/airflow/dags/insert_data_postgres.py took 0.017 seconds
[2025-04-24T06:21:38.490+0000] {processor.py:186} INFO - Started process (PID=490) to work on /opt/airflow/dags/insert_data_postgres.py
[2025-04-24T06:21:38.492+0000] {processor.py:914} INFO - Processing file /opt/airflow/dags/insert_data_postgres.py for tasks to queue
[2025-04-24T06:21:38.493+0000] {logging_mixin.py:190} INFO - [2025-04-24T06:21:38.493+0000] {dagbag.py:588} INFO - Filling up the DagBag from /opt/airflow/dags/insert_data_postgres.py
[2025-04-24T06:21:38.496+0000] {processor.py:927} WARNING - No viable dags retrieved from /opt/airflow/dags/insert_data_postgres.py
[2025-04-24T06:21:38.506+0000] {processor.py:208} INFO - Processing /opt/airflow/dags/insert_data_postgres.py took 0.021 seconds
[2025-04-24T06:22:09.494+0000] {processor.py:186} INFO - Started process (PID=552) to work on /opt/airflow/dags/insert_data_postgres.py
[2025-04-24T06:22:09.494+0000] {processor.py:914} INFO - Processing file /opt/airflow/dags/insert_data_postgres.py for tasks to queue
[2025-04-24T06:22:09.495+0000] {logging_mixin.py:190} INFO - [2025-04-24T06:22:09.495+0000] {dagbag.py:588} INFO - Filling up the DagBag from /opt/airflow/dags/insert_data_postgres.py
[2025-04-24T06:22:09.499+0000] {processor.py:927} WARNING - No viable dags retrieved from /opt/airflow/dags/insert_data_postgres.py
[2025-04-24T06:22:09.509+0000] {processor.py:208} INFO - Processing /opt/airflow/dags/insert_data_postgres.py took 0.019 seconds
[2025-04-24T06:22:40.340+0000] {processor.py:186} INFO - Started process (PID=605) to work on /opt/airflow/dags/insert_data_postgres.py
[2025-04-24T06:22:40.341+0000] {processor.py:914} INFO - Processing file /opt/airflow/dags/insert_data_postgres.py for tasks to queue
[2025-04-24T06:22:40.342+0000] {logging_mixin.py:190} INFO - [2025-04-24T06:22:40.342+0000] {dagbag.py:588} INFO - Filling up the DagBag from /opt/airflow/dags/insert_data_postgres.py
[2025-04-24T06:22:40.347+0000] {processor.py:927} WARNING - No viable dags retrieved from /opt/airflow/dags/insert_data_postgres.py
[2025-04-24T06:22:40.353+0000] {processor.py:208} INFO - Processing /opt/airflow/dags/insert_data_postgres.py took 0.017 seconds
[2025-04-24T06:23:11.227+0000] {processor.py:186} INFO - Started process (PID=661) to work on /opt/airflow/dags/insert_data_postgres.py
[2025-04-24T06:23:11.228+0000] {processor.py:914} INFO - Processing file /opt/airflow/dags/insert_data_postgres.py for tasks to queue
[2025-04-24T06:23:11.230+0000] {logging_mixin.py:190} INFO - [2025-04-24T06:23:11.230+0000] {dagbag.py:588} INFO - Filling up the DagBag from /opt/airflow/dags/insert_data_postgres.py
[2025-04-24T06:23:11.234+0000] {processor.py:927} WARNING - No viable dags retrieved from /opt/airflow/dags/insert_data_postgres.py
[2025-04-24T06:23:11.241+0000] {processor.py:208} INFO - Processing /opt/airflow/dags/insert_data_postgres.py took 0.019 seconds
[2025-04-24T06:23:42.089+0000] {processor.py:186} INFO - Started process (PID=717) to work on /opt/airflow/dags/insert_data_postgres.py
[2025-04-24T06:23:42.090+0000] {processor.py:914} INFO - Processing file /opt/airflow/dags/insert_data_postgres.py for tasks to queue
[2025-04-24T06:23:42.091+0000] {logging_mixin.py:190} INFO - [2025-04-24T06:23:42.091+0000] {dagbag.py:588} INFO - Filling up the DagBag from /opt/airflow/dags/insert_data_postgres.py
[2025-04-24T06:23:42.095+0000] {processor.py:927} WARNING - No viable dags retrieved from /opt/airflow/dags/insert_data_postgres.py
[2025-04-24T06:23:42.103+0000] {processor.py:208} INFO - Processing /opt/airflow/dags/insert_data_postgres.py took 0.017 seconds
[2025-04-24T06:24:12.918+0000] {processor.py:186} INFO - Started process (PID=773) to work on /opt/airflow/dags/insert_data_postgres.py
[2025-04-24T06:24:12.918+0000] {processor.py:914} INFO - Processing file /opt/airflow/dags/insert_data_postgres.py for tasks to queue
[2025-04-24T06:24:12.921+0000] {logging_mixin.py:190} INFO - [2025-04-24T06:24:12.920+0000] {dagbag.py:588} INFO - Filling up the DagBag from /opt/airflow/dags/insert_data_postgres.py
[2025-04-24T06:24:12.924+0000] {processor.py:927} WARNING - No viable dags retrieved from /opt/airflow/dags/insert_data_postgres.py
[2025-04-24T06:24:12.932+0000] {processor.py:208} INFO - Processing /opt/airflow/dags/insert_data_postgres.py took 0.018 seconds
[2025-04-24T06:24:43.800+0000] {processor.py:186} INFO - Started process (PID=831) to work on /opt/airflow/dags/insert_data_postgres.py
[2025-04-24T06:24:43.801+0000] {processor.py:914} INFO - Processing file /opt/airflow/dags/insert_data_postgres.py for tasks to queue
[2025-04-24T06:24:43.802+0000] {logging_mixin.py:190} INFO - [2025-04-24T06:24:43.802+0000] {dagbag.py:588} INFO - Filling up the DagBag from /opt/airflow/dags/insert_data_postgres.py
[2025-04-24T06:24:43.805+0000] {processor.py:927} WARNING - No viable dags retrieved from /opt/airflow/dags/insert_data_postgres.py
[2025-04-24T06:24:43.814+0000] {processor.py:208} INFO - Processing /opt/airflow/dags/insert_data_postgres.py took 0.017 seconds
[2025-04-24T06:25:14.734+0000] {processor.py:186} INFO - Started process (PID=887) to work on /opt/airflow/dags/insert_data_postgres.py
[2025-04-24T06:25:14.735+0000] {processor.py:914} INFO - Processing file /opt/airflow/dags/insert_data_postgres.py for tasks to queue
[2025-04-24T06:25:14.736+0000] {logging_mixin.py:190} INFO - [2025-04-24T06:25:14.736+0000] {dagbag.py:588} INFO - Filling up the DagBag from /opt/airflow/dags/insert_data_postgres.py
[2025-04-24T06:25:14.739+0000] {processor.py:927} WARNING - No viable dags retrieved from /opt/airflow/dags/insert_data_postgres.py
[2025-04-24T06:25:14.752+0000] {processor.py:208} INFO - Processing /opt/airflow/dags/insert_data_postgres.py took 0.021 seconds
[2025-04-24T06:25:45.789+0000] {processor.py:186} INFO - Started process (PID=941) to work on /opt/airflow/dags/insert_data_postgres.py
[2025-04-24T06:25:45.791+0000] {processor.py:914} INFO - Processing file /opt/airflow/dags/insert_data_postgres.py for tasks to queue
[2025-04-24T06:25:45.792+0000] {logging_mixin.py:190} INFO - [2025-04-24T06:25:45.792+0000] {dagbag.py:588} INFO - Filling up the DagBag from /opt/airflow/dags/insert_data_postgres.py
[2025-04-24T06:25:45.797+0000] {processor.py:927} WARNING - No viable dags retrieved from /opt/airflow/dags/insert_data_postgres.py
[2025-04-24T06:25:45.804+0000] {processor.py:208} INFO - Processing /opt/airflow/dags/insert_data_postgres.py took 0.018 seconds
[2025-04-24T06:26:16.678+0000] {processor.py:186} INFO - Started process (PID=999) to work on /opt/airflow/dags/insert_data_postgres.py
[2025-04-24T06:26:16.679+0000] {processor.py:914} INFO - Processing file /opt/airflow/dags/insert_data_postgres.py for tasks to queue
[2025-04-24T06:26:16.680+0000] {logging_mixin.py:190} INFO - [2025-04-24T06:26:16.680+0000] {dagbag.py:588} INFO - Filling up the DagBag from /opt/airflow/dags/insert_data_postgres.py
[2025-04-24T06:26:16.682+0000] {processor.py:927} WARNING - No viable dags retrieved from /opt/airflow/dags/insert_data_postgres.py
[2025-04-24T06:26:16.692+0000] {processor.py:208} INFO - Processing /opt/airflow/dags/insert_data_postgres.py took 0.018 seconds
[2025-04-24T06:26:47.558+0000] {processor.py:186} INFO - Started process (PID=1053) to work on /opt/airflow/dags/insert_data_postgres.py
[2025-04-24T06:26:47.559+0000] {processor.py:914} INFO - Processing file /opt/airflow/dags/insert_data_postgres.py for tasks to queue
[2025-04-24T06:26:47.561+0000] {logging_mixin.py:190} INFO - [2025-04-24T06:26:47.561+0000] {dagbag.py:588} INFO - Filling up the DagBag from /opt/airflow/dags/insert_data_postgres.py
[2025-04-24T06:26:47.564+0000] {processor.py:927} WARNING - No viable dags retrieved from /opt/airflow/dags/insert_data_postgres.py
[2025-04-24T06:26:47.573+0000] {processor.py:208} INFO - Processing /opt/airflow/dags/insert_data_postgres.py took 0.019 seconds
[2025-04-24T06:27:18.561+0000] {processor.py:186} INFO - Started process (PID=1111) to work on /opt/airflow/dags/insert_data_postgres.py
[2025-04-24T06:27:18.562+0000] {processor.py:914} INFO - Processing file /opt/airflow/dags/insert_data_postgres.py for tasks to queue
[2025-04-24T06:27:18.563+0000] {logging_mixin.py:190} INFO - [2025-04-24T06:27:18.563+0000] {dagbag.py:588} INFO - Filling up the DagBag from /opt/airflow/dags/insert_data_postgres.py
[2025-04-24T06:27:18.566+0000] {processor.py:927} WARNING - No viable dags retrieved from /opt/airflow/dags/insert_data_postgres.py
[2025-04-24T06:27:18.576+0000] {processor.py:208} INFO - Processing /opt/airflow/dags/insert_data_postgres.py took 0.019 seconds
[2025-04-24T06:27:49.546+0000] {processor.py:186} INFO - Started process (PID=1167) to work on /opt/airflow/dags/insert_data_postgres.py
[2025-04-24T06:27:49.546+0000] {processor.py:914} INFO - Processing file /opt/airflow/dags/insert_data_postgres.py for tasks to queue
[2025-04-24T06:27:49.548+0000] {logging_mixin.py:190} INFO - [2025-04-24T06:27:49.548+0000] {dagbag.py:588} INFO - Filling up the DagBag from /opt/airflow/dags/insert_data_postgres.py
[2025-04-24T06:27:49.551+0000] {processor.py:927} WARNING - No viable dags retrieved from /opt/airflow/dags/insert_data_postgres.py
[2025-04-24T06:27:49.560+0000] {processor.py:208} INFO - Processing /opt/airflow/dags/insert_data_postgres.py took 0.018 seconds
[2025-04-24T06:28:20.506+0000] {processor.py:186} INFO - Started process (PID=1222) to work on /opt/airflow/dags/insert_data_postgres.py
[2025-04-24T06:28:20.506+0000] {processor.py:914} INFO - Processing file /opt/airflow/dags/insert_data_postgres.py for tasks to queue
[2025-04-24T06:28:20.508+0000] {logging_mixin.py:190} INFO - [2025-04-24T06:28:20.508+0000] {dagbag.py:588} INFO - Filling up the DagBag from /opt/airflow/dags/insert_data_postgres.py
[2025-04-24T06:28:20.512+0000] {processor.py:927} WARNING - No viable dags retrieved from /opt/airflow/dags/insert_data_postgres.py
[2025-04-24T06:28:20.523+0000] {processor.py:208} INFO - Processing /opt/airflow/dags/insert_data_postgres.py took 0.020 seconds
[2025-04-24T06:28:51.422+0000] {processor.py:186} INFO - Started process (PID=1276) to work on /opt/airflow/dags/insert_data_postgres.py
[2025-04-24T06:28:51.424+0000] {processor.py:914} INFO - Processing file /opt/airflow/dags/insert_data_postgres.py for tasks to queue
[2025-04-24T06:28:51.426+0000] {logging_mixin.py:190} INFO - [2025-04-24T06:28:51.426+0000] {dagbag.py:588} INFO - Filling up the DagBag from /opt/airflow/dags/insert_data_postgres.py
[2025-04-24T06:28:51.429+0000] {processor.py:927} WARNING - No viable dags retrieved from /opt/airflow/dags/insert_data_postgres.py
[2025-04-24T06:28:51.435+0000] {processor.py:208} INFO - Processing /opt/airflow/dags/insert_data_postgres.py took 0.016 seconds
[2025-04-24T06:29:22.377+0000] {processor.py:186} INFO - Started process (PID=1334) to work on /opt/airflow/dags/insert_data_postgres.py
[2025-04-24T06:29:22.378+0000] {processor.py:914} INFO - Processing file /opt/airflow/dags/insert_data_postgres.py for tasks to queue
[2025-04-24T06:29:22.379+0000] {logging_mixin.py:190} INFO - [2025-04-24T06:29:22.379+0000] {dagbag.py:588} INFO - Filling up the DagBag from /opt/airflow/dags/insert_data_postgres.py
[2025-04-24T06:29:22.382+0000] {processor.py:927} WARNING - No viable dags retrieved from /opt/airflow/dags/insert_data_postgres.py
[2025-04-24T06:29:22.392+0000] {processor.py:208} INFO - Processing /opt/airflow/dags/insert_data_postgres.py took 0.018 seconds
[2025-04-24T06:29:53.347+0000] {processor.py:186} INFO - Started process (PID=1388) to work on /opt/airflow/dags/insert_data_postgres.py
[2025-04-24T06:29:53.349+0000] {processor.py:914} INFO - Processing file /opt/airflow/dags/insert_data_postgres.py for tasks to queue
[2025-04-24T06:29:53.350+0000] {logging_mixin.py:190} INFO - [2025-04-24T06:29:53.349+0000] {dagbag.py:588} INFO - Filling up the DagBag from /opt/airflow/dags/insert_data_postgres.py
[2025-04-24T06:29:53.353+0000] {processor.py:927} WARNING - No viable dags retrieved from /opt/airflow/dags/insert_data_postgres.py
[2025-04-24T06:29:53.364+0000] {processor.py:208} INFO - Processing /opt/airflow/dags/insert_data_postgres.py took 0.021 seconds
[2025-04-24T06:30:24.254+0000] {processor.py:186} INFO - Started process (PID=1444) to work on /opt/airflow/dags/insert_data_postgres.py
[2025-04-24T06:30:24.255+0000] {processor.py:914} INFO - Processing file /opt/airflow/dags/insert_data_postgres.py for tasks to queue
[2025-04-24T06:30:24.257+0000] {logging_mixin.py:190} INFO - [2025-04-24T06:30:24.257+0000] {dagbag.py:588} INFO - Filling up the DagBag from /opt/airflow/dags/insert_data_postgres.py
[2025-04-24T06:30:24.261+0000] {processor.py:927} WARNING - No viable dags retrieved from /opt/airflow/dags/insert_data_postgres.py
[2025-04-24T06:30:24.269+0000] {processor.py:208} INFO - Processing /opt/airflow/dags/insert_data_postgres.py took 0.018 seconds
[2025-04-24T06:30:55.118+0000] {processor.py:186} INFO - Started process (PID=1500) to work on /opt/airflow/dags/insert_data_postgres.py
[2025-04-24T06:30:55.119+0000] {processor.py:914} INFO - Processing file /opt/airflow/dags/insert_data_postgres.py for tasks to queue
[2025-04-24T06:30:55.120+0000] {logging_mixin.py:190} INFO - [2025-04-24T06:30:55.120+0000] {dagbag.py:588} INFO - Filling up the DagBag from /opt/airflow/dags/insert_data_postgres.py
[2025-04-24T06:30:55.125+0000] {processor.py:927} WARNING - No viable dags retrieved from /opt/airflow/dags/insert_data_postgres.py
[2025-04-24T06:30:55.133+0000] {processor.py:208} INFO - Processing /opt/airflow/dags/insert_data_postgres.py took 0.018 seconds
[2025-04-24T06:31:26.023+0000] {processor.py:186} INFO - Started process (PID=1556) to work on /opt/airflow/dags/insert_data_postgres.py
[2025-04-24T06:31:26.024+0000] {processor.py:914} INFO - Processing file /opt/airflow/dags/insert_data_postgres.py for tasks to queue
[2025-04-24T06:31:26.025+0000] {logging_mixin.py:190} INFO - [2025-04-24T06:31:26.025+0000] {dagbag.py:588} INFO - Filling up the DagBag from /opt/airflow/dags/insert_data_postgres.py
[2025-04-24T06:31:26.029+0000] {processor.py:927} WARNING - No viable dags retrieved from /opt/airflow/dags/insert_data_postgres.py
[2025-04-24T06:31:26.037+0000] {processor.py:208} INFO - Processing /opt/airflow/dags/insert_data_postgres.py took 0.017 seconds
[2025-04-24T06:31:57.040+0000] {processor.py:186} INFO - Started process (PID=1612) to work on /opt/airflow/dags/insert_data_postgres.py
[2025-04-24T06:31:57.041+0000] {processor.py:914} INFO - Processing file /opt/airflow/dags/insert_data_postgres.py for tasks to queue
[2025-04-24T06:31:57.044+0000] {logging_mixin.py:190} INFO - [2025-04-24T06:31:57.044+0000] {dagbag.py:588} INFO - Filling up the DagBag from /opt/airflow/dags/insert_data_postgres.py
[2025-04-24T06:31:57.049+0000] {processor.py:927} WARNING - No viable dags retrieved from /opt/airflow/dags/insert_data_postgres.py
[2025-04-24T06:31:57.057+0000] {processor.py:208} INFO - Processing /opt/airflow/dags/insert_data_postgres.py took 0.022 seconds
[2025-04-24T06:32:28.083+0000] {processor.py:186} INFO - Started process (PID=1670) to work on /opt/airflow/dags/insert_data_postgres.py
[2025-04-24T06:32:28.084+0000] {processor.py:914} INFO - Processing file /opt/airflow/dags/insert_data_postgres.py for tasks to queue
[2025-04-24T06:32:28.085+0000] {logging_mixin.py:190} INFO - [2025-04-24T06:32:28.085+0000] {dagbag.py:588} INFO - Filling up the DagBag from /opt/airflow/dags/insert_data_postgres.py
[2025-04-24T06:32:28.092+0000] {processor.py:927} WARNING - No viable dags retrieved from /opt/airflow/dags/insert_data_postgres.py
[2025-04-24T06:32:28.102+0000] {processor.py:208} INFO - Processing /opt/airflow/dags/insert_data_postgres.py took 0.022 seconds
[2025-04-24T06:32:59.031+0000] {processor.py:186} INFO - Started process (PID=1726) to work on /opt/airflow/dags/insert_data_postgres.py
[2025-04-24T06:32:59.032+0000] {processor.py:914} INFO - Processing file /opt/airflow/dags/insert_data_postgres.py for tasks to queue
[2025-04-24T06:32:59.033+0000] {logging_mixin.py:190} INFO - [2025-04-24T06:32:59.033+0000] {dagbag.py:588} INFO - Filling up the DagBag from /opt/airflow/dags/insert_data_postgres.py
[2025-04-24T06:32:59.036+0000] {processor.py:927} WARNING - No viable dags retrieved from /opt/airflow/dags/insert_data_postgres.py
[2025-04-24T06:32:59.045+0000] {processor.py:208} INFO - Processing /opt/airflow/dags/insert_data_postgres.py took 0.017 seconds
[2025-04-24T06:33:29.951+0000] {processor.py:186} INFO - Started process (PID=1780) to work on /opt/airflow/dags/insert_data_postgres.py
[2025-04-24T06:33:29.952+0000] {processor.py:914} INFO - Processing file /opt/airflow/dags/insert_data_postgres.py for tasks to queue
[2025-04-24T06:33:29.954+0000] {logging_mixin.py:190} INFO - [2025-04-24T06:33:29.954+0000] {dagbag.py:588} INFO - Filling up the DagBag from /opt/airflow/dags/insert_data_postgres.py
[2025-04-24T06:33:29.960+0000] {processor.py:927} WARNING - No viable dags retrieved from /opt/airflow/dags/insert_data_postgres.py
[2025-04-24T06:33:29.967+0000] {processor.py:208} INFO - Processing /opt/airflow/dags/insert_data_postgres.py took 0.020 seconds
[2025-04-24T06:34:00.982+0000] {processor.py:186} INFO - Started process (PID=1838) to work on /opt/airflow/dags/insert_data_postgres.py
[2025-04-24T06:34:00.982+0000] {processor.py:914} INFO - Processing file /opt/airflow/dags/insert_data_postgres.py for tasks to queue
[2025-04-24T06:34:00.984+0000] {logging_mixin.py:190} INFO - [2025-04-24T06:34:00.983+0000] {dagbag.py:588} INFO - Filling up the DagBag from /opt/airflow/dags/insert_data_postgres.py
[2025-04-24T06:34:00.987+0000] {processor.py:927} WARNING - No viable dags retrieved from /opt/airflow/dags/insert_data_postgres.py
[2025-04-24T06:34:00.996+0000] {processor.py:208} INFO - Processing /opt/airflow/dags/insert_data_postgres.py took 0.018 seconds
[2025-04-24T06:34:31.916+0000] {processor.py:186} INFO - Started process (PID=1892) to work on /opt/airflow/dags/insert_data_postgres.py
[2025-04-24T06:34:31.917+0000] {processor.py:914} INFO - Processing file /opt/airflow/dags/insert_data_postgres.py for tasks to queue
[2025-04-24T06:34:31.919+0000] {logging_mixin.py:190} INFO - [2025-04-24T06:34:31.919+0000] {dagbag.py:588} INFO - Filling up the DagBag from /opt/airflow/dags/insert_data_postgres.py
[2025-04-24T06:34:31.924+0000] {processor.py:927} WARNING - No viable dags retrieved from /opt/airflow/dags/insert_data_postgres.py
[2025-04-24T06:34:31.930+0000] {processor.py:208} INFO - Processing /opt/airflow/dags/insert_data_postgres.py took 0.017 seconds
[2025-04-24T06:35:02.765+0000] {processor.py:186} INFO - Started process (PID=1948) to work on /opt/airflow/dags/insert_data_postgres.py
[2025-04-24T06:35:02.766+0000] {processor.py:914} INFO - Processing file /opt/airflow/dags/insert_data_postgres.py for tasks to queue
[2025-04-24T06:35:02.767+0000] {logging_mixin.py:190} INFO - [2025-04-24T06:35:02.767+0000] {dagbag.py:588} INFO - Filling up the DagBag from /opt/airflow/dags/insert_data_postgres.py
[2025-04-24T06:35:02.770+0000] {processor.py:927} WARNING - No viable dags retrieved from /opt/airflow/dags/insert_data_postgres.py
[2025-04-24T06:35:02.778+0000] {processor.py:208} INFO - Processing /opt/airflow/dags/insert_data_postgres.py took 0.016 seconds
[2025-04-24T06:35:33.620+0000] {processor.py:186} INFO - Started process (PID=2004) to work on /opt/airflow/dags/insert_data_postgres.py
[2025-04-24T06:35:33.622+0000] {processor.py:914} INFO - Processing file /opt/airflow/dags/insert_data_postgres.py for tasks to queue
[2025-04-24T06:35:33.623+0000] {logging_mixin.py:190} INFO - [2025-04-24T06:35:33.622+0000] {dagbag.py:588} INFO - Filling up the DagBag from /opt/airflow/dags/insert_data_postgres.py
[2025-04-24T06:35:33.628+0000] {processor.py:927} WARNING - No viable dags retrieved from /opt/airflow/dags/insert_data_postgres.py
[2025-04-24T06:35:33.636+0000] {processor.py:208} INFO - Processing /opt/airflow/dags/insert_data_postgres.py took 0.018 seconds
[2025-04-24T06:36:04.480+0000] {processor.py:186} INFO - Started process (PID=2060) to work on /opt/airflow/dags/insert_data_postgres.py
[2025-04-24T06:36:04.481+0000] {processor.py:914} INFO - Processing file /opt/airflow/dags/insert_data_postgres.py for tasks to queue
[2025-04-24T06:36:04.482+0000] {logging_mixin.py:190} INFO - [2025-04-24T06:36:04.482+0000] {dagbag.py:588} INFO - Filling up the DagBag from /opt/airflow/dags/insert_data_postgres.py
[2025-04-24T06:36:04.487+0000] {processor.py:927} WARNING - No viable dags retrieved from /opt/airflow/dags/insert_data_postgres.py
[2025-04-24T06:36:04.494+0000] {processor.py:208} INFO - Processing /opt/airflow/dags/insert_data_postgres.py took 0.017 seconds
[2025-04-24T06:36:35.351+0000] {processor.py:186} INFO - Started process (PID=2116) to work on /opt/airflow/dags/insert_data_postgres.py
[2025-04-24T06:36:35.352+0000] {processor.py:914} INFO - Processing file /opt/airflow/dags/insert_data_postgres.py for tasks to queue
[2025-04-24T06:36:35.353+0000] {logging_mixin.py:190} INFO - [2025-04-24T06:36:35.353+0000] {dagbag.py:588} INFO - Filling up the DagBag from /opt/airflow/dags/insert_data_postgres.py
[2025-04-24T06:36:35.359+0000] {processor.py:927} WARNING - No viable dags retrieved from /opt/airflow/dags/insert_data_postgres.py
[2025-04-24T06:36:35.365+0000] {processor.py:208} INFO - Processing /opt/airflow/dags/insert_data_postgres.py took 0.017 seconds
[2025-04-24T06:37:06.182+0000] {processor.py:186} INFO - Started process (PID=2172) to work on /opt/airflow/dags/insert_data_postgres.py
[2025-04-24T06:37:06.182+0000] {processor.py:914} INFO - Processing file /opt/airflow/dags/insert_data_postgres.py for tasks to queue
[2025-04-24T06:37:06.184+0000] {logging_mixin.py:190} INFO - [2025-04-24T06:37:06.184+0000] {dagbag.py:588} INFO - Filling up the DagBag from /opt/airflow/dags/insert_data_postgres.py
[2025-04-24T06:37:06.189+0000] {processor.py:927} WARNING - No viable dags retrieved from /opt/airflow/dags/insert_data_postgres.py
[2025-04-24T06:37:06.195+0000] {processor.py:208} INFO - Processing /opt/airflow/dags/insert_data_postgres.py took 0.017 seconds
[2025-04-24T06:37:37.048+0000] {processor.py:186} INFO - Started process (PID=2230) to work on /opt/airflow/dags/insert_data_postgres.py
[2025-04-24T06:37:37.049+0000] {processor.py:914} INFO - Processing file /opt/airflow/dags/insert_data_postgres.py for tasks to queue
[2025-04-24T06:37:37.050+0000] {logging_mixin.py:190} INFO - [2025-04-24T06:37:37.050+0000] {dagbag.py:588} INFO - Filling up the DagBag from /opt/airflow/dags/insert_data_postgres.py
[2025-04-24T06:37:37.053+0000] {processor.py:927} WARNING - No viable dags retrieved from /opt/airflow/dags/insert_data_postgres.py
[2025-04-24T06:37:37.064+0000] {processor.py:208} INFO - Processing /opt/airflow/dags/insert_data_postgres.py took 0.019 seconds
[2025-04-24T06:38:07.861+0000] {processor.py:186} INFO - Started process (PID=2284) to work on /opt/airflow/dags/insert_data_postgres.py
[2025-04-24T06:38:07.862+0000] {processor.py:914} INFO - Processing file /opt/airflow/dags/insert_data_postgres.py for tasks to queue
[2025-04-24T06:38:07.864+0000] {logging_mixin.py:190} INFO - [2025-04-24T06:38:07.864+0000] {dagbag.py:588} INFO - Filling up the DagBag from /opt/airflow/dags/insert_data_postgres.py
[2025-04-24T06:38:07.885+0000] {processor.py:927} WARNING - No viable dags retrieved from /opt/airflow/dags/insert_data_postgres.py
[2025-04-24T06:38:07.892+0000] {processor.py:208} INFO - Processing /opt/airflow/dags/insert_data_postgres.py took 0.033 seconds
[2025-04-24T06:38:38.749+0000] {processor.py:186} INFO - Started process (PID=2342) to work on /opt/airflow/dags/insert_data_postgres.py
[2025-04-24T06:38:38.749+0000] {processor.py:914} INFO - Processing file /opt/airflow/dags/insert_data_postgres.py for tasks to queue
[2025-04-24T06:38:38.751+0000] {logging_mixin.py:190} INFO - [2025-04-24T06:38:38.750+0000] {dagbag.py:588} INFO - Filling up the DagBag from /opt/airflow/dags/insert_data_postgres.py
[2025-04-24T06:38:38.754+0000] {processor.py:927} WARNING - No viable dags retrieved from /opt/airflow/dags/insert_data_postgres.py
[2025-04-24T06:38:38.763+0000] {processor.py:208} INFO - Processing /opt/airflow/dags/insert_data_postgres.py took 0.017 seconds
[2025-04-24T06:39:09.559+0000] {processor.py:186} INFO - Started process (PID=2396) to work on /opt/airflow/dags/insert_data_postgres.py
[2025-04-24T06:39:09.561+0000] {processor.py:914} INFO - Processing file /opt/airflow/dags/insert_data_postgres.py for tasks to queue
[2025-04-24T06:39:09.562+0000] {logging_mixin.py:190} INFO - [2025-04-24T06:39:09.562+0000] {dagbag.py:588} INFO - Filling up the DagBag from /opt/airflow/dags/insert_data_postgres.py
[2025-04-24T06:39:09.565+0000] {processor.py:927} WARNING - No viable dags retrieved from /opt/airflow/dags/insert_data_postgres.py
[2025-04-24T06:39:09.572+0000] {processor.py:208} INFO - Processing /opt/airflow/dags/insert_data_postgres.py took 0.016 seconds
[2025-04-24T06:39:40.480+0000] {processor.py:186} INFO - Started process (PID=2452) to work on /opt/airflow/dags/insert_data_postgres.py
[2025-04-24T06:39:40.480+0000] {processor.py:914} INFO - Processing file /opt/airflow/dags/insert_data_postgres.py for tasks to queue
[2025-04-24T06:39:40.482+0000] {logging_mixin.py:190} INFO - [2025-04-24T06:39:40.482+0000] {dagbag.py:588} INFO - Filling up the DagBag from /opt/airflow/dags/insert_data_postgres.py
[2025-04-24T06:39:40.487+0000] {processor.py:927} WARNING - No viable dags retrieved from /opt/airflow/dags/insert_data_postgres.py
[2025-04-24T06:39:40.493+0000] {processor.py:208} INFO - Processing /opt/airflow/dags/insert_data_postgres.py took 0.017 seconds
[2025-04-24T06:40:11.352+0000] {processor.py:186} INFO - Started process (PID=2514) to work on /opt/airflow/dags/insert_data_postgres.py
[2025-04-24T06:40:11.353+0000] {processor.py:914} INFO - Processing file /opt/airflow/dags/insert_data_postgres.py for tasks to queue
[2025-04-24T06:40:11.354+0000] {logging_mixin.py:190} INFO - [2025-04-24T06:40:11.354+0000] {dagbag.py:588} INFO - Filling up the DagBag from /opt/airflow/dags/insert_data_postgres.py
[2025-04-24T06:40:11.357+0000] {processor.py:927} WARNING - No viable dags retrieved from /opt/airflow/dags/insert_data_postgres.py
[2025-04-24T06:40:11.366+0000] {processor.py:208} INFO - Processing /opt/airflow/dags/insert_data_postgres.py took 0.017 seconds
[2025-04-24T06:40:42.261+0000] {processor.py:186} INFO - Started process (PID=2570) to work on /opt/airflow/dags/insert_data_postgres.py
[2025-04-24T06:40:42.261+0000] {processor.py:914} INFO - Processing file /opt/airflow/dags/insert_data_postgres.py for tasks to queue
[2025-04-24T06:40:42.263+0000] {logging_mixin.py:190} INFO - [2025-04-24T06:40:42.263+0000] {dagbag.py:588} INFO - Filling up the DagBag from /opt/airflow/dags/insert_data_postgres.py
[2025-04-24T06:40:42.267+0000] {processor.py:927} WARNING - No viable dags retrieved from /opt/airflow/dags/insert_data_postgres.py
[2025-04-24T06:40:42.273+0000] {processor.py:208} INFO - Processing /opt/airflow/dags/insert_data_postgres.py took 0.016 seconds
[2025-04-24T06:41:13.106+0000] {processor.py:186} INFO - Started process (PID=2628) to work on /opt/airflow/dags/insert_data_postgres.py
[2025-04-24T06:41:13.107+0000] {processor.py:914} INFO - Processing file /opt/airflow/dags/insert_data_postgres.py for tasks to queue
[2025-04-24T06:41:13.108+0000] {logging_mixin.py:190} INFO - [2025-04-24T06:41:13.108+0000] {dagbag.py:588} INFO - Filling up the DagBag from /opt/airflow/dags/insert_data_postgres.py
[2025-04-24T06:41:13.111+0000] {processor.py:927} WARNING - No viable dags retrieved from /opt/airflow/dags/insert_data_postgres.py
[2025-04-24T06:41:13.119+0000] {processor.py:208} INFO - Processing /opt/airflow/dags/insert_data_postgres.py took 0.016 seconds
[2025-04-24T06:41:43.999+0000] {processor.py:186} INFO - Started process (PID=2682) to work on /opt/airflow/dags/insert_data_postgres.py
[2025-04-24T06:41:44.000+0000] {processor.py:914} INFO - Processing file /opt/airflow/dags/insert_data_postgres.py for tasks to queue
[2025-04-24T06:41:44.002+0000] {logging_mixin.py:190} INFO - [2025-04-24T06:41:44.002+0000] {dagbag.py:588} INFO - Filling up the DagBag from /opt/airflow/dags/insert_data_postgres.py
[2025-04-24T06:41:44.007+0000] {processor.py:927} WARNING - No viable dags retrieved from /opt/airflow/dags/insert_data_postgres.py
[2025-04-24T06:41:44.016+0000] {processor.py:208} INFO - Processing /opt/airflow/dags/insert_data_postgres.py took 0.020 seconds
[2025-04-24T06:42:14.867+0000] {processor.py:186} INFO - Started process (PID=2738) to work on /opt/airflow/dags/insert_data_postgres.py
[2025-04-24T06:42:14.867+0000] {processor.py:914} INFO - Processing file /opt/airflow/dags/insert_data_postgres.py for tasks to queue
[2025-04-24T06:42:14.868+0000] {logging_mixin.py:190} INFO - [2025-04-24T06:42:14.868+0000] {dagbag.py:588} INFO - Filling up the DagBag from /opt/airflow/dags/insert_data_postgres.py
[2025-04-24T06:42:14.871+0000] {processor.py:927} WARNING - No viable dags retrieved from /opt/airflow/dags/insert_data_postgres.py
[2025-04-24T06:42:14.879+0000] {processor.py:208} INFO - Processing /opt/airflow/dags/insert_data_postgres.py took 0.016 seconds
[2025-04-24T06:42:45.787+0000] {processor.py:186} INFO - Started process (PID=2794) to work on /opt/airflow/dags/insert_data_postgres.py
[2025-04-24T06:42:45.788+0000] {processor.py:914} INFO - Processing file /opt/airflow/dags/insert_data_postgres.py for tasks to queue
[2025-04-24T06:42:45.790+0000] {logging_mixin.py:190} INFO - [2025-04-24T06:42:45.790+0000] {dagbag.py:588} INFO - Filling up the DagBag from /opt/airflow/dags/insert_data_postgres.py
[2025-04-24T06:42:45.794+0000] {processor.py:927} WARNING - No viable dags retrieved from /opt/airflow/dags/insert_data_postgres.py
[2025-04-24T06:42:45.803+0000] {processor.py:208} INFO - Processing /opt/airflow/dags/insert_data_postgres.py took 0.020 seconds
[2025-04-24T06:43:16.728+0000] {processor.py:186} INFO - Started process (PID=2852) to work on /opt/airflow/dags/insert_data_postgres.py
[2025-04-24T06:43:16.729+0000] {processor.py:914} INFO - Processing file /opt/airflow/dags/insert_data_postgres.py for tasks to queue
[2025-04-24T06:43:16.730+0000] {logging_mixin.py:190} INFO - [2025-04-24T06:43:16.730+0000] {dagbag.py:588} INFO - Filling up the DagBag from /opt/airflow/dags/insert_data_postgres.py
[2025-04-24T06:43:16.733+0000] {processor.py:927} WARNING - No viable dags retrieved from /opt/airflow/dags/insert_data_postgres.py
[2025-04-24T06:43:16.743+0000] {processor.py:208} INFO - Processing /opt/airflow/dags/insert_data_postgres.py took 0.018 seconds
[2025-04-24T06:43:47.505+0000] {processor.py:186} INFO - Started process (PID=2906) to work on /opt/airflow/dags/insert_data_postgres.py
[2025-04-24T06:43:47.506+0000] {processor.py:914} INFO - Processing file /opt/airflow/dags/insert_data_postgres.py for tasks to queue
[2025-04-24T06:43:47.508+0000] {logging_mixin.py:190} INFO - [2025-04-24T06:43:47.508+0000] {dagbag.py:588} INFO - Filling up the DagBag from /opt/airflow/dags/insert_data_postgres.py
[2025-04-24T06:43:47.511+0000] {processor.py:927} WARNING - No viable dags retrieved from /opt/airflow/dags/insert_data_postgres.py
[2025-04-24T06:43:47.520+0000] {processor.py:208} INFO - Processing /opt/airflow/dags/insert_data_postgres.py took 0.018 seconds
[2025-04-24T06:44:18.511+0000] {processor.py:186} INFO - Started process (PID=2964) to work on /opt/airflow/dags/insert_data_postgres.py
[2025-04-24T06:44:18.512+0000] {processor.py:914} INFO - Processing file /opt/airflow/dags/insert_data_postgres.py for tasks to queue
[2025-04-24T06:44:18.513+0000] {logging_mixin.py:190} INFO - [2025-04-24T06:44:18.513+0000] {dagbag.py:588} INFO - Filling up the DagBag from /opt/airflow/dags/insert_data_postgres.py
[2025-04-24T06:44:18.515+0000] {processor.py:927} WARNING - No viable dags retrieved from /opt/airflow/dags/insert_data_postgres.py
[2025-04-24T06:44:18.525+0000] {processor.py:208} INFO - Processing /opt/airflow/dags/insert_data_postgres.py took 0.017 seconds
[2025-04-24T06:44:49.418+0000] {processor.py:186} INFO - Started process (PID=3017) to work on /opt/airflow/dags/insert_data_postgres.py
[2025-04-24T06:44:49.419+0000] {processor.py:914} INFO - Processing file /opt/airflow/dags/insert_data_postgres.py for tasks to queue
[2025-04-24T06:44:49.420+0000] {logging_mixin.py:190} INFO - [2025-04-24T06:44:49.420+0000] {dagbag.py:588} INFO - Filling up the DagBag from /opt/airflow/dags/insert_data_postgres.py
[2025-04-24T06:44:49.423+0000] {processor.py:927} WARNING - No viable dags retrieved from /opt/airflow/dags/insert_data_postgres.py
[2025-04-24T06:44:49.433+0000] {processor.py:208} INFO - Processing /opt/airflow/dags/insert_data_postgres.py took 0.018 seconds
[2025-04-24T06:45:20.316+0000] {processor.py:186} INFO - Started process (PID=3073) to work on /opt/airflow/dags/insert_data_postgres.py
[2025-04-24T06:45:20.316+0000] {processor.py:914} INFO - Processing file /opt/airflow/dags/insert_data_postgres.py for tasks to queue
[2025-04-24T06:45:20.318+0000] {logging_mixin.py:190} INFO - [2025-04-24T06:45:20.317+0000] {dagbag.py:588} INFO - Filling up the DagBag from /opt/airflow/dags/insert_data_postgres.py
[2025-04-24T06:45:20.322+0000] {processor.py:927} WARNING - No viable dags retrieved from /opt/airflow/dags/insert_data_postgres.py
[2025-04-24T06:45:20.329+0000] {processor.py:208} INFO - Processing /opt/airflow/dags/insert_data_postgres.py took 0.017 seconds
[2025-04-24T06:45:51.254+0000] {processor.py:186} INFO - Started process (PID=3131) to work on /opt/airflow/dags/insert_data_postgres.py
[2025-04-24T06:45:51.254+0000] {processor.py:914} INFO - Processing file /opt/airflow/dags/insert_data_postgres.py for tasks to queue
[2025-04-24T06:45:51.256+0000] {logging_mixin.py:190} INFO - [2025-04-24T06:45:51.256+0000] {dagbag.py:588} INFO - Filling up the DagBag from /opt/airflow/dags/insert_data_postgres.py
[2025-04-24T06:45:51.260+0000] {processor.py:927} WARNING - No viable dags retrieved from /opt/airflow/dags/insert_data_postgres.py
[2025-04-24T06:45:51.271+0000] {processor.py:208} INFO - Processing /opt/airflow/dags/insert_data_postgres.py took 0.024 seconds
[2025-04-24T06:46:22.286+0000] {processor.py:186} INFO - Started process (PID=3185) to work on /opt/airflow/dags/insert_data_postgres.py
[2025-04-24T06:46:22.287+0000] {processor.py:914} INFO - Processing file /opt/airflow/dags/insert_data_postgres.py for tasks to queue
[2025-04-24T06:46:22.288+0000] {logging_mixin.py:190} INFO - [2025-04-24T06:46:22.287+0000] {dagbag.py:588} INFO - Filling up the DagBag from /opt/airflow/dags/insert_data_postgres.py
[2025-04-24T06:46:22.290+0000] {processor.py:927} WARNING - No viable dags retrieved from /opt/airflow/dags/insert_data_postgres.py
[2025-04-24T06:46:22.299+0000] {processor.py:208} INFO - Processing /opt/airflow/dags/insert_data_postgres.py took 0.017 seconds
[2025-04-24T06:46:52.349+0000] {processor.py:186} INFO - Started process (PID=3236) to work on /opt/airflow/dags/insert_data_postgres.py
[2025-04-24T06:46:52.350+0000] {processor.py:914} INFO - Processing file /opt/airflow/dags/insert_data_postgres.py for tasks to queue
[2025-04-24T06:46:52.352+0000] {logging_mixin.py:190} INFO - [2025-04-24T06:46:52.352+0000] {dagbag.py:588} INFO - Filling up the DagBag from /opt/airflow/dags/insert_data_postgres.py
[2025-04-24T06:46:52.354+0000] {processor.py:927} WARNING - No viable dags retrieved from /opt/airflow/dags/insert_data_postgres.py
[2025-04-24T06:46:52.362+0000] {processor.py:208} INFO - Processing /opt/airflow/dags/insert_data_postgres.py took 0.016 seconds
[2025-04-24T06:47:23.319+0000] {processor.py:186} INFO - Started process (PID=3299) to work on /opt/airflow/dags/insert_data_postgres.py
[2025-04-24T06:47:23.320+0000] {processor.py:914} INFO - Processing file /opt/airflow/dags/insert_data_postgres.py for tasks to queue
[2025-04-24T06:47:23.322+0000] {logging_mixin.py:190} INFO - [2025-04-24T06:47:23.321+0000] {dagbag.py:588} INFO - Filling up the DagBag from /opt/airflow/dags/insert_data_postgres.py
[2025-04-24T06:47:23.324+0000] {processor.py:927} WARNING - No viable dags retrieved from /opt/airflow/dags/insert_data_postgres.py
[2025-04-24T06:47:23.333+0000] {processor.py:208} INFO - Processing /opt/airflow/dags/insert_data_postgres.py took 0.017 seconds
[2025-04-24T06:47:54.210+0000] {processor.py:186} INFO - Started process (PID=3353) to work on /opt/airflow/dags/insert_data_postgres.py
[2025-04-24T06:47:54.212+0000] {processor.py:914} INFO - Processing file /opt/airflow/dags/insert_data_postgres.py for tasks to queue
[2025-04-24T06:47:54.213+0000] {logging_mixin.py:190} INFO - [2025-04-24T06:47:54.213+0000] {dagbag.py:588} INFO - Filling up the DagBag from /opt/airflow/dags/insert_data_postgres.py
[2025-04-24T06:47:54.218+0000] {processor.py:927} WARNING - No viable dags retrieved from /opt/airflow/dags/insert_data_postgres.py
[2025-04-24T06:47:54.225+0000] {processor.py:208} INFO - Processing /opt/airflow/dags/insert_data_postgres.py took 0.018 seconds
[2025-04-24T06:48:24.307+0000] {processor.py:186} INFO - Started process (PID=3408) to work on /opt/airflow/dags/insert_data_postgres.py
[2025-04-24T06:48:24.308+0000] {processor.py:914} INFO - Processing file /opt/airflow/dags/insert_data_postgres.py for tasks to queue
[2025-04-24T06:48:24.309+0000] {logging_mixin.py:190} INFO - [2025-04-24T06:48:24.309+0000] {dagbag.py:588} INFO - Filling up the DagBag from /opt/airflow/dags/insert_data_postgres.py
[2025-04-24T06:48:24.311+0000] {processor.py:927} WARNING - No viable dags retrieved from /opt/airflow/dags/insert_data_postgres.py
[2025-04-24T06:48:24.319+0000] {processor.py:208} INFO - Processing /opt/airflow/dags/insert_data_postgres.py took 0.015 seconds
[2025-04-24T06:48:54.470+0000] {processor.py:186} INFO - Started process (PID=3464) to work on /opt/airflow/dags/insert_data_postgres.py
[2025-04-24T06:48:54.471+0000] {processor.py:914} INFO - Processing file /opt/airflow/dags/insert_data_postgres.py for tasks to queue
[2025-04-24T06:48:54.473+0000] {logging_mixin.py:190} INFO - [2025-04-24T06:48:54.473+0000] {dagbag.py:588} INFO - Filling up the DagBag from /opt/airflow/dags/insert_data_postgres.py
[2025-04-24T06:48:54.480+0000] {processor.py:927} WARNING - No viable dags retrieved from /opt/airflow/dags/insert_data_postgres.py
[2025-04-24T06:48:54.493+0000] {processor.py:208} INFO - Processing /opt/airflow/dags/insert_data_postgres.py took 0.026 seconds
[2025-04-24T06:49:25.477+0000] {processor.py:186} INFO - Started process (PID=3520) to work on /opt/airflow/dags/insert_data_postgres.py
[2025-04-24T06:49:25.478+0000] {processor.py:914} INFO - Processing file /opt/airflow/dags/insert_data_postgres.py for tasks to queue
[2025-04-24T06:49:25.480+0000] {logging_mixin.py:190} INFO - [2025-04-24T06:49:25.479+0000] {dagbag.py:588} INFO - Filling up the DagBag from /opt/airflow/dags/insert_data_postgres.py
[2025-04-24T06:49:25.482+0000] {processor.py:927} WARNING - No viable dags retrieved from /opt/airflow/dags/insert_data_postgres.py
[2025-04-24T06:49:25.489+0000] {processor.py:208} INFO - Processing /opt/airflow/dags/insert_data_postgres.py took 0.015 seconds
[2025-04-24T06:49:56.413+0000] {processor.py:186} INFO - Started process (PID=3576) to work on /opt/airflow/dags/insert_data_postgres.py
[2025-04-24T06:49:56.414+0000] {processor.py:914} INFO - Processing file /opt/airflow/dags/insert_data_postgres.py for tasks to queue
[2025-04-24T06:49:56.415+0000] {logging_mixin.py:190} INFO - [2025-04-24T06:49:56.415+0000] {dagbag.py:588} INFO - Filling up the DagBag from /opt/airflow/dags/insert_data_postgres.py
[2025-04-24T06:49:56.420+0000] {processor.py:927} WARNING - No viable dags retrieved from /opt/airflow/dags/insert_data_postgres.py
[2025-04-24T06:49:56.426+0000] {processor.py:208} INFO - Processing /opt/airflow/dags/insert_data_postgres.py took 0.016 seconds
[2025-04-24T06:50:27.317+0000] {processor.py:186} INFO - Started process (PID=3632) to work on /opt/airflow/dags/insert_data_postgres.py
[2025-04-24T06:50:27.318+0000] {processor.py:914} INFO - Processing file /opt/airflow/dags/insert_data_postgres.py for tasks to queue
[2025-04-24T06:50:27.320+0000] {logging_mixin.py:190} INFO - [2025-04-24T06:50:27.319+0000] {dagbag.py:588} INFO - Filling up the DagBag from /opt/airflow/dags/insert_data_postgres.py
[2025-04-24T06:50:27.322+0000] {processor.py:927} WARNING - No viable dags retrieved from /opt/airflow/dags/insert_data_postgres.py
[2025-04-24T06:50:27.331+0000] {processor.py:208} INFO - Processing /opt/airflow/dags/insert_data_postgres.py took 0.019 seconds
[2025-04-24T06:50:57.645+0000] {processor.py:186} INFO - Started process (PID=3690) to work on /opt/airflow/dags/insert_data_postgres.py
[2025-04-24T06:50:57.645+0000] {processor.py:914} INFO - Processing file /opt/airflow/dags/insert_data_postgres.py for tasks to queue
[2025-04-24T06:50:57.647+0000] {logging_mixin.py:190} INFO - [2025-04-24T06:50:57.646+0000] {dagbag.py:588} INFO - Filling up the DagBag from /opt/airflow/dags/insert_data_postgres.py
[2025-04-24T06:50:57.649+0000] {processor.py:927} WARNING - No viable dags retrieved from /opt/airflow/dags/insert_data_postgres.py
[2025-04-24T06:50:57.661+0000] {processor.py:208} INFO - Processing /opt/airflow/dags/insert_data_postgres.py took 0.019 seconds
[2025-04-24T06:51:27.774+0000] {processor.py:186} INFO - Started process (PID=3744) to work on /opt/airflow/dags/insert_data_postgres.py
[2025-04-24T06:51:27.775+0000] {processor.py:914} INFO - Processing file /opt/airflow/dags/insert_data_postgres.py for tasks to queue
[2025-04-24T06:51:27.777+0000] {logging_mixin.py:190} INFO - [2025-04-24T06:51:27.776+0000] {dagbag.py:588} INFO - Filling up the DagBag from /opt/airflow/dags/insert_data_postgres.py
[2025-04-24T06:51:27.782+0000] {processor.py:927} WARNING - No viable dags retrieved from /opt/airflow/dags/insert_data_postgres.py
[2025-04-24T06:51:27.795+0000] {processor.py:208} INFO - Processing /opt/airflow/dags/insert_data_postgres.py took 0.024 seconds
[2025-04-24T06:51:57.961+0000] {processor.py:186} INFO - Started process (PID=3800) to work on /opt/airflow/dags/insert_data_postgres.py
[2025-04-24T06:51:57.962+0000] {processor.py:914} INFO - Processing file /opt/airflow/dags/insert_data_postgres.py for tasks to queue
[2025-04-24T06:51:57.965+0000] {logging_mixin.py:190} INFO - [2025-04-24T06:51:57.964+0000] {dagbag.py:588} INFO - Filling up the DagBag from /opt/airflow/dags/insert_data_postgres.py
[2025-04-24T06:51:57.968+0000] {processor.py:927} WARNING - No viable dags retrieved from /opt/airflow/dags/insert_data_postgres.py
[2025-04-24T06:51:57.975+0000] {processor.py:208} INFO - Processing /opt/airflow/dags/insert_data_postgres.py took 0.018 seconds
[2025-04-24T06:52:28.995+0000] {processor.py:186} INFO - Started process (PID=3856) to work on /opt/airflow/dags/insert_data_postgres.py
[2025-04-24T06:52:28.995+0000] {processor.py:914} INFO - Processing file /opt/airflow/dags/insert_data_postgres.py for tasks to queue
[2025-04-24T06:52:28.997+0000] {logging_mixin.py:190} INFO - [2025-04-24T06:52:28.997+0000] {dagbag.py:588} INFO - Filling up the DagBag from /opt/airflow/dags/insert_data_postgres.py
[2025-04-24T06:52:29.008+0000] {processor.py:927} WARNING - No viable dags retrieved from /opt/airflow/dags/insert_data_postgres.py
[2025-04-24T06:52:29.016+0000] {processor.py:208} INFO - Processing /opt/airflow/dags/insert_data_postgres.py took 0.026 seconds
[2025-04-24T06:52:59.088+0000] {processor.py:186} INFO - Started process (PID=3907) to work on /opt/airflow/dags/insert_data_postgres.py
[2025-04-24T06:52:59.088+0000] {processor.py:914} INFO - Processing file /opt/airflow/dags/insert_data_postgres.py for tasks to queue
[2025-04-24T06:52:59.090+0000] {logging_mixin.py:190} INFO - [2025-04-24T06:52:59.090+0000] {dagbag.py:588} INFO - Filling up the DagBag from /opt/airflow/dags/insert_data_postgres.py
[2025-04-24T06:52:59.092+0000] {processor.py:927} WARNING - No viable dags retrieved from /opt/airflow/dags/insert_data_postgres.py
[2025-04-24T06:52:59.102+0000] {processor.py:208} INFO - Processing /opt/airflow/dags/insert_data_postgres.py took 0.021 seconds
[2025-04-24T06:53:29.214+0000] {processor.py:186} INFO - Started process (PID=3963) to work on /opt/airflow/dags/insert_data_postgres.py
[2025-04-24T06:53:29.215+0000] {processor.py:914} INFO - Processing file /opt/airflow/dags/insert_data_postgres.py for tasks to queue
[2025-04-24T06:53:29.216+0000] {logging_mixin.py:190} INFO - [2025-04-24T06:53:29.216+0000] {dagbag.py:588} INFO - Filling up the DagBag from /opt/airflow/dags/insert_data_postgres.py
[2025-04-24T06:53:29.221+0000] {processor.py:927} WARNING - No viable dags retrieved from /opt/airflow/dags/insert_data_postgres.py
[2025-04-24T06:53:29.231+0000] {processor.py:208} INFO - Processing /opt/airflow/dags/insert_data_postgres.py took 0.021 seconds
[2025-04-24T06:54:00.155+0000] {processor.py:186} INFO - Started process (PID=4018) to work on /opt/airflow/dags/insert_data_postgres.py
[2025-04-24T06:54:00.155+0000] {processor.py:914} INFO - Processing file /opt/airflow/dags/insert_data_postgres.py for tasks to queue
[2025-04-24T06:54:00.158+0000] {logging_mixin.py:190} INFO - [2025-04-24T06:54:00.158+0000] {dagbag.py:588} INFO - Filling up the DagBag from /opt/airflow/dags/insert_data_postgres.py
[2025-04-24T06:54:00.161+0000] {processor.py:927} WARNING - No viable dags retrieved from /opt/airflow/dags/insert_data_postgres.py
[2025-04-24T06:54:00.172+0000] {processor.py:208} INFO - Processing /opt/airflow/dags/insert_data_postgres.py took 0.022 seconds
[2025-04-24T06:54:31.048+0000] {processor.py:186} INFO - Started process (PID=4074) to work on /opt/airflow/dags/insert_data_postgres.py
[2025-04-24T06:54:31.049+0000] {processor.py:914} INFO - Processing file /opt/airflow/dags/insert_data_postgres.py for tasks to queue
[2025-04-24T06:54:31.051+0000] {logging_mixin.py:190} INFO - [2025-04-24T06:54:31.051+0000] {dagbag.py:588} INFO - Filling up the DagBag from /opt/airflow/dags/insert_data_postgres.py
[2025-04-24T06:54:31.056+0000] {processor.py:927} WARNING - No viable dags retrieved from /opt/airflow/dags/insert_data_postgres.py
[2025-04-24T06:54:31.065+0000] {processor.py:208} INFO - Processing /opt/airflow/dags/insert_data_postgres.py took 0.020 seconds
[2025-04-24T06:55:01.843+0000] {processor.py:186} INFO - Started process (PID=4130) to work on /opt/airflow/dags/insert_data_postgres.py
[2025-04-24T06:55:01.845+0000] {processor.py:914} INFO - Processing file /opt/airflow/dags/insert_data_postgres.py for tasks to queue
[2025-04-24T06:55:01.846+0000] {logging_mixin.py:190} INFO - [2025-04-24T06:55:01.846+0000] {dagbag.py:588} INFO - Filling up the DagBag from /opt/airflow/dags/insert_data_postgres.py
[2025-04-24T06:55:01.854+0000] {processor.py:927} WARNING - No viable dags retrieved from /opt/airflow/dags/insert_data_postgres.py
[2025-04-24T06:55:01.864+0000] {processor.py:208} INFO - Processing /opt/airflow/dags/insert_data_postgres.py took 0.023 seconds
[2025-04-24T06:55:32.648+0000] {processor.py:186} INFO - Started process (PID=4186) to work on /opt/airflow/dags/insert_data_postgres.py
[2025-04-24T06:55:32.650+0000] {processor.py:914} INFO - Processing file /opt/airflow/dags/insert_data_postgres.py for tasks to queue
[2025-04-24T06:55:32.653+0000] {logging_mixin.py:190} INFO - [2025-04-24T06:55:32.652+0000] {dagbag.py:588} INFO - Filling up the DagBag from /opt/airflow/dags/insert_data_postgres.py
[2025-04-24T06:55:32.662+0000] {processor.py:927} WARNING - No viable dags retrieved from /opt/airflow/dags/insert_data_postgres.py
[2025-04-24T06:55:32.674+0000] {processor.py:208} INFO - Processing /opt/airflow/dags/insert_data_postgres.py took 0.030 seconds
[2025-04-24T06:56:03.450+0000] {processor.py:186} INFO - Started process (PID=4242) to work on /opt/airflow/dags/insert_data_postgres.py
[2025-04-24T06:56:03.452+0000] {processor.py:914} INFO - Processing file /opt/airflow/dags/insert_data_postgres.py for tasks to queue
[2025-04-24T06:56:03.453+0000] {logging_mixin.py:190} INFO - [2025-04-24T06:56:03.453+0000] {dagbag.py:588} INFO - Filling up the DagBag from /opt/airflow/dags/insert_data_postgres.py
[2025-04-24T06:56:03.459+0000] {processor.py:927} WARNING - No viable dags retrieved from /opt/airflow/dags/insert_data_postgres.py
[2025-04-24T06:56:03.469+0000] {processor.py:208} INFO - Processing /opt/airflow/dags/insert_data_postgres.py took 0.022 seconds
[2025-04-24T06:56:34.286+0000] {processor.py:186} INFO - Started process (PID=4298) to work on /opt/airflow/dags/insert_data_postgres.py
[2025-04-24T06:56:34.289+0000] {processor.py:914} INFO - Processing file /opt/airflow/dags/insert_data_postgres.py for tasks to queue
[2025-04-24T06:56:34.291+0000] {logging_mixin.py:190} INFO - [2025-04-24T06:56:34.290+0000] {dagbag.py:588} INFO - Filling up the DagBag from /opt/airflow/dags/insert_data_postgres.py
[2025-04-24T06:56:34.297+0000] {processor.py:927} WARNING - No viable dags retrieved from /opt/airflow/dags/insert_data_postgres.py
[2025-04-24T06:56:34.309+0000] {processor.py:208} INFO - Processing /opt/airflow/dags/insert_data_postgres.py took 0.027 seconds
[2025-04-24T06:57:05.106+0000] {processor.py:186} INFO - Started process (PID=4354) to work on /opt/airflow/dags/insert_data_postgres.py
[2025-04-24T06:57:05.106+0000] {processor.py:914} INFO - Processing file /opt/airflow/dags/insert_data_postgres.py for tasks to queue
[2025-04-24T06:57:05.108+0000] {logging_mixin.py:190} INFO - [2025-04-24T06:57:05.108+0000] {dagbag.py:588} INFO - Filling up the DagBag from /opt/airflow/dags/insert_data_postgres.py
[2025-04-24T06:57:05.112+0000] {processor.py:927} WARNING - No viable dags retrieved from /opt/airflow/dags/insert_data_postgres.py
[2025-04-24T06:57:05.122+0000] {processor.py:208} INFO - Processing /opt/airflow/dags/insert_data_postgres.py took 0.020 seconds
[2025-04-24T06:57:35.910+0000] {processor.py:186} INFO - Started process (PID=4410) to work on /opt/airflow/dags/insert_data_postgres.py
[2025-04-24T06:57:35.911+0000] {processor.py:914} INFO - Processing file /opt/airflow/dags/insert_data_postgres.py for tasks to queue
[2025-04-24T06:57:35.912+0000] {logging_mixin.py:190} INFO - [2025-04-24T06:57:35.912+0000] {dagbag.py:588} INFO - Filling up the DagBag from /opt/airflow/dags/insert_data_postgres.py
[2025-04-24T06:57:35.916+0000] {processor.py:927} WARNING - No viable dags retrieved from /opt/airflow/dags/insert_data_postgres.py
[2025-04-24T06:57:35.926+0000] {processor.py:208} INFO - Processing /opt/airflow/dags/insert_data_postgres.py took 0.020 seconds
[2025-04-24T06:58:06.636+0000] {processor.py:186} INFO - Started process (PID=4466) to work on /opt/airflow/dags/insert_data_postgres.py
[2025-04-24T06:58:06.637+0000] {processor.py:914} INFO - Processing file /opt/airflow/dags/insert_data_postgres.py for tasks to queue
[2025-04-24T06:58:06.638+0000] {logging_mixin.py:190} INFO - [2025-04-24T06:58:06.638+0000] {dagbag.py:588} INFO - Filling up the DagBag from /opt/airflow/dags/insert_data_postgres.py
[2025-04-24T06:58:06.641+0000] {processor.py:927} WARNING - No viable dags retrieved from /opt/airflow/dags/insert_data_postgres.py
[2025-04-24T06:58:06.650+0000] {processor.py:208} INFO - Processing /opt/airflow/dags/insert_data_postgres.py took 0.018 seconds
[2025-04-24T06:58:37.340+0000] {processor.py:186} INFO - Started process (PID=4522) to work on /opt/airflow/dags/insert_data_postgres.py
[2025-04-24T06:58:37.341+0000] {processor.py:914} INFO - Processing file /opt/airflow/dags/insert_data_postgres.py for tasks to queue
[2025-04-24T06:58:37.342+0000] {logging_mixin.py:190} INFO - [2025-04-24T06:58:37.342+0000] {dagbag.py:588} INFO - Filling up the DagBag from /opt/airflow/dags/insert_data_postgres.py
[2025-04-24T06:58:37.345+0000] {processor.py:927} WARNING - No viable dags retrieved from /opt/airflow/dags/insert_data_postgres.py
[2025-04-24T06:58:37.353+0000] {processor.py:208} INFO - Processing /opt/airflow/dags/insert_data_postgres.py took 0.016 seconds
[2025-04-24T06:59:08.103+0000] {processor.py:186} INFO - Started process (PID=4578) to work on /opt/airflow/dags/insert_data_postgres.py
[2025-04-24T06:59:08.104+0000] {processor.py:914} INFO - Processing file /opt/airflow/dags/insert_data_postgres.py for tasks to queue
[2025-04-24T06:59:08.106+0000] {logging_mixin.py:190} INFO - [2025-04-24T06:59:08.106+0000] {dagbag.py:588} INFO - Filling up the DagBag from /opt/airflow/dags/insert_data_postgres.py
[2025-04-24T06:59:08.111+0000] {processor.py:927} WARNING - No viable dags retrieved from /opt/airflow/dags/insert_data_postgres.py
[2025-04-24T06:59:08.120+0000] {processor.py:208} INFO - Processing /opt/airflow/dags/insert_data_postgres.py took 0.020 seconds
[2025-04-24T06:59:38.982+0000] {processor.py:186} INFO - Started process (PID=4634) to work on /opt/airflow/dags/insert_data_postgres.py
[2025-04-24T06:59:38.983+0000] {processor.py:914} INFO - Processing file /opt/airflow/dags/insert_data_postgres.py for tasks to queue
[2025-04-24T06:59:38.985+0000] {logging_mixin.py:190} INFO - [2025-04-24T06:59:38.984+0000] {dagbag.py:588} INFO - Filling up the DagBag from /opt/airflow/dags/insert_data_postgres.py
[2025-04-24T06:59:38.987+0000] {processor.py:927} WARNING - No viable dags retrieved from /opt/airflow/dags/insert_data_postgres.py
[2025-04-24T06:59:39.000+0000] {processor.py:208} INFO - Processing /opt/airflow/dags/insert_data_postgres.py took 0.024 seconds
[2025-04-24T07:00:09.801+0000] {processor.py:186} INFO - Started process (PID=4690) to work on /opt/airflow/dags/insert_data_postgres.py
[2025-04-24T07:00:09.802+0000] {processor.py:914} INFO - Processing file /opt/airflow/dags/insert_data_postgres.py for tasks to queue
[2025-04-24T07:00:09.805+0000] {logging_mixin.py:190} INFO - [2025-04-24T07:00:09.805+0000] {dagbag.py:588} INFO - Filling up the DagBag from /opt/airflow/dags/insert_data_postgres.py
[2025-04-24T07:00:09.809+0000] {processor.py:927} WARNING - No viable dags retrieved from /opt/airflow/dags/insert_data_postgres.py
[2025-04-24T07:00:09.820+0000] {processor.py:208} INFO - Processing /opt/airflow/dags/insert_data_postgres.py took 0.023 seconds
[2025-04-24T07:00:40.606+0000] {processor.py:186} INFO - Started process (PID=4746) to work on /opt/airflow/dags/insert_data_postgres.py
[2025-04-24T07:00:40.607+0000] {processor.py:914} INFO - Processing file /opt/airflow/dags/insert_data_postgres.py for tasks to queue
[2025-04-24T07:00:40.609+0000] {logging_mixin.py:190} INFO - [2025-04-24T07:00:40.609+0000] {dagbag.py:588} INFO - Filling up the DagBag from /opt/airflow/dags/insert_data_postgres.py
[2025-04-24T07:00:40.617+0000] {processor.py:927} WARNING - No viable dags retrieved from /opt/airflow/dags/insert_data_postgres.py
[2025-04-24T07:00:40.628+0000] {processor.py:208} INFO - Processing /opt/airflow/dags/insert_data_postgres.py took 0.026 seconds
[2025-04-24T07:01:11.343+0000] {processor.py:186} INFO - Started process (PID=4802) to work on /opt/airflow/dags/insert_data_postgres.py
[2025-04-24T07:01:11.343+0000] {processor.py:914} INFO - Processing file /opt/airflow/dags/insert_data_postgres.py for tasks to queue
[2025-04-24T07:01:11.345+0000] {logging_mixin.py:190} INFO - [2025-04-24T07:01:11.345+0000] {dagbag.py:588} INFO - Filling up the DagBag from /opt/airflow/dags/insert_data_postgres.py
[2025-04-24T07:01:11.348+0000] {processor.py:927} WARNING - No viable dags retrieved from /opt/airflow/dags/insert_data_postgres.py
[2025-04-24T07:01:11.359+0000] {processor.py:208} INFO - Processing /opt/airflow/dags/insert_data_postgres.py took 0.020 seconds
[2025-04-24T07:01:41.768+0000] {processor.py:186} INFO - Started process (PID=4858) to work on /opt/airflow/dags/insert_data_postgres.py
[2025-04-24T07:01:41.769+0000] {processor.py:914} INFO - Processing file /opt/airflow/dags/insert_data_postgres.py for tasks to queue
[2025-04-24T07:01:41.770+0000] {logging_mixin.py:190} INFO - [2025-04-24T07:01:41.770+0000] {dagbag.py:588} INFO - Filling up the DagBag from /opt/airflow/dags/insert_data_postgres.py
[2025-04-24T07:01:41.774+0000] {processor.py:927} WARNING - No viable dags retrieved from /opt/airflow/dags/insert_data_postgres.py
[2025-04-24T07:01:41.788+0000] {processor.py:208} INFO - Processing /opt/airflow/dags/insert_data_postgres.py took 0.025 seconds
[2025-04-24T07:02:12.606+0000] {processor.py:186} INFO - Started process (PID=4914) to work on /opt/airflow/dags/insert_data_postgres.py
[2025-04-24T07:02:12.608+0000] {processor.py:914} INFO - Processing file /opt/airflow/dags/insert_data_postgres.py for tasks to queue
[2025-04-24T07:02:12.609+0000] {logging_mixin.py:190} INFO - [2025-04-24T07:02:12.609+0000] {dagbag.py:588} INFO - Filling up the DagBag from /opt/airflow/dags/insert_data_postgres.py
[2025-04-24T07:02:12.614+0000] {processor.py:927} WARNING - No viable dags retrieved from /opt/airflow/dags/insert_data_postgres.py
[2025-04-24T07:02:12.624+0000] {processor.py:208} INFO - Processing /opt/airflow/dags/insert_data_postgres.py took 0.022 seconds
[2025-04-24T07:02:43.367+0000] {processor.py:186} INFO - Started process (PID=4976) to work on /opt/airflow/dags/insert_data_postgres.py
[2025-04-24T07:02:43.368+0000] {processor.py:914} INFO - Processing file /opt/airflow/dags/insert_data_postgres.py for tasks to queue
[2025-04-24T07:02:43.370+0000] {logging_mixin.py:190} INFO - [2025-04-24T07:02:43.370+0000] {dagbag.py:588} INFO - Filling up the DagBag from /opt/airflow/dags/insert_data_postgres.py
[2025-04-24T07:02:43.373+0000] {processor.py:927} WARNING - No viable dags retrieved from /opt/airflow/dags/insert_data_postgres.py
[2025-04-24T07:02:43.385+0000] {processor.py:208} INFO - Processing /opt/airflow/dags/insert_data_postgres.py took 0.023 seconds
[2025-04-24T07:03:14.291+0000] {processor.py:186} INFO - Started process (PID=5032) to work on /opt/airflow/dags/insert_data_postgres.py
[2025-04-24T07:03:14.293+0000] {processor.py:914} INFO - Processing file /opt/airflow/dags/insert_data_postgres.py for tasks to queue
[2025-04-24T07:03:14.294+0000] {logging_mixin.py:190} INFO - [2025-04-24T07:03:14.294+0000] {dagbag.py:588} INFO - Filling up the DagBag from /opt/airflow/dags/insert_data_postgres.py
[2025-04-24T07:03:14.298+0000] {processor.py:927} WARNING - No viable dags retrieved from /opt/airflow/dags/insert_data_postgres.py
[2025-04-24T07:03:14.308+0000] {processor.py:208} INFO - Processing /opt/airflow/dags/insert_data_postgres.py took 0.020 seconds
[2025-04-24T07:03:45.205+0000] {processor.py:186} INFO - Started process (PID=5088) to work on /opt/airflow/dags/insert_data_postgres.py
[2025-04-24T07:03:45.206+0000] {processor.py:914} INFO - Processing file /opt/airflow/dags/insert_data_postgres.py for tasks to queue
[2025-04-24T07:03:45.208+0000] {logging_mixin.py:190} INFO - [2025-04-24T07:03:45.208+0000] {dagbag.py:588} INFO - Filling up the DagBag from /opt/airflow/dags/insert_data_postgres.py
[2025-04-24T07:03:45.217+0000] {processor.py:927} WARNING - No viable dags retrieved from /opt/airflow/dags/insert_data_postgres.py
[2025-04-24T07:03:45.226+0000] {processor.py:208} INFO - Processing /opt/airflow/dags/insert_data_postgres.py took 0.025 seconds
[2025-04-24T07:04:16.052+0000] {processor.py:186} INFO - Started process (PID=5144) to work on /opt/airflow/dags/insert_data_postgres.py
[2025-04-24T07:04:16.054+0000] {processor.py:914} INFO - Processing file /opt/airflow/dags/insert_data_postgres.py for tasks to queue
[2025-04-24T07:04:16.056+0000] {logging_mixin.py:190} INFO - [2025-04-24T07:04:16.056+0000] {dagbag.py:588} INFO - Filling up the DagBag from /opt/airflow/dags/insert_data_postgres.py
[2025-04-24T07:04:16.059+0000] {processor.py:927} WARNING - No viable dags retrieved from /opt/airflow/dags/insert_data_postgres.py
[2025-04-24T07:04:16.069+0000] {processor.py:208} INFO - Processing /opt/airflow/dags/insert_data_postgres.py took 0.020 seconds
[2025-04-24T07:04:46.837+0000] {processor.py:186} INFO - Started process (PID=5200) to work on /opt/airflow/dags/insert_data_postgres.py
[2025-04-24T07:04:46.838+0000] {processor.py:914} INFO - Processing file /opt/airflow/dags/insert_data_postgres.py for tasks to queue
[2025-04-24T07:04:46.840+0000] {logging_mixin.py:190} INFO - [2025-04-24T07:04:46.840+0000] {dagbag.py:588} INFO - Filling up the DagBag from /opt/airflow/dags/insert_data_postgres.py
[2025-04-24T07:04:46.844+0000] {processor.py:927} WARNING - No viable dags retrieved from /opt/airflow/dags/insert_data_postgres.py
[2025-04-24T07:04:46.855+0000] {processor.py:208} INFO - Processing /opt/airflow/dags/insert_data_postgres.py took 0.021 seconds
[2025-04-24T07:05:17.593+0000] {processor.py:186} INFO - Started process (PID=5256) to work on /opt/airflow/dags/insert_data_postgres.py
[2025-04-24T07:05:17.594+0000] {processor.py:914} INFO - Processing file /opt/airflow/dags/insert_data_postgres.py for tasks to queue
[2025-04-24T07:05:17.595+0000] {logging_mixin.py:190} INFO - [2025-04-24T07:05:17.595+0000] {dagbag.py:588} INFO - Filling up the DagBag from /opt/airflow/dags/insert_data_postgres.py
[2025-04-24T07:05:17.598+0000] {processor.py:927} WARNING - No viable dags retrieved from /opt/airflow/dags/insert_data_postgres.py
[2025-04-24T07:05:17.608+0000] {processor.py:208} INFO - Processing /opt/airflow/dags/insert_data_postgres.py took 0.019 seconds
[2025-04-24T07:05:48.394+0000] {processor.py:186} INFO - Started process (PID=5311) to work on /opt/airflow/dags/insert_data_postgres.py
[2025-04-24T07:05:48.395+0000] {processor.py:914} INFO - Processing file /opt/airflow/dags/insert_data_postgres.py for tasks to queue
[2025-04-24T07:05:48.397+0000] {logging_mixin.py:190} INFO - [2025-04-24T07:05:48.397+0000] {dagbag.py:588} INFO - Filling up the DagBag from /opt/airflow/dags/insert_data_postgres.py
[2025-04-24T07:05:48.401+0000] {processor.py:927} WARNING - No viable dags retrieved from /opt/airflow/dags/insert_data_postgres.py
[2025-04-24T07:05:48.410+0000] {processor.py:208} INFO - Processing /opt/airflow/dags/insert_data_postgres.py took 0.020 seconds
[2025-04-24T07:06:19.201+0000] {processor.py:186} INFO - Started process (PID=5367) to work on /opt/airflow/dags/insert_data_postgres.py
[2025-04-24T07:06:19.202+0000] {processor.py:914} INFO - Processing file /opt/airflow/dags/insert_data_postgres.py for tasks to queue
[2025-04-24T07:06:19.203+0000] {logging_mixin.py:190} INFO - [2025-04-24T07:06:19.203+0000] {dagbag.py:588} INFO - Filling up the DagBag from /opt/airflow/dags/insert_data_postgres.py
[2025-04-24T07:06:19.206+0000] {processor.py:927} WARNING - No viable dags retrieved from /opt/airflow/dags/insert_data_postgres.py
[2025-04-24T07:06:19.218+0000] {processor.py:208} INFO - Processing /opt/airflow/dags/insert_data_postgres.py took 0.020 seconds
[2025-04-24T07:06:49.992+0000] {processor.py:186} INFO - Started process (PID=5423) to work on /opt/airflow/dags/insert_data_postgres.py
[2025-04-24T07:06:49.993+0000] {processor.py:914} INFO - Processing file /opt/airflow/dags/insert_data_postgres.py for tasks to queue
[2025-04-24T07:06:49.994+0000] {logging_mixin.py:190} INFO - [2025-04-24T07:06:49.994+0000] {dagbag.py:588} INFO - Filling up the DagBag from /opt/airflow/dags/insert_data_postgres.py
[2025-04-24T07:06:49.998+0000] {processor.py:927} WARNING - No viable dags retrieved from /opt/airflow/dags/insert_data_postgres.py
[2025-04-24T07:06:50.008+0000] {processor.py:208} INFO - Processing /opt/airflow/dags/insert_data_postgres.py took 0.020 seconds
[2025-04-24T07:07:20.812+0000] {processor.py:186} INFO - Started process (PID=5479) to work on /opt/airflow/dags/insert_data_postgres.py
[2025-04-24T07:07:20.812+0000] {processor.py:914} INFO - Processing file /opt/airflow/dags/insert_data_postgres.py for tasks to queue
[2025-04-24T07:07:20.814+0000] {logging_mixin.py:190} INFO - [2025-04-24T07:07:20.813+0000] {dagbag.py:588} INFO - Filling up the DagBag from /opt/airflow/dags/insert_data_postgres.py
[2025-04-24T07:07:20.819+0000] {processor.py:927} WARNING - No viable dags retrieved from /opt/airflow/dags/insert_data_postgres.py
[2025-04-24T07:07:20.829+0000] {processor.py:208} INFO - Processing /opt/airflow/dags/insert_data_postgres.py took 0.021 seconds
