[2025-04-24T06:19:04.566+0000] {processor.py:186} INFO - Started process (PID=196) to work on /opt/airflow/dags/mart.py
[2025-04-24T06:19:04.568+0000] {processor.py:914} INFO - Processing file /opt/airflow/dags/mart.py for tasks to queue
[2025-04-24T06:19:04.571+0000] {logging_mixin.py:190} INFO - [2025-04-24T06:19:04.570+0000] {dagbag.py:588} INFO - Filling up the DagBag from /opt/airflow/dags/mart.py
[2025-04-24T06:19:04.592+0000] {processor.py:925} INFO - DAG(s) 'build_data_mart_python' retrieved from /opt/airflow/dags/mart.py
[2025-04-24T06:19:04.645+0000] {logging_mixin.py:190} INFO - [2025-04-24T06:19:04.645+0000] {dag.py:3239} INFO - Sync 1 DAGs
[2025-04-24T06:19:04.674+0000] {logging_mixin.py:190} INFO - [2025-04-24T06:19:04.674+0000] {dag.py:4180} INFO - Setting next_dagrun for build_data_mart_python to 2025-04-01 00:00:00+00:00, run_after=2025-05-01 00:00:00+00:00
[2025-04-24T06:19:04.692+0000] {processor.py:208} INFO - Processing /opt/airflow/dags/mart.py took 0.131 seconds
[2025-04-24T06:19:34.723+0000] {processor.py:186} INFO - Started process (PID=251) to work on /opt/airflow/dags/mart.py
[2025-04-24T06:19:34.724+0000] {processor.py:914} INFO - Processing file /opt/airflow/dags/mart.py for tasks to queue
[2025-04-24T06:19:34.725+0000] {logging_mixin.py:190} INFO - [2025-04-24T06:19:34.725+0000] {dagbag.py:588} INFO - Filling up the DagBag from /opt/airflow/dags/mart.py
[2025-04-24T06:19:34.735+0000] {processor.py:925} INFO - DAG(s) 'build_data_mart_python' retrieved from /opt/airflow/dags/mart.py
[2025-04-24T06:19:34.754+0000] {logging_mixin.py:190} INFO - [2025-04-24T06:19:34.753+0000] {dag.py:3239} INFO - Sync 1 DAGs
[2025-04-24T06:19:34.769+0000] {logging_mixin.py:190} INFO - [2025-04-24T06:19:34.769+0000] {dag.py:4180} INFO - Setting next_dagrun for build_data_mart_python to 2025-04-01 00:00:00+00:00, run_after=2025-05-01 00:00:00+00:00
[2025-04-24T06:19:34.779+0000] {processor.py:208} INFO - Processing /opt/airflow/dags/mart.py took 0.060 seconds
[2025-04-24T06:20:05.742+0000] {processor.py:186} INFO - Started process (PID=307) to work on /opt/airflow/dags/mart.py
[2025-04-24T06:20:05.744+0000] {processor.py:914} INFO - Processing file /opt/airflow/dags/mart.py for tasks to queue
[2025-04-24T06:20:05.747+0000] {logging_mixin.py:190} INFO - [2025-04-24T06:20:05.746+0000] {dagbag.py:588} INFO - Filling up the DagBag from /opt/airflow/dags/mart.py
[2025-04-24T06:20:05.765+0000] {processor.py:925} INFO - DAG(s) 'build_data_mart_python' retrieved from /opt/airflow/dags/mart.py
[2025-04-24T06:20:05.788+0000] {logging_mixin.py:190} INFO - [2025-04-24T06:20:05.788+0000] {dag.py:3239} INFO - Sync 1 DAGs
[2025-04-24T06:20:05.803+0000] {logging_mixin.py:190} INFO - [2025-04-24T06:20:05.803+0000] {dag.py:4180} INFO - Setting next_dagrun for build_data_mart_python to 2025-04-01 00:00:00+00:00, run_after=2025-05-01 00:00:00+00:00
[2025-04-24T06:20:05.814+0000] {processor.py:208} INFO - Processing /opt/airflow/dags/mart.py took 0.080 seconds
[2025-04-24T06:20:36.616+0000] {processor.py:186} INFO - Started process (PID=363) to work on /opt/airflow/dags/mart.py
[2025-04-24T06:20:36.620+0000] {processor.py:914} INFO - Processing file /opt/airflow/dags/mart.py for tasks to queue
[2025-04-24T06:20:36.622+0000] {logging_mixin.py:190} INFO - [2025-04-24T06:20:36.621+0000] {dagbag.py:588} INFO - Filling up the DagBag from /opt/airflow/dags/mart.py
[2025-04-24T06:20:36.633+0000] {processor.py:925} INFO - DAG(s) 'build_data_mart_python' retrieved from /opt/airflow/dags/mart.py
[2025-04-24T06:20:36.656+0000] {logging_mixin.py:190} INFO - [2025-04-24T06:20:36.656+0000] {dag.py:3239} INFO - Sync 1 DAGs
[2025-04-24T06:20:36.670+0000] {logging_mixin.py:190} INFO - [2025-04-24T06:20:36.669+0000] {dag.py:4180} INFO - Setting next_dagrun for build_data_mart_python to 2025-04-01 00:00:00+00:00, run_after=2025-05-01 00:00:00+00:00
[2025-04-24T06:20:36.683+0000] {processor.py:208} INFO - Processing /opt/airflow/dags/mart.py took 0.074 seconds
[2025-04-24T06:21:07.481+0000] {processor.py:186} INFO - Started process (PID=419) to work on /opt/airflow/dags/mart.py
[2025-04-24T06:21:07.482+0000] {processor.py:914} INFO - Processing file /opt/airflow/dags/mart.py for tasks to queue
[2025-04-24T06:21:07.484+0000] {logging_mixin.py:190} INFO - [2025-04-24T06:21:07.484+0000] {dagbag.py:588} INFO - Filling up the DagBag from /opt/airflow/dags/mart.py
[2025-04-24T06:21:07.493+0000] {processor.py:925} INFO - DAG(s) 'build_data_mart_python' retrieved from /opt/airflow/dags/mart.py
[2025-04-24T06:21:07.511+0000] {logging_mixin.py:190} INFO - [2025-04-24T06:21:07.511+0000] {dag.py:3239} INFO - Sync 1 DAGs
[2025-04-24T06:21:07.525+0000] {logging_mixin.py:190} INFO - [2025-04-24T06:21:07.525+0000] {dag.py:4180} INFO - Setting next_dagrun for build_data_mart_python to 2025-04-01 00:00:00+00:00, run_after=2025-05-01 00:00:00+00:00
[2025-04-24T06:21:07.537+0000] {processor.py:208} INFO - Processing /opt/airflow/dags/mart.py took 0.061 seconds
[2025-04-24T06:21:38.367+0000] {processor.py:186} INFO - Started process (PID=475) to work on /opt/airflow/dags/mart.py
[2025-04-24T06:21:38.368+0000] {processor.py:914} INFO - Processing file /opt/airflow/dags/mart.py for tasks to queue
[2025-04-24T06:21:38.372+0000] {logging_mixin.py:190} INFO - [2025-04-24T06:21:38.371+0000] {dagbag.py:588} INFO - Filling up the DagBag from /opt/airflow/dags/mart.py
[2025-04-24T06:21:38.386+0000] {processor.py:925} INFO - DAG(s) 'build_data_mart_python' retrieved from /opt/airflow/dags/mart.py
[2025-04-24T06:21:38.408+0000] {logging_mixin.py:190} INFO - [2025-04-24T06:21:38.407+0000] {dag.py:3239} INFO - Sync 1 DAGs
[2025-04-24T06:21:38.422+0000] {logging_mixin.py:190} INFO - [2025-04-24T06:21:38.422+0000] {dag.py:4180} INFO - Setting next_dagrun for build_data_mart_python to 2025-04-01 00:00:00+00:00, run_after=2025-05-01 00:00:00+00:00
[2025-04-24T06:21:38.436+0000] {processor.py:208} INFO - Processing /opt/airflow/dags/mart.py took 0.075 seconds
[2025-04-24T06:22:09.372+0000] {processor.py:186} INFO - Started process (PID=537) to work on /opt/airflow/dags/mart.py
[2025-04-24T06:22:09.374+0000] {processor.py:914} INFO - Processing file /opt/airflow/dags/mart.py for tasks to queue
[2025-04-24T06:22:09.377+0000] {logging_mixin.py:190} INFO - [2025-04-24T06:22:09.377+0000] {dagbag.py:588} INFO - Filling up the DagBag from /opt/airflow/dags/mart.py
[2025-04-24T06:22:09.394+0000] {processor.py:925} INFO - DAG(s) 'build_data_mart_python' retrieved from /opt/airflow/dags/mart.py
[2025-04-24T06:22:09.418+0000] {logging_mixin.py:190} INFO - [2025-04-24T06:22:09.418+0000] {dag.py:3239} INFO - Sync 1 DAGs
[2025-04-24T06:22:09.434+0000] {logging_mixin.py:190} INFO - [2025-04-24T06:22:09.434+0000] {dag.py:4180} INFO - Setting next_dagrun for build_data_mart_python to 2025-04-01 00:00:00+00:00, run_after=2025-05-01 00:00:00+00:00
[2025-04-24T06:22:09.448+0000] {processor.py:208} INFO - Processing /opt/airflow/dags/mart.py took 0.087 seconds
[2025-04-24T06:22:40.248+0000] {processor.py:186} INFO - Started process (PID=592) to work on /opt/airflow/dags/mart.py
[2025-04-24T06:22:40.249+0000] {processor.py:914} INFO - Processing file /opt/airflow/dags/mart.py for tasks to queue
[2025-04-24T06:22:40.252+0000] {logging_mixin.py:190} INFO - [2025-04-24T06:22:40.252+0000] {dagbag.py:588} INFO - Filling up the DagBag from /opt/airflow/dags/mart.py
[2025-04-24T06:22:40.267+0000] {processor.py:925} INFO - DAG(s) 'build_data_mart_python' retrieved from /opt/airflow/dags/mart.py
[2025-04-24T06:22:40.288+0000] {logging_mixin.py:190} INFO - [2025-04-24T06:22:40.288+0000] {dag.py:3239} INFO - Sync 1 DAGs
[2025-04-24T06:22:40.302+0000] {logging_mixin.py:190} INFO - [2025-04-24T06:22:40.301+0000] {dag.py:4180} INFO - Setting next_dagrun for build_data_mart_python to 2025-04-01 00:00:00+00:00, run_after=2025-05-01 00:00:00+00:00
[2025-04-24T06:22:40.312+0000] {processor.py:208} INFO - Processing /opt/airflow/dags/mart.py took 0.069 seconds
[2025-04-24T06:23:11.132+0000] {processor.py:186} INFO - Started process (PID=648) to work on /opt/airflow/dags/mart.py
[2025-04-24T06:23:11.134+0000] {processor.py:914} INFO - Processing file /opt/airflow/dags/mart.py for tasks to queue
[2025-04-24T06:23:11.136+0000] {logging_mixin.py:190} INFO - [2025-04-24T06:23:11.136+0000] {dagbag.py:588} INFO - Filling up the DagBag from /opt/airflow/dags/mart.py
[2025-04-24T06:23:11.147+0000] {processor.py:925} INFO - DAG(s) 'build_data_mart_python' retrieved from /opt/airflow/dags/mart.py
[2025-04-24T06:23:11.168+0000] {logging_mixin.py:190} INFO - [2025-04-24T06:23:11.168+0000] {dag.py:3239} INFO - Sync 1 DAGs
[2025-04-24T06:23:11.183+0000] {logging_mixin.py:190} INFO - [2025-04-24T06:23:11.183+0000] {dag.py:4180} INFO - Setting next_dagrun for build_data_mart_python to 2025-04-01 00:00:00+00:00, run_after=2025-05-01 00:00:00+00:00
[2025-04-24T06:23:11.196+0000] {processor.py:208} INFO - Processing /opt/airflow/dags/mart.py took 0.068 seconds
[2025-04-24T06:23:41.994+0000] {processor.py:186} INFO - Started process (PID=704) to work on /opt/airflow/dags/mart.py
[2025-04-24T06:23:41.995+0000] {processor.py:914} INFO - Processing file /opt/airflow/dags/mart.py for tasks to queue
[2025-04-24T06:23:41.998+0000] {logging_mixin.py:190} INFO - [2025-04-24T06:23:41.997+0000] {dagbag.py:588} INFO - Filling up the DagBag from /opt/airflow/dags/mart.py
[2025-04-24T06:23:42.006+0000] {processor.py:925} INFO - DAG(s) 'build_data_mart_python' retrieved from /opt/airflow/dags/mart.py
[2025-04-24T06:23:42.030+0000] {logging_mixin.py:190} INFO - [2025-04-24T06:23:42.029+0000] {dag.py:3239} INFO - Sync 1 DAGs
[2025-04-24T06:23:42.044+0000] {logging_mixin.py:190} INFO - [2025-04-24T06:23:42.044+0000] {dag.py:4180} INFO - Setting next_dagrun for build_data_mart_python to 2025-04-01 00:00:00+00:00, run_after=2025-05-01 00:00:00+00:00
[2025-04-24T06:23:42.056+0000] {processor.py:208} INFO - Processing /opt/airflow/dags/mart.py took 0.066 seconds
[2025-04-24T06:24:12.836+0000] {processor.py:186} INFO - Started process (PID=760) to work on /opt/airflow/dags/mart.py
[2025-04-24T06:24:12.837+0000] {processor.py:914} INFO - Processing file /opt/airflow/dags/mart.py for tasks to queue
[2025-04-24T06:24:12.839+0000] {logging_mixin.py:190} INFO - [2025-04-24T06:24:12.839+0000] {dagbag.py:588} INFO - Filling up the DagBag from /opt/airflow/dags/mart.py
[2025-04-24T06:24:12.849+0000] {processor.py:925} INFO - DAG(s) 'build_data_mart_python' retrieved from /opt/airflow/dags/mart.py
[2025-04-24T06:24:12.868+0000] {logging_mixin.py:190} INFO - [2025-04-24T06:24:12.868+0000] {dag.py:3239} INFO - Sync 1 DAGs
[2025-04-24T06:24:12.882+0000] {logging_mixin.py:190} INFO - [2025-04-24T06:24:12.882+0000] {dag.py:4180} INFO - Setting next_dagrun for build_data_mart_python to 2025-04-01 00:00:00+00:00, run_after=2025-05-01 00:00:00+00:00
[2025-04-24T06:24:12.892+0000] {processor.py:208} INFO - Processing /opt/airflow/dags/mart.py took 0.060 seconds
[2025-04-24T06:24:43.701+0000] {processor.py:186} INFO - Started process (PID=816) to work on /opt/airflow/dags/mart.py
[2025-04-24T06:24:43.702+0000] {processor.py:914} INFO - Processing file /opt/airflow/dags/mart.py for tasks to queue
[2025-04-24T06:24:43.703+0000] {logging_mixin.py:190} INFO - [2025-04-24T06:24:43.703+0000] {dagbag.py:588} INFO - Filling up the DagBag from /opt/airflow/dags/mart.py
[2025-04-24T06:24:43.713+0000] {processor.py:925} INFO - DAG(s) 'build_data_mart_python' retrieved from /opt/airflow/dags/mart.py
[2025-04-24T06:24:43.734+0000] {logging_mixin.py:190} INFO - [2025-04-24T06:24:43.734+0000] {dag.py:3239} INFO - Sync 1 DAGs
[2025-04-24T06:24:43.747+0000] {logging_mixin.py:190} INFO - [2025-04-24T06:24:43.747+0000] {dag.py:4180} INFO - Setting next_dagrun for build_data_mart_python to 2025-04-01 00:00:00+00:00, run_after=2025-05-01 00:00:00+00:00
[2025-04-24T06:24:43.760+0000] {processor.py:208} INFO - Processing /opt/airflow/dags/mart.py took 0.064 seconds
[2025-04-24T06:25:14.574+0000] {processor.py:186} INFO - Started process (PID=872) to work on /opt/airflow/dags/mart.py
[2025-04-24T06:25:14.576+0000] {processor.py:914} INFO - Processing file /opt/airflow/dags/mart.py for tasks to queue
[2025-04-24T06:25:14.582+0000] {logging_mixin.py:190} INFO - [2025-04-24T06:25:14.581+0000] {dagbag.py:588} INFO - Filling up the DagBag from /opt/airflow/dags/mart.py
[2025-04-24T06:25:14.606+0000] {processor.py:925} INFO - DAG(s) 'build_data_mart_python' retrieved from /opt/airflow/dags/mart.py
[2025-04-24T06:25:14.649+0000] {logging_mixin.py:190} INFO - [2025-04-24T06:25:14.649+0000] {dag.py:3239} INFO - Sync 1 DAGs
[2025-04-24T06:25:14.672+0000] {logging_mixin.py:190} INFO - [2025-04-24T06:25:14.672+0000] {dag.py:4180} INFO - Setting next_dagrun for build_data_mart_python to 2025-04-01 00:00:00+00:00, run_after=2025-05-01 00:00:00+00:00
[2025-04-24T06:25:14.688+0000] {processor.py:208} INFO - Processing /opt/airflow/dags/mart.py took 0.127 seconds
[2025-04-24T06:25:45.698+0000] {processor.py:186} INFO - Started process (PID=928) to work on /opt/airflow/dags/mart.py
[2025-04-24T06:25:45.699+0000] {processor.py:914} INFO - Processing file /opt/airflow/dags/mart.py for tasks to queue
[2025-04-24T06:25:45.701+0000] {logging_mixin.py:190} INFO - [2025-04-24T06:25:45.701+0000] {dagbag.py:588} INFO - Filling up the DagBag from /opt/airflow/dags/mart.py
[2025-04-24T06:25:45.711+0000] {processor.py:925} INFO - DAG(s) 'build_data_mart_python' retrieved from /opt/airflow/dags/mart.py
[2025-04-24T06:25:45.731+0000] {logging_mixin.py:190} INFO - [2025-04-24T06:25:45.731+0000] {dag.py:3239} INFO - Sync 1 DAGs
[2025-04-24T06:25:45.746+0000] {logging_mixin.py:190} INFO - [2025-04-24T06:25:45.746+0000] {dag.py:4180} INFO - Setting next_dagrun for build_data_mart_python to 2025-04-01 00:00:00+00:00, run_after=2025-05-01 00:00:00+00:00
[2025-04-24T06:25:45.760+0000] {processor.py:208} INFO - Processing /opt/airflow/dags/mart.py took 0.067 seconds
[2025-04-24T06:26:16.572+0000] {processor.py:186} INFO - Started process (PID=984) to work on /opt/airflow/dags/mart.py
[2025-04-24T06:26:16.573+0000] {processor.py:914} INFO - Processing file /opt/airflow/dags/mart.py for tasks to queue
[2025-04-24T06:26:16.574+0000] {logging_mixin.py:190} INFO - [2025-04-24T06:26:16.574+0000] {dagbag.py:588} INFO - Filling up the DagBag from /opt/airflow/dags/mart.py
[2025-04-24T06:26:16.584+0000] {processor.py:925} INFO - DAG(s) 'build_data_mart_python' retrieved from /opt/airflow/dags/mart.py
[2025-04-24T06:26:16.604+0000] {logging_mixin.py:190} INFO - [2025-04-24T06:26:16.604+0000] {dag.py:3239} INFO - Sync 1 DAGs
[2025-04-24T06:26:16.619+0000] {logging_mixin.py:190} INFO - [2025-04-24T06:26:16.619+0000] {dag.py:4180} INFO - Setting next_dagrun for build_data_mart_python to 2025-04-01 00:00:00+00:00, run_after=2025-05-01 00:00:00+00:00
[2025-04-24T06:26:16.632+0000] {processor.py:208} INFO - Processing /opt/airflow/dags/mart.py took 0.066 seconds
[2025-04-24T06:26:47.457+0000] {processor.py:186} INFO - Started process (PID=1040) to work on /opt/airflow/dags/mart.py
[2025-04-24T06:26:47.458+0000] {processor.py:914} INFO - Processing file /opt/airflow/dags/mart.py for tasks to queue
[2025-04-24T06:26:47.460+0000] {logging_mixin.py:190} INFO - [2025-04-24T06:26:47.459+0000] {dagbag.py:588} INFO - Filling up the DagBag from /opt/airflow/dags/mart.py
[2025-04-24T06:26:47.479+0000] {processor.py:925} INFO - DAG(s) 'build_data_mart_python' retrieved from /opt/airflow/dags/mart.py
[2025-04-24T06:26:47.502+0000] {logging_mixin.py:190} INFO - [2025-04-24T06:26:47.502+0000] {dag.py:3239} INFO - Sync 1 DAGs
[2025-04-24T06:26:47.517+0000] {logging_mixin.py:190} INFO - [2025-04-24T06:26:47.517+0000] {dag.py:4180} INFO - Setting next_dagrun for build_data_mart_python to 2025-04-01 00:00:00+00:00, run_after=2025-05-01 00:00:00+00:00
[2025-04-24T06:26:47.531+0000] {processor.py:208} INFO - Processing /opt/airflow/dags/mart.py took 0.080 seconds
[2025-04-24T06:27:18.441+0000] {processor.py:186} INFO - Started process (PID=1096) to work on /opt/airflow/dags/mart.py
[2025-04-24T06:27:18.442+0000] {processor.py:914} INFO - Processing file /opt/airflow/dags/mart.py for tasks to queue
[2025-04-24T06:27:18.444+0000] {logging_mixin.py:190} INFO - [2025-04-24T06:27:18.444+0000] {dagbag.py:588} INFO - Filling up the DagBag from /opt/airflow/dags/mart.py
[2025-04-24T06:27:18.458+0000] {processor.py:925} INFO - DAG(s) 'build_data_mart_python' retrieved from /opt/airflow/dags/mart.py
[2025-04-24T06:27:18.483+0000] {logging_mixin.py:190} INFO - [2025-04-24T06:27:18.483+0000] {dag.py:3239} INFO - Sync 1 DAGs
[2025-04-24T06:27:18.500+0000] {logging_mixin.py:190} INFO - [2025-04-24T06:27:18.500+0000] {dag.py:4180} INFO - Setting next_dagrun for build_data_mart_python to 2025-04-01 00:00:00+00:00, run_after=2025-05-01 00:00:00+00:00
[2025-04-24T06:27:18.517+0000] {processor.py:208} INFO - Processing /opt/airflow/dags/mart.py took 0.081 seconds
[2025-04-24T06:27:49.442+0000] {processor.py:186} INFO - Started process (PID=1152) to work on /opt/airflow/dags/mart.py
[2025-04-24T06:27:49.443+0000] {processor.py:914} INFO - Processing file /opt/airflow/dags/mart.py for tasks to queue
[2025-04-24T06:27:49.445+0000] {logging_mixin.py:190} INFO - [2025-04-24T06:27:49.444+0000] {dagbag.py:588} INFO - Filling up the DagBag from /opt/airflow/dags/mart.py
[2025-04-24T06:27:49.458+0000] {processor.py:925} INFO - DAG(s) 'build_data_mart_python' retrieved from /opt/airflow/dags/mart.py
[2025-04-24T06:27:49.476+0000] {logging_mixin.py:190} INFO - [2025-04-24T06:27:49.476+0000] {dag.py:3239} INFO - Sync 1 DAGs
[2025-04-24T06:27:49.492+0000] {logging_mixin.py:190} INFO - [2025-04-24T06:27:49.492+0000] {dag.py:4180} INFO - Setting next_dagrun for build_data_mart_python to 2025-04-01 00:00:00+00:00, run_after=2025-05-01 00:00:00+00:00
[2025-04-24T06:27:49.504+0000] {processor.py:208} INFO - Processing /opt/airflow/dags/mart.py took 0.067 seconds
[2025-04-24T06:28:20.391+0000] {processor.py:186} INFO - Started process (PID=1207) to work on /opt/airflow/dags/mart.py
[2025-04-24T06:28:20.393+0000] {processor.py:914} INFO - Processing file /opt/airflow/dags/mart.py for tasks to queue
[2025-04-24T06:28:20.396+0000] {logging_mixin.py:190} INFO - [2025-04-24T06:28:20.396+0000] {dagbag.py:588} INFO - Filling up the DagBag from /opt/airflow/dags/mart.py
[2025-04-24T06:28:20.410+0000] {processor.py:925} INFO - DAG(s) 'build_data_mart_python' retrieved from /opt/airflow/dags/mart.py
[2025-04-24T06:28:20.431+0000] {logging_mixin.py:190} INFO - [2025-04-24T06:28:20.431+0000] {dag.py:3239} INFO - Sync 1 DAGs
[2025-04-24T06:28:20.446+0000] {logging_mixin.py:190} INFO - [2025-04-24T06:28:20.446+0000] {dag.py:4180} INFO - Setting next_dagrun for build_data_mart_python to 2025-04-01 00:00:00+00:00, run_after=2025-05-01 00:00:00+00:00
[2025-04-24T06:28:20.460+0000] {processor.py:208} INFO - Processing /opt/airflow/dags/mart.py took 0.077 seconds
[2025-04-24T06:28:51.333+0000] {processor.py:186} INFO - Started process (PID=1263) to work on /opt/airflow/dags/mart.py
[2025-04-24T06:28:51.334+0000] {processor.py:914} INFO - Processing file /opt/airflow/dags/mart.py for tasks to queue
[2025-04-24T06:28:51.337+0000] {logging_mixin.py:190} INFO - [2025-04-24T06:28:51.337+0000] {dagbag.py:588} INFO - Filling up the DagBag from /opt/airflow/dags/mart.py
[2025-04-24T06:28:51.346+0000] {processor.py:925} INFO - DAG(s) 'build_data_mart_python' retrieved from /opt/airflow/dags/mart.py
[2025-04-24T06:28:51.367+0000] {logging_mixin.py:190} INFO - [2025-04-24T06:28:51.367+0000] {dag.py:3239} INFO - Sync 1 DAGs
[2025-04-24T06:28:51.383+0000] {logging_mixin.py:190} INFO - [2025-04-24T06:28:51.382+0000] {dag.py:4180} INFO - Setting next_dagrun for build_data_mart_python to 2025-04-01 00:00:00+00:00, run_after=2025-05-01 00:00:00+00:00
[2025-04-24T06:28:51.393+0000] {processor.py:208} INFO - Processing /opt/airflow/dags/mart.py took 0.066 seconds
[2025-04-24T06:29:22.247+0000] {processor.py:186} INFO - Started process (PID=1319) to work on /opt/airflow/dags/mart.py
[2025-04-24T06:29:22.248+0000] {processor.py:914} INFO - Processing file /opt/airflow/dags/mart.py for tasks to queue
[2025-04-24T06:29:22.251+0000] {logging_mixin.py:190} INFO - [2025-04-24T06:29:22.250+0000] {dagbag.py:588} INFO - Filling up the DagBag from /opt/airflow/dags/mart.py
[2025-04-24T06:29:22.266+0000] {processor.py:925} INFO - DAG(s) 'build_data_mart_python' retrieved from /opt/airflow/dags/mart.py
[2025-04-24T06:29:22.292+0000] {logging_mixin.py:190} INFO - [2025-04-24T06:29:22.292+0000] {dag.py:3239} INFO - Sync 1 DAGs
[2025-04-24T06:29:22.308+0000] {logging_mixin.py:190} INFO - [2025-04-24T06:29:22.308+0000] {dag.py:4180} INFO - Setting next_dagrun for build_data_mart_python to 2025-04-01 00:00:00+00:00, run_after=2025-05-01 00:00:00+00:00
[2025-04-24T06:29:22.322+0000] {processor.py:208} INFO - Processing /opt/airflow/dags/mart.py took 0.082 seconds
[2025-04-24T06:29:53.236+0000] {processor.py:186} INFO - Started process (PID=1375) to work on /opt/airflow/dags/mart.py
[2025-04-24T06:29:53.238+0000] {processor.py:914} INFO - Processing file /opt/airflow/dags/mart.py for tasks to queue
[2025-04-24T06:29:53.240+0000] {logging_mixin.py:190} INFO - [2025-04-24T06:29:53.240+0000] {dagbag.py:588} INFO - Filling up the DagBag from /opt/airflow/dags/mart.py
[2025-04-24T06:29:53.256+0000] {processor.py:925} INFO - DAG(s) 'build_data_mart_python' retrieved from /opt/airflow/dags/mart.py
[2025-04-24T06:29:53.282+0000] {logging_mixin.py:190} INFO - [2025-04-24T06:29:53.282+0000] {dag.py:3239} INFO - Sync 1 DAGs
[2025-04-24T06:29:53.297+0000] {logging_mixin.py:190} INFO - [2025-04-24T06:29:53.297+0000] {dag.py:4180} INFO - Setting next_dagrun for build_data_mart_python to 2025-04-01 00:00:00+00:00, run_after=2025-05-01 00:00:00+00:00
[2025-04-24T06:29:53.315+0000] {processor.py:208} INFO - Processing /opt/airflow/dags/mart.py took 0.086 seconds
[2025-04-24T06:30:24.167+0000] {processor.py:186} INFO - Started process (PID=1431) to work on /opt/airflow/dags/mart.py
[2025-04-24T06:30:24.167+0000] {processor.py:914} INFO - Processing file /opt/airflow/dags/mart.py for tasks to queue
[2025-04-24T06:30:24.169+0000] {logging_mixin.py:190} INFO - [2025-04-24T06:30:24.169+0000] {dagbag.py:588} INFO - Filling up the DagBag from /opt/airflow/dags/mart.py
[2025-04-24T06:30:24.183+0000] {processor.py:925} INFO - DAG(s) 'build_data_mart_python' retrieved from /opt/airflow/dags/mart.py
[2025-04-24T06:30:24.201+0000] {logging_mixin.py:190} INFO - [2025-04-24T06:30:24.201+0000] {dag.py:3239} INFO - Sync 1 DAGs
[2025-04-24T06:30:24.219+0000] {logging_mixin.py:190} INFO - [2025-04-24T06:30:24.218+0000] {dag.py:4180} INFO - Setting next_dagrun for build_data_mart_python to 2025-04-01 00:00:00+00:00, run_after=2025-05-01 00:00:00+00:00
[2025-04-24T06:30:24.230+0000] {processor.py:208} INFO - Processing /opt/airflow/dags/mart.py took 0.069 seconds
[2025-04-24T06:30:55.020+0000] {processor.py:186} INFO - Started process (PID=1487) to work on /opt/airflow/dags/mart.py
[2025-04-24T06:30:55.020+0000] {processor.py:914} INFO - Processing file /opt/airflow/dags/mart.py for tasks to queue
[2025-04-24T06:30:55.022+0000] {logging_mixin.py:190} INFO - [2025-04-24T06:30:55.022+0000] {dagbag.py:588} INFO - Filling up the DagBag from /opt/airflow/dags/mart.py
[2025-04-24T06:30:55.032+0000] {processor.py:925} INFO - DAG(s) 'build_data_mart_python' retrieved from /opt/airflow/dags/mart.py
[2025-04-24T06:30:55.057+0000] {logging_mixin.py:190} INFO - [2025-04-24T06:30:55.057+0000] {dag.py:3239} INFO - Sync 1 DAGs
[2025-04-24T06:30:55.072+0000] {logging_mixin.py:190} INFO - [2025-04-24T06:30:55.072+0000] {dag.py:4180} INFO - Setting next_dagrun for build_data_mart_python to 2025-04-01 00:00:00+00:00, run_after=2025-05-01 00:00:00+00:00
[2025-04-24T06:30:55.086+0000] {processor.py:208} INFO - Processing /opt/airflow/dags/mart.py took 0.070 seconds
[2025-04-24T06:31:25.927+0000] {processor.py:186} INFO - Started process (PID=1543) to work on /opt/airflow/dags/mart.py
[2025-04-24T06:31:25.928+0000] {processor.py:914} INFO - Processing file /opt/airflow/dags/mart.py for tasks to queue
[2025-04-24T06:31:25.930+0000] {logging_mixin.py:190} INFO - [2025-04-24T06:31:25.929+0000] {dagbag.py:588} INFO - Filling up the DagBag from /opt/airflow/dags/mart.py
[2025-04-24T06:31:25.941+0000] {processor.py:925} INFO - DAG(s) 'build_data_mart_python' retrieved from /opt/airflow/dags/mart.py
[2025-04-24T06:31:25.965+0000] {logging_mixin.py:190} INFO - [2025-04-24T06:31:25.965+0000] {dag.py:3239} INFO - Sync 1 DAGs
[2025-04-24T06:31:25.981+0000] {logging_mixin.py:190} INFO - [2025-04-24T06:31:25.980+0000] {dag.py:4180} INFO - Setting next_dagrun for build_data_mart_python to 2025-04-01 00:00:00+00:00, run_after=2025-05-01 00:00:00+00:00
[2025-04-24T06:31:25.994+0000] {processor.py:208} INFO - Processing /opt/airflow/dags/mart.py took 0.074 seconds
[2025-04-24T06:31:56.917+0000] {processor.py:186} INFO - Started process (PID=1599) to work on /opt/airflow/dags/mart.py
[2025-04-24T06:31:56.918+0000] {processor.py:914} INFO - Processing file /opt/airflow/dags/mart.py for tasks to queue
[2025-04-24T06:31:56.920+0000] {logging_mixin.py:190} INFO - [2025-04-24T06:31:56.920+0000] {dagbag.py:588} INFO - Filling up the DagBag from /opt/airflow/dags/mart.py
[2025-04-24T06:31:56.936+0000] {processor.py:925} INFO - DAG(s) 'build_data_mart_python' retrieved from /opt/airflow/dags/mart.py
[2025-04-24T06:31:56.966+0000] {logging_mixin.py:190} INFO - [2025-04-24T06:31:56.966+0000] {dag.py:3239} INFO - Sync 1 DAGs
[2025-04-24T06:31:56.986+0000] {logging_mixin.py:190} INFO - [2025-04-24T06:31:56.986+0000] {dag.py:4180} INFO - Setting next_dagrun for build_data_mart_python to 2025-04-01 00:00:00+00:00, run_after=2025-05-01 00:00:00+00:00
[2025-04-24T06:31:57.003+0000] {processor.py:208} INFO - Processing /opt/airflow/dags/mart.py took 0.092 seconds
[2025-04-24T06:32:27.968+0000] {processor.py:186} INFO - Started process (PID=1655) to work on /opt/airflow/dags/mart.py
[2025-04-24T06:32:27.968+0000] {processor.py:914} INFO - Processing file /opt/airflow/dags/mart.py for tasks to queue
[2025-04-24T06:32:27.970+0000] {logging_mixin.py:190} INFO - [2025-04-24T06:32:27.970+0000] {dagbag.py:588} INFO - Filling up the DagBag from /opt/airflow/dags/mart.py
[2025-04-24T06:32:27.982+0000] {processor.py:925} INFO - DAG(s) 'build_data_mart_python' retrieved from /opt/airflow/dags/mart.py
[2025-04-24T06:32:28.008+0000] {logging_mixin.py:190} INFO - [2025-04-24T06:32:28.008+0000] {dag.py:3239} INFO - Sync 1 DAGs
[2025-04-24T06:32:28.022+0000] {logging_mixin.py:190} INFO - [2025-04-24T06:32:28.021+0000] {dag.py:4180} INFO - Setting next_dagrun for build_data_mart_python to 2025-04-01 00:00:00+00:00, run_after=2025-05-01 00:00:00+00:00
[2025-04-24T06:32:28.034+0000] {processor.py:208} INFO - Processing /opt/airflow/dags/mart.py took 0.071 seconds
[2025-04-24T06:32:58.893+0000] {processor.py:186} INFO - Started process (PID=1711) to work on /opt/airflow/dags/mart.py
[2025-04-24T06:32:58.895+0000] {processor.py:914} INFO - Processing file /opt/airflow/dags/mart.py for tasks to queue
[2025-04-24T06:32:58.898+0000] {logging_mixin.py:190} INFO - [2025-04-24T06:32:58.898+0000] {dagbag.py:588} INFO - Filling up the DagBag from /opt/airflow/dags/mart.py
[2025-04-24T06:32:58.918+0000] {processor.py:925} INFO - DAG(s) 'build_data_mart_python' retrieved from /opt/airflow/dags/mart.py
[2025-04-24T06:32:58.951+0000] {logging_mixin.py:190} INFO - [2025-04-24T06:32:58.951+0000] {dag.py:3239} INFO - Sync 1 DAGs
[2025-04-24T06:32:58.966+0000] {logging_mixin.py:190} INFO - [2025-04-24T06:32:58.966+0000] {dag.py:4180} INFO - Setting next_dagrun for build_data_mart_python to 2025-04-01 00:00:00+00:00, run_after=2025-05-01 00:00:00+00:00
[2025-04-24T06:32:58.982+0000] {processor.py:208} INFO - Processing /opt/airflow/dags/mart.py took 0.098 seconds
[2025-04-24T06:33:29.827+0000] {processor.py:186} INFO - Started process (PID=1767) to work on /opt/airflow/dags/mart.py
[2025-04-24T06:33:29.828+0000] {processor.py:914} INFO - Processing file /opt/airflow/dags/mart.py for tasks to queue
[2025-04-24T06:33:29.832+0000] {logging_mixin.py:190} INFO - [2025-04-24T06:33:29.832+0000] {dagbag.py:588} INFO - Filling up the DagBag from /opt/airflow/dags/mart.py
[2025-04-24T06:33:29.854+0000] {processor.py:925} INFO - DAG(s) 'build_data_mart_python' retrieved from /opt/airflow/dags/mart.py
[2025-04-24T06:33:29.887+0000] {logging_mixin.py:190} INFO - [2025-04-24T06:33:29.887+0000] {dag.py:3239} INFO - Sync 1 DAGs
[2025-04-24T06:33:29.904+0000] {logging_mixin.py:190} INFO - [2025-04-24T06:33:29.904+0000] {dag.py:4180} INFO - Setting next_dagrun for build_data_mart_python to 2025-04-01 00:00:00+00:00, run_after=2025-05-01 00:00:00+00:00
[2025-04-24T06:33:29.920+0000] {processor.py:208} INFO - Processing /opt/airflow/dags/mart.py took 0.103 seconds
[2025-04-24T06:34:00.865+0000] {processor.py:186} INFO - Started process (PID=1823) to work on /opt/airflow/dags/mart.py
[2025-04-24T06:34:00.866+0000] {processor.py:914} INFO - Processing file /opt/airflow/dags/mart.py for tasks to queue
[2025-04-24T06:34:00.870+0000] {logging_mixin.py:190} INFO - [2025-04-24T06:34:00.870+0000] {dagbag.py:588} INFO - Filling up the DagBag from /opt/airflow/dags/mart.py
[2025-04-24T06:34:00.884+0000] {processor.py:925} INFO - DAG(s) 'build_data_mart_python' retrieved from /opt/airflow/dags/mart.py
[2025-04-24T06:34:00.908+0000] {logging_mixin.py:190} INFO - [2025-04-24T06:34:00.908+0000] {dag.py:3239} INFO - Sync 1 DAGs
[2025-04-24T06:34:00.924+0000] {logging_mixin.py:190} INFO - [2025-04-24T06:34:00.924+0000] {dag.py:4180} INFO - Setting next_dagrun for build_data_mart_python to 2025-04-01 00:00:00+00:00, run_after=2025-05-01 00:00:00+00:00
[2025-04-24T06:34:00.940+0000] {processor.py:208} INFO - Processing /opt/airflow/dags/mart.py took 0.080 seconds
[2025-04-24T06:34:31.822+0000] {processor.py:186} INFO - Started process (PID=1879) to work on /opt/airflow/dags/mart.py
[2025-04-24T06:34:31.823+0000] {processor.py:914} INFO - Processing file /opt/airflow/dags/mart.py for tasks to queue
[2025-04-24T06:34:31.827+0000] {logging_mixin.py:190} INFO - [2025-04-24T06:34:31.826+0000] {dagbag.py:588} INFO - Filling up the DagBag from /opt/airflow/dags/mart.py
[2025-04-24T06:34:31.841+0000] {processor.py:925} INFO - DAG(s) 'build_data_mart_python' retrieved from /opt/airflow/dags/mart.py
[2025-04-24T06:34:31.861+0000] {logging_mixin.py:190} INFO - [2025-04-24T06:34:31.861+0000] {dag.py:3239} INFO - Sync 1 DAGs
[2025-04-24T06:34:31.877+0000] {logging_mixin.py:190} INFO - [2025-04-24T06:34:31.877+0000] {dag.py:4180} INFO - Setting next_dagrun for build_data_mart_python to 2025-04-01 00:00:00+00:00, run_after=2025-05-01 00:00:00+00:00
[2025-04-24T06:34:31.888+0000] {processor.py:208} INFO - Processing /opt/airflow/dags/mart.py took 0.073 seconds
[2025-04-24T06:35:02.673+0000] {processor.py:186} INFO - Started process (PID=1935) to work on /opt/airflow/dags/mart.py
[2025-04-24T06:35:02.674+0000] {processor.py:914} INFO - Processing file /opt/airflow/dags/mart.py for tasks to queue
[2025-04-24T06:35:02.676+0000] {logging_mixin.py:190} INFO - [2025-04-24T06:35:02.676+0000] {dagbag.py:588} INFO - Filling up the DagBag from /opt/airflow/dags/mart.py
[2025-04-24T06:35:02.689+0000] {processor.py:925} INFO - DAG(s) 'build_data_mart_python' retrieved from /opt/airflow/dags/mart.py
[2025-04-24T06:35:02.713+0000] {logging_mixin.py:190} INFO - [2025-04-24T06:35:02.712+0000] {dag.py:3239} INFO - Sync 1 DAGs
[2025-04-24T06:35:02.727+0000] {logging_mixin.py:190} INFO - [2025-04-24T06:35:02.727+0000] {dag.py:4180} INFO - Setting next_dagrun for build_data_mart_python to 2025-04-01 00:00:00+00:00, run_after=2025-05-01 00:00:00+00:00
[2025-04-24T06:35:02.738+0000] {processor.py:208} INFO - Processing /opt/airflow/dags/mart.py took 0.069 seconds
[2025-04-24T06:35:33.528+0000] {processor.py:186} INFO - Started process (PID=1991) to work on /opt/airflow/dags/mart.py
[2025-04-24T06:35:33.529+0000] {processor.py:914} INFO - Processing file /opt/airflow/dags/mart.py for tasks to queue
[2025-04-24T06:35:33.530+0000] {logging_mixin.py:190} INFO - [2025-04-24T06:35:33.530+0000] {dagbag.py:588} INFO - Filling up the DagBag from /opt/airflow/dags/mart.py
[2025-04-24T06:35:33.542+0000] {processor.py:925} INFO - DAG(s) 'build_data_mart_python' retrieved from /opt/airflow/dags/mart.py
[2025-04-24T06:35:33.561+0000] {logging_mixin.py:190} INFO - [2025-04-24T06:35:33.561+0000] {dag.py:3239} INFO - Sync 1 DAGs
[2025-04-24T06:35:33.575+0000] {logging_mixin.py:190} INFO - [2025-04-24T06:35:33.575+0000] {dag.py:4180} INFO - Setting next_dagrun for build_data_mart_python to 2025-04-01 00:00:00+00:00, run_after=2025-05-01 00:00:00+00:00
[2025-04-24T06:35:33.589+0000] {processor.py:208} INFO - Processing /opt/airflow/dags/mart.py took 0.065 seconds
[2025-04-24T06:36:04.396+0000] {processor.py:186} INFO - Started process (PID=2047) to work on /opt/airflow/dags/mart.py
[2025-04-24T06:36:04.397+0000] {processor.py:914} INFO - Processing file /opt/airflow/dags/mart.py for tasks to queue
[2025-04-24T06:36:04.398+0000] {logging_mixin.py:190} INFO - [2025-04-24T06:36:04.398+0000] {dagbag.py:588} INFO - Filling up the DagBag from /opt/airflow/dags/mart.py
[2025-04-24T06:36:04.408+0000] {processor.py:925} INFO - DAG(s) 'build_data_mart_python' retrieved from /opt/airflow/dags/mart.py
[2025-04-24T06:36:04.428+0000] {logging_mixin.py:190} INFO - [2025-04-24T06:36:04.428+0000] {dag.py:3239} INFO - Sync 1 DAGs
[2025-04-24T06:36:04.441+0000] {logging_mixin.py:190} INFO - [2025-04-24T06:36:04.441+0000] {dag.py:4180} INFO - Setting next_dagrun for build_data_mart_python to 2025-04-01 00:00:00+00:00, run_after=2025-05-01 00:00:00+00:00
[2025-04-24T06:36:04.453+0000] {processor.py:208} INFO - Processing /opt/airflow/dags/mart.py took 0.062 seconds
[2025-04-24T06:36:35.265+0000] {processor.py:186} INFO - Started process (PID=2103) to work on /opt/airflow/dags/mart.py
[2025-04-24T06:36:35.266+0000] {processor.py:914} INFO - Processing file /opt/airflow/dags/mart.py for tasks to queue
[2025-04-24T06:36:35.268+0000] {logging_mixin.py:190} INFO - [2025-04-24T06:36:35.268+0000] {dagbag.py:588} INFO - Filling up the DagBag from /opt/airflow/dags/mart.py
[2025-04-24T06:36:35.277+0000] {processor.py:925} INFO - DAG(s) 'build_data_mart_python' retrieved from /opt/airflow/dags/mart.py
[2025-04-24T06:36:35.295+0000] {logging_mixin.py:190} INFO - [2025-04-24T06:36:35.295+0000] {dag.py:3239} INFO - Sync 1 DAGs
[2025-04-24T06:36:35.308+0000] {logging_mixin.py:190} INFO - [2025-04-24T06:36:35.308+0000] {dag.py:4180} INFO - Setting next_dagrun for build_data_mart_python to 2025-04-01 00:00:00+00:00, run_after=2025-05-01 00:00:00+00:00
[2025-04-24T06:36:35.319+0000] {processor.py:208} INFO - Processing /opt/airflow/dags/mart.py took 0.057 seconds
[2025-04-24T06:37:06.097+0000] {processor.py:186} INFO - Started process (PID=2159) to work on /opt/airflow/dags/mart.py
[2025-04-24T06:37:06.098+0000] {processor.py:914} INFO - Processing file /opt/airflow/dags/mart.py for tasks to queue
[2025-04-24T06:37:06.099+0000] {logging_mixin.py:190} INFO - [2025-04-24T06:37:06.099+0000] {dagbag.py:588} INFO - Filling up the DagBag from /opt/airflow/dags/mart.py
[2025-04-24T06:37:06.108+0000] {processor.py:925} INFO - DAG(s) 'build_data_mart_python' retrieved from /opt/airflow/dags/mart.py
[2025-04-24T06:37:06.126+0000] {logging_mixin.py:190} INFO - [2025-04-24T06:37:06.126+0000] {dag.py:3239} INFO - Sync 1 DAGs
[2025-04-24T06:37:06.138+0000] {logging_mixin.py:190} INFO - [2025-04-24T06:37:06.138+0000] {dag.py:4180} INFO - Setting next_dagrun for build_data_mart_python to 2025-04-01 00:00:00+00:00, run_after=2025-05-01 00:00:00+00:00
[2025-04-24T06:37:06.151+0000] {processor.py:208} INFO - Processing /opt/airflow/dags/mart.py took 0.058 seconds
[2025-04-24T06:37:36.941+0000] {processor.py:186} INFO - Started process (PID=2215) to work on /opt/airflow/dags/mart.py
[2025-04-24T06:37:36.942+0000] {processor.py:914} INFO - Processing file /opt/airflow/dags/mart.py for tasks to queue
[2025-04-24T06:37:36.943+0000] {logging_mixin.py:190} INFO - [2025-04-24T06:37:36.943+0000] {dagbag.py:588} INFO - Filling up the DagBag from /opt/airflow/dags/mart.py
[2025-04-24T06:37:36.957+0000] {processor.py:925} INFO - DAG(s) 'build_data_mart_python' retrieved from /opt/airflow/dags/mart.py
[2025-04-24T06:37:36.976+0000] {logging_mixin.py:190} INFO - [2025-04-24T06:37:36.976+0000] {dag.py:3239} INFO - Sync 1 DAGs
[2025-04-24T06:37:36.989+0000] {logging_mixin.py:190} INFO - [2025-04-24T06:37:36.989+0000] {dag.py:4180} INFO - Setting next_dagrun for build_data_mart_python to 2025-04-01 00:00:00+00:00, run_after=2025-05-01 00:00:00+00:00
[2025-04-24T06:37:37.000+0000] {processor.py:208} INFO - Processing /opt/airflow/dags/mart.py took 0.063 seconds
[2025-04-24T06:38:07.772+0000] {processor.py:186} INFO - Started process (PID=2271) to work on /opt/airflow/dags/mart.py
[2025-04-24T06:38:07.773+0000] {processor.py:914} INFO - Processing file /opt/airflow/dags/mart.py for tasks to queue
[2025-04-24T06:38:07.776+0000] {logging_mixin.py:190} INFO - [2025-04-24T06:38:07.776+0000] {dagbag.py:588} INFO - Filling up the DagBag from /opt/airflow/dags/mart.py
[2025-04-24T06:38:07.785+0000] {processor.py:925} INFO - DAG(s) 'build_data_mart_python' retrieved from /opt/airflow/dags/mart.py
[2025-04-24T06:38:07.807+0000] {logging_mixin.py:190} INFO - [2025-04-24T06:38:07.806+0000] {dag.py:3239} INFO - Sync 1 DAGs
[2025-04-24T06:38:07.821+0000] {logging_mixin.py:190} INFO - [2025-04-24T06:38:07.821+0000] {dag.py:4180} INFO - Setting next_dagrun for build_data_mart_python to 2025-04-01 00:00:00+00:00, run_after=2025-05-01 00:00:00+00:00
[2025-04-24T06:38:07.833+0000] {processor.py:208} INFO - Processing /opt/airflow/dags/mart.py took 0.066 seconds
[2025-04-24T06:38:38.646+0000] {processor.py:186} INFO - Started process (PID=2327) to work on /opt/airflow/dags/mart.py
[2025-04-24T06:38:38.647+0000] {processor.py:914} INFO - Processing file /opt/airflow/dags/mart.py for tasks to queue
[2025-04-24T06:38:38.648+0000] {logging_mixin.py:190} INFO - [2025-04-24T06:38:38.648+0000] {dagbag.py:588} INFO - Filling up the DagBag from /opt/airflow/dags/mart.py
[2025-04-24T06:38:38.661+0000] {processor.py:925} INFO - DAG(s) 'build_data_mart_python' retrieved from /opt/airflow/dags/mart.py
[2025-04-24T06:38:38.679+0000] {logging_mixin.py:190} INFO - [2025-04-24T06:38:38.679+0000] {dag.py:3239} INFO - Sync 1 DAGs
[2025-04-24T06:38:38.693+0000] {logging_mixin.py:190} INFO - [2025-04-24T06:38:38.693+0000] {dag.py:4180} INFO - Setting next_dagrun for build_data_mart_python to 2025-04-01 00:00:00+00:00, run_after=2025-05-01 00:00:00+00:00
[2025-04-24T06:38:38.708+0000] {processor.py:208} INFO - Processing /opt/airflow/dags/mart.py took 0.067 seconds
[2025-04-24T06:39:09.465+0000] {processor.py:186} INFO - Started process (PID=2383) to work on /opt/airflow/dags/mart.py
[2025-04-24T06:39:09.466+0000] {processor.py:914} INFO - Processing file /opt/airflow/dags/mart.py for tasks to queue
[2025-04-24T06:39:09.467+0000] {logging_mixin.py:190} INFO - [2025-04-24T06:39:09.467+0000] {dagbag.py:588} INFO - Filling up the DagBag from /opt/airflow/dags/mart.py
[2025-04-24T06:39:09.477+0000] {processor.py:925} INFO - DAG(s) 'build_data_mart_python' retrieved from /opt/airflow/dags/mart.py
[2025-04-24T06:39:09.500+0000] {logging_mixin.py:190} INFO - [2025-04-24T06:39:09.496+0000] {dag.py:3239} INFO - Sync 1 DAGs
[2025-04-24T06:39:09.518+0000] {logging_mixin.py:190} INFO - [2025-04-24T06:39:09.518+0000] {dag.py:4180} INFO - Setting next_dagrun for build_data_mart_python to 2025-04-01 00:00:00+00:00, run_after=2025-05-01 00:00:00+00:00
[2025-04-24T06:39:09.528+0000] {processor.py:208} INFO - Processing /opt/airflow/dags/mart.py took 0.068 seconds
[2025-04-24T06:39:40.395+0000] {processor.py:186} INFO - Started process (PID=2439) to work on /opt/airflow/dags/mart.py
[2025-04-24T06:39:40.396+0000] {processor.py:914} INFO - Processing file /opt/airflow/dags/mart.py for tasks to queue
[2025-04-24T06:39:40.398+0000] {logging_mixin.py:190} INFO - [2025-04-24T06:39:40.397+0000] {dagbag.py:588} INFO - Filling up the DagBag from /opt/airflow/dags/mart.py
[2025-04-24T06:39:40.407+0000] {processor.py:925} INFO - DAG(s) 'build_data_mart_python' retrieved from /opt/airflow/dags/mart.py
[2025-04-24T06:39:40.426+0000] {logging_mixin.py:190} INFO - [2025-04-24T06:39:40.425+0000] {dag.py:3239} INFO - Sync 1 DAGs
[2025-04-24T06:39:40.439+0000] {logging_mixin.py:190} INFO - [2025-04-24T06:39:40.438+0000] {dag.py:4180} INFO - Setting next_dagrun for build_data_mart_python to 2025-04-01 00:00:00+00:00, run_after=2025-05-01 00:00:00+00:00
[2025-04-24T06:39:40.451+0000] {processor.py:208} INFO - Processing /opt/airflow/dags/mart.py took 0.062 seconds
[2025-04-24T06:40:11.263+0000] {processor.py:186} INFO - Started process (PID=2501) to work on /opt/airflow/dags/mart.py
[2025-04-24T06:40:11.264+0000] {processor.py:914} INFO - Processing file /opt/airflow/dags/mart.py for tasks to queue
[2025-04-24T06:40:11.265+0000] {logging_mixin.py:190} INFO - [2025-04-24T06:40:11.265+0000] {dagbag.py:588} INFO - Filling up the DagBag from /opt/airflow/dags/mart.py
[2025-04-24T06:40:11.276+0000] {processor.py:925} INFO - DAG(s) 'build_data_mart_python' retrieved from /opt/airflow/dags/mart.py
[2025-04-24T06:40:11.299+0000] {logging_mixin.py:190} INFO - [2025-04-24T06:40:11.299+0000] {dag.py:3239} INFO - Sync 1 DAGs
[2025-04-24T06:40:11.312+0000] {logging_mixin.py:190} INFO - [2025-04-24T06:40:11.312+0000] {dag.py:4180} INFO - Setting next_dagrun for build_data_mart_python to 2025-04-01 00:00:00+00:00, run_after=2025-05-01 00:00:00+00:00
[2025-04-24T06:40:11.325+0000] {processor.py:208} INFO - Processing /opt/airflow/dags/mart.py took 0.066 seconds
[2025-04-24T06:40:42.172+0000] {processor.py:186} INFO - Started process (PID=2557) to work on /opt/airflow/dags/mart.py
[2025-04-24T06:40:42.174+0000] {processor.py:914} INFO - Processing file /opt/airflow/dags/mart.py for tasks to queue
[2025-04-24T06:40:42.177+0000] {logging_mixin.py:190} INFO - [2025-04-24T06:40:42.176+0000] {dagbag.py:588} INFO - Filling up the DagBag from /opt/airflow/dags/mart.py
[2025-04-24T06:40:42.187+0000] {processor.py:925} INFO - DAG(s) 'build_data_mart_python' retrieved from /opt/airflow/dags/mart.py
[2025-04-24T06:40:42.206+0000] {logging_mixin.py:190} INFO - [2025-04-24T06:40:42.206+0000] {dag.py:3239} INFO - Sync 1 DAGs
[2025-04-24T06:40:42.220+0000] {logging_mixin.py:190} INFO - [2025-04-24T06:40:42.219+0000] {dag.py:4180} INFO - Setting next_dagrun for build_data_mart_python to 2025-04-01 00:00:00+00:00, run_after=2025-05-01 00:00:00+00:00
[2025-04-24T06:40:42.231+0000] {processor.py:208} INFO - Processing /opt/airflow/dags/mart.py took 0.066 seconds
[2025-04-24T06:41:13.001+0000] {processor.py:186} INFO - Started process (PID=2613) to work on /opt/airflow/dags/mart.py
[2025-04-24T06:41:13.002+0000] {processor.py:914} INFO - Processing file /opt/airflow/dags/mart.py for tasks to queue
[2025-04-24T06:41:13.004+0000] {logging_mixin.py:190} INFO - [2025-04-24T06:41:13.004+0000] {dagbag.py:588} INFO - Filling up the DagBag from /opt/airflow/dags/mart.py
[2025-04-24T06:41:13.017+0000] {processor.py:925} INFO - DAG(s) 'build_data_mart_python' retrieved from /opt/airflow/dags/mart.py
[2025-04-24T06:41:13.038+0000] {logging_mixin.py:190} INFO - [2025-04-24T06:41:13.038+0000] {dag.py:3239} INFO - Sync 1 DAGs
[2025-04-24T06:41:13.052+0000] {logging_mixin.py:190} INFO - [2025-04-24T06:41:13.052+0000] {dag.py:4180} INFO - Setting next_dagrun for build_data_mart_python to 2025-04-01 00:00:00+00:00, run_after=2025-05-01 00:00:00+00:00
[2025-04-24T06:41:13.063+0000] {processor.py:208} INFO - Processing /opt/airflow/dags/mart.py took 0.069 seconds
[2025-04-24T06:41:43.910+0000] {processor.py:186} INFO - Started process (PID=2669) to work on /opt/airflow/dags/mart.py
[2025-04-24T06:41:43.911+0000] {processor.py:914} INFO - Processing file /opt/airflow/dags/mart.py for tasks to queue
[2025-04-24T06:41:43.913+0000] {logging_mixin.py:190} INFO - [2025-04-24T06:41:43.912+0000] {dagbag.py:588} INFO - Filling up the DagBag from /opt/airflow/dags/mart.py
[2025-04-24T06:41:43.922+0000] {processor.py:925} INFO - DAG(s) 'build_data_mart_python' retrieved from /opt/airflow/dags/mart.py
[2025-04-24T06:41:43.947+0000] {logging_mixin.py:190} INFO - [2025-04-24T06:41:43.947+0000] {dag.py:3239} INFO - Sync 1 DAGs
[2025-04-24T06:41:43.960+0000] {logging_mixin.py:190} INFO - [2025-04-24T06:41:43.960+0000] {dag.py:4180} INFO - Setting next_dagrun for build_data_mart_python to 2025-04-01 00:00:00+00:00, run_after=2025-05-01 00:00:00+00:00
[2025-04-24T06:41:43.973+0000] {processor.py:208} INFO - Processing /opt/airflow/dags/mart.py took 0.067 seconds
[2025-04-24T06:42:14.745+0000] {processor.py:186} INFO - Started process (PID=2725) to work on /opt/airflow/dags/mart.py
[2025-04-24T06:42:14.746+0000] {processor.py:914} INFO - Processing file /opt/airflow/dags/mart.py for tasks to queue
[2025-04-24T06:42:14.748+0000] {logging_mixin.py:190} INFO - [2025-04-24T06:42:14.748+0000] {dagbag.py:588} INFO - Filling up the DagBag from /opt/airflow/dags/mart.py
[2025-04-24T06:42:14.759+0000] {processor.py:925} INFO - DAG(s) 'build_data_mart_python' retrieved from /opt/airflow/dags/mart.py
[2025-04-24T06:42:14.785+0000] {logging_mixin.py:190} INFO - [2025-04-24T06:42:14.785+0000] {dag.py:3239} INFO - Sync 1 DAGs
[2025-04-24T06:42:14.800+0000] {logging_mixin.py:190} INFO - [2025-04-24T06:42:14.800+0000] {dag.py:4180} INFO - Setting next_dagrun for build_data_mart_python to 2025-04-01 00:00:00+00:00, run_after=2025-05-01 00:00:00+00:00
[2025-04-24T06:42:14.819+0000] {processor.py:208} INFO - Processing /opt/airflow/dags/mart.py took 0.080 seconds
[2025-04-24T06:42:45.692+0000] {processor.py:186} INFO - Started process (PID=2781) to work on /opt/airflow/dags/mart.py
[2025-04-24T06:42:45.694+0000] {processor.py:914} INFO - Processing file /opt/airflow/dags/mart.py for tasks to queue
[2025-04-24T06:42:45.696+0000] {logging_mixin.py:190} INFO - [2025-04-24T06:42:45.695+0000] {dagbag.py:588} INFO - Filling up the DagBag from /opt/airflow/dags/mart.py
[2025-04-24T06:42:45.706+0000] {processor.py:925} INFO - DAG(s) 'build_data_mart_python' retrieved from /opt/airflow/dags/mart.py
[2025-04-24T06:42:45.729+0000] {logging_mixin.py:190} INFO - [2025-04-24T06:42:45.729+0000] {dag.py:3239} INFO - Sync 1 DAGs
[2025-04-24T06:42:45.745+0000] {logging_mixin.py:190} INFO - [2025-04-24T06:42:45.745+0000] {dag.py:4180} INFO - Setting next_dagrun for build_data_mart_python to 2025-04-01 00:00:00+00:00, run_after=2025-05-01 00:00:00+00:00
[2025-04-24T06:42:45.759+0000] {processor.py:208} INFO - Processing /opt/airflow/dags/mart.py took 0.071 seconds
[2025-04-24T06:43:16.624+0000] {processor.py:186} INFO - Started process (PID=2837) to work on /opt/airflow/dags/mart.py
[2025-04-24T06:43:16.625+0000] {processor.py:914} INFO - Processing file /opt/airflow/dags/mart.py for tasks to queue
[2025-04-24T06:43:16.627+0000] {logging_mixin.py:190} INFO - [2025-04-24T06:43:16.627+0000] {dagbag.py:588} INFO - Filling up the DagBag from /opt/airflow/dags/mart.py
[2025-04-24T06:43:16.637+0000] {processor.py:925} INFO - DAG(s) 'build_data_mart_python' retrieved from /opt/airflow/dags/mart.py
[2025-04-24T06:43:16.657+0000] {logging_mixin.py:190} INFO - [2025-04-24T06:43:16.657+0000] {dag.py:3239} INFO - Sync 1 DAGs
[2025-04-24T06:43:16.673+0000] {logging_mixin.py:190} INFO - [2025-04-24T06:43:16.673+0000] {dag.py:4180} INFO - Setting next_dagrun for build_data_mart_python to 2025-04-01 00:00:00+00:00, run_after=2025-05-01 00:00:00+00:00
[2025-04-24T06:43:16.685+0000] {processor.py:208} INFO - Processing /opt/airflow/dags/mart.py took 0.067 seconds
[2025-04-24T06:43:47.407+0000] {processor.py:186} INFO - Started process (PID=2893) to work on /opt/airflow/dags/mart.py
[2025-04-24T06:43:47.407+0000] {processor.py:914} INFO - Processing file /opt/airflow/dags/mart.py for tasks to queue
[2025-04-24T06:43:47.409+0000] {logging_mixin.py:190} INFO - [2025-04-24T06:43:47.409+0000] {dagbag.py:588} INFO - Filling up the DagBag from /opt/airflow/dags/mart.py
[2025-04-24T06:43:47.421+0000] {processor.py:925} INFO - DAG(s) 'build_data_mart_python' retrieved from /opt/airflow/dags/mart.py
[2025-04-24T06:43:47.446+0000] {logging_mixin.py:190} INFO - [2025-04-24T06:43:47.446+0000] {dag.py:3239} INFO - Sync 1 DAGs
[2025-04-24T06:43:47.463+0000] {logging_mixin.py:190} INFO - [2025-04-24T06:43:47.463+0000] {dag.py:4180} INFO - Setting next_dagrun for build_data_mart_python to 2025-04-01 00:00:00+00:00, run_after=2025-05-01 00:00:00+00:00
[2025-04-24T06:43:47.476+0000] {processor.py:208} INFO - Processing /opt/airflow/dags/mart.py took 0.075 seconds
[2025-04-24T06:44:18.318+0000] {processor.py:186} INFO - Started process (PID=2949) to work on /opt/airflow/dags/mart.py
[2025-04-24T06:44:18.318+0000] {processor.py:914} INFO - Processing file /opt/airflow/dags/mart.py for tasks to queue
[2025-04-24T06:44:18.320+0000] {logging_mixin.py:190} INFO - [2025-04-24T06:44:18.320+0000] {dagbag.py:588} INFO - Filling up the DagBag from /opt/airflow/dags/mart.py
[2025-04-24T06:44:18.329+0000] {processor.py:925} INFO - DAG(s) 'build_data_mart_python' retrieved from /opt/airflow/dags/mart.py
[2025-04-24T06:44:18.350+0000] {logging_mixin.py:190} INFO - [2025-04-24T06:44:18.350+0000] {dag.py:3239} INFO - Sync 1 DAGs
[2025-04-24T06:44:18.365+0000] {logging_mixin.py:190} INFO - [2025-04-24T06:44:18.365+0000] {dag.py:4180} INFO - Setting next_dagrun for build_data_mart_python to 2025-04-01 00:00:00+00:00, run_after=2025-05-01 00:00:00+00:00
[2025-04-24T06:44:18.465+0000] {processor.py:208} INFO - Processing /opt/airflow/dags/mart.py took 0.153 seconds
[2025-04-24T06:44:49.330+0000] {processor.py:186} INFO - Started process (PID=3004) to work on /opt/airflow/dags/mart.py
[2025-04-24T06:44:49.331+0000] {processor.py:914} INFO - Processing file /opt/airflow/dags/mart.py for tasks to queue
[2025-04-24T06:44:49.334+0000] {logging_mixin.py:190} INFO - [2025-04-24T06:44:49.332+0000] {dagbag.py:588} INFO - Filling up the DagBag from /opt/airflow/dags/mart.py
[2025-04-24T06:44:49.345+0000] {processor.py:925} INFO - DAG(s) 'build_data_mart_python' retrieved from /opt/airflow/dags/mart.py
[2025-04-24T06:44:49.364+0000] {logging_mixin.py:190} INFO - [2025-04-24T06:44:49.364+0000] {dag.py:3239} INFO - Sync 1 DAGs
[2025-04-24T06:44:49.377+0000] {logging_mixin.py:190} INFO - [2025-04-24T06:44:49.377+0000] {dag.py:4180} INFO - Setting next_dagrun for build_data_mart_python to 2025-04-01 00:00:00+00:00, run_after=2025-05-01 00:00:00+00:00
[2025-04-24T06:44:49.390+0000] {processor.py:208} INFO - Processing /opt/airflow/dags/mart.py took 0.066 seconds
[2025-04-24T06:45:20.235+0000] {processor.py:186} INFO - Started process (PID=3060) to work on /opt/airflow/dags/mart.py
[2025-04-24T06:45:20.236+0000] {processor.py:914} INFO - Processing file /opt/airflow/dags/mart.py for tasks to queue
[2025-04-24T06:45:20.238+0000] {logging_mixin.py:190} INFO - [2025-04-24T06:45:20.238+0000] {dagbag.py:588} INFO - Filling up the DagBag from /opt/airflow/dags/mart.py
[2025-04-24T06:45:20.248+0000] {processor.py:925} INFO - DAG(s) 'build_data_mart_python' retrieved from /opt/airflow/dags/mart.py
[2025-04-24T06:45:20.269+0000] {logging_mixin.py:190} INFO - [2025-04-24T06:45:20.268+0000] {dag.py:3239} INFO - Sync 1 DAGs
[2025-04-24T06:45:20.282+0000] {logging_mixin.py:190} INFO - [2025-04-24T06:45:20.282+0000] {dag.py:4180} INFO - Setting next_dagrun for build_data_mart_python to 2025-04-01 00:00:00+00:00, run_after=2025-05-01 00:00:00+00:00
[2025-04-24T06:45:20.292+0000] {processor.py:208} INFO - Processing /opt/airflow/dags/mart.py took 0.063 seconds
[2025-04-24T06:45:51.103+0000] {processor.py:186} INFO - Started process (PID=3116) to work on /opt/airflow/dags/mart.py
[2025-04-24T06:45:51.106+0000] {processor.py:914} INFO - Processing file /opt/airflow/dags/mart.py for tasks to queue
[2025-04-24T06:45:51.109+0000] {logging_mixin.py:190} INFO - [2025-04-24T06:45:51.109+0000] {dagbag.py:588} INFO - Filling up the DagBag from /opt/airflow/dags/mart.py
[2025-04-24T06:45:51.129+0000] {processor.py:925} INFO - DAG(s) 'build_data_mart_python' retrieved from /opt/airflow/dags/mart.py
[2025-04-24T06:45:51.158+0000] {logging_mixin.py:190} INFO - [2025-04-24T06:45:51.158+0000] {dag.py:3239} INFO - Sync 1 DAGs
[2025-04-24T06:45:51.177+0000] {logging_mixin.py:190} INFO - [2025-04-24T06:45:51.177+0000] {dag.py:4180} INFO - Setting next_dagrun for build_data_mart_python to 2025-04-01 00:00:00+00:00, run_after=2025-05-01 00:00:00+00:00
[2025-04-24T06:45:51.193+0000] {processor.py:208} INFO - Processing /opt/airflow/dags/mart.py took 0.101 seconds
[2025-04-24T06:46:22.156+0000] {processor.py:186} INFO - Started process (PID=3172) to work on /opt/airflow/dags/mart.py
[2025-04-24T06:46:22.157+0000] {processor.py:914} INFO - Processing file /opt/airflow/dags/mart.py for tasks to queue
[2025-04-24T06:46:22.160+0000] {logging_mixin.py:190} INFO - [2025-04-24T06:46:22.160+0000] {dagbag.py:588} INFO - Filling up the DagBag from /opt/airflow/dags/mart.py
[2025-04-24T06:46:22.170+0000] {processor.py:925} INFO - DAG(s) 'build_data_mart_python' retrieved from /opt/airflow/dags/mart.py
[2025-04-24T06:46:22.194+0000] {logging_mixin.py:190} INFO - [2025-04-24T06:46:22.194+0000] {dag.py:3239} INFO - Sync 1 DAGs
[2025-04-24T06:46:22.212+0000] {logging_mixin.py:190} INFO - [2025-04-24T06:46:22.211+0000] {dag.py:4180} INFO - Setting next_dagrun for build_data_mart_python to 2025-04-01 00:00:00+00:00, run_after=2025-05-01 00:00:00+00:00
[2025-04-24T06:46:22.225+0000] {processor.py:208} INFO - Processing /opt/airflow/dags/mart.py took 0.074 seconds
[2025-04-24T06:46:52.279+0000] {processor.py:186} INFO - Started process (PID=3228) to work on /opt/airflow/dags/mart.py
[2025-04-24T06:46:52.279+0000] {processor.py:914} INFO - Processing file /opt/airflow/dags/mart.py for tasks to queue
[2025-04-24T06:46:52.281+0000] {logging_mixin.py:190} INFO - [2025-04-24T06:46:52.280+0000] {dagbag.py:588} INFO - Filling up the DagBag from /opt/airflow/dags/mart.py
[2025-04-24T06:46:52.288+0000] {processor.py:925} INFO - DAG(s) 'build_data_mart_python' retrieved from /opt/airflow/dags/mart.py
[2025-04-24T06:46:52.305+0000] {logging_mixin.py:190} INFO - [2025-04-24T06:46:52.305+0000] {dag.py:3239} INFO - Sync 1 DAGs
[2025-04-24T06:46:52.320+0000] {logging_mixin.py:190} INFO - [2025-04-24T06:46:52.319+0000] {dag.py:4180} INFO - Setting next_dagrun for build_data_mart_python to 2025-04-01 00:00:00+00:00, run_after=2025-05-01 00:00:00+00:00
[2025-04-24T06:46:52.329+0000] {processor.py:208} INFO - Processing /opt/airflow/dags/mart.py took 0.054 seconds
[2025-04-24T06:47:23.177+0000] {processor.py:186} INFO - Started process (PID=3284) to work on /opt/airflow/dags/mart.py
[2025-04-24T06:47:23.178+0000] {processor.py:914} INFO - Processing file /opt/airflow/dags/mart.py for tasks to queue
[2025-04-24T06:47:23.180+0000] {logging_mixin.py:190} INFO - [2025-04-24T06:47:23.180+0000] {dagbag.py:588} INFO - Filling up the DagBag from /opt/airflow/dags/mart.py
[2025-04-24T06:47:23.192+0000] {processor.py:925} INFO - DAG(s) 'build_data_mart_python' retrieved from /opt/airflow/dags/mart.py
[2025-04-24T06:47:23.210+0000] {logging_mixin.py:190} INFO - [2025-04-24T06:47:23.209+0000] {dag.py:3239} INFO - Sync 1 DAGs
[2025-04-24T06:47:23.227+0000] {logging_mixin.py:190} INFO - [2025-04-24T06:47:23.226+0000] {dag.py:4180} INFO - Setting next_dagrun for build_data_mart_python to 2025-04-01 00:00:00+00:00, run_after=2025-05-01 00:00:00+00:00
[2025-04-24T06:47:23.241+0000] {processor.py:208} INFO - Processing /opt/airflow/dags/mart.py took 0.067 seconds
[2025-04-24T06:47:54.127+0000] {processor.py:186} INFO - Started process (PID=3340) to work on /opt/airflow/dags/mart.py
[2025-04-24T06:47:54.128+0000] {processor.py:914} INFO - Processing file /opt/airflow/dags/mart.py for tasks to queue
[2025-04-24T06:47:54.129+0000] {logging_mixin.py:190} INFO - [2025-04-24T06:47:54.129+0000] {dagbag.py:588} INFO - Filling up the DagBag from /opt/airflow/dags/mart.py
[2025-04-24T06:47:54.140+0000] {processor.py:925} INFO - DAG(s) 'build_data_mart_python' retrieved from /opt/airflow/dags/mart.py
[2025-04-24T06:47:54.158+0000] {logging_mixin.py:190} INFO - [2025-04-24T06:47:54.158+0000] {dag.py:3239} INFO - Sync 1 DAGs
[2025-04-24T06:47:54.174+0000] {logging_mixin.py:190} INFO - [2025-04-24T06:47:54.173+0000] {dag.py:4180} INFO - Setting next_dagrun for build_data_mart_python to 2025-04-01 00:00:00+00:00, run_after=2025-05-01 00:00:00+00:00
[2025-04-24T06:47:54.183+0000] {processor.py:208} INFO - Processing /opt/airflow/dags/mart.py took 0.062 seconds
[2025-04-24T06:48:24.208+0000] {processor.py:186} INFO - Started process (PID=3395) to work on /opt/airflow/dags/mart.py
[2025-04-24T06:48:24.209+0000] {processor.py:914} INFO - Processing file /opt/airflow/dags/mart.py for tasks to queue
[2025-04-24T06:48:24.210+0000] {logging_mixin.py:190} INFO - [2025-04-24T06:48:24.210+0000] {dagbag.py:588} INFO - Filling up the DagBag from /opt/airflow/dags/mart.py
[2025-04-24T06:48:24.218+0000] {processor.py:925} INFO - DAG(s) 'build_data_mart_python' retrieved from /opt/airflow/dags/mart.py
[2025-04-24T06:48:24.236+0000] {logging_mixin.py:190} INFO - [2025-04-24T06:48:24.236+0000] {dag.py:3239} INFO - Sync 1 DAGs
[2025-04-24T06:48:24.249+0000] {logging_mixin.py:190} INFO - [2025-04-24T06:48:24.249+0000] {dag.py:4180} INFO - Setting next_dagrun for build_data_mart_python to 2025-04-01 00:00:00+00:00, run_after=2025-05-01 00:00:00+00:00
[2025-04-24T06:48:24.259+0000] {processor.py:208} INFO - Processing /opt/airflow/dags/mart.py took 0.056 seconds
[2025-04-24T06:48:54.280+0000] {processor.py:186} INFO - Started process (PID=3451) to work on /opt/airflow/dags/mart.py
[2025-04-24T06:48:54.281+0000] {processor.py:914} INFO - Processing file /opt/airflow/dags/mart.py for tasks to queue
[2025-04-24T06:48:54.282+0000] {logging_mixin.py:190} INFO - [2025-04-24T06:48:54.282+0000] {dagbag.py:588} INFO - Filling up the DagBag from /opt/airflow/dags/mart.py
[2025-04-24T06:48:54.289+0000] {processor.py:925} INFO - DAG(s) 'build_data_mart_python' retrieved from /opt/airflow/dags/mart.py
[2025-04-24T06:48:54.305+0000] {logging_mixin.py:190} INFO - [2025-04-24T06:48:54.305+0000] {dag.py:3239} INFO - Sync 1 DAGs
[2025-04-24T06:48:54.410+0000] {logging_mixin.py:190} INFO - [2025-04-24T06:48:54.410+0000] {dag.py:4180} INFO - Setting next_dagrun for build_data_mart_python to 2025-04-01 00:00:00+00:00, run_after=2025-05-01 00:00:00+00:00
[2025-04-24T06:48:54.418+0000] {processor.py:208} INFO - Processing /opt/airflow/dags/mart.py took 0.143 seconds
[2025-04-24T06:49:25.390+0000] {processor.py:186} INFO - Started process (PID=3507) to work on /opt/airflow/dags/mart.py
[2025-04-24T06:49:25.391+0000] {processor.py:914} INFO - Processing file /opt/airflow/dags/mart.py for tasks to queue
[2025-04-24T06:49:25.392+0000] {logging_mixin.py:190} INFO - [2025-04-24T06:49:25.392+0000] {dagbag.py:588} INFO - Filling up the DagBag from /opt/airflow/dags/mart.py
[2025-04-24T06:49:25.400+0000] {processor.py:925} INFO - DAG(s) 'build_data_mart_python' retrieved from /opt/airflow/dags/mart.py
[2025-04-24T06:49:25.419+0000] {logging_mixin.py:190} INFO - [2025-04-24T06:49:25.419+0000] {dag.py:3239} INFO - Sync 1 DAGs
[2025-04-24T06:49:25.433+0000] {logging_mixin.py:190} INFO - [2025-04-24T06:49:25.433+0000] {dag.py:4180} INFO - Setting next_dagrun for build_data_mart_python to 2025-04-01 00:00:00+00:00, run_after=2025-05-01 00:00:00+00:00
[2025-04-24T06:49:25.445+0000] {processor.py:208} INFO - Processing /opt/airflow/dags/mart.py took 0.060 seconds
[2025-04-24T06:49:56.326+0000] {processor.py:186} INFO - Started process (PID=3563) to work on /opt/airflow/dags/mart.py
[2025-04-24T06:49:56.327+0000] {processor.py:914} INFO - Processing file /opt/airflow/dags/mart.py for tasks to queue
[2025-04-24T06:49:56.329+0000] {logging_mixin.py:190} INFO - [2025-04-24T06:49:56.328+0000] {dagbag.py:588} INFO - Filling up the DagBag from /opt/airflow/dags/mart.py
[2025-04-24T06:49:56.339+0000] {processor.py:925} INFO - DAG(s) 'build_data_mart_python' retrieved from /opt/airflow/dags/mart.py
[2025-04-24T06:49:56.361+0000] {logging_mixin.py:190} INFO - [2025-04-24T06:49:56.360+0000] {dag.py:3239} INFO - Sync 1 DAGs
[2025-04-24T06:49:56.374+0000] {logging_mixin.py:190} INFO - [2025-04-24T06:49:56.374+0000] {dag.py:4180} INFO - Setting next_dagrun for build_data_mart_python to 2025-04-01 00:00:00+00:00, run_after=2025-05-01 00:00:00+00:00
[2025-04-24T06:49:56.385+0000] {processor.py:208} INFO - Processing /opt/airflow/dags/mart.py took 0.063 seconds
[2025-04-24T06:50:27.179+0000] {processor.py:186} INFO - Started process (PID=3619) to work on /opt/airflow/dags/mart.py
[2025-04-24T06:50:27.182+0000] {processor.py:914} INFO - Processing file /opt/airflow/dags/mart.py for tasks to queue
[2025-04-24T06:50:27.184+0000] {logging_mixin.py:190} INFO - [2025-04-24T06:50:27.184+0000] {dagbag.py:588} INFO - Filling up the DagBag from /opt/airflow/dags/mart.py
[2025-04-24T06:50:27.199+0000] {processor.py:925} INFO - DAG(s) 'build_data_mart_python' retrieved from /opt/airflow/dags/mart.py
[2025-04-24T06:50:27.229+0000] {logging_mixin.py:190} INFO - [2025-04-24T06:50:27.229+0000] {dag.py:3239} INFO - Sync 1 DAGs
[2025-04-24T06:50:27.247+0000] {logging_mixin.py:190} INFO - [2025-04-24T06:50:27.247+0000] {dag.py:4180} INFO - Setting next_dagrun for build_data_mart_python to 2025-04-01 00:00:00+00:00, run_after=2025-05-01 00:00:00+00:00
[2025-04-24T06:50:27.261+0000] {processor.py:208} INFO - Processing /opt/airflow/dags/mart.py took 0.090 seconds
[2025-04-24T06:50:57.444+0000] {processor.py:186} INFO - Started process (PID=3675) to work on /opt/airflow/dags/mart.py
[2025-04-24T06:50:57.444+0000] {processor.py:914} INFO - Processing file /opt/airflow/dags/mart.py for tasks to queue
[2025-04-24T06:50:57.446+0000] {logging_mixin.py:190} INFO - [2025-04-24T06:50:57.445+0000] {dagbag.py:588} INFO - Filling up the DagBag from /opt/airflow/dags/mart.py
[2025-04-24T06:50:57.458+0000] {processor.py:925} INFO - DAG(s) 'build_data_mart_python' retrieved from /opt/airflow/dags/mart.py
[2025-04-24T06:50:57.481+0000] {logging_mixin.py:190} INFO - [2025-04-24T06:50:57.481+0000] {dag.py:3239} INFO - Sync 1 DAGs
[2025-04-24T06:50:57.586+0000] {logging_mixin.py:190} INFO - [2025-04-24T06:50:57.585+0000] {dag.py:4180} INFO - Setting next_dagrun for build_data_mart_python to 2025-04-01 00:00:00+00:00, run_after=2025-05-01 00:00:00+00:00
[2025-04-24T06:50:57.598+0000] {processor.py:208} INFO - Processing /opt/airflow/dags/mart.py took 0.161 seconds
[2025-04-24T06:51:27.639+0000] {processor.py:186} INFO - Started process (PID=3731) to work on /opt/airflow/dags/mart.py
[2025-04-24T06:51:27.641+0000] {processor.py:914} INFO - Processing file /opt/airflow/dags/mart.py for tasks to queue
[2025-04-24T06:51:27.644+0000] {logging_mixin.py:190} INFO - [2025-04-24T06:51:27.644+0000] {dagbag.py:588} INFO - Filling up the DagBag from /opt/airflow/dags/mart.py
[2025-04-24T06:51:27.661+0000] {processor.py:925} INFO - DAG(s) 'build_data_mart_python' retrieved from /opt/airflow/dags/mart.py
[2025-04-24T06:51:27.687+0000] {logging_mixin.py:190} INFO - [2025-04-24T06:51:27.687+0000] {dag.py:3239} INFO - Sync 1 DAGs
[2025-04-24T06:51:27.701+0000] {logging_mixin.py:190} INFO - [2025-04-24T06:51:27.700+0000] {dag.py:4180} INFO - Setting next_dagrun for build_data_mart_python to 2025-04-01 00:00:00+00:00, run_after=2025-05-01 00:00:00+00:00
[2025-04-24T06:51:27.710+0000] {processor.py:208} INFO - Processing /opt/airflow/dags/mart.py took 0.080 seconds
[2025-04-24T06:51:57.857+0000] {processor.py:186} INFO - Started process (PID=3787) to work on /opt/airflow/dags/mart.py
[2025-04-24T06:51:57.859+0000] {processor.py:914} INFO - Processing file /opt/airflow/dags/mart.py for tasks to queue
[2025-04-24T06:51:57.861+0000] {logging_mixin.py:190} INFO - [2025-04-24T06:51:57.861+0000] {dagbag.py:588} INFO - Filling up the DagBag from /opt/airflow/dags/mart.py
[2025-04-24T06:51:57.877+0000] {processor.py:925} INFO - DAG(s) 'build_data_mart_python' retrieved from /opt/airflow/dags/mart.py
[2025-04-24T06:51:57.899+0000] {logging_mixin.py:190} INFO - [2025-04-24T06:51:57.899+0000] {dag.py:3239} INFO - Sync 1 DAGs
[2025-04-24T06:51:57.917+0000] {logging_mixin.py:190} INFO - [2025-04-24T06:51:57.917+0000] {dag.py:4180} INFO - Setting next_dagrun for build_data_mart_python to 2025-04-01 00:00:00+00:00, run_after=2025-05-01 00:00:00+00:00
[2025-04-24T06:51:57.929+0000] {processor.py:208} INFO - Processing /opt/airflow/dags/mart.py took 0.083 seconds
[2025-04-24T06:52:28.855+0000] {processor.py:186} INFO - Started process (PID=3843) to work on /opt/airflow/dags/mart.py
[2025-04-24T06:52:28.856+0000] {processor.py:914} INFO - Processing file /opt/airflow/dags/mart.py for tasks to queue
[2025-04-24T06:52:28.858+0000] {logging_mixin.py:190} INFO - [2025-04-24T06:52:28.858+0000] {dagbag.py:588} INFO - Filling up the DagBag from /opt/airflow/dags/mart.py
[2025-04-24T06:52:28.867+0000] {processor.py:925} INFO - DAG(s) 'build_data_mart_python' retrieved from /opt/airflow/dags/mart.py
[2025-04-24T06:52:28.889+0000] {logging_mixin.py:190} INFO - [2025-04-24T06:52:28.889+0000] {dag.py:3239} INFO - Sync 1 DAGs
[2025-04-24T06:52:28.907+0000] {logging_mixin.py:190} INFO - [2025-04-24T06:52:28.907+0000] {dag.py:4180} INFO - Setting next_dagrun for build_data_mart_python to 2025-04-01 00:00:00+00:00, run_after=2025-05-01 00:00:00+00:00
[2025-04-24T06:52:28.926+0000] {processor.py:208} INFO - Processing /opt/airflow/dags/mart.py took 0.075 seconds
[2025-04-24T06:52:58.957+0000] {processor.py:186} INFO - Started process (PID=3899) to work on /opt/airflow/dags/mart.py
[2025-04-24T06:52:58.959+0000] {processor.py:914} INFO - Processing file /opt/airflow/dags/mart.py for tasks to queue
[2025-04-24T06:52:58.961+0000] {logging_mixin.py:190} INFO - [2025-04-24T06:52:58.961+0000] {dagbag.py:588} INFO - Filling up the DagBag from /opt/airflow/dags/mart.py
[2025-04-24T06:52:58.970+0000] {processor.py:925} INFO - DAG(s) 'build_data_mart_python' retrieved from /opt/airflow/dags/mart.py
[2025-04-24T06:52:58.988+0000] {logging_mixin.py:190} INFO - [2025-04-24T06:52:58.988+0000] {dag.py:3239} INFO - Sync 1 DAGs
[2025-04-24T06:52:59.098+0000] {logging_mixin.py:190} INFO - [2025-04-24T06:52:59.098+0000] {dag.py:4180} INFO - Setting next_dagrun for build_data_mart_python to 2025-04-01 00:00:00+00:00, run_after=2025-05-01 00:00:00+00:00
[2025-04-24T06:52:59.109+0000] {processor.py:208} INFO - Processing /opt/airflow/dags/mart.py took 0.158 seconds
[2025-04-24T06:53:29.163+0000] {processor.py:186} INFO - Started process (PID=3955) to work on /opt/airflow/dags/mart.py
[2025-04-24T06:53:29.163+0000] {processor.py:914} INFO - Processing file /opt/airflow/dags/mart.py for tasks to queue
[2025-04-24T06:53:29.166+0000] {logging_mixin.py:190} INFO - [2025-04-24T06:53:29.165+0000] {dagbag.py:588} INFO - Filling up the DagBag from /opt/airflow/dags/mart.py
[2025-04-24T06:53:29.176+0000] {processor.py:925} INFO - DAG(s) 'build_data_mart_python' retrieved from /opt/airflow/dags/mart.py
[2025-04-24T06:53:29.196+0000] {logging_mixin.py:190} INFO - [2025-04-24T06:53:29.196+0000] {dag.py:3239} INFO - Sync 1 DAGs
[2025-04-24T06:53:29.211+0000] {logging_mixin.py:190} INFO - [2025-04-24T06:53:29.211+0000] {dag.py:4180} INFO - Setting next_dagrun for build_data_mart_python to 2025-04-01 00:00:00+00:00, run_after=2025-05-01 00:00:00+00:00
[2025-04-24T06:53:29.223+0000] {processor.py:208} INFO - Processing /opt/airflow/dags/mart.py took 0.064 seconds
[2025-04-24T06:54:00.109+0000] {processor.py:186} INFO - Started process (PID=4010) to work on /opt/airflow/dags/mart.py
[2025-04-24T06:54:00.111+0000] {processor.py:914} INFO - Processing file /opt/airflow/dags/mart.py for tasks to queue
[2025-04-24T06:54:00.114+0000] {logging_mixin.py:190} INFO - [2025-04-24T06:54:00.113+0000] {dagbag.py:588} INFO - Filling up the DagBag from /opt/airflow/dags/mart.py
[2025-04-24T06:54:00.129+0000] {processor.py:925} INFO - DAG(s) 'build_data_mart_python' retrieved from /opt/airflow/dags/mart.py
[2025-04-24T06:54:00.153+0000] {logging_mixin.py:190} INFO - [2025-04-24T06:54:00.153+0000] {dag.py:3239} INFO - Sync 1 DAGs
[2025-04-24T06:54:00.168+0000] {logging_mixin.py:190} INFO - [2025-04-24T06:54:00.168+0000] {dag.py:4180} INFO - Setting next_dagrun for build_data_mart_python to 2025-04-01 00:00:00+00:00, run_after=2025-05-01 00:00:00+00:00
[2025-04-24T06:54:00.185+0000] {processor.py:208} INFO - Processing /opt/airflow/dags/mart.py took 0.082 seconds
[2025-04-24T06:54:31.003+0000] {processor.py:186} INFO - Started process (PID=4066) to work on /opt/airflow/dags/mart.py
[2025-04-24T06:54:31.004+0000] {processor.py:914} INFO - Processing file /opt/airflow/dags/mart.py for tasks to queue
[2025-04-24T06:54:31.005+0000] {logging_mixin.py:190} INFO - [2025-04-24T06:54:31.005+0000] {dagbag.py:588} INFO - Filling up the DagBag from /opt/airflow/dags/mart.py
[2025-04-24T06:54:31.014+0000] {processor.py:925} INFO - DAG(s) 'build_data_mart_python' retrieved from /opt/airflow/dags/mart.py
[2025-04-24T06:54:31.033+0000] {logging_mixin.py:190} INFO - [2025-04-24T06:54:31.033+0000] {dag.py:3239} INFO - Sync 1 DAGs
[2025-04-24T06:54:31.048+0000] {logging_mixin.py:190} INFO - [2025-04-24T06:54:31.048+0000] {dag.py:4180} INFO - Setting next_dagrun for build_data_mart_python to 2025-04-01 00:00:00+00:00, run_after=2025-05-01 00:00:00+00:00
[2025-04-24T06:54:31.060+0000] {processor.py:208} INFO - Processing /opt/airflow/dags/mart.py took 0.063 seconds
[2025-04-24T06:55:01.800+0000] {processor.py:186} INFO - Started process (PID=4122) to work on /opt/airflow/dags/mart.py
[2025-04-24T06:55:01.801+0000] {processor.py:914} INFO - Processing file /opt/airflow/dags/mart.py for tasks to queue
[2025-04-24T06:55:01.803+0000] {logging_mixin.py:190} INFO - [2025-04-24T06:55:01.803+0000] {dagbag.py:588} INFO - Filling up the DagBag from /opt/airflow/dags/mart.py
[2025-04-24T06:55:01.814+0000] {processor.py:925} INFO - DAG(s) 'build_data_mart_python' retrieved from /opt/airflow/dags/mart.py
[2025-04-24T06:55:01.834+0000] {logging_mixin.py:190} INFO - [2025-04-24T06:55:01.834+0000] {dag.py:3239} INFO - Sync 1 DAGs
[2025-04-24T06:55:01.849+0000] {logging_mixin.py:190} INFO - [2025-04-24T06:55:01.849+0000] {dag.py:4180} INFO - Setting next_dagrun for build_data_mart_python to 2025-04-01 00:00:00+00:00, run_after=2025-05-01 00:00:00+00:00
[2025-04-24T06:55:01.860+0000] {processor.py:208} INFO - Processing /opt/airflow/dags/mart.py took 0.069 seconds
[2025-04-24T06:55:32.573+0000] {processor.py:186} INFO - Started process (PID=4178) to work on /opt/airflow/dags/mart.py
[2025-04-24T06:55:32.574+0000] {processor.py:914} INFO - Processing file /opt/airflow/dags/mart.py for tasks to queue
[2025-04-24T06:55:32.577+0000] {logging_mixin.py:190} INFO - [2025-04-24T06:55:32.576+0000] {dagbag.py:588} INFO - Filling up the DagBag from /opt/airflow/dags/mart.py
[2025-04-24T06:55:32.598+0000] {processor.py:925} INFO - DAG(s) 'build_data_mart_python' retrieved from /opt/airflow/dags/mart.py
[2025-04-24T06:55:32.625+0000] {logging_mixin.py:190} INFO - [2025-04-24T06:55:32.624+0000] {dag.py:3239} INFO - Sync 1 DAGs
[2025-04-24T06:55:32.639+0000] {logging_mixin.py:190} INFO - [2025-04-24T06:55:32.639+0000] {dag.py:4180} INFO - Setting next_dagrun for build_data_mart_python to 2025-04-01 00:00:00+00:00, run_after=2025-05-01 00:00:00+00:00
[2025-04-24T06:55:32.658+0000] {processor.py:208} INFO - Processing /opt/airflow/dags/mart.py took 0.090 seconds
[2025-04-24T06:56:03.410+0000] {processor.py:186} INFO - Started process (PID=4234) to work on /opt/airflow/dags/mart.py
[2025-04-24T06:56:03.411+0000] {processor.py:914} INFO - Processing file /opt/airflow/dags/mart.py for tasks to queue
[2025-04-24T06:56:03.412+0000] {logging_mixin.py:190} INFO - [2025-04-24T06:56:03.412+0000] {dagbag.py:588} INFO - Filling up the DagBag from /opt/airflow/dags/mart.py
[2025-04-24T06:56:03.422+0000] {processor.py:925} INFO - DAG(s) 'build_data_mart_python' retrieved from /opt/airflow/dags/mart.py
[2025-04-24T06:56:03.441+0000] {logging_mixin.py:190} INFO - [2025-04-24T06:56:03.440+0000] {dag.py:3239} INFO - Sync 1 DAGs
[2025-04-24T06:56:03.455+0000] {logging_mixin.py:190} INFO - [2025-04-24T06:56:03.455+0000] {dag.py:4180} INFO - Setting next_dagrun for build_data_mart_python to 2025-04-01 00:00:00+00:00, run_after=2025-05-01 00:00:00+00:00
[2025-04-24T06:56:03.466+0000] {processor.py:208} INFO - Processing /opt/airflow/dags/mart.py took 0.060 seconds
[2025-04-24T06:56:34.239+0000] {processor.py:186} INFO - Started process (PID=4290) to work on /opt/airflow/dags/mart.py
[2025-04-24T06:56:34.240+0000] {processor.py:914} INFO - Processing file /opt/airflow/dags/mart.py for tasks to queue
[2025-04-24T06:56:34.243+0000] {logging_mixin.py:190} INFO - [2025-04-24T06:56:34.242+0000] {dagbag.py:588} INFO - Filling up the DagBag from /opt/airflow/dags/mart.py
[2025-04-24T06:56:34.254+0000] {processor.py:925} INFO - DAG(s) 'build_data_mart_python' retrieved from /opt/airflow/dags/mart.py
[2025-04-24T06:56:34.278+0000] {logging_mixin.py:190} INFO - [2025-04-24T06:56:34.277+0000] {dag.py:3239} INFO - Sync 1 DAGs
[2025-04-24T06:56:34.293+0000] {logging_mixin.py:190} INFO - [2025-04-24T06:56:34.293+0000] {dag.py:4180} INFO - Setting next_dagrun for build_data_mart_python to 2025-04-01 00:00:00+00:00, run_after=2025-05-01 00:00:00+00:00
[2025-04-24T06:56:34.305+0000] {processor.py:208} INFO - Processing /opt/airflow/dags/mart.py took 0.075 seconds
[2025-04-24T06:57:05.063+0000] {processor.py:186} INFO - Started process (PID=4346) to work on /opt/airflow/dags/mart.py
[2025-04-24T06:57:05.063+0000] {processor.py:914} INFO - Processing file /opt/airflow/dags/mart.py for tasks to queue
[2025-04-24T06:57:05.065+0000] {logging_mixin.py:190} INFO - [2025-04-24T06:57:05.065+0000] {dagbag.py:588} INFO - Filling up the DagBag from /opt/airflow/dags/mart.py
[2025-04-24T06:57:05.074+0000] {processor.py:925} INFO - DAG(s) 'build_data_mart_python' retrieved from /opt/airflow/dags/mart.py
[2025-04-24T06:57:05.094+0000] {logging_mixin.py:190} INFO - [2025-04-24T06:57:05.094+0000] {dag.py:3239} INFO - Sync 1 DAGs
[2025-04-24T06:57:05.110+0000] {logging_mixin.py:190} INFO - [2025-04-24T06:57:05.110+0000] {dag.py:4180} INFO - Setting next_dagrun for build_data_mart_python to 2025-04-01 00:00:00+00:00, run_after=2025-05-01 00:00:00+00:00
[2025-04-24T06:57:05.122+0000] {processor.py:208} INFO - Processing /opt/airflow/dags/mart.py took 0.064 seconds
[2025-04-24T06:57:35.866+0000] {processor.py:186} INFO - Started process (PID=4402) to work on /opt/airflow/dags/mart.py
[2025-04-24T06:57:35.868+0000] {processor.py:914} INFO - Processing file /opt/airflow/dags/mart.py for tasks to queue
[2025-04-24T06:57:35.870+0000] {logging_mixin.py:190} INFO - [2025-04-24T06:57:35.869+0000] {dagbag.py:588} INFO - Filling up the DagBag from /opt/airflow/dags/mart.py
[2025-04-24T06:57:35.880+0000] {processor.py:925} INFO - DAG(s) 'build_data_mart_python' retrieved from /opt/airflow/dags/mart.py
[2025-04-24T06:57:35.899+0000] {logging_mixin.py:190} INFO - [2025-04-24T06:57:35.899+0000] {dag.py:3239} INFO - Sync 1 DAGs
[2025-04-24T06:57:35.913+0000] {logging_mixin.py:190} INFO - [2025-04-24T06:57:35.913+0000] {dag.py:4180} INFO - Setting next_dagrun for build_data_mart_python to 2025-04-01 00:00:00+00:00, run_after=2025-05-01 00:00:00+00:00
[2025-04-24T06:57:35.928+0000] {processor.py:208} INFO - Processing /opt/airflow/dags/mart.py took 0.067 seconds
[2025-04-24T06:58:06.596+0000] {processor.py:186} INFO - Started process (PID=4458) to work on /opt/airflow/dags/mart.py
[2025-04-24T06:58:06.597+0000] {processor.py:914} INFO - Processing file /opt/airflow/dags/mart.py for tasks to queue
[2025-04-24T06:58:06.599+0000] {logging_mixin.py:190} INFO - [2025-04-24T06:58:06.598+0000] {dagbag.py:588} INFO - Filling up the DagBag from /opt/airflow/dags/mart.py
[2025-04-24T06:58:06.609+0000] {processor.py:925} INFO - DAG(s) 'build_data_mart_python' retrieved from /opt/airflow/dags/mart.py
[2025-04-24T06:58:06.628+0000] {logging_mixin.py:190} INFO - [2025-04-24T06:58:06.627+0000] {dag.py:3239} INFO - Sync 1 DAGs
[2025-04-24T06:58:06.643+0000] {logging_mixin.py:190} INFO - [2025-04-24T06:58:06.642+0000] {dag.py:4180} INFO - Setting next_dagrun for build_data_mart_python to 2025-04-01 00:00:00+00:00, run_after=2025-05-01 00:00:00+00:00
[2025-04-24T06:58:06.653+0000] {processor.py:208} INFO - Processing /opt/airflow/dags/mart.py took 0.062 seconds
[2025-04-24T06:58:37.304+0000] {processor.py:186} INFO - Started process (PID=4514) to work on /opt/airflow/dags/mart.py
[2025-04-24T06:58:37.305+0000] {processor.py:914} INFO - Processing file /opt/airflow/dags/mart.py for tasks to queue
[2025-04-24T06:58:37.308+0000] {logging_mixin.py:190} INFO - [2025-04-24T06:58:37.308+0000] {dagbag.py:588} INFO - Filling up the DagBag from /opt/airflow/dags/mart.py
[2025-04-24T06:58:37.316+0000] {processor.py:925} INFO - DAG(s) 'build_data_mart_python' retrieved from /opt/airflow/dags/mart.py
[2025-04-24T06:58:37.333+0000] {logging_mixin.py:190} INFO - [2025-04-24T06:58:37.332+0000] {dag.py:3239} INFO - Sync 1 DAGs
[2025-04-24T06:58:37.345+0000] {logging_mixin.py:190} INFO - [2025-04-24T06:58:37.345+0000] {dag.py:4180} INFO - Setting next_dagrun for build_data_mart_python to 2025-04-01 00:00:00+00:00, run_after=2025-05-01 00:00:00+00:00
[2025-04-24T06:58:37.356+0000] {processor.py:208} INFO - Processing /opt/airflow/dags/mart.py took 0.056 seconds
[2025-04-24T06:59:08.058+0000] {processor.py:186} INFO - Started process (PID=4570) to work on /opt/airflow/dags/mart.py
[2025-04-24T06:59:08.059+0000] {processor.py:914} INFO - Processing file /opt/airflow/dags/mart.py for tasks to queue
[2025-04-24T06:59:08.061+0000] {logging_mixin.py:190} INFO - [2025-04-24T06:59:08.061+0000] {dagbag.py:588} INFO - Filling up the DagBag from /opt/airflow/dags/mart.py
[2025-04-24T06:59:08.073+0000] {processor.py:925} INFO - DAG(s) 'build_data_mart_python' retrieved from /opt/airflow/dags/mart.py
[2025-04-24T06:59:08.095+0000] {logging_mixin.py:190} INFO - [2025-04-24T06:59:08.094+0000] {dag.py:3239} INFO - Sync 1 DAGs
[2025-04-24T06:59:08.108+0000] {logging_mixin.py:190} INFO - [2025-04-24T06:59:08.108+0000] {dag.py:4180} INFO - Setting next_dagrun for build_data_mart_python to 2025-04-01 00:00:00+00:00, run_after=2025-05-01 00:00:00+00:00
[2025-04-24T06:59:08.121+0000] {processor.py:208} INFO - Processing /opt/airflow/dags/mart.py took 0.068 seconds
[2025-04-24T06:59:38.903+0000] {processor.py:186} INFO - Started process (PID=4626) to work on /opt/airflow/dags/mart.py
[2025-04-24T06:59:38.906+0000] {processor.py:914} INFO - Processing file /opt/airflow/dags/mart.py for tasks to queue
[2025-04-24T06:59:38.911+0000] {logging_mixin.py:190} INFO - [2025-04-24T06:59:38.910+0000] {dagbag.py:588} INFO - Filling up the DagBag from /opt/airflow/dags/mart.py
[2025-04-24T06:59:38.934+0000] {processor.py:925} INFO - DAG(s) 'build_data_mart_python' retrieved from /opt/airflow/dags/mart.py
[2025-04-24T06:59:38.973+0000] {logging_mixin.py:190} INFO - [2025-04-24T06:59:38.973+0000] {dag.py:3239} INFO - Sync 1 DAGs
[2025-04-24T06:59:38.993+0000] {logging_mixin.py:190} INFO - [2025-04-24T06:59:38.993+0000] {dag.py:4180} INFO - Setting next_dagrun for build_data_mart_python to 2025-04-01 00:00:00+00:00, run_after=2025-05-01 00:00:00+00:00
[2025-04-24T06:59:39.008+0000] {processor.py:208} INFO - Processing /opt/airflow/dags/mart.py took 0.115 seconds
[2025-04-24T07:00:09.753+0000] {processor.py:186} INFO - Started process (PID=4682) to work on /opt/airflow/dags/mart.py
[2025-04-24T07:00:09.755+0000] {processor.py:914} INFO - Processing file /opt/airflow/dags/mart.py for tasks to queue
[2025-04-24T07:00:09.757+0000] {logging_mixin.py:190} INFO - [2025-04-24T07:00:09.757+0000] {dagbag.py:588} INFO - Filling up the DagBag from /opt/airflow/dags/mart.py
[2025-04-24T07:00:09.767+0000] {processor.py:925} INFO - DAG(s) 'build_data_mart_python' retrieved from /opt/airflow/dags/mart.py
[2025-04-24T07:00:09.788+0000] {logging_mixin.py:190} INFO - [2025-04-24T07:00:09.788+0000] {dag.py:3239} INFO - Sync 1 DAGs
[2025-04-24T07:00:09.805+0000] {logging_mixin.py:190} INFO - [2025-04-24T07:00:09.805+0000] {dag.py:4180} INFO - Setting next_dagrun for build_data_mart_python to 2025-04-01 00:00:00+00:00, run_after=2025-05-01 00:00:00+00:00
[2025-04-24T07:00:09.816+0000] {processor.py:208} INFO - Processing /opt/airflow/dags/mart.py took 0.069 seconds
[2025-04-24T07:00:40.560+0000] {processor.py:186} INFO - Started process (PID=4738) to work on /opt/airflow/dags/mart.py
[2025-04-24T07:00:40.560+0000] {processor.py:914} INFO - Processing file /opt/airflow/dags/mart.py for tasks to queue
[2025-04-24T07:00:40.562+0000] {logging_mixin.py:190} INFO - [2025-04-24T07:00:40.562+0000] {dagbag.py:588} INFO - Filling up the DagBag from /opt/airflow/dags/mart.py
[2025-04-24T07:00:40.573+0000] {processor.py:925} INFO - DAG(s) 'build_data_mart_python' retrieved from /opt/airflow/dags/mart.py
[2025-04-24T07:00:40.595+0000] {logging_mixin.py:190} INFO - [2025-04-24T07:00:40.593+0000] {dag.py:3239} INFO - Sync 1 DAGs
[2025-04-24T07:00:40.612+0000] {logging_mixin.py:190} INFO - [2025-04-24T07:00:40.612+0000] {dag.py:4180} INFO - Setting next_dagrun for build_data_mart_python to 2025-04-01 00:00:00+00:00, run_after=2025-05-01 00:00:00+00:00
[2025-04-24T07:00:40.624+0000] {processor.py:208} INFO - Processing /opt/airflow/dags/mart.py took 0.068 seconds
[2025-04-24T07:01:11.294+0000] {processor.py:186} INFO - Started process (PID=4794) to work on /opt/airflow/dags/mart.py
[2025-04-24T07:01:11.295+0000] {processor.py:914} INFO - Processing file /opt/airflow/dags/mart.py for tasks to queue
[2025-04-24T07:01:11.298+0000] {logging_mixin.py:190} INFO - [2025-04-24T07:01:11.298+0000] {dagbag.py:588} INFO - Filling up the DagBag from /opt/airflow/dags/mart.py
[2025-04-24T07:01:11.311+0000] {processor.py:925} INFO - DAG(s) 'build_data_mart_python' retrieved from /opt/airflow/dags/mart.py
[2025-04-24T07:01:11.331+0000] {logging_mixin.py:190} INFO - [2025-04-24T07:01:11.331+0000] {dag.py:3239} INFO - Sync 1 DAGs
[2025-04-24T07:01:11.347+0000] {logging_mixin.py:190} INFO - [2025-04-24T07:01:11.347+0000] {dag.py:4180} INFO - Setting next_dagrun for build_data_mart_python to 2025-04-01 00:00:00+00:00, run_after=2025-05-01 00:00:00+00:00
[2025-04-24T07:01:11.360+0000] {processor.py:208} INFO - Processing /opt/airflow/dags/mart.py took 0.070 seconds
[2025-04-24T07:01:41.713+0000] {processor.py:186} INFO - Started process (PID=4850) to work on /opt/airflow/dags/mart.py
[2025-04-24T07:01:41.714+0000] {processor.py:914} INFO - Processing file /opt/airflow/dags/mart.py for tasks to queue
[2025-04-24T07:01:41.717+0000] {logging_mixin.py:190} INFO - [2025-04-24T07:01:41.717+0000] {dagbag.py:588} INFO - Filling up the DagBag from /opt/airflow/dags/mart.py
[2025-04-24T07:01:41.729+0000] {processor.py:925} INFO - DAG(s) 'build_data_mart_python' retrieved from /opt/airflow/dags/mart.py
[2025-04-24T07:01:41.755+0000] {logging_mixin.py:190} INFO - [2025-04-24T07:01:41.754+0000] {dag.py:3239} INFO - Sync 1 DAGs
[2025-04-24T07:01:41.773+0000] {logging_mixin.py:190} INFO - [2025-04-24T07:01:41.772+0000] {dag.py:4180} INFO - Setting next_dagrun for build_data_mart_python to 2025-04-01 00:00:00+00:00, run_after=2025-05-01 00:00:00+00:00
[2025-04-24T07:01:41.787+0000] {processor.py:208} INFO - Processing /opt/airflow/dags/mart.py took 0.080 seconds
[2025-04-24T07:02:12.561+0000] {processor.py:186} INFO - Started process (PID=4906) to work on /opt/airflow/dags/mart.py
[2025-04-24T07:02:12.563+0000] {processor.py:914} INFO - Processing file /opt/airflow/dags/mart.py for tasks to queue
[2025-04-24T07:02:12.566+0000] {logging_mixin.py:190} INFO - [2025-04-24T07:02:12.565+0000] {dagbag.py:588} INFO - Filling up the DagBag from /opt/airflow/dags/mart.py
[2025-04-24T07:02:12.577+0000] {processor.py:925} INFO - DAG(s) 'build_data_mart_python' retrieved from /opt/airflow/dags/mart.py
[2025-04-24T07:02:12.597+0000] {logging_mixin.py:190} INFO - [2025-04-24T07:02:12.597+0000] {dag.py:3239} INFO - Sync 1 DAGs
[2025-04-24T07:02:12.612+0000] {logging_mixin.py:190} INFO - [2025-04-24T07:02:12.612+0000] {dag.py:4180} INFO - Setting next_dagrun for build_data_mart_python to 2025-04-01 00:00:00+00:00, run_after=2025-05-01 00:00:00+00:00
[2025-04-24T07:02:12.625+0000] {processor.py:208} INFO - Processing /opt/airflow/dags/mart.py took 0.072 seconds
[2025-04-24T07:02:43.315+0000] {processor.py:186} INFO - Started process (PID=4962) to work on /opt/airflow/dags/mart.py
[2025-04-24T07:02:43.316+0000] {processor.py:914} INFO - Processing file /opt/airflow/dags/mart.py for tasks to queue
[2025-04-24T07:02:43.320+0000] {logging_mixin.py:190} INFO - [2025-04-24T07:02:43.320+0000] {dagbag.py:588} INFO - Filling up the DagBag from /opt/airflow/dags/mart.py
[2025-04-24T07:02:43.334+0000] {processor.py:925} INFO - DAG(s) 'build_data_mart_python' retrieved from /opt/airflow/dags/mart.py
[2025-04-24T07:02:43.355+0000] {logging_mixin.py:190} INFO - [2025-04-24T07:02:43.354+0000] {dag.py:3239} INFO - Sync 1 DAGs
[2025-04-24T07:02:43.375+0000] {logging_mixin.py:190} INFO - [2025-04-24T07:02:43.375+0000] {dag.py:4180} INFO - Setting next_dagrun for build_data_mart_python to 2025-04-01 00:00:00+00:00, run_after=2025-05-01 00:00:00+00:00
[2025-04-24T07:02:43.387+0000] {processor.py:208} INFO - Processing /opt/airflow/dags/mart.py took 0.081 seconds
[2025-04-24T07:03:14.247+0000] {processor.py:186} INFO - Started process (PID=5024) to work on /opt/airflow/dags/mart.py
[2025-04-24T07:03:14.248+0000] {processor.py:914} INFO - Processing file /opt/airflow/dags/mart.py for tasks to queue
[2025-04-24T07:03:14.250+0000] {logging_mixin.py:190} INFO - [2025-04-24T07:03:14.250+0000] {dagbag.py:588} INFO - Filling up the DagBag from /opt/airflow/dags/mart.py
[2025-04-24T07:03:14.261+0000] {processor.py:925} INFO - DAG(s) 'build_data_mart_python' retrieved from /opt/airflow/dags/mart.py
[2025-04-24T07:03:14.282+0000] {logging_mixin.py:190} INFO - [2025-04-24T07:03:14.282+0000] {dag.py:3239} INFO - Sync 1 DAGs
[2025-04-24T07:03:14.298+0000] {logging_mixin.py:190} INFO - [2025-04-24T07:03:14.298+0000] {dag.py:4180} INFO - Setting next_dagrun for build_data_mart_python to 2025-04-01 00:00:00+00:00, run_after=2025-05-01 00:00:00+00:00
[2025-04-24T07:03:14.309+0000] {processor.py:208} INFO - Processing /opt/airflow/dags/mart.py took 0.068 seconds
[2025-04-24T07:03:45.159+0000] {processor.py:186} INFO - Started process (PID=5080) to work on /opt/airflow/dags/mart.py
[2025-04-24T07:03:45.160+0000] {processor.py:914} INFO - Processing file /opt/airflow/dags/mart.py for tasks to queue
[2025-04-24T07:03:45.164+0000] {logging_mixin.py:190} INFO - [2025-04-24T07:03:45.164+0000] {dagbag.py:588} INFO - Filling up the DagBag from /opt/airflow/dags/mart.py
[2025-04-24T07:03:45.177+0000] {processor.py:925} INFO - DAG(s) 'build_data_mart_python' retrieved from /opt/airflow/dags/mart.py
[2025-04-24T07:03:45.196+0000] {logging_mixin.py:190} INFO - [2025-04-24T07:03:45.196+0000] {dag.py:3239} INFO - Sync 1 DAGs
[2025-04-24T07:03:45.211+0000] {logging_mixin.py:190} INFO - [2025-04-24T07:03:45.211+0000] {dag.py:4180} INFO - Setting next_dagrun for build_data_mart_python to 2025-04-01 00:00:00+00:00, run_after=2025-05-01 00:00:00+00:00
[2025-04-24T07:03:45.223+0000] {processor.py:208} INFO - Processing /opt/airflow/dags/mart.py took 0.069 seconds
[2025-04-24T07:04:16.009+0000] {processor.py:186} INFO - Started process (PID=5136) to work on /opt/airflow/dags/mart.py
[2025-04-24T07:04:16.011+0000] {processor.py:914} INFO - Processing file /opt/airflow/dags/mart.py for tasks to queue
[2025-04-24T07:04:16.014+0000] {logging_mixin.py:190} INFO - [2025-04-24T07:04:16.014+0000] {dagbag.py:588} INFO - Filling up the DagBag from /opt/airflow/dags/mart.py
[2025-04-24T07:04:16.027+0000] {processor.py:925} INFO - DAG(s) 'build_data_mart_python' retrieved from /opt/airflow/dags/mart.py
[2025-04-24T07:04:16.049+0000] {logging_mixin.py:190} INFO - [2025-04-24T07:04:16.049+0000] {dag.py:3239} INFO - Sync 1 DAGs
[2025-04-24T07:04:16.065+0000] {logging_mixin.py:190} INFO - [2025-04-24T07:04:16.065+0000] {dag.py:4180} INFO - Setting next_dagrun for build_data_mart_python to 2025-04-01 00:00:00+00:00, run_after=2025-05-01 00:00:00+00:00
[2025-04-24T07:04:16.076+0000] {processor.py:208} INFO - Processing /opt/airflow/dags/mart.py took 0.076 seconds
[2025-04-24T07:04:46.784+0000] {processor.py:186} INFO - Started process (PID=5192) to work on /opt/airflow/dags/mart.py
[2025-04-24T07:04:46.786+0000] {processor.py:914} INFO - Processing file /opt/airflow/dags/mart.py for tasks to queue
[2025-04-24T07:04:46.789+0000] {logging_mixin.py:190} INFO - [2025-04-24T07:04:46.789+0000] {dagbag.py:588} INFO - Filling up the DagBag from /opt/airflow/dags/mart.py
[2025-04-24T07:04:46.802+0000] {processor.py:925} INFO - DAG(s) 'build_data_mart_python' retrieved from /opt/airflow/dags/mart.py
[2025-04-24T07:04:46.821+0000] {logging_mixin.py:190} INFO - [2025-04-24T07:04:46.821+0000] {dag.py:3239} INFO - Sync 1 DAGs
[2025-04-24T07:04:46.836+0000] {logging_mixin.py:190} INFO - [2025-04-24T07:04:46.836+0000] {dag.py:4180} INFO - Setting next_dagrun for build_data_mart_python to 2025-04-01 00:00:00+00:00, run_after=2025-05-01 00:00:00+00:00
[2025-04-24T07:04:46.850+0000] {processor.py:208} INFO - Processing /opt/airflow/dags/mart.py took 0.071 seconds
[2025-04-24T07:05:17.549+0000] {processor.py:186} INFO - Started process (PID=5248) to work on /opt/airflow/dags/mart.py
[2025-04-24T07:05:17.550+0000] {processor.py:914} INFO - Processing file /opt/airflow/dags/mart.py for tasks to queue
[2025-04-24T07:05:17.553+0000] {logging_mixin.py:190} INFO - [2025-04-24T07:05:17.553+0000] {dagbag.py:588} INFO - Filling up the DagBag from /opt/airflow/dags/mart.py
[2025-04-24T07:05:17.567+0000] {processor.py:925} INFO - DAG(s) 'build_data_mart_python' retrieved from /opt/airflow/dags/mart.py
[2025-04-24T07:05:17.586+0000] {logging_mixin.py:190} INFO - [2025-04-24T07:05:17.585+0000] {dag.py:3239} INFO - Sync 1 DAGs
[2025-04-24T07:05:17.601+0000] {logging_mixin.py:190} INFO - [2025-04-24T07:05:17.601+0000] {dag.py:4180} INFO - Setting next_dagrun for build_data_mart_python to 2025-04-01 00:00:00+00:00, run_after=2025-05-01 00:00:00+00:00
[2025-04-24T07:05:17.614+0000] {processor.py:208} INFO - Processing /opt/airflow/dags/mart.py took 0.070 seconds
[2025-04-24T07:05:48.346+0000] {processor.py:186} INFO - Started process (PID=5303) to work on /opt/airflow/dags/mart.py
[2025-04-24T07:05:48.348+0000] {processor.py:914} INFO - Processing file /opt/airflow/dags/mart.py for tasks to queue
[2025-04-24T07:05:48.352+0000] {logging_mixin.py:190} INFO - [2025-04-24T07:05:48.352+0000] {dagbag.py:588} INFO - Filling up the DagBag from /opt/airflow/dags/mart.py
[2025-04-24T07:05:48.362+0000] {processor.py:925} INFO - DAG(s) 'build_data_mart_python' retrieved from /opt/airflow/dags/mart.py
[2025-04-24T07:05:48.385+0000] {logging_mixin.py:190} INFO - [2025-04-24T07:05:48.385+0000] {dag.py:3239} INFO - Sync 1 DAGs
[2025-04-24T07:05:48.402+0000] {logging_mixin.py:190} INFO - [2025-04-24T07:05:48.401+0000] {dag.py:4180} INFO - Setting next_dagrun for build_data_mart_python to 2025-04-01 00:00:00+00:00, run_after=2025-05-01 00:00:00+00:00
[2025-04-24T07:05:48.413+0000] {processor.py:208} INFO - Processing /opt/airflow/dags/mart.py took 0.075 seconds
[2025-04-24T07:06:19.151+0000] {processor.py:186} INFO - Started process (PID=5359) to work on /opt/airflow/dags/mart.py
[2025-04-24T07:06:19.152+0000] {processor.py:914} INFO - Processing file /opt/airflow/dags/mart.py for tasks to queue
[2025-04-24T07:06:19.154+0000] {logging_mixin.py:190} INFO - [2025-04-24T07:06:19.154+0000] {dagbag.py:588} INFO - Filling up the DagBag from /opt/airflow/dags/mart.py
[2025-04-24T07:06:19.164+0000] {processor.py:925} INFO - DAG(s) 'build_data_mart_python' retrieved from /opt/airflow/dags/mart.py
[2025-04-24T07:06:19.186+0000] {logging_mixin.py:190} INFO - [2025-04-24T07:06:19.186+0000] {dag.py:3239} INFO - Sync 1 DAGs
[2025-04-24T07:06:19.203+0000] {logging_mixin.py:190} INFO - [2025-04-24T07:06:19.203+0000] {dag.py:4180} INFO - Setting next_dagrun for build_data_mart_python to 2025-04-01 00:00:00+00:00, run_after=2025-05-01 00:00:00+00:00
[2025-04-24T07:06:19.217+0000] {processor.py:208} INFO - Processing /opt/airflow/dags/mart.py took 0.071 seconds
[2025-04-24T07:06:49.948+0000] {processor.py:186} INFO - Started process (PID=5415) to work on /opt/airflow/dags/mart.py
[2025-04-24T07:06:49.949+0000] {processor.py:914} INFO - Processing file /opt/airflow/dags/mart.py for tasks to queue
[2025-04-24T07:06:49.953+0000] {logging_mixin.py:190} INFO - [2025-04-24T07:06:49.953+0000] {dagbag.py:588} INFO - Filling up the DagBag from /opt/airflow/dags/mart.py
[2025-04-24T07:06:49.963+0000] {processor.py:925} INFO - DAG(s) 'build_data_mart_python' retrieved from /opt/airflow/dags/mart.py
[2025-04-24T07:06:49.984+0000] {logging_mixin.py:190} INFO - [2025-04-24T07:06:49.984+0000] {dag.py:3239} INFO - Sync 1 DAGs
[2025-04-24T07:06:50.000+0000] {logging_mixin.py:190} INFO - [2025-04-24T07:06:49.999+0000] {dag.py:4180} INFO - Setting next_dagrun for build_data_mart_python to 2025-04-01 00:00:00+00:00, run_after=2025-05-01 00:00:00+00:00
[2025-04-24T07:06:50.013+0000] {processor.py:208} INFO - Processing /opt/airflow/dags/mart.py took 0.070 seconds
[2025-04-24T07:07:20.767+0000] {processor.py:186} INFO - Started process (PID=5471) to work on /opt/airflow/dags/mart.py
[2025-04-24T07:07:20.768+0000] {processor.py:914} INFO - Processing file /opt/airflow/dags/mart.py for tasks to queue
[2025-04-24T07:07:20.770+0000] {logging_mixin.py:190} INFO - [2025-04-24T07:07:20.770+0000] {dagbag.py:588} INFO - Filling up the DagBag from /opt/airflow/dags/mart.py
[2025-04-24T07:07:20.778+0000] {processor.py:925} INFO - DAG(s) 'build_data_mart_python' retrieved from /opt/airflow/dags/mart.py
[2025-04-24T07:07:20.797+0000] {logging_mixin.py:190} INFO - [2025-04-24T07:07:20.797+0000] {dag.py:3239} INFO - Sync 1 DAGs
[2025-04-24T07:07:20.813+0000] {logging_mixin.py:190} INFO - [2025-04-24T07:07:20.813+0000] {dag.py:4180} INFO - Setting next_dagrun for build_data_mart_python to 2025-04-01 00:00:00+00:00, run_after=2025-05-01 00:00:00+00:00
[2025-04-24T07:07:20.825+0000] {processor.py:208} INFO - Processing /opt/airflow/dags/mart.py took 0.063 seconds
