[2025-04-24T06:19:04.712+0000] {processor.py:186} INFO - Started process (PID=204) to work on /opt/airflow/dags/raw_insertion.py
[2025-04-24T06:19:04.713+0000] {processor.py:914} INFO - Processing file /opt/airflow/dags/raw_insertion.py for tasks to queue
[2025-04-24T06:19:04.714+0000] {logging_mixin.py:190} INFO - [2025-04-24T06:19:04.714+0000] {dagbag.py:588} INFO - Filling up the DagBag from /opt/airflow/dags/raw_insertion.py
[2025-04-24T06:19:04.723+0000] {processor.py:927} WARNING - No viable dags retrieved from /opt/airflow/dags/raw_insertion.py
[2025-04-24T06:19:04.737+0000] {processor.py:208} INFO - Processing /opt/airflow/dags/raw_insertion.py took 0.029 seconds
[2025-04-24T06:19:34.796+0000] {processor.py:186} INFO - Started process (PID=259) to work on /opt/airflow/dags/raw_insertion.py
[2025-04-24T06:19:34.797+0000] {processor.py:914} INFO - Processing file /opt/airflow/dags/raw_insertion.py for tasks to queue
[2025-04-24T06:19:34.802+0000] {logging_mixin.py:190} INFO - [2025-04-24T06:19:34.802+0000] {dagbag.py:588} INFO - Filling up the DagBag from /opt/airflow/dags/raw_insertion.py
[2025-04-24T06:19:34.806+0000] {processor.py:927} WARNING - No viable dags retrieved from /opt/airflow/dags/raw_insertion.py
[2025-04-24T06:19:34.817+0000] {processor.py:208} INFO - Processing /opt/airflow/dags/raw_insertion.py took 0.024 seconds
[2025-04-24T06:20:05.831+0000] {processor.py:186} INFO - Started process (PID=317) to work on /opt/airflow/dags/raw_insertion.py
[2025-04-24T06:20:05.832+0000] {processor.py:914} INFO - Processing file /opt/airflow/dags/raw_insertion.py for tasks to queue
[2025-04-24T06:20:05.833+0000] {logging_mixin.py:190} INFO - [2025-04-24T06:20:05.833+0000] {dagbag.py:588} INFO - Filling up the DagBag from /opt/airflow/dags/raw_insertion.py
[2025-04-24T06:20:05.835+0000] {processor.py:927} WARNING - No viable dags retrieved from /opt/airflow/dags/raw_insertion.py
[2025-04-24T06:20:05.842+0000] {processor.py:208} INFO - Processing /opt/airflow/dags/raw_insertion.py took 0.014 seconds
[2025-04-24T06:20:36.703+0000] {processor.py:186} INFO - Started process (PID=371) to work on /opt/airflow/dags/raw_insertion.py
[2025-04-24T06:20:36.703+0000] {processor.py:914} INFO - Processing file /opt/airflow/dags/raw_insertion.py for tasks to queue
[2025-04-24T06:20:36.706+0000] {logging_mixin.py:190} INFO - [2025-04-24T06:20:36.706+0000] {dagbag.py:588} INFO - Filling up the DagBag from /opt/airflow/dags/raw_insertion.py
[2025-04-24T06:20:36.708+0000] {processor.py:927} WARNING - No viable dags retrieved from /opt/airflow/dags/raw_insertion.py
[2025-04-24T06:20:36.718+0000] {processor.py:208} INFO - Processing /opt/airflow/dags/raw_insertion.py took 0.019 seconds
[2025-04-24T06:21:07.551+0000] {processor.py:186} INFO - Started process (PID=427) to work on /opt/airflow/dags/raw_insertion.py
[2025-04-24T06:21:07.552+0000] {processor.py:914} INFO - Processing file /opt/airflow/dags/raw_insertion.py for tasks to queue
[2025-04-24T06:21:07.554+0000] {logging_mixin.py:190} INFO - [2025-04-24T06:21:07.553+0000] {dagbag.py:588} INFO - Filling up the DagBag from /opt/airflow/dags/raw_insertion.py
[2025-04-24T06:21:07.556+0000] {processor.py:927} WARNING - No viable dags retrieved from /opt/airflow/dags/raw_insertion.py
[2025-04-24T06:21:07.563+0000] {processor.py:208} INFO - Processing /opt/airflow/dags/raw_insertion.py took 0.014 seconds
[2025-04-24T06:21:38.457+0000] {processor.py:186} INFO - Started process (PID=485) to work on /opt/airflow/dags/raw_insertion.py
[2025-04-24T06:21:38.457+0000] {processor.py:914} INFO - Processing file /opt/airflow/dags/raw_insertion.py for tasks to queue
[2025-04-24T06:21:38.459+0000] {logging_mixin.py:190} INFO - [2025-04-24T06:21:38.458+0000] {dagbag.py:588} INFO - Filling up the DagBag from /opt/airflow/dags/raw_insertion.py
[2025-04-24T06:21:38.461+0000] {processor.py:927} WARNING - No viable dags retrieved from /opt/airflow/dags/raw_insertion.py
[2025-04-24T06:21:38.470+0000] {processor.py:208} INFO - Processing /opt/airflow/dags/raw_insertion.py took 0.017 seconds
[2025-04-24T06:22:09.467+0000] {processor.py:186} INFO - Started process (PID=547) to work on /opt/airflow/dags/raw_insertion.py
[2025-04-24T06:22:09.468+0000] {processor.py:914} INFO - Processing file /opt/airflow/dags/raw_insertion.py for tasks to queue
[2025-04-24T06:22:09.469+0000] {logging_mixin.py:190} INFO - [2025-04-24T06:22:09.469+0000] {dagbag.py:588} INFO - Filling up the DagBag from /opt/airflow/dags/raw_insertion.py
[2025-04-24T06:22:09.470+0000] {processor.py:927} WARNING - No viable dags retrieved from /opt/airflow/dags/raw_insertion.py
[2025-04-24T06:22:09.478+0000] {processor.py:208} INFO - Processing /opt/airflow/dags/raw_insertion.py took 0.015 seconds
[2025-04-24T06:22:40.328+0000] {processor.py:186} INFO - Started process (PID=602) to work on /opt/airflow/dags/raw_insertion.py
[2025-04-24T06:22:40.329+0000] {processor.py:914} INFO - Processing file /opt/airflow/dags/raw_insertion.py for tasks to queue
[2025-04-24T06:22:40.331+0000] {logging_mixin.py:190} INFO - [2025-04-24T06:22:40.331+0000] {dagbag.py:588} INFO - Filling up the DagBag from /opt/airflow/dags/raw_insertion.py
[2025-04-24T06:22:40.334+0000] {processor.py:927} WARNING - No viable dags retrieved from /opt/airflow/dags/raw_insertion.py
[2025-04-24T06:22:40.341+0000] {processor.py:208} INFO - Processing /opt/airflow/dags/raw_insertion.py took 0.016 seconds
[2025-04-24T06:23:11.214+0000] {processor.py:186} INFO - Started process (PID=656) to work on /opt/airflow/dags/raw_insertion.py
[2025-04-24T06:23:11.214+0000] {processor.py:914} INFO - Processing file /opt/airflow/dags/raw_insertion.py for tasks to queue
[2025-04-24T06:23:11.216+0000] {logging_mixin.py:190} INFO - [2025-04-24T06:23:11.216+0000] {dagbag.py:588} INFO - Filling up the DagBag from /opt/airflow/dags/raw_insertion.py
[2025-04-24T06:23:11.220+0000] {processor.py:927} WARNING - No viable dags retrieved from /opt/airflow/dags/raw_insertion.py
[2025-04-24T06:23:11.229+0000] {processor.py:208} INFO - Processing /opt/airflow/dags/raw_insertion.py took 0.019 seconds
[2025-04-24T06:23:42.071+0000] {processor.py:186} INFO - Started process (PID=712) to work on /opt/airflow/dags/raw_insertion.py
[2025-04-24T06:23:42.072+0000] {processor.py:914} INFO - Processing file /opt/airflow/dags/raw_insertion.py for tasks to queue
[2025-04-24T06:23:42.073+0000] {logging_mixin.py:190} INFO - [2025-04-24T06:23:42.073+0000] {dagbag.py:588} INFO - Filling up the DagBag from /opt/airflow/dags/raw_insertion.py
[2025-04-24T06:23:42.077+0000] {processor.py:927} WARNING - No viable dags retrieved from /opt/airflow/dags/raw_insertion.py
[2025-04-24T06:23:42.085+0000] {processor.py:208} INFO - Processing /opt/airflow/dags/raw_insertion.py took 0.017 seconds
[2025-04-24T06:24:12.907+0000] {processor.py:186} INFO - Started process (PID=768) to work on /opt/airflow/dags/raw_insertion.py
[2025-04-24T06:24:12.908+0000] {processor.py:914} INFO - Processing file /opt/airflow/dags/raw_insertion.py for tasks to queue
[2025-04-24T06:24:12.911+0000] {logging_mixin.py:190} INFO - [2025-04-24T06:24:12.911+0000] {dagbag.py:588} INFO - Filling up the DagBag from /opt/airflow/dags/raw_insertion.py
[2025-04-24T06:24:12.913+0000] {processor.py:927} WARNING - No viable dags retrieved from /opt/airflow/dags/raw_insertion.py
[2025-04-24T06:24:12.922+0000] {processor.py:208} INFO - Processing /opt/airflow/dags/raw_insertion.py took 0.018 seconds
[2025-04-24T06:24:43.775+0000] {processor.py:186} INFO - Started process (PID=826) to work on /opt/airflow/dags/raw_insertion.py
[2025-04-24T06:24:43.775+0000] {processor.py:914} INFO - Processing file /opt/airflow/dags/raw_insertion.py for tasks to queue
[2025-04-24T06:24:43.776+0000] {logging_mixin.py:190} INFO - [2025-04-24T06:24:43.776+0000] {dagbag.py:588} INFO - Filling up the DagBag from /opt/airflow/dags/raw_insertion.py
[2025-04-24T06:24:43.778+0000] {processor.py:927} WARNING - No viable dags retrieved from /opt/airflow/dags/raw_insertion.py
[2025-04-24T06:24:43.785+0000] {processor.py:208} INFO - Processing /opt/airflow/dags/raw_insertion.py took 0.013 seconds
[2025-04-24T06:25:14.706+0000] {processor.py:186} INFO - Started process (PID=882) to work on /opt/airflow/dags/raw_insertion.py
[2025-04-24T06:25:14.706+0000] {processor.py:914} INFO - Processing file /opt/airflow/dags/raw_insertion.py for tasks to queue
[2025-04-24T06:25:14.708+0000] {logging_mixin.py:190} INFO - [2025-04-24T06:25:14.707+0000] {dagbag.py:588} INFO - Filling up the DagBag from /opt/airflow/dags/raw_insertion.py
[2025-04-24T06:25:14.709+0000] {processor.py:927} WARNING - No viable dags retrieved from /opt/airflow/dags/raw_insertion.py
[2025-04-24T06:25:14.717+0000] {processor.py:208} INFO - Processing /opt/airflow/dags/raw_insertion.py took 0.014 seconds
[2025-04-24T06:25:45.778+0000] {processor.py:186} INFO - Started process (PID=937) to work on /opt/airflow/dags/raw_insertion.py
[2025-04-24T06:25:45.778+0000] {processor.py:914} INFO - Processing file /opt/airflow/dags/raw_insertion.py for tasks to queue
[2025-04-24T06:25:45.780+0000] {logging_mixin.py:190} INFO - [2025-04-24T06:25:45.780+0000] {dagbag.py:588} INFO - Filling up the DagBag from /opt/airflow/dags/raw_insertion.py
[2025-04-24T06:25:45.783+0000] {processor.py:927} WARNING - No viable dags retrieved from /opt/airflow/dags/raw_insertion.py
[2025-04-24T06:25:45.791+0000] {processor.py:208} INFO - Processing /opt/airflow/dags/raw_insertion.py took 0.017 seconds
[2025-04-24T06:26:16.650+0000] {processor.py:186} INFO - Started process (PID=994) to work on /opt/airflow/dags/raw_insertion.py
[2025-04-24T06:26:16.651+0000] {processor.py:914} INFO - Processing file /opt/airflow/dags/raw_insertion.py for tasks to queue
[2025-04-24T06:26:16.652+0000] {logging_mixin.py:190} INFO - [2025-04-24T06:26:16.652+0000] {dagbag.py:588} INFO - Filling up the DagBag from /opt/airflow/dags/raw_insertion.py
[2025-04-24T06:26:16.654+0000] {processor.py:927} WARNING - No viable dags retrieved from /opt/airflow/dags/raw_insertion.py
[2025-04-24T06:26:16.661+0000] {processor.py:208} INFO - Processing /opt/airflow/dags/raw_insertion.py took 0.014 seconds
[2025-04-24T06:26:47.548+0000] {processor.py:186} INFO - Started process (PID=1050) to work on /opt/airflow/dags/raw_insertion.py
[2025-04-24T06:26:47.550+0000] {processor.py:914} INFO - Processing file /opt/airflow/dags/raw_insertion.py for tasks to queue
[2025-04-24T06:26:47.551+0000] {logging_mixin.py:190} INFO - [2025-04-24T06:26:47.551+0000] {dagbag.py:588} INFO - Filling up the DagBag from /opt/airflow/dags/raw_insertion.py
[2025-04-24T06:26:47.554+0000] {processor.py:927} WARNING - No viable dags retrieved from /opt/airflow/dags/raw_insertion.py
[2025-04-24T06:26:47.563+0000] {processor.py:208} INFO - Processing /opt/airflow/dags/raw_insertion.py took 0.018 seconds
[2025-04-24T06:27:18.535+0000] {processor.py:186} INFO - Started process (PID=1106) to work on /opt/airflow/dags/raw_insertion.py
[2025-04-24T06:27:18.535+0000] {processor.py:914} INFO - Processing file /opt/airflow/dags/raw_insertion.py for tasks to queue
[2025-04-24T06:27:18.536+0000] {logging_mixin.py:190} INFO - [2025-04-24T06:27:18.536+0000] {dagbag.py:588} INFO - Filling up the DagBag from /opt/airflow/dags/raw_insertion.py
[2025-04-24T06:27:18.538+0000] {processor.py:927} WARNING - No viable dags retrieved from /opt/airflow/dags/raw_insertion.py
[2025-04-24T06:27:18.545+0000] {processor.py:208} INFO - Processing /opt/airflow/dags/raw_insertion.py took 0.014 seconds
[2025-04-24T06:27:49.520+0000] {processor.py:186} INFO - Started process (PID=1162) to work on /opt/airflow/dags/raw_insertion.py
[2025-04-24T06:27:49.520+0000] {processor.py:914} INFO - Processing file /opt/airflow/dags/raw_insertion.py for tasks to queue
[2025-04-24T06:27:49.521+0000] {logging_mixin.py:190} INFO - [2025-04-24T06:27:49.521+0000] {dagbag.py:588} INFO - Filling up the DagBag from /opt/airflow/dags/raw_insertion.py
[2025-04-24T06:27:49.523+0000] {processor.py:927} WARNING - No viable dags retrieved from /opt/airflow/dags/raw_insertion.py
[2025-04-24T06:27:49.531+0000] {processor.py:208} INFO - Processing /opt/airflow/dags/raw_insertion.py took 0.014 seconds
[2025-04-24T06:28:20.476+0000] {processor.py:186} INFO - Started process (PID=1217) to work on /opt/airflow/dags/raw_insertion.py
[2025-04-24T06:28:20.477+0000] {processor.py:914} INFO - Processing file /opt/airflow/dags/raw_insertion.py for tasks to queue
[2025-04-24T06:28:20.478+0000] {logging_mixin.py:190} INFO - [2025-04-24T06:28:20.478+0000] {dagbag.py:588} INFO - Filling up the DagBag from /opt/airflow/dags/raw_insertion.py
[2025-04-24T06:28:20.480+0000] {processor.py:927} WARNING - No viable dags retrieved from /opt/airflow/dags/raw_insertion.py
[2025-04-24T06:28:20.487+0000] {processor.py:208} INFO - Processing /opt/airflow/dags/raw_insertion.py took 0.014 seconds
[2025-04-24T06:28:51.413+0000] {processor.py:186} INFO - Started process (PID=1271) to work on /opt/airflow/dags/raw_insertion.py
[2025-04-24T06:28:51.414+0000] {processor.py:914} INFO - Processing file /opt/airflow/dags/raw_insertion.py for tasks to queue
[2025-04-24T06:28:51.415+0000] {logging_mixin.py:190} INFO - [2025-04-24T06:28:51.415+0000] {dagbag.py:588} INFO - Filling up the DagBag from /opt/airflow/dags/raw_insertion.py
[2025-04-24T06:28:51.418+0000] {processor.py:927} WARNING - No viable dags retrieved from /opt/airflow/dags/raw_insertion.py
[2025-04-24T06:28:51.427+0000] {processor.py:208} INFO - Processing /opt/airflow/dags/raw_insertion.py took 0.017 seconds
[2025-04-24T06:29:22.347+0000] {processor.py:186} INFO - Started process (PID=1329) to work on /opt/airflow/dags/raw_insertion.py
[2025-04-24T06:29:22.347+0000] {processor.py:914} INFO - Processing file /opt/airflow/dags/raw_insertion.py for tasks to queue
[2025-04-24T06:29:22.349+0000] {logging_mixin.py:190} INFO - [2025-04-24T06:29:22.349+0000] {dagbag.py:588} INFO - Filling up the DagBag from /opt/airflow/dags/raw_insertion.py
[2025-04-24T06:29:22.352+0000] {processor.py:927} WARNING - No viable dags retrieved from /opt/airflow/dags/raw_insertion.py
[2025-04-24T06:29:22.360+0000] {processor.py:208} INFO - Processing /opt/airflow/dags/raw_insertion.py took 0.017 seconds
[2025-04-24T06:29:53.335+0000] {processor.py:186} INFO - Started process (PID=1383) to work on /opt/airflow/dags/raw_insertion.py
[2025-04-24T06:29:53.336+0000] {processor.py:914} INFO - Processing file /opt/airflow/dags/raw_insertion.py for tasks to queue
[2025-04-24T06:29:53.337+0000] {logging_mixin.py:190} INFO - [2025-04-24T06:29:53.337+0000] {dagbag.py:588} INFO - Filling up the DagBag from /opt/airflow/dags/raw_insertion.py
[2025-04-24T06:29:53.340+0000] {processor.py:927} WARNING - No viable dags retrieved from /opt/airflow/dags/raw_insertion.py
[2025-04-24T06:29:53.350+0000] {processor.py:208} INFO - Processing /opt/airflow/dags/raw_insertion.py took 0.019 seconds
[2025-04-24T06:30:24.245+0000] {processor.py:186} INFO - Started process (PID=1441) to work on /opt/airflow/dags/raw_insertion.py
[2025-04-24T06:30:24.247+0000] {processor.py:914} INFO - Processing file /opt/airflow/dags/raw_insertion.py for tasks to queue
[2025-04-24T06:30:24.248+0000] {logging_mixin.py:190} INFO - [2025-04-24T06:30:24.248+0000] {dagbag.py:588} INFO - Filling up the DagBag from /opt/airflow/dags/raw_insertion.py
[2025-04-24T06:30:24.251+0000] {processor.py:927} WARNING - No viable dags retrieved from /opt/airflow/dags/raw_insertion.py
[2025-04-24T06:30:24.259+0000] {processor.py:208} INFO - Processing /opt/airflow/dags/raw_insertion.py took 0.017 seconds
[2025-04-24T06:30:55.103+0000] {processor.py:186} INFO - Started process (PID=1495) to work on /opt/airflow/dags/raw_insertion.py
[2025-04-24T06:30:55.104+0000] {processor.py:914} INFO - Processing file /opt/airflow/dags/raw_insertion.py for tasks to queue
[2025-04-24T06:30:55.105+0000] {logging_mixin.py:190} INFO - [2025-04-24T06:30:55.105+0000] {dagbag.py:588} INFO - Filling up the DagBag from /opt/airflow/dags/raw_insertion.py
[2025-04-24T06:30:55.107+0000] {processor.py:927} WARNING - No viable dags retrieved from /opt/airflow/dags/raw_insertion.py
[2025-04-24T06:30:55.114+0000] {processor.py:208} INFO - Processing /opt/airflow/dags/raw_insertion.py took 0.014 seconds
[2025-04-24T06:31:26.011+0000] {processor.py:186} INFO - Started process (PID=1551) to work on /opt/airflow/dags/raw_insertion.py
[2025-04-24T06:31:26.012+0000] {processor.py:914} INFO - Processing file /opt/airflow/dags/raw_insertion.py for tasks to queue
[2025-04-24T06:31:26.014+0000] {logging_mixin.py:190} INFO - [2025-04-24T06:31:26.014+0000] {dagbag.py:588} INFO - Filling up the DagBag from /opt/airflow/dags/raw_insertion.py
[2025-04-24T06:31:26.018+0000] {processor.py:927} WARNING - No viable dags retrieved from /opt/airflow/dags/raw_insertion.py
[2025-04-24T06:31:26.026+0000] {processor.py:208} INFO - Processing /opt/airflow/dags/raw_insertion.py took 0.018 seconds
[2025-04-24T06:31:57.025+0000] {processor.py:186} INFO - Started process (PID=1609) to work on /opt/airflow/dags/raw_insertion.py
[2025-04-24T06:31:57.027+0000] {processor.py:914} INFO - Processing file /opt/airflow/dags/raw_insertion.py for tasks to queue
[2025-04-24T06:31:57.029+0000] {logging_mixin.py:190} INFO - [2025-04-24T06:31:57.028+0000] {dagbag.py:588} INFO - Filling up the DagBag from /opt/airflow/dags/raw_insertion.py
[2025-04-24T06:31:57.031+0000] {processor.py:927} WARNING - No viable dags retrieved from /opt/airflow/dags/raw_insertion.py
[2025-04-24T06:31:57.041+0000] {processor.py:208} INFO - Processing /opt/airflow/dags/raw_insertion.py took 0.021 seconds
[2025-04-24T06:32:28.052+0000] {processor.py:186} INFO - Started process (PID=1665) to work on /opt/airflow/dags/raw_insertion.py
[2025-04-24T06:32:28.052+0000] {processor.py:914} INFO - Processing file /opt/airflow/dags/raw_insertion.py for tasks to queue
[2025-04-24T06:32:28.054+0000] {logging_mixin.py:190} INFO - [2025-04-24T06:32:28.053+0000] {dagbag.py:588} INFO - Filling up the DagBag from /opt/airflow/dags/raw_insertion.py
[2025-04-24T06:32:28.055+0000] {processor.py:927} WARNING - No viable dags retrieved from /opt/airflow/dags/raw_insertion.py
[2025-04-24T06:32:28.063+0000] {processor.py:208} INFO - Processing /opt/airflow/dags/raw_insertion.py took 0.014 seconds
[2025-04-24T06:32:59.002+0000] {processor.py:186} INFO - Started process (PID=1721) to work on /opt/airflow/dags/raw_insertion.py
[2025-04-24T06:32:59.003+0000] {processor.py:914} INFO - Processing file /opt/airflow/dags/raw_insertion.py for tasks to queue
[2025-04-24T06:32:59.004+0000] {logging_mixin.py:190} INFO - [2025-04-24T06:32:59.004+0000] {dagbag.py:588} INFO - Filling up the DagBag from /opt/airflow/dags/raw_insertion.py
[2025-04-24T06:32:59.006+0000] {processor.py:927} WARNING - No viable dags retrieved from /opt/airflow/dags/raw_insertion.py
[2025-04-24T06:32:59.014+0000] {processor.py:208} INFO - Processing /opt/airflow/dags/raw_insertion.py took 0.015 seconds
[2025-04-24T06:33:29.938+0000] {processor.py:186} INFO - Started process (PID=1775) to work on /opt/airflow/dags/raw_insertion.py
[2025-04-24T06:33:29.940+0000] {processor.py:914} INFO - Processing file /opt/airflow/dags/raw_insertion.py for tasks to queue
[2025-04-24T06:33:29.943+0000] {logging_mixin.py:190} INFO - [2025-04-24T06:33:29.943+0000] {dagbag.py:588} INFO - Filling up the DagBag from /opt/airflow/dags/raw_insertion.py
[2025-04-24T06:33:29.946+0000] {processor.py:927} WARNING - No viable dags retrieved from /opt/airflow/dags/raw_insertion.py
[2025-04-24T06:33:29.954+0000] {processor.py:208} INFO - Processing /opt/airflow/dags/raw_insertion.py took 0.019 seconds
[2025-04-24T06:34:00.956+0000] {processor.py:186} INFO - Started process (PID=1833) to work on /opt/airflow/dags/raw_insertion.py
[2025-04-24T06:34:00.957+0000] {processor.py:914} INFO - Processing file /opt/airflow/dags/raw_insertion.py for tasks to queue
[2025-04-24T06:34:00.958+0000] {logging_mixin.py:190} INFO - [2025-04-24T06:34:00.957+0000] {dagbag.py:588} INFO - Filling up the DagBag from /opt/airflow/dags/raw_insertion.py
[2025-04-24T06:34:00.960+0000] {processor.py:927} WARNING - No viable dags retrieved from /opt/airflow/dags/raw_insertion.py
[2025-04-24T06:34:00.967+0000] {processor.py:208} INFO - Processing /opt/airflow/dags/raw_insertion.py took 0.014 seconds
[2025-04-24T06:34:31.903+0000] {processor.py:186} INFO - Started process (PID=1888) to work on /opt/airflow/dags/raw_insertion.py
[2025-04-24T06:34:31.905+0000] {processor.py:914} INFO - Processing file /opt/airflow/dags/raw_insertion.py for tasks to queue
[2025-04-24T06:34:31.907+0000] {logging_mixin.py:190} INFO - [2025-04-24T06:34:31.907+0000] {dagbag.py:588} INFO - Filling up the DagBag from /opt/airflow/dags/raw_insertion.py
[2025-04-24T06:34:31.911+0000] {processor.py:927} WARNING - No viable dags retrieved from /opt/airflow/dags/raw_insertion.py
[2025-04-24T06:34:31.919+0000] {processor.py:208} INFO - Processing /opt/airflow/dags/raw_insertion.py took 0.019 seconds
[2025-04-24T06:35:02.753+0000] {processor.py:186} INFO - Started process (PID=1943) to work on /opt/airflow/dags/raw_insertion.py
[2025-04-24T06:35:02.754+0000] {processor.py:914} INFO - Processing file /opt/airflow/dags/raw_insertion.py for tasks to queue
[2025-04-24T06:35:02.756+0000] {logging_mixin.py:190} INFO - [2025-04-24T06:35:02.756+0000] {dagbag.py:588} INFO - Filling up the DagBag from /opt/airflow/dags/raw_insertion.py
[2025-04-24T06:35:02.760+0000] {processor.py:927} WARNING - No viable dags retrieved from /opt/airflow/dags/raw_insertion.py
[2025-04-24T06:35:02.768+0000] {processor.py:208} INFO - Processing /opt/airflow/dags/raw_insertion.py took 0.018 seconds
[2025-04-24T06:35:33.605+0000] {processor.py:186} INFO - Started process (PID=2000) to work on /opt/airflow/dags/raw_insertion.py
[2025-04-24T06:35:33.605+0000] {processor.py:914} INFO - Processing file /opt/airflow/dags/raw_insertion.py for tasks to queue
[2025-04-24T06:35:33.610+0000] {logging_mixin.py:190} INFO - [2025-04-24T06:35:33.610+0000] {dagbag.py:588} INFO - Filling up the DagBag from /opt/airflow/dags/raw_insertion.py
[2025-04-24T06:35:33.615+0000] {processor.py:927} WARNING - No viable dags retrieved from /opt/airflow/dags/raw_insertion.py
[2025-04-24T06:35:33.623+0000] {processor.py:208} INFO - Processing /opt/airflow/dags/raw_insertion.py took 0.022 seconds
[2025-04-24T06:36:04.469+0000] {processor.py:186} INFO - Started process (PID=2055) to work on /opt/airflow/dags/raw_insertion.py
[2025-04-24T06:36:04.470+0000] {processor.py:914} INFO - Processing file /opt/airflow/dags/raw_insertion.py for tasks to queue
[2025-04-24T06:36:04.472+0000] {logging_mixin.py:190} INFO - [2025-04-24T06:36:04.472+0000] {dagbag.py:588} INFO - Filling up the DagBag from /opt/airflow/dags/raw_insertion.py
[2025-04-24T06:36:04.475+0000] {processor.py:927} WARNING - No viable dags retrieved from /opt/airflow/dags/raw_insertion.py
[2025-04-24T06:36:04.483+0000] {processor.py:208} INFO - Processing /opt/airflow/dags/raw_insertion.py took 0.017 seconds
[2025-04-24T06:36:35.334+0000] {processor.py:186} INFO - Started process (PID=2111) to work on /opt/airflow/dags/raw_insertion.py
[2025-04-24T06:36:35.335+0000] {processor.py:914} INFO - Processing file /opt/airflow/dags/raw_insertion.py for tasks to queue
[2025-04-24T06:36:35.337+0000] {logging_mixin.py:190} INFO - [2025-04-24T06:36:35.337+0000] {dagbag.py:588} INFO - Filling up the DagBag from /opt/airflow/dags/raw_insertion.py
[2025-04-24T06:36:35.340+0000] {processor.py:927} WARNING - No viable dags retrieved from /opt/airflow/dags/raw_insertion.py
[2025-04-24T06:36:35.348+0000] {processor.py:208} INFO - Processing /opt/airflow/dags/raw_insertion.py took 0.017 seconds
[2025-04-24T06:37:06.170+0000] {processor.py:186} INFO - Started process (PID=2167) to work on /opt/airflow/dags/raw_insertion.py
[2025-04-24T06:37:06.171+0000] {processor.py:914} INFO - Processing file /opt/airflow/dags/raw_insertion.py for tasks to queue
[2025-04-24T06:37:06.174+0000] {logging_mixin.py:190} INFO - [2025-04-24T06:37:06.173+0000] {dagbag.py:588} INFO - Filling up the DagBag from /opt/airflow/dags/raw_insertion.py
[2025-04-24T06:37:06.177+0000] {processor.py:927} WARNING - No viable dags retrieved from /opt/airflow/dags/raw_insertion.py
[2025-04-24T06:37:06.185+0000] {processor.py:208} INFO - Processing /opt/airflow/dags/raw_insertion.py took 0.018 seconds
[2025-04-24T06:37:37.020+0000] {processor.py:186} INFO - Started process (PID=2225) to work on /opt/airflow/dags/raw_insertion.py
[2025-04-24T06:37:37.021+0000] {processor.py:914} INFO - Processing file /opt/airflow/dags/raw_insertion.py for tasks to queue
[2025-04-24T06:37:37.022+0000] {logging_mixin.py:190} INFO - [2025-04-24T06:37:37.022+0000] {dagbag.py:588} INFO - Filling up the DagBag from /opt/airflow/dags/raw_insertion.py
[2025-04-24T06:37:37.025+0000] {processor.py:927} WARNING - No viable dags retrieved from /opt/airflow/dags/raw_insertion.py
[2025-04-24T06:37:37.033+0000] {processor.py:208} INFO - Processing /opt/airflow/dags/raw_insertion.py took 0.017 seconds
[2025-04-24T06:38:07.849+0000] {processor.py:186} INFO - Started process (PID=2279) to work on /opt/airflow/dags/raw_insertion.py
[2025-04-24T06:38:07.850+0000] {processor.py:914} INFO - Processing file /opt/airflow/dags/raw_insertion.py for tasks to queue
[2025-04-24T06:38:07.852+0000] {logging_mixin.py:190} INFO - [2025-04-24T06:38:07.852+0000] {dagbag.py:588} INFO - Filling up the DagBag from /opt/airflow/dags/raw_insertion.py
[2025-04-24T06:38:07.856+0000] {processor.py:927} WARNING - No viable dags retrieved from /opt/airflow/dags/raw_insertion.py
[2025-04-24T06:38:07.865+0000] {processor.py:208} INFO - Processing /opt/airflow/dags/raw_insertion.py took 0.018 seconds
[2025-04-24T06:38:38.723+0000] {processor.py:186} INFO - Started process (PID=2337) to work on /opt/airflow/dags/raw_insertion.py
[2025-04-24T06:38:38.724+0000] {processor.py:914} INFO - Processing file /opt/airflow/dags/raw_insertion.py for tasks to queue
[2025-04-24T06:38:38.725+0000] {logging_mixin.py:190} INFO - [2025-04-24T06:38:38.725+0000] {dagbag.py:588} INFO - Filling up the DagBag from /opt/airflow/dags/raw_insertion.py
[2025-04-24T06:38:38.727+0000] {processor.py:927} WARNING - No viable dags retrieved from /opt/airflow/dags/raw_insertion.py
[2025-04-24T06:38:38.734+0000] {processor.py:208} INFO - Processing /opt/airflow/dags/raw_insertion.py took 0.014 seconds
[2025-04-24T06:39:09.545+0000] {processor.py:186} INFO - Started process (PID=2391) to work on /opt/airflow/dags/raw_insertion.py
[2025-04-24T06:39:09.546+0000] {processor.py:914} INFO - Processing file /opt/airflow/dags/raw_insertion.py for tasks to queue
[2025-04-24T06:39:09.548+0000] {logging_mixin.py:190} INFO - [2025-04-24T06:39:09.547+0000] {dagbag.py:588} INFO - Filling up the DagBag from /opt/airflow/dags/raw_insertion.py
[2025-04-24T06:39:09.550+0000] {processor.py:927} WARNING - No viable dags retrieved from /opt/airflow/dags/raw_insertion.py
[2025-04-24T06:39:09.558+0000] {processor.py:208} INFO - Processing /opt/airflow/dags/raw_insertion.py took 0.016 seconds
[2025-04-24T06:39:40.469+0000] {processor.py:186} INFO - Started process (PID=2447) to work on /opt/airflow/dags/raw_insertion.py
[2025-04-24T06:39:40.469+0000] {processor.py:914} INFO - Processing file /opt/airflow/dags/raw_insertion.py for tasks to queue
[2025-04-24T06:39:40.472+0000] {logging_mixin.py:190} INFO - [2025-04-24T06:39:40.472+0000] {dagbag.py:588} INFO - Filling up the DagBag from /opt/airflow/dags/raw_insertion.py
[2025-04-24T06:39:40.474+0000] {processor.py:927} WARNING - No viable dags retrieved from /opt/airflow/dags/raw_insertion.py
[2025-04-24T06:39:40.482+0000] {processor.py:208} INFO - Processing /opt/airflow/dags/raw_insertion.py took 0.017 seconds
[2025-04-24T06:40:11.343+0000] {processor.py:186} INFO - Started process (PID=2509) to work on /opt/airflow/dags/raw_insertion.py
[2025-04-24T06:40:11.344+0000] {processor.py:914} INFO - Processing file /opt/airflow/dags/raw_insertion.py for tasks to queue
[2025-04-24T06:40:11.345+0000] {logging_mixin.py:190} INFO - [2025-04-24T06:40:11.345+0000] {dagbag.py:588} INFO - Filling up the DagBag from /opt/airflow/dags/raw_insertion.py
[2025-04-24T06:40:11.348+0000] {processor.py:927} WARNING - No viable dags retrieved from /opt/airflow/dags/raw_insertion.py
[2025-04-24T06:40:11.355+0000] {processor.py:208} INFO - Processing /opt/airflow/dags/raw_insertion.py took 0.015 seconds
[2025-04-24T06:40:42.246+0000] {processor.py:186} INFO - Started process (PID=2565) to work on /opt/airflow/dags/raw_insertion.py
[2025-04-24T06:40:42.247+0000] {processor.py:914} INFO - Processing file /opt/airflow/dags/raw_insertion.py for tasks to queue
[2025-04-24T06:40:42.249+0000] {logging_mixin.py:190} INFO - [2025-04-24T06:40:42.249+0000] {dagbag.py:588} INFO - Filling up the DagBag from /opt/airflow/dags/raw_insertion.py
[2025-04-24T06:40:42.254+0000] {processor.py:927} WARNING - No viable dags retrieved from /opt/airflow/dags/raw_insertion.py
[2025-04-24T06:40:42.261+0000] {processor.py:208} INFO - Processing /opt/airflow/dags/raw_insertion.py took 0.018 seconds
[2025-04-24T06:41:13.080+0000] {processor.py:186} INFO - Started process (PID=2623) to work on /opt/airflow/dags/raw_insertion.py
[2025-04-24T06:41:13.081+0000] {processor.py:914} INFO - Processing file /opt/airflow/dags/raw_insertion.py for tasks to queue
[2025-04-24T06:41:13.082+0000] {logging_mixin.py:190} INFO - [2025-04-24T06:41:13.082+0000] {dagbag.py:588} INFO - Filling up the DagBag from /opt/airflow/dags/raw_insertion.py
[2025-04-24T06:41:13.084+0000] {processor.py:927} WARNING - No viable dags retrieved from /opt/airflow/dags/raw_insertion.py
[2025-04-24T06:41:13.091+0000] {processor.py:208} INFO - Processing /opt/airflow/dags/raw_insertion.py took 0.015 seconds
[2025-04-24T06:41:43.988+0000] {processor.py:186} INFO - Started process (PID=2678) to work on /opt/airflow/dags/raw_insertion.py
[2025-04-24T06:41:43.989+0000] {processor.py:914} INFO - Processing file /opt/airflow/dags/raw_insertion.py for tasks to queue
[2025-04-24T06:41:43.993+0000] {logging_mixin.py:190} INFO - [2025-04-24T06:41:43.993+0000] {dagbag.py:588} INFO - Filling up the DagBag from /opt/airflow/dags/raw_insertion.py
[2025-04-24T06:41:43.995+0000] {processor.py:927} WARNING - No viable dags retrieved from /opt/airflow/dags/raw_insertion.py
[2025-04-24T06:41:44.002+0000] {processor.py:208} INFO - Processing /opt/airflow/dags/raw_insertion.py took 0.017 seconds
[2025-04-24T06:42:14.836+0000] {processor.py:186} INFO - Started process (PID=2733) to work on /opt/airflow/dags/raw_insertion.py
[2025-04-24T06:42:14.837+0000] {processor.py:914} INFO - Processing file /opt/airflow/dags/raw_insertion.py for tasks to queue
[2025-04-24T06:42:14.838+0000] {logging_mixin.py:190} INFO - [2025-04-24T06:42:14.838+0000] {dagbag.py:588} INFO - Filling up the DagBag from /opt/airflow/dags/raw_insertion.py
[2025-04-24T06:42:14.841+0000] {processor.py:927} WARNING - No viable dags retrieved from /opt/airflow/dags/raw_insertion.py
[2025-04-24T06:42:14.849+0000] {processor.py:208} INFO - Processing /opt/airflow/dags/raw_insertion.py took 0.016 seconds
[2025-04-24T06:42:45.778+0000] {processor.py:186} INFO - Started process (PID=2789) to work on /opt/airflow/dags/raw_insertion.py
[2025-04-24T06:42:45.779+0000] {processor.py:914} INFO - Processing file /opt/airflow/dags/raw_insertion.py for tasks to queue
[2025-04-24T06:42:45.781+0000] {logging_mixin.py:190} INFO - [2025-04-24T06:42:45.781+0000] {dagbag.py:588} INFO - Filling up the DagBag from /opt/airflow/dags/raw_insertion.py
[2025-04-24T06:42:45.783+0000] {processor.py:927} WARNING - No viable dags retrieved from /opt/airflow/dags/raw_insertion.py
[2025-04-24T06:42:45.792+0000] {processor.py:208} INFO - Processing /opt/airflow/dags/raw_insertion.py took 0.018 seconds
[2025-04-24T06:43:16.703+0000] {processor.py:186} INFO - Started process (PID=2847) to work on /opt/airflow/dags/raw_insertion.py
[2025-04-24T06:43:16.703+0000] {processor.py:914} INFO - Processing file /opt/airflow/dags/raw_insertion.py for tasks to queue
[2025-04-24T06:43:16.704+0000] {logging_mixin.py:190} INFO - [2025-04-24T06:43:16.704+0000] {dagbag.py:588} INFO - Filling up the DagBag from /opt/airflow/dags/raw_insertion.py
[2025-04-24T06:43:16.706+0000] {processor.py:927} WARNING - No viable dags retrieved from /opt/airflow/dags/raw_insertion.py
[2025-04-24T06:43:16.713+0000] {processor.py:208} INFO - Processing /opt/airflow/dags/raw_insertion.py took 0.014 seconds
[2025-04-24T06:43:47.494+0000] {processor.py:186} INFO - Started process (PID=2901) to work on /opt/airflow/dags/raw_insertion.py
[2025-04-24T06:43:47.495+0000] {processor.py:914} INFO - Processing file /opt/airflow/dags/raw_insertion.py for tasks to queue
[2025-04-24T06:43:47.497+0000] {logging_mixin.py:190} INFO - [2025-04-24T06:43:47.497+0000] {dagbag.py:588} INFO - Filling up the DagBag from /opt/airflow/dags/raw_insertion.py
[2025-04-24T06:43:47.500+0000] {processor.py:927} WARNING - No viable dags retrieved from /opt/airflow/dags/raw_insertion.py
[2025-04-24T06:43:47.509+0000] {processor.py:208} INFO - Processing /opt/airflow/dags/raw_insertion.py took 0.018 seconds
[2025-04-24T06:44:18.485+0000] {processor.py:186} INFO - Started process (PID=2959) to work on /opt/airflow/dags/raw_insertion.py
[2025-04-24T06:44:18.486+0000] {processor.py:914} INFO - Processing file /opt/airflow/dags/raw_insertion.py for tasks to queue
[2025-04-24T06:44:18.487+0000] {logging_mixin.py:190} INFO - [2025-04-24T06:44:18.487+0000] {dagbag.py:588} INFO - Filling up the DagBag from /opt/airflow/dags/raw_insertion.py
[2025-04-24T06:44:18.489+0000] {processor.py:927} WARNING - No viable dags retrieved from /opt/airflow/dags/raw_insertion.py
[2025-04-24T06:44:18.496+0000] {processor.py:208} INFO - Processing /opt/airflow/dags/raw_insertion.py took 0.013 seconds
[2025-04-24T06:44:49.407+0000] {processor.py:186} INFO - Started process (PID=3012) to work on /opt/airflow/dags/raw_insertion.py
[2025-04-24T06:44:49.408+0000] {processor.py:914} INFO - Processing file /opt/airflow/dags/raw_insertion.py for tasks to queue
[2025-04-24T06:44:49.409+0000] {logging_mixin.py:190} INFO - [2025-04-24T06:44:49.409+0000] {dagbag.py:588} INFO - Filling up the DagBag from /opt/airflow/dags/raw_insertion.py
[2025-04-24T06:44:49.411+0000] {processor.py:927} WARNING - No viable dags retrieved from /opt/airflow/dags/raw_insertion.py
[2025-04-24T06:44:49.418+0000] {processor.py:208} INFO - Processing /opt/airflow/dags/raw_insertion.py took 0.014 seconds
[2025-04-24T06:45:20.309+0000] {processor.py:186} INFO - Started process (PID=3070) to work on /opt/airflow/dags/raw_insertion.py
[2025-04-24T06:45:20.309+0000] {processor.py:914} INFO - Processing file /opt/airflow/dags/raw_insertion.py for tasks to queue
[2025-04-24T06:45:20.310+0000] {logging_mixin.py:190} INFO - [2025-04-24T06:45:20.310+0000] {dagbag.py:588} INFO - Filling up the DagBag from /opt/airflow/dags/raw_insertion.py
[2025-04-24T06:45:20.312+0000] {processor.py:927} WARNING - No viable dags retrieved from /opt/airflow/dags/raw_insertion.py
[2025-04-24T06:45:20.322+0000] {processor.py:208} INFO - Processing /opt/airflow/dags/raw_insertion.py took 0.016 seconds
[2025-04-24T06:45:51.217+0000] {processor.py:186} INFO - Started process (PID=3126) to work on /opt/airflow/dags/raw_insertion.py
[2025-04-24T06:45:51.218+0000] {processor.py:914} INFO - Processing file /opt/airflow/dags/raw_insertion.py for tasks to queue
[2025-04-24T06:45:51.219+0000] {logging_mixin.py:190} INFO - [2025-04-24T06:45:51.219+0000] {dagbag.py:588} INFO - Filling up the DagBag from /opt/airflow/dags/raw_insertion.py
[2025-04-24T06:45:51.221+0000] {processor.py:927} WARNING - No viable dags retrieved from /opt/airflow/dags/raw_insertion.py
[2025-04-24T06:45:51.230+0000] {processor.py:208} INFO - Processing /opt/airflow/dags/raw_insertion.py took 0.017 seconds
[2025-04-24T06:46:22.247+0000] {processor.py:186} INFO - Started process (PID=3180) to work on /opt/airflow/dags/raw_insertion.py
[2025-04-24T06:46:22.248+0000] {processor.py:914} INFO - Processing file /opt/airflow/dags/raw_insertion.py for tasks to queue
[2025-04-24T06:46:22.249+0000] {logging_mixin.py:190} INFO - [2025-04-24T06:46:22.249+0000] {dagbag.py:588} INFO - Filling up the DagBag from /opt/airflow/dags/raw_insertion.py
[2025-04-24T06:46:22.255+0000] {processor.py:927} WARNING - No viable dags retrieved from /opt/airflow/dags/raw_insertion.py
[2025-04-24T06:46:22.266+0000] {processor.py:208} INFO - Processing /opt/airflow/dags/raw_insertion.py took 0.023 seconds
[2025-04-24T06:46:52.345+0000] {processor.py:186} INFO - Started process (PID=3233) to work on /opt/airflow/dags/raw_insertion.py
[2025-04-24T06:46:52.346+0000] {processor.py:914} INFO - Processing file /opt/airflow/dags/raw_insertion.py for tasks to queue
[2025-04-24T06:46:52.347+0000] {logging_mixin.py:190} INFO - [2025-04-24T06:46:52.347+0000] {dagbag.py:588} INFO - Filling up the DagBag from /opt/airflow/dags/raw_insertion.py
[2025-04-24T06:46:52.349+0000] {processor.py:927} WARNING - No viable dags retrieved from /opt/airflow/dags/raw_insertion.py
[2025-04-24T06:46:52.361+0000] {processor.py:208} INFO - Processing /opt/airflow/dags/raw_insertion.py took 0.019 seconds
[2025-04-24T06:47:23.257+0000] {processor.py:186} INFO - Started process (PID=3294) to work on /opt/airflow/dags/raw_insertion.py
[2025-04-24T06:47:23.258+0000] {processor.py:914} INFO - Processing file /opt/airflow/dags/raw_insertion.py for tasks to queue
[2025-04-24T06:47:23.259+0000] {logging_mixin.py:190} INFO - [2025-04-24T06:47:23.259+0000] {dagbag.py:588} INFO - Filling up the DagBag from /opt/airflow/dags/raw_insertion.py
[2025-04-24T06:47:23.285+0000] {processor.py:927} WARNING - No viable dags retrieved from /opt/airflow/dags/raw_insertion.py
[2025-04-24T06:47:23.293+0000] {processor.py:208} INFO - Processing /opt/airflow/dags/raw_insertion.py took 0.039 seconds
[2025-04-24T06:47:54.199+0000] {processor.py:186} INFO - Started process (PID=3349) to work on /opt/airflow/dags/raw_insertion.py
[2025-04-24T06:47:54.199+0000] {processor.py:914} INFO - Processing file /opt/airflow/dags/raw_insertion.py for tasks to queue
[2025-04-24T06:47:54.203+0000] {logging_mixin.py:190} INFO - [2025-04-24T06:47:54.203+0000] {dagbag.py:588} INFO - Filling up the DagBag from /opt/airflow/dags/raw_insertion.py
[2025-04-24T06:47:54.205+0000] {processor.py:927} WARNING - No viable dags retrieved from /opt/airflow/dags/raw_insertion.py
[2025-04-24T06:47:54.212+0000] {processor.py:208} INFO - Processing /opt/airflow/dags/raw_insertion.py took 0.017 seconds
[2025-04-24T06:48:24.277+0000] {processor.py:186} INFO - Started process (PID=3403) to work on /opt/airflow/dags/raw_insertion.py
[2025-04-24T06:48:24.278+0000] {processor.py:914} INFO - Processing file /opt/airflow/dags/raw_insertion.py for tasks to queue
[2025-04-24T06:48:24.279+0000] {logging_mixin.py:190} INFO - [2025-04-24T06:48:24.279+0000] {dagbag.py:588} INFO - Filling up the DagBag from /opt/airflow/dags/raw_insertion.py
[2025-04-24T06:48:24.281+0000] {processor.py:927} WARNING - No viable dags retrieved from /opt/airflow/dags/raw_insertion.py
[2025-04-24T06:48:24.289+0000] {processor.py:208} INFO - Processing /opt/airflow/dags/raw_insertion.py took 0.016 seconds
[2025-04-24T06:48:54.437+0000] {processor.py:186} INFO - Started process (PID=3459) to work on /opt/airflow/dags/raw_insertion.py
[2025-04-24T06:48:54.438+0000] {processor.py:914} INFO - Processing file /opt/airflow/dags/raw_insertion.py for tasks to queue
[2025-04-24T06:48:54.439+0000] {logging_mixin.py:190} INFO - [2025-04-24T06:48:54.438+0000] {dagbag.py:588} INFO - Filling up the DagBag from /opt/airflow/dags/raw_insertion.py
[2025-04-24T06:48:54.442+0000] {processor.py:927} WARNING - No viable dags retrieved from /opt/airflow/dags/raw_insertion.py
[2025-04-24T06:48:54.454+0000] {processor.py:208} INFO - Processing /opt/airflow/dags/raw_insertion.py took 0.020 seconds
[2025-04-24T06:49:25.462+0000] {processor.py:186} INFO - Started process (PID=3515) to work on /opt/airflow/dags/raw_insertion.py
[2025-04-24T06:49:25.462+0000] {processor.py:914} INFO - Processing file /opt/airflow/dags/raw_insertion.py for tasks to queue
[2025-04-24T06:49:25.464+0000] {logging_mixin.py:190} INFO - [2025-04-24T06:49:25.464+0000] {dagbag.py:588} INFO - Filling up the DagBag from /opt/airflow/dags/raw_insertion.py
[2025-04-24T06:49:25.467+0000] {processor.py:927} WARNING - No viable dags retrieved from /opt/airflow/dags/raw_insertion.py
[2025-04-24T06:49:25.475+0000] {processor.py:208} INFO - Processing /opt/airflow/dags/raw_insertion.py took 0.016 seconds
[2025-04-24T06:49:56.401+0000] {processor.py:186} INFO - Started process (PID=3572) to work on /opt/airflow/dags/raw_insertion.py
[2025-04-24T06:49:56.403+0000] {processor.py:914} INFO - Processing file /opt/airflow/dags/raw_insertion.py for tasks to queue
[2025-04-24T06:49:56.405+0000] {logging_mixin.py:190} INFO - [2025-04-24T06:49:56.405+0000] {dagbag.py:588} INFO - Filling up the DagBag from /opt/airflow/dags/raw_insertion.py
[2025-04-24T06:49:56.408+0000] {processor.py:927} WARNING - No viable dags retrieved from /opt/airflow/dags/raw_insertion.py
[2025-04-24T06:49:56.414+0000] {processor.py:208} INFO - Processing /opt/airflow/dags/raw_insertion.py took 0.016 seconds
[2025-04-24T06:50:27.282+0000] {processor.py:186} INFO - Started process (PID=3627) to work on /opt/airflow/dags/raw_insertion.py
[2025-04-24T06:50:27.283+0000] {processor.py:914} INFO - Processing file /opt/airflow/dags/raw_insertion.py for tasks to queue
[2025-04-24T06:50:27.285+0000] {logging_mixin.py:190} INFO - [2025-04-24T06:50:27.284+0000] {dagbag.py:588} INFO - Filling up the DagBag from /opt/airflow/dags/raw_insertion.py
[2025-04-24T06:50:27.287+0000] {processor.py:927} WARNING - No viable dags retrieved from /opt/airflow/dags/raw_insertion.py
[2025-04-24T06:50:27.297+0000] {processor.py:208} INFO - Processing /opt/airflow/dags/raw_insertion.py took 0.020 seconds
[2025-04-24T06:50:57.618+0000] {processor.py:186} INFO - Started process (PID=3685) to work on /opt/airflow/dags/raw_insertion.py
[2025-04-24T06:50:57.619+0000] {processor.py:914} INFO - Processing file /opt/airflow/dags/raw_insertion.py for tasks to queue
[2025-04-24T06:50:57.620+0000] {logging_mixin.py:190} INFO - [2025-04-24T06:50:57.620+0000] {dagbag.py:588} INFO - Filling up the DagBag from /opt/airflow/dags/raw_insertion.py
[2025-04-24T06:50:57.621+0000] {processor.py:927} WARNING - No viable dags retrieved from /opt/airflow/dags/raw_insertion.py
[2025-04-24T06:50:57.629+0000] {processor.py:208} INFO - Processing /opt/airflow/dags/raw_insertion.py took 0.014 seconds
[2025-04-24T06:51:27.730+0000] {processor.py:186} INFO - Started process (PID=3739) to work on /opt/airflow/dags/raw_insertion.py
[2025-04-24T06:51:27.731+0000] {processor.py:914} INFO - Processing file /opt/airflow/dags/raw_insertion.py for tasks to queue
[2025-04-24T06:51:27.732+0000] {logging_mixin.py:190} INFO - [2025-04-24T06:51:27.732+0000] {dagbag.py:588} INFO - Filling up the DagBag from /opt/airflow/dags/raw_insertion.py
[2025-04-24T06:51:27.738+0000] {processor.py:927} WARNING - No viable dags retrieved from /opt/airflow/dags/raw_insertion.py
[2025-04-24T06:51:27.750+0000] {processor.py:208} INFO - Processing /opt/airflow/dags/raw_insertion.py took 0.024 seconds
[2025-04-24T06:51:57.949+0000] {processor.py:186} INFO - Started process (PID=3797) to work on /opt/airflow/dags/raw_insertion.py
[2025-04-24T06:51:57.949+0000] {processor.py:914} INFO - Processing file /opt/airflow/dags/raw_insertion.py for tasks to queue
[2025-04-24T06:51:57.953+0000] {logging_mixin.py:190} INFO - [2025-04-24T06:51:57.952+0000] {dagbag.py:588} INFO - Filling up the DagBag from /opt/airflow/dags/raw_insertion.py
[2025-04-24T06:51:57.956+0000] {processor.py:927} WARNING - No viable dags retrieved from /opt/airflow/dags/raw_insertion.py
[2025-04-24T06:51:57.963+0000] {processor.py:208} INFO - Processing /opt/airflow/dags/raw_insertion.py took 0.019 seconds
[2025-04-24T06:52:28.949+0000] {processor.py:186} INFO - Started process (PID=3851) to work on /opt/airflow/dags/raw_insertion.py
[2025-04-24T06:52:28.950+0000] {processor.py:914} INFO - Processing file /opt/airflow/dags/raw_insertion.py for tasks to queue
[2025-04-24T06:52:28.952+0000] {logging_mixin.py:190} INFO - [2025-04-24T06:52:28.952+0000] {dagbag.py:588} INFO - Filling up the DagBag from /opt/airflow/dags/raw_insertion.py
[2025-04-24T06:52:28.957+0000] {processor.py:927} WARNING - No viable dags retrieved from /opt/airflow/dags/raw_insertion.py
[2025-04-24T06:52:28.972+0000] {processor.py:208} INFO - Processing /opt/airflow/dags/raw_insertion.py took 0.027 seconds
[2025-04-24T06:52:59.046+0000] {processor.py:186} INFO - Started process (PID=3902) to work on /opt/airflow/dags/raw_insertion.py
[2025-04-24T06:52:59.048+0000] {processor.py:914} INFO - Processing file /opt/airflow/dags/raw_insertion.py for tasks to queue
[2025-04-24T06:52:59.052+0000] {logging_mixin.py:190} INFO - [2025-04-24T06:52:59.052+0000] {dagbag.py:588} INFO - Filling up the DagBag from /opt/airflow/dags/raw_insertion.py
[2025-04-24T06:52:59.055+0000] {processor.py:927} WARNING - No viable dags retrieved from /opt/airflow/dags/raw_insertion.py
[2025-04-24T06:52:59.064+0000] {processor.py:208} INFO - Processing /opt/airflow/dags/raw_insertion.py took 0.021 seconds
[2025-04-24T06:53:29.166+0000] {processor.py:186} INFO - Started process (PID=3958) to work on /opt/airflow/dags/raw_insertion.py
[2025-04-24T06:53:29.166+0000] {processor.py:914} INFO - Processing file /opt/airflow/dags/raw_insertion.py for tasks to queue
[2025-04-24T06:53:29.168+0000] {logging_mixin.py:190} INFO - [2025-04-24T06:53:29.168+0000] {dagbag.py:588} INFO - Filling up the DagBag from /opt/airflow/dags/raw_insertion.py
[2025-04-24T06:53:29.173+0000] {processor.py:927} WARNING - No viable dags retrieved from /opt/airflow/dags/raw_insertion.py
[2025-04-24T06:53:29.184+0000] {processor.py:208} INFO - Processing /opt/airflow/dags/raw_insertion.py took 0.023 seconds
[2025-04-24T06:54:00.109+0000] {processor.py:186} INFO - Started process (PID=4012) to work on /opt/airflow/dags/raw_insertion.py
[2025-04-24T06:54:00.111+0000] {processor.py:914} INFO - Processing file /opt/airflow/dags/raw_insertion.py for tasks to queue
[2025-04-24T06:54:00.114+0000] {logging_mixin.py:190} INFO - [2025-04-24T06:54:00.114+0000] {dagbag.py:588} INFO - Filling up the DagBag from /opt/airflow/dags/raw_insertion.py
[2025-04-24T06:54:00.118+0000] {processor.py:927} WARNING - No viable dags retrieved from /opt/airflow/dags/raw_insertion.py
[2025-04-24T06:54:00.132+0000] {processor.py:208} INFO - Processing /opt/airflow/dags/raw_insertion.py took 0.030 seconds
[2025-04-24T06:54:31.007+0000] {processor.py:186} INFO - Started process (PID=4069) to work on /opt/airflow/dags/raw_insertion.py
[2025-04-24T06:54:31.008+0000] {processor.py:914} INFO - Processing file /opt/airflow/dags/raw_insertion.py for tasks to queue
[2025-04-24T06:54:31.011+0000] {logging_mixin.py:190} INFO - [2025-04-24T06:54:31.011+0000] {dagbag.py:588} INFO - Filling up the DagBag from /opt/airflow/dags/raw_insertion.py
[2025-04-24T06:54:31.017+0000] {processor.py:927} WARNING - No viable dags retrieved from /opt/airflow/dags/raw_insertion.py
[2025-04-24T06:54:31.029+0000] {processor.py:208} INFO - Processing /opt/airflow/dags/raw_insertion.py took 0.026 seconds
[2025-04-24T06:55:01.802+0000] {processor.py:186} INFO - Started process (PID=4125) to work on /opt/airflow/dags/raw_insertion.py
[2025-04-24T06:55:01.803+0000] {processor.py:914} INFO - Processing file /opt/airflow/dags/raw_insertion.py for tasks to queue
[2025-04-24T06:55:01.805+0000] {logging_mixin.py:190} INFO - [2025-04-24T06:55:01.805+0000] {dagbag.py:588} INFO - Filling up the DagBag from /opt/airflow/dags/raw_insertion.py
[2025-04-24T06:55:01.812+0000] {processor.py:927} WARNING - No viable dags retrieved from /opt/airflow/dags/raw_insertion.py
[2025-04-24T06:55:01.823+0000] {processor.py:208} INFO - Processing /opt/airflow/dags/raw_insertion.py took 0.026 seconds
[2025-04-24T06:55:32.576+0000] {processor.py:186} INFO - Started process (PID=4181) to work on /opt/airflow/dags/raw_insertion.py
[2025-04-24T06:55:32.577+0000] {processor.py:914} INFO - Processing file /opt/airflow/dags/raw_insertion.py for tasks to queue
[2025-04-24T06:55:32.580+0000] {logging_mixin.py:190} INFO - [2025-04-24T06:55:32.580+0000] {dagbag.py:588} INFO - Filling up the DagBag from /opt/airflow/dags/raw_insertion.py
[2025-04-24T06:55:32.601+0000] {processor.py:927} WARNING - No viable dags retrieved from /opt/airflow/dags/raw_insertion.py
[2025-04-24T06:55:32.619+0000] {processor.py:208} INFO - Processing /opt/airflow/dags/raw_insertion.py took 0.046 seconds
[2025-04-24T06:56:03.413+0000] {processor.py:186} INFO - Started process (PID=4237) to work on /opt/airflow/dags/raw_insertion.py
[2025-04-24T06:56:03.414+0000] {processor.py:914} INFO - Processing file /opt/airflow/dags/raw_insertion.py for tasks to queue
[2025-04-24T06:56:03.419+0000] {logging_mixin.py:190} INFO - [2025-04-24T06:56:03.419+0000] {dagbag.py:588} INFO - Filling up the DagBag from /opt/airflow/dags/raw_insertion.py
[2025-04-24T06:56:03.421+0000] {processor.py:927} WARNING - No viable dags retrieved from /opt/airflow/dags/raw_insertion.py
[2025-04-24T06:56:03.431+0000] {processor.py:208} INFO - Processing /opt/airflow/dags/raw_insertion.py took 0.021 seconds
[2025-04-24T06:56:34.242+0000] {processor.py:186} INFO - Started process (PID=4293) to work on /opt/airflow/dags/raw_insertion.py
[2025-04-24T06:56:34.244+0000] {processor.py:914} INFO - Processing file /opt/airflow/dags/raw_insertion.py for tasks to queue
[2025-04-24T06:56:34.246+0000] {logging_mixin.py:190} INFO - [2025-04-24T06:56:34.245+0000] {dagbag.py:588} INFO - Filling up the DagBag from /opt/airflow/dags/raw_insertion.py
[2025-04-24T06:56:34.255+0000] {processor.py:927} WARNING - No viable dags retrieved from /opt/airflow/dags/raw_insertion.py
[2025-04-24T06:56:34.267+0000] {processor.py:208} INFO - Processing /opt/airflow/dags/raw_insertion.py took 0.030 seconds
[2025-04-24T06:57:05.064+0000] {processor.py:186} INFO - Started process (PID=4349) to work on /opt/airflow/dags/raw_insertion.py
[2025-04-24T06:57:05.065+0000] {processor.py:914} INFO - Processing file /opt/airflow/dags/raw_insertion.py for tasks to queue
[2025-04-24T06:57:05.067+0000] {logging_mixin.py:190} INFO - [2025-04-24T06:57:05.067+0000] {dagbag.py:588} INFO - Filling up the DagBag from /opt/airflow/dags/raw_insertion.py
[2025-04-24T06:57:05.075+0000] {processor.py:927} WARNING - No viable dags retrieved from /opt/airflow/dags/raw_insertion.py
[2025-04-24T06:57:05.085+0000] {processor.py:208} INFO - Processing /opt/airflow/dags/raw_insertion.py took 0.026 seconds
[2025-04-24T06:57:35.871+0000] {processor.py:186} INFO - Started process (PID=4405) to work on /opt/airflow/dags/raw_insertion.py
[2025-04-24T06:57:35.872+0000] {processor.py:914} INFO - Processing file /opt/airflow/dags/raw_insertion.py for tasks to queue
[2025-04-24T06:57:35.875+0000] {logging_mixin.py:190} INFO - [2025-04-24T06:57:35.875+0000] {dagbag.py:588} INFO - Filling up the DagBag from /opt/airflow/dags/raw_insertion.py
[2025-04-24T06:57:35.878+0000] {processor.py:927} WARNING - No viable dags retrieved from /opt/airflow/dags/raw_insertion.py
[2025-04-24T06:57:35.890+0000] {processor.py:208} INFO - Processing /opt/airflow/dags/raw_insertion.py took 0.023 seconds
[2025-04-24T06:58:06.598+0000] {processor.py:186} INFO - Started process (PID=4461) to work on /opt/airflow/dags/raw_insertion.py
[2025-04-24T06:58:06.599+0000] {processor.py:914} INFO - Processing file /opt/airflow/dags/raw_insertion.py for tasks to queue
[2025-04-24T06:58:06.601+0000] {logging_mixin.py:190} INFO - [2025-04-24T06:58:06.601+0000] {dagbag.py:588} INFO - Filling up the DagBag from /opt/airflow/dags/raw_insertion.py
[2025-04-24T06:58:06.606+0000] {processor.py:927} WARNING - No viable dags retrieved from /opt/airflow/dags/raw_insertion.py
[2025-04-24T06:58:06.617+0000] {processor.py:208} INFO - Processing /opt/airflow/dags/raw_insertion.py took 0.023 seconds
[2025-04-24T06:58:37.306+0000] {processor.py:186} INFO - Started process (PID=4517) to work on /opt/airflow/dags/raw_insertion.py
[2025-04-24T06:58:37.306+0000] {processor.py:914} INFO - Processing file /opt/airflow/dags/raw_insertion.py for tasks to queue
[2025-04-24T06:58:37.309+0000] {logging_mixin.py:190} INFO - [2025-04-24T06:58:37.309+0000] {dagbag.py:588} INFO - Filling up the DagBag from /opt/airflow/dags/raw_insertion.py
[2025-04-24T06:58:37.313+0000] {processor.py:927} WARNING - No viable dags retrieved from /opt/airflow/dags/raw_insertion.py
[2025-04-24T06:58:37.323+0000] {processor.py:208} INFO - Processing /opt/airflow/dags/raw_insertion.py took 0.020 seconds
[2025-04-24T06:59:08.062+0000] {processor.py:186} INFO - Started process (PID=4573) to work on /opt/airflow/dags/raw_insertion.py
[2025-04-24T06:59:08.063+0000] {processor.py:914} INFO - Processing file /opt/airflow/dags/raw_insertion.py for tasks to queue
[2025-04-24T06:59:08.066+0000] {logging_mixin.py:190} INFO - [2025-04-24T06:59:08.065+0000] {dagbag.py:588} INFO - Filling up the DagBag from /opt/airflow/dags/raw_insertion.py
[2025-04-24T06:59:08.071+0000] {processor.py:927} WARNING - No viable dags retrieved from /opt/airflow/dags/raw_insertion.py
[2025-04-24T06:59:08.080+0000] {processor.py:208} INFO - Processing /opt/airflow/dags/raw_insertion.py took 0.022 seconds
[2025-04-24T06:59:38.908+0000] {processor.py:186} INFO - Started process (PID=4629) to work on /opt/airflow/dags/raw_insertion.py
[2025-04-24T06:59:38.909+0000] {processor.py:914} INFO - Processing file /opt/airflow/dags/raw_insertion.py for tasks to queue
[2025-04-24T06:59:38.914+0000] {logging_mixin.py:190} INFO - [2025-04-24T06:59:38.914+0000] {dagbag.py:588} INFO - Filling up the DagBag from /opt/airflow/dags/raw_insertion.py
[2025-04-24T06:59:38.922+0000] {processor.py:927} WARNING - No viable dags retrieved from /opt/airflow/dags/raw_insertion.py
[2025-04-24T06:59:38.949+0000] {processor.py:208} INFO - Processing /opt/airflow/dags/raw_insertion.py took 0.050 seconds
[2025-04-24T07:00:09.758+0000] {processor.py:186} INFO - Started process (PID=4685) to work on /opt/airflow/dags/raw_insertion.py
[2025-04-24T07:00:09.758+0000] {processor.py:914} INFO - Processing file /opt/airflow/dags/raw_insertion.py for tasks to queue
[2025-04-24T07:00:09.761+0000] {logging_mixin.py:190} INFO - [2025-04-24T07:00:09.761+0000] {dagbag.py:588} INFO - Filling up the DagBag from /opt/airflow/dags/raw_insertion.py
[2025-04-24T07:00:09.767+0000] {processor.py:927} WARNING - No viable dags retrieved from /opt/airflow/dags/raw_insertion.py
[2025-04-24T07:00:09.779+0000] {processor.py:208} INFO - Processing /opt/airflow/dags/raw_insertion.py took 0.025 seconds
[2025-04-24T07:00:40.563+0000] {processor.py:186} INFO - Started process (PID=4741) to work on /opt/airflow/dags/raw_insertion.py
[2025-04-24T07:00:40.564+0000] {processor.py:914} INFO - Processing file /opt/airflow/dags/raw_insertion.py for tasks to queue
[2025-04-24T07:00:40.566+0000] {logging_mixin.py:190} INFO - [2025-04-24T07:00:40.566+0000] {dagbag.py:588} INFO - Filling up the DagBag from /opt/airflow/dags/raw_insertion.py
[2025-04-24T07:00:40.571+0000] {processor.py:927} WARNING - No viable dags retrieved from /opt/airflow/dags/raw_insertion.py
[2025-04-24T07:00:40.582+0000] {processor.py:208} INFO - Processing /opt/airflow/dags/raw_insertion.py took 0.024 seconds
[2025-04-24T07:01:11.298+0000] {processor.py:186} INFO - Started process (PID=4797) to work on /opt/airflow/dags/raw_insertion.py
[2025-04-24T07:01:11.299+0000] {processor.py:914} INFO - Processing file /opt/airflow/dags/raw_insertion.py for tasks to queue
[2025-04-24T07:01:11.301+0000] {logging_mixin.py:190} INFO - [2025-04-24T07:01:11.301+0000] {dagbag.py:588} INFO - Filling up the DagBag from /opt/airflow/dags/raw_insertion.py
[2025-04-24T07:01:11.306+0000] {processor.py:927} WARNING - No viable dags retrieved from /opt/airflow/dags/raw_insertion.py
[2025-04-24T07:01:11.317+0000] {processor.py:208} INFO - Processing /opt/airflow/dags/raw_insertion.py took 0.023 seconds
[2025-04-24T07:01:41.716+0000] {processor.py:186} INFO - Started process (PID=4853) to work on /opt/airflow/dags/raw_insertion.py
[2025-04-24T07:01:41.718+0000] {processor.py:914} INFO - Processing file /opt/airflow/dags/raw_insertion.py for tasks to queue
[2025-04-24T07:01:41.721+0000] {logging_mixin.py:190} INFO - [2025-04-24T07:01:41.721+0000] {dagbag.py:588} INFO - Filling up the DagBag from /opt/airflow/dags/raw_insertion.py
[2025-04-24T07:01:41.726+0000] {processor.py:927} WARNING - No viable dags retrieved from /opt/airflow/dags/raw_insertion.py
[2025-04-24T07:01:41.742+0000] {processor.py:208} INFO - Processing /opt/airflow/dags/raw_insertion.py took 0.030 seconds
[2025-04-24T07:02:12.564+0000] {processor.py:186} INFO - Started process (PID=4909) to work on /opt/airflow/dags/raw_insertion.py
[2025-04-24T07:02:12.566+0000] {processor.py:914} INFO - Processing file /opt/airflow/dags/raw_insertion.py for tasks to queue
[2025-04-24T07:02:12.568+0000] {logging_mixin.py:190} INFO - [2025-04-24T07:02:12.568+0000] {dagbag.py:588} INFO - Filling up the DagBag from /opt/airflow/dags/raw_insertion.py
[2025-04-24T07:02:12.575+0000] {processor.py:927} WARNING - No viable dags retrieved from /opt/airflow/dags/raw_insertion.py
[2025-04-24T07:02:12.587+0000] {processor.py:208} INFO - Processing /opt/airflow/dags/raw_insertion.py took 0.029 seconds
[2025-04-24T07:02:43.322+0000] {processor.py:186} INFO - Started process (PID=4965) to work on /opt/airflow/dags/raw_insertion.py
[2025-04-24T07:02:43.323+0000] {processor.py:914} INFO - Processing file /opt/airflow/dags/raw_insertion.py for tasks to queue
[2025-04-24T07:02:43.325+0000] {logging_mixin.py:190} INFO - [2025-04-24T07:02:43.325+0000] {dagbag.py:588} INFO - Filling up the DagBag from /opt/airflow/dags/raw_insertion.py
[2025-04-24T07:02:43.328+0000] {processor.py:927} WARNING - No viable dags retrieved from /opt/airflow/dags/raw_insertion.py
[2025-04-24T07:02:43.340+0000] {processor.py:208} INFO - Processing /opt/airflow/dags/raw_insertion.py took 0.026 seconds
[2025-04-24T07:03:14.251+0000] {processor.py:186} INFO - Started process (PID=5027) to work on /opt/airflow/dags/raw_insertion.py
[2025-04-24T07:03:14.252+0000] {processor.py:914} INFO - Processing file /opt/airflow/dags/raw_insertion.py for tasks to queue
[2025-04-24T07:03:14.254+0000] {logging_mixin.py:190} INFO - [2025-04-24T07:03:14.254+0000] {dagbag.py:588} INFO - Filling up the DagBag from /opt/airflow/dags/raw_insertion.py
[2025-04-24T07:03:14.259+0000] {processor.py:927} WARNING - No viable dags retrieved from /opt/airflow/dags/raw_insertion.py
[2025-04-24T07:03:14.271+0000] {processor.py:208} INFO - Processing /opt/airflow/dags/raw_insertion.py took 0.025 seconds
[2025-04-24T07:03:45.164+0000] {processor.py:186} INFO - Started process (PID=5083) to work on /opt/airflow/dags/raw_insertion.py
[2025-04-24T07:03:45.164+0000] {processor.py:914} INFO - Processing file /opt/airflow/dags/raw_insertion.py for tasks to queue
[2025-04-24T07:03:45.168+0000] {logging_mixin.py:190} INFO - [2025-04-24T07:03:45.168+0000] {dagbag.py:588} INFO - Filling up the DagBag from /opt/airflow/dags/raw_insertion.py
[2025-04-24T07:03:45.173+0000] {processor.py:927} WARNING - No viable dags retrieved from /opt/airflow/dags/raw_insertion.py
[2025-04-24T07:03:45.184+0000] {processor.py:208} INFO - Processing /opt/airflow/dags/raw_insertion.py took 0.025 seconds
[2025-04-24T07:04:16.009+0000] {processor.py:186} INFO - Started process (PID=5139) to work on /opt/airflow/dags/raw_insertion.py
[2025-04-24T07:04:16.010+0000] {processor.py:914} INFO - Processing file /opt/airflow/dags/raw_insertion.py for tasks to queue
[2025-04-24T07:04:16.012+0000] {logging_mixin.py:190} INFO - [2025-04-24T07:04:16.012+0000] {dagbag.py:588} INFO - Filling up the DagBag from /opt/airflow/dags/raw_insertion.py
[2025-04-24T07:04:16.018+0000] {processor.py:927} WARNING - No viable dags retrieved from /opt/airflow/dags/raw_insertion.py
[2025-04-24T07:04:16.031+0000] {processor.py:208} INFO - Processing /opt/airflow/dags/raw_insertion.py took 0.027 seconds
[2025-04-24T07:04:46.792+0000] {processor.py:186} INFO - Started process (PID=5195) to work on /opt/airflow/dags/raw_insertion.py
[2025-04-24T07:04:46.793+0000] {processor.py:914} INFO - Processing file /opt/airflow/dags/raw_insertion.py for tasks to queue
[2025-04-24T07:04:46.797+0000] {logging_mixin.py:190} INFO - [2025-04-24T07:04:46.797+0000] {dagbag.py:588} INFO - Filling up the DagBag from /opt/airflow/dags/raw_insertion.py
[2025-04-24T07:04:46.801+0000] {processor.py:927} WARNING - No viable dags retrieved from /opt/airflow/dags/raw_insertion.py
[2025-04-24T07:04:46.812+0000] {processor.py:208} INFO - Processing /opt/airflow/dags/raw_insertion.py took 0.025 seconds
[2025-04-24T07:05:17.556+0000] {processor.py:186} INFO - Started process (PID=5251) to work on /opt/airflow/dags/raw_insertion.py
[2025-04-24T07:05:17.557+0000] {processor.py:914} INFO - Processing file /opt/airflow/dags/raw_insertion.py for tasks to queue
[2025-04-24T07:05:17.559+0000] {logging_mixin.py:190} INFO - [2025-04-24T07:05:17.559+0000] {dagbag.py:588} INFO - Filling up the DagBag from /opt/airflow/dags/raw_insertion.py
[2025-04-24T07:05:17.564+0000] {processor.py:927} WARNING - No viable dags retrieved from /opt/airflow/dags/raw_insertion.py
[2025-04-24T07:05:17.574+0000] {processor.py:208} INFO - Processing /opt/airflow/dags/raw_insertion.py took 0.024 seconds
[2025-04-24T07:05:48.355+0000] {processor.py:186} INFO - Started process (PID=5306) to work on /opt/airflow/dags/raw_insertion.py
[2025-04-24T07:05:48.358+0000] {processor.py:914} INFO - Processing file /opt/airflow/dags/raw_insertion.py for tasks to queue
[2025-04-24T07:05:48.359+0000] {logging_mixin.py:190} INFO - [2025-04-24T07:05:48.359+0000] {dagbag.py:588} INFO - Filling up the DagBag from /opt/airflow/dags/raw_insertion.py
[2025-04-24T07:05:48.364+0000] {processor.py:927} WARNING - No viable dags retrieved from /opt/airflow/dags/raw_insertion.py
[2025-04-24T07:05:48.377+0000] {processor.py:208} INFO - Processing /opt/airflow/dags/raw_insertion.py took 0.027 seconds
[2025-04-24T07:06:19.155+0000] {processor.py:186} INFO - Started process (PID=5362) to work on /opt/airflow/dags/raw_insertion.py
[2025-04-24T07:06:19.156+0000] {processor.py:914} INFO - Processing file /opt/airflow/dags/raw_insertion.py for tasks to queue
[2025-04-24T07:06:19.161+0000] {logging_mixin.py:190} INFO - [2025-04-24T07:06:19.160+0000] {dagbag.py:588} INFO - Filling up the DagBag from /opt/airflow/dags/raw_insertion.py
[2025-04-24T07:06:19.167+0000] {processor.py:927} WARNING - No viable dags retrieved from /opt/airflow/dags/raw_insertion.py
[2025-04-24T07:06:19.176+0000] {processor.py:208} INFO - Processing /opt/airflow/dags/raw_insertion.py took 0.026 seconds
[2025-04-24T07:06:49.950+0000] {processor.py:186} INFO - Started process (PID=5418) to work on /opt/airflow/dags/raw_insertion.py
[2025-04-24T07:06:49.951+0000] {processor.py:914} INFO - Processing file /opt/airflow/dags/raw_insertion.py for tasks to queue
[2025-04-24T07:06:49.954+0000] {logging_mixin.py:190} INFO - [2025-04-24T07:06:49.954+0000] {dagbag.py:588} INFO - Filling up the DagBag from /opt/airflow/dags/raw_insertion.py
[2025-04-24T07:06:49.960+0000] {processor.py:927} WARNING - No viable dags retrieved from /opt/airflow/dags/raw_insertion.py
[2025-04-24T07:06:49.972+0000] {processor.py:208} INFO - Processing /opt/airflow/dags/raw_insertion.py took 0.028 seconds
[2025-04-24T07:07:20.773+0000] {processor.py:186} INFO - Started process (PID=5474) to work on /opt/airflow/dags/raw_insertion.py
[2025-04-24T07:07:20.775+0000] {processor.py:914} INFO - Processing file /opt/airflow/dags/raw_insertion.py for tasks to queue
[2025-04-24T07:07:20.778+0000] {logging_mixin.py:190} INFO - [2025-04-24T07:07:20.778+0000] {dagbag.py:588} INFO - Filling up the DagBag from /opt/airflow/dags/raw_insertion.py
[2025-04-24T07:07:20.784+0000] {processor.py:927} WARNING - No viable dags retrieved from /opt/airflow/dags/raw_insertion.py
[2025-04-24T07:07:20.793+0000] {processor.py:208} INFO - Processing /opt/airflow/dags/raw_insertion.py took 0.025 seconds
