[2025-04-24T06:19:04.787+0000] {processor.py:186} INFO - Started process (PID=214) to work on /opt/airflow/dags/yaryne.py
[2025-04-24T06:19:04.788+0000] {processor.py:914} INFO - Processing file /opt/airflow/dags/yaryne.py for tasks to queue
[2025-04-24T06:19:04.790+0000] {logging_mixin.py:190} INFO - [2025-04-24T06:19:04.790+0000] {dagbag.py:588} INFO - Filling up the DagBag from /opt/airflow/dags/yaryne.py
[2025-04-24T06:19:04.793+0000] {processor.py:927} WARNING - No viable dags retrieved from /opt/airflow/dags/yaryne.py
[2025-04-24T06:19:04.807+0000] {processor.py:208} INFO - Processing /opt/airflow/dags/yaryne.py took 0.025 seconds
[2025-04-24T06:19:34.886+0000] {processor.py:186} INFO - Started process (PID=269) to work on /opt/airflow/dags/yaryne.py
[2025-04-24T06:19:34.887+0000] {processor.py:914} INFO - Processing file /opt/airflow/dags/yaryne.py for tasks to queue
[2025-04-24T06:19:34.888+0000] {logging_mixin.py:190} INFO - [2025-04-24T06:19:34.888+0000] {dagbag.py:588} INFO - Filling up the DagBag from /opt/airflow/dags/yaryne.py
[2025-04-24T06:19:34.890+0000] {processor.py:927} WARNING - No viable dags retrieved from /opt/airflow/dags/yaryne.py
[2025-04-24T06:19:34.898+0000] {processor.py:208} INFO - Processing /opt/airflow/dags/yaryne.py took 0.016 seconds
[2025-04-24T06:20:05.862+0000] {processor.py:186} INFO - Started process (PID=325) to work on /opt/airflow/dags/yaryne.py
[2025-04-24T06:20:05.862+0000] {processor.py:914} INFO - Processing file /opt/airflow/dags/yaryne.py for tasks to queue
[2025-04-24T06:20:05.864+0000] {logging_mixin.py:190} INFO - [2025-04-24T06:20:05.863+0000] {dagbag.py:588} INFO - Filling up the DagBag from /opt/airflow/dags/yaryne.py
[2025-04-24T06:20:05.867+0000] {processor.py:927} WARNING - No viable dags retrieved from /opt/airflow/dags/yaryne.py
[2025-04-24T06:20:05.876+0000] {processor.py:208} INFO - Processing /opt/airflow/dags/yaryne.py took 0.017 seconds
[2025-04-24T06:20:36.735+0000] {processor.py:186} INFO - Started process (PID=382) to work on /opt/airflow/dags/yaryne.py
[2025-04-24T06:20:36.736+0000] {processor.py:914} INFO - Processing file /opt/airflow/dags/yaryne.py for tasks to queue
[2025-04-24T06:20:36.737+0000] {logging_mixin.py:190} INFO - [2025-04-24T06:20:36.737+0000] {dagbag.py:588} INFO - Filling up the DagBag from /opt/airflow/dags/yaryne.py
[2025-04-24T06:20:36.739+0000] {processor.py:927} WARNING - No viable dags retrieved from /opt/airflow/dags/yaryne.py
[2025-04-24T06:20:36.746+0000] {processor.py:208} INFO - Processing /opt/airflow/dags/yaryne.py took 0.014 seconds
[2025-04-24T06:21:07.581+0000] {processor.py:186} INFO - Started process (PID=437) to work on /opt/airflow/dags/yaryne.py
[2025-04-24T06:21:07.582+0000] {processor.py:914} INFO - Processing file /opt/airflow/dags/yaryne.py for tasks to queue
[2025-04-24T06:21:07.583+0000] {logging_mixin.py:190} INFO - [2025-04-24T06:21:07.583+0000] {dagbag.py:588} INFO - Filling up the DagBag from /opt/airflow/dags/yaryne.py
[2025-04-24T06:21:07.585+0000] {processor.py:927} WARNING - No viable dags retrieved from /opt/airflow/dags/yaryne.py
[2025-04-24T06:21:07.591+0000] {processor.py:208} INFO - Processing /opt/airflow/dags/yaryne.py took 0.013 seconds
[2025-04-24T06:21:38.496+0000] {processor.py:186} INFO - Started process (PID=493) to work on /opt/airflow/dags/yaryne.py
[2025-04-24T06:21:38.497+0000] {processor.py:914} INFO - Processing file /opt/airflow/dags/yaryne.py for tasks to queue
[2025-04-24T06:21:38.499+0000] {logging_mixin.py:190} INFO - [2025-04-24T06:21:38.499+0000] {dagbag.py:588} INFO - Filling up the DagBag from /opt/airflow/dags/yaryne.py
[2025-04-24T06:21:38.502+0000] {processor.py:927} WARNING - No viable dags retrieved from /opt/airflow/dags/yaryne.py
[2025-04-24T06:21:38.514+0000] {processor.py:208} INFO - Processing /opt/airflow/dags/yaryne.py took 0.022 seconds
[2025-04-24T06:22:09.496+0000] {processor.py:186} INFO - Started process (PID=555) to work on /opt/airflow/dags/yaryne.py
[2025-04-24T06:22:09.497+0000] {processor.py:914} INFO - Processing file /opt/airflow/dags/yaryne.py for tasks to queue
[2025-04-24T06:22:09.498+0000] {logging_mixin.py:190} INFO - [2025-04-24T06:22:09.498+0000] {dagbag.py:588} INFO - Filling up the DagBag from /opt/airflow/dags/yaryne.py
[2025-04-24T06:22:09.501+0000] {processor.py:927} WARNING - No viable dags retrieved from /opt/airflow/dags/yaryne.py
[2025-04-24T06:22:09.510+0000] {processor.py:208} INFO - Processing /opt/airflow/dags/yaryne.py took 0.018 seconds
[2025-04-24T06:22:40.360+0000] {processor.py:186} INFO - Started process (PID=610) to work on /opt/airflow/dags/yaryne.py
[2025-04-24T06:22:40.360+0000] {processor.py:914} INFO - Processing file /opt/airflow/dags/yaryne.py for tasks to queue
[2025-04-24T06:22:40.361+0000] {logging_mixin.py:190} INFO - [2025-04-24T06:22:40.361+0000] {dagbag.py:588} INFO - Filling up the DagBag from /opt/airflow/dags/yaryne.py
[2025-04-24T06:22:40.363+0000] {processor.py:927} WARNING - No viable dags retrieved from /opt/airflow/dags/yaryne.py
[2025-04-24T06:22:40.371+0000] {processor.py:208} INFO - Processing /opt/airflow/dags/yaryne.py took 0.014 seconds
[2025-04-24T06:23:11.246+0000] {processor.py:186} INFO - Started process (PID=666) to work on /opt/airflow/dags/yaryne.py
[2025-04-24T06:23:11.247+0000] {processor.py:914} INFO - Processing file /opt/airflow/dags/yaryne.py for tasks to queue
[2025-04-24T06:23:11.248+0000] {logging_mixin.py:190} INFO - [2025-04-24T06:23:11.248+0000] {dagbag.py:588} INFO - Filling up the DagBag from /opt/airflow/dags/yaryne.py
[2025-04-24T06:23:11.250+0000] {processor.py:927} WARNING - No viable dags retrieved from /opt/airflow/dags/yaryne.py
[2025-04-24T06:23:11.256+0000] {processor.py:208} INFO - Processing /opt/airflow/dags/yaryne.py took 0.014 seconds
[2025-04-24T06:23:42.102+0000] {processor.py:186} INFO - Started process (PID=722) to work on /opt/airflow/dags/yaryne.py
[2025-04-24T06:23:42.103+0000] {processor.py:914} INFO - Processing file /opt/airflow/dags/yaryne.py for tasks to queue
[2025-04-24T06:23:42.104+0000] {logging_mixin.py:190} INFO - [2025-04-24T06:23:42.104+0000] {dagbag.py:588} INFO - Filling up the DagBag from /opt/airflow/dags/yaryne.py
[2025-04-24T06:23:42.108+0000] {processor.py:927} WARNING - No viable dags retrieved from /opt/airflow/dags/yaryne.py
[2025-04-24T06:23:42.114+0000] {processor.py:208} INFO - Processing /opt/airflow/dags/yaryne.py took 0.015 seconds
[2025-04-24T06:24:12.946+0000] {processor.py:186} INFO - Started process (PID=778) to work on /opt/airflow/dags/yaryne.py
[2025-04-24T06:24:12.947+0000] {processor.py:914} INFO - Processing file /opt/airflow/dags/yaryne.py for tasks to queue
[2025-04-24T06:24:12.948+0000] {logging_mixin.py:190} INFO - [2025-04-24T06:24:12.948+0000] {dagbag.py:588} INFO - Filling up the DagBag from /opt/airflow/dags/yaryne.py
[2025-04-24T06:24:12.950+0000] {processor.py:927} WARNING - No viable dags retrieved from /opt/airflow/dags/yaryne.py
[2025-04-24T06:24:12.957+0000] {processor.py:208} INFO - Processing /opt/airflow/dags/yaryne.py took 0.015 seconds
[2025-04-24T06:24:43.803+0000] {processor.py:186} INFO - Started process (PID=834) to work on /opt/airflow/dags/yaryne.py
[2025-04-24T06:24:43.803+0000] {processor.py:914} INFO - Processing file /opt/airflow/dags/yaryne.py for tasks to queue
[2025-04-24T06:24:43.805+0000] {logging_mixin.py:190} INFO - [2025-04-24T06:24:43.805+0000] {dagbag.py:588} INFO - Filling up the DagBag from /opt/airflow/dags/yaryne.py
[2025-04-24T06:24:43.808+0000] {processor.py:927} WARNING - No viable dags retrieved from /opt/airflow/dags/yaryne.py
[2025-04-24T06:24:43.819+0000] {processor.py:208} INFO - Processing /opt/airflow/dags/yaryne.py took 0.020 seconds
[2025-04-24T06:25:14.739+0000] {processor.py:186} INFO - Started process (PID=890) to work on /opt/airflow/dags/yaryne.py
[2025-04-24T06:25:14.740+0000] {processor.py:914} INFO - Processing file /opt/airflow/dags/yaryne.py for tasks to queue
[2025-04-24T06:25:14.742+0000] {logging_mixin.py:190} INFO - [2025-04-24T06:25:14.742+0000] {dagbag.py:588} INFO - Filling up the DagBag from /opt/airflow/dags/yaryne.py
[2025-04-24T06:25:14.745+0000] {processor.py:927} WARNING - No viable dags retrieved from /opt/airflow/dags/yaryne.py
[2025-04-24T06:25:14.762+0000] {processor.py:208} INFO - Processing /opt/airflow/dags/yaryne.py took 0.028 seconds
[2025-04-24T06:25:45.810+0000] {processor.py:186} INFO - Started process (PID=946) to work on /opt/airflow/dags/yaryne.py
[2025-04-24T06:25:45.811+0000] {processor.py:914} INFO - Processing file /opt/airflow/dags/yaryne.py for tasks to queue
[2025-04-24T06:25:45.813+0000] {logging_mixin.py:190} INFO - [2025-04-24T06:25:45.812+0000] {dagbag.py:588} INFO - Filling up the DagBag from /opt/airflow/dags/yaryne.py
[2025-04-24T06:25:45.815+0000] {processor.py:927} WARNING - No viable dags retrieved from /opt/airflow/dags/yaryne.py
[2025-04-24T06:25:45.823+0000] {processor.py:208} INFO - Processing /opt/airflow/dags/yaryne.py took 0.017 seconds
[2025-04-24T06:26:16.681+0000] {processor.py:186} INFO - Started process (PID=1002) to work on /opt/airflow/dags/yaryne.py
[2025-04-24T06:26:16.682+0000] {processor.py:914} INFO - Processing file /opt/airflow/dags/yaryne.py for tasks to queue
[2025-04-24T06:26:16.684+0000] {logging_mixin.py:190} INFO - [2025-04-24T06:26:16.684+0000] {dagbag.py:588} INFO - Filling up the DagBag from /opt/airflow/dags/yaryne.py
[2025-04-24T06:26:16.687+0000] {processor.py:927} WARNING - No viable dags retrieved from /opt/airflow/dags/yaryne.py
[2025-04-24T06:26:16.694+0000] {processor.py:208} INFO - Processing /opt/airflow/dags/yaryne.py took 0.016 seconds
[2025-04-24T06:26:47.583+0000] {processor.py:186} INFO - Started process (PID=1060) to work on /opt/airflow/dags/yaryne.py
[2025-04-24T06:26:47.583+0000] {processor.py:914} INFO - Processing file /opt/airflow/dags/yaryne.py for tasks to queue
[2025-04-24T06:26:47.585+0000] {logging_mixin.py:190} INFO - [2025-04-24T06:26:47.584+0000] {dagbag.py:588} INFO - Filling up the DagBag from /opt/airflow/dags/yaryne.py
[2025-04-24T06:26:47.586+0000] {processor.py:927} WARNING - No viable dags retrieved from /opt/airflow/dags/yaryne.py
[2025-04-24T06:26:47.593+0000] {processor.py:208} INFO - Processing /opt/airflow/dags/yaryne.py took 0.014 seconds
[2025-04-24T06:27:18.563+0000] {processor.py:186} INFO - Started process (PID=1114) to work on /opt/airflow/dags/yaryne.py
[2025-04-24T06:27:18.564+0000] {processor.py:914} INFO - Processing file /opt/airflow/dags/yaryne.py for tasks to queue
[2025-04-24T06:27:18.566+0000] {logging_mixin.py:190} INFO - [2025-04-24T06:27:18.565+0000] {dagbag.py:588} INFO - Filling up the DagBag from /opt/airflow/dags/yaryne.py
[2025-04-24T06:27:18.569+0000] {processor.py:927} WARNING - No viable dags retrieved from /opt/airflow/dags/yaryne.py
[2025-04-24T06:27:18.578+0000] {processor.py:208} INFO - Processing /opt/airflow/dags/yaryne.py took 0.018 seconds
[2025-04-24T06:27:49.548+0000] {processor.py:186} INFO - Started process (PID=1170) to work on /opt/airflow/dags/yaryne.py
[2025-04-24T06:27:49.549+0000] {processor.py:914} INFO - Processing file /opt/airflow/dags/yaryne.py for tasks to queue
[2025-04-24T06:27:49.551+0000] {logging_mixin.py:190} INFO - [2025-04-24T06:27:49.550+0000] {dagbag.py:588} INFO - Filling up the DagBag from /opt/airflow/dags/yaryne.py
[2025-04-24T06:27:49.554+0000] {processor.py:927} WARNING - No viable dags retrieved from /opt/airflow/dags/yaryne.py
[2025-04-24T06:27:49.562+0000] {processor.py:208} INFO - Processing /opt/airflow/dags/yaryne.py took 0.017 seconds
[2025-04-24T06:28:20.506+0000] {processor.py:186} INFO - Started process (PID=1225) to work on /opt/airflow/dags/yaryne.py
[2025-04-24T06:28:20.507+0000] {processor.py:914} INFO - Processing file /opt/airflow/dags/yaryne.py for tasks to queue
[2025-04-24T06:28:20.508+0000] {logging_mixin.py:190} INFO - [2025-04-24T06:28:20.508+0000] {dagbag.py:588} INFO - Filling up the DagBag from /opt/airflow/dags/yaryne.py
[2025-04-24T06:28:20.512+0000] {processor.py:927} WARNING - No viable dags retrieved from /opt/airflow/dags/yaryne.py
[2025-04-24T06:28:20.521+0000] {processor.py:208} INFO - Processing /opt/airflow/dags/yaryne.py took 0.018 seconds
[2025-04-24T06:28:51.445+0000] {processor.py:186} INFO - Started process (PID=1283) to work on /opt/airflow/dags/yaryne.py
[2025-04-24T06:28:51.445+0000] {processor.py:914} INFO - Processing file /opt/airflow/dags/yaryne.py for tasks to queue
[2025-04-24T06:28:51.446+0000] {logging_mixin.py:190} INFO - [2025-04-24T06:28:51.446+0000] {dagbag.py:588} INFO - Filling up the DagBag from /opt/airflow/dags/yaryne.py
[2025-04-24T06:28:51.448+0000] {processor.py:927} WARNING - No viable dags retrieved from /opt/airflow/dags/yaryne.py
[2025-04-24T06:28:51.455+0000] {processor.py:208} INFO - Processing /opt/airflow/dags/yaryne.py took 0.013 seconds
[2025-04-24T06:29:22.382+0000] {processor.py:186} INFO - Started process (PID=1337) to work on /opt/airflow/dags/yaryne.py
[2025-04-24T06:29:22.383+0000] {processor.py:914} INFO - Processing file /opt/airflow/dags/yaryne.py for tasks to queue
[2025-04-24T06:29:22.384+0000] {logging_mixin.py:190} INFO - [2025-04-24T06:29:22.384+0000] {dagbag.py:588} INFO - Filling up the DagBag from /opt/airflow/dags/yaryne.py
[2025-04-24T06:29:22.389+0000] {processor.py:927} WARNING - No viable dags retrieved from /opt/airflow/dags/yaryne.py
[2025-04-24T06:29:22.399+0000] {processor.py:208} INFO - Processing /opt/airflow/dags/yaryne.py took 0.021 seconds
[2025-04-24T06:29:53.369+0000] {processor.py:186} INFO - Started process (PID=1393) to work on /opt/airflow/dags/yaryne.py
[2025-04-24T06:29:53.370+0000] {processor.py:914} INFO - Processing file /opt/airflow/dags/yaryne.py for tasks to queue
[2025-04-24T06:29:53.372+0000] {logging_mixin.py:190} INFO - [2025-04-24T06:29:53.371+0000] {dagbag.py:588} INFO - Filling up the DagBag from /opt/airflow/dags/yaryne.py
[2025-04-24T06:29:53.374+0000] {processor.py:927} WARNING - No viable dags retrieved from /opt/airflow/dags/yaryne.py
[2025-04-24T06:29:53.382+0000] {processor.py:208} INFO - Processing /opt/airflow/dags/yaryne.py took 0.017 seconds
[2025-04-24T06:30:24.277+0000] {processor.py:186} INFO - Started process (PID=1449) to work on /opt/airflow/dags/yaryne.py
[2025-04-24T06:30:24.278+0000] {processor.py:914} INFO - Processing file /opt/airflow/dags/yaryne.py for tasks to queue
[2025-04-24T06:30:24.279+0000] {logging_mixin.py:190} INFO - [2025-04-24T06:30:24.279+0000] {dagbag.py:588} INFO - Filling up the DagBag from /opt/airflow/dags/yaryne.py
[2025-04-24T06:30:24.281+0000] {processor.py:927} WARNING - No viable dags retrieved from /opt/airflow/dags/yaryne.py
[2025-04-24T06:30:24.287+0000] {processor.py:208} INFO - Processing /opt/airflow/dags/yaryne.py took 0.013 seconds
[2025-04-24T06:30:55.131+0000] {processor.py:186} INFO - Started process (PID=1505) to work on /opt/airflow/dags/yaryne.py
[2025-04-24T06:30:55.132+0000] {processor.py:914} INFO - Processing file /opt/airflow/dags/yaryne.py for tasks to queue
[2025-04-24T06:30:55.134+0000] {logging_mixin.py:190} INFO - [2025-04-24T06:30:55.134+0000] {dagbag.py:588} INFO - Filling up the DagBag from /opt/airflow/dags/yaryne.py
[2025-04-24T06:30:55.138+0000] {processor.py:927} WARNING - No viable dags retrieved from /opt/airflow/dags/yaryne.py
[2025-04-24T06:30:55.144+0000] {processor.py:208} INFO - Processing /opt/airflow/dags/yaryne.py took 0.016 seconds
[2025-04-24T06:31:26.044+0000] {processor.py:186} INFO - Started process (PID=1561) to work on /opt/airflow/dags/yaryne.py
[2025-04-24T06:31:26.045+0000] {processor.py:914} INFO - Processing file /opt/airflow/dags/yaryne.py for tasks to queue
[2025-04-24T06:31:26.046+0000] {logging_mixin.py:190} INFO - [2025-04-24T06:31:26.046+0000] {dagbag.py:588} INFO - Filling up the DagBag from /opt/airflow/dags/yaryne.py
[2025-04-24T06:31:26.048+0000] {processor.py:927} WARNING - No viable dags retrieved from /opt/airflow/dags/yaryne.py
[2025-04-24T06:31:26.055+0000] {processor.py:208} INFO - Processing /opt/airflow/dags/yaryne.py took 0.014 seconds
[2025-04-24T06:31:57.063+0000] {processor.py:186} INFO - Started process (PID=1617) to work on /opt/airflow/dags/yaryne.py
[2025-04-24T06:31:57.064+0000] {processor.py:914} INFO - Processing file /opt/airflow/dags/yaryne.py for tasks to queue
[2025-04-24T06:31:57.066+0000] {logging_mixin.py:190} INFO - [2025-04-24T06:31:57.066+0000] {dagbag.py:588} INFO - Filling up the DagBag from /opt/airflow/dags/yaryne.py
[2025-04-24T06:31:57.068+0000] {processor.py:927} WARNING - No viable dags retrieved from /opt/airflow/dags/yaryne.py
[2025-04-24T06:31:57.078+0000] {processor.py:208} INFO - Processing /opt/airflow/dags/yaryne.py took 0.019 seconds
[2025-04-24T06:32:28.085+0000] {processor.py:186} INFO - Started process (PID=1673) to work on /opt/airflow/dags/yaryne.py
[2025-04-24T06:32:28.088+0000] {processor.py:914} INFO - Processing file /opt/airflow/dags/yaryne.py for tasks to queue
[2025-04-24T06:32:28.089+0000] {logging_mixin.py:190} INFO - [2025-04-24T06:32:28.089+0000] {dagbag.py:588} INFO - Filling up the DagBag from /opt/airflow/dags/yaryne.py
[2025-04-24T06:32:28.093+0000] {processor.py:927} WARNING - No viable dags retrieved from /opt/airflow/dags/yaryne.py
[2025-04-24T06:32:28.102+0000] {processor.py:208} INFO - Processing /opt/airflow/dags/yaryne.py took 0.020 seconds
[2025-04-24T06:32:59.033+0000] {processor.py:186} INFO - Started process (PID=1729) to work on /opt/airflow/dags/yaryne.py
[2025-04-24T06:32:59.034+0000] {processor.py:914} INFO - Processing file /opt/airflow/dags/yaryne.py for tasks to queue
[2025-04-24T06:32:59.036+0000] {logging_mixin.py:190} INFO - [2025-04-24T06:32:59.036+0000] {dagbag.py:588} INFO - Filling up the DagBag from /opt/airflow/dags/yaryne.py
[2025-04-24T06:32:59.040+0000] {processor.py:927} WARNING - No viable dags retrieved from /opt/airflow/dags/yaryne.py
[2025-04-24T06:32:59.049+0000] {processor.py:208} INFO - Processing /opt/airflow/dags/yaryne.py took 0.019 seconds
[2025-04-24T06:33:29.971+0000] {processor.py:186} INFO - Started process (PID=1785) to work on /opt/airflow/dags/yaryne.py
[2025-04-24T06:33:29.972+0000] {processor.py:914} INFO - Processing file /opt/airflow/dags/yaryne.py for tasks to queue
[2025-04-24T06:33:29.974+0000] {logging_mixin.py:190} INFO - [2025-04-24T06:33:29.973+0000] {dagbag.py:588} INFO - Filling up the DagBag from /opt/airflow/dags/yaryne.py
[2025-04-24T06:33:29.977+0000] {processor.py:927} WARNING - No viable dags retrieved from /opt/airflow/dags/yaryne.py
[2025-04-24T06:33:29.984+0000] {processor.py:208} INFO - Processing /opt/airflow/dags/yaryne.py took 0.016 seconds
[2025-04-24T06:34:00.984+0000] {processor.py:186} INFO - Started process (PID=1841) to work on /opt/airflow/dags/yaryne.py
[2025-04-24T06:34:00.985+0000] {processor.py:914} INFO - Processing file /opt/airflow/dags/yaryne.py for tasks to queue
[2025-04-24T06:34:00.987+0000] {logging_mixin.py:190} INFO - [2025-04-24T06:34:00.987+0000] {dagbag.py:588} INFO - Filling up the DagBag from /opt/airflow/dags/yaryne.py
[2025-04-24T06:34:00.991+0000] {processor.py:927} WARNING - No viable dags retrieved from /opt/airflow/dags/yaryne.py
[2025-04-24T06:34:01.003+0000] {processor.py:208} INFO - Processing /opt/airflow/dags/yaryne.py took 0.022 seconds
[2025-04-24T06:34:31.938+0000] {processor.py:186} INFO - Started process (PID=1897) to work on /opt/airflow/dags/yaryne.py
[2025-04-24T06:34:31.939+0000] {processor.py:914} INFO - Processing file /opt/airflow/dags/yaryne.py for tasks to queue
[2025-04-24T06:34:31.940+0000] {logging_mixin.py:190} INFO - [2025-04-24T06:34:31.940+0000] {dagbag.py:588} INFO - Filling up the DagBag from /opt/airflow/dags/yaryne.py
[2025-04-24T06:34:31.942+0000] {processor.py:927} WARNING - No viable dags retrieved from /opt/airflow/dags/yaryne.py
[2025-04-24T06:34:31.948+0000] {processor.py:208} INFO - Processing /opt/airflow/dags/yaryne.py took 0.013 seconds
[2025-04-24T06:35:02.787+0000] {processor.py:186} INFO - Started process (PID=1953) to work on /opt/airflow/dags/yaryne.py
[2025-04-24T06:35:02.787+0000] {processor.py:914} INFO - Processing file /opt/airflow/dags/yaryne.py for tasks to queue
[2025-04-24T06:35:02.789+0000] {logging_mixin.py:190} INFO - [2025-04-24T06:35:02.789+0000] {dagbag.py:588} INFO - Filling up the DagBag from /opt/airflow/dags/yaryne.py
[2025-04-24T06:35:02.791+0000] {processor.py:927} WARNING - No viable dags retrieved from /opt/airflow/dags/yaryne.py
[2025-04-24T06:35:02.797+0000] {processor.py:208} INFO - Processing /opt/airflow/dags/yaryne.py took 0.014 seconds
[2025-04-24T06:35:33.640+0000] {processor.py:186} INFO - Started process (PID=2009) to work on /opt/airflow/dags/yaryne.py
[2025-04-24T06:35:33.641+0000] {processor.py:914} INFO - Processing file /opt/airflow/dags/yaryne.py for tasks to queue
[2025-04-24T06:35:33.642+0000] {logging_mixin.py:190} INFO - [2025-04-24T06:35:33.642+0000] {dagbag.py:588} INFO - Filling up the DagBag from /opt/airflow/dags/yaryne.py
[2025-04-24T06:35:33.645+0000] {processor.py:927} WARNING - No viable dags retrieved from /opt/airflow/dags/yaryne.py
[2025-04-24T06:35:33.651+0000] {processor.py:208} INFO - Processing /opt/airflow/dags/yaryne.py took 0.014 seconds
[2025-04-24T06:36:04.502+0000] {processor.py:186} INFO - Started process (PID=2065) to work on /opt/airflow/dags/yaryne.py
[2025-04-24T06:36:04.503+0000] {processor.py:914} INFO - Processing file /opt/airflow/dags/yaryne.py for tasks to queue
[2025-04-24T06:36:04.504+0000] {logging_mixin.py:190} INFO - [2025-04-24T06:36:04.504+0000] {dagbag.py:588} INFO - Filling up the DagBag from /opt/airflow/dags/yaryne.py
[2025-04-24T06:36:04.506+0000] {processor.py:927} WARNING - No viable dags retrieved from /opt/airflow/dags/yaryne.py
[2025-04-24T06:36:04.512+0000] {processor.py:208} INFO - Processing /opt/airflow/dags/yaryne.py took 0.012 seconds
[2025-04-24T06:36:35.365+0000] {processor.py:186} INFO - Started process (PID=2121) to work on /opt/airflow/dags/yaryne.py
[2025-04-24T06:36:35.365+0000] {processor.py:914} INFO - Processing file /opt/airflow/dags/yaryne.py for tasks to queue
[2025-04-24T06:36:35.368+0000] {logging_mixin.py:190} INFO - [2025-04-24T06:36:35.366+0000] {dagbag.py:588} INFO - Filling up the DagBag from /opt/airflow/dags/yaryne.py
[2025-04-24T06:36:35.371+0000] {processor.py:927} WARNING - No viable dags retrieved from /opt/airflow/dags/yaryne.py
[2025-04-24T06:36:35.377+0000] {processor.py:208} INFO - Processing /opt/airflow/dags/yaryne.py took 0.015 seconds
[2025-04-24T06:37:06.201+0000] {processor.py:186} INFO - Started process (PID=2177) to work on /opt/airflow/dags/yaryne.py
[2025-04-24T06:37:06.202+0000] {processor.py:914} INFO - Processing file /opt/airflow/dags/yaryne.py for tasks to queue
[2025-04-24T06:37:06.203+0000] {logging_mixin.py:190} INFO - [2025-04-24T06:37:06.203+0000] {dagbag.py:588} INFO - Filling up the DagBag from /opt/airflow/dags/yaryne.py
[2025-04-24T06:37:06.205+0000] {processor.py:927} WARNING - No viable dags retrieved from /opt/airflow/dags/yaryne.py
[2025-04-24T06:37:06.212+0000] {processor.py:208} INFO - Processing /opt/airflow/dags/yaryne.py took 0.014 seconds
[2025-04-24T06:37:37.050+0000] {processor.py:186} INFO - Started process (PID=2233) to work on /opt/airflow/dags/yaryne.py
[2025-04-24T06:37:37.051+0000] {processor.py:914} INFO - Processing file /opt/airflow/dags/yaryne.py for tasks to queue
[2025-04-24T06:37:37.053+0000] {logging_mixin.py:190} INFO - [2025-04-24T06:37:37.052+0000] {dagbag.py:588} INFO - Filling up the DagBag from /opt/airflow/dags/yaryne.py
[2025-04-24T06:37:37.056+0000] {processor.py:927} WARNING - No viable dags retrieved from /opt/airflow/dags/yaryne.py
[2025-04-24T06:37:37.065+0000] {processor.py:208} INFO - Processing /opt/airflow/dags/yaryne.py took 0.018 seconds
[2025-04-24T06:38:07.901+0000] {processor.py:186} INFO - Started process (PID=2289) to work on /opt/airflow/dags/yaryne.py
[2025-04-24T06:38:07.901+0000] {processor.py:914} INFO - Processing file /opt/airflow/dags/yaryne.py for tasks to queue
[2025-04-24T06:38:07.902+0000] {logging_mixin.py:190} INFO - [2025-04-24T06:38:07.902+0000] {dagbag.py:588} INFO - Filling up the DagBag from /opt/airflow/dags/yaryne.py
[2025-04-24T06:38:07.908+0000] {processor.py:927} WARNING - No viable dags retrieved from /opt/airflow/dags/yaryne.py
[2025-04-24T06:38:07.914+0000] {processor.py:208} INFO - Processing /opt/airflow/dags/yaryne.py took 0.017 seconds
[2025-04-24T06:38:38.751+0000] {processor.py:186} INFO - Started process (PID=2345) to work on /opt/airflow/dags/yaryne.py
[2025-04-24T06:38:38.751+0000] {processor.py:914} INFO - Processing file /opt/airflow/dags/yaryne.py for tasks to queue
[2025-04-24T06:38:38.753+0000] {logging_mixin.py:190} INFO - [2025-04-24T06:38:38.753+0000] {dagbag.py:588} INFO - Filling up the DagBag from /opt/airflow/dags/yaryne.py
[2025-04-24T06:38:38.757+0000] {processor.py:927} WARNING - No viable dags retrieved from /opt/airflow/dags/yaryne.py
[2025-04-24T06:38:38.765+0000] {processor.py:208} INFO - Processing /opt/airflow/dags/yaryne.py took 0.017 seconds
[2025-04-24T06:39:09.575+0000] {processor.py:186} INFO - Started process (PID=2401) to work on /opt/airflow/dags/yaryne.py
[2025-04-24T06:39:09.575+0000] {processor.py:914} INFO - Processing file /opt/airflow/dags/yaryne.py for tasks to queue
[2025-04-24T06:39:09.576+0000] {logging_mixin.py:190} INFO - [2025-04-24T06:39:09.576+0000] {dagbag.py:588} INFO - Filling up the DagBag from /opt/airflow/dags/yaryne.py
[2025-04-24T06:39:09.579+0000] {processor.py:927} WARNING - No viable dags retrieved from /opt/airflow/dags/yaryne.py
[2025-04-24T06:39:09.585+0000] {processor.py:208} INFO - Processing /opt/airflow/dags/yaryne.py took 0.013 seconds
[2025-04-24T06:39:40.501+0000] {processor.py:186} INFO - Started process (PID=2457) to work on /opt/airflow/dags/yaryne.py
[2025-04-24T06:39:40.501+0000] {processor.py:914} INFO - Processing file /opt/airflow/dags/yaryne.py for tasks to queue
[2025-04-24T06:39:40.502+0000] {logging_mixin.py:190} INFO - [2025-04-24T06:39:40.502+0000] {dagbag.py:588} INFO - Filling up the DagBag from /opt/airflow/dags/yaryne.py
[2025-04-24T06:39:40.504+0000] {processor.py:927} WARNING - No viable dags retrieved from /opt/airflow/dags/yaryne.py
[2025-04-24T06:39:40.510+0000] {processor.py:208} INFO - Processing /opt/airflow/dags/yaryne.py took 0.013 seconds
[2025-04-24T06:40:11.375+0000] {processor.py:186} INFO - Started process (PID=2519) to work on /opt/airflow/dags/yaryne.py
[2025-04-24T06:40:11.375+0000] {processor.py:914} INFO - Processing file /opt/airflow/dags/yaryne.py for tasks to queue
[2025-04-24T06:40:11.376+0000] {logging_mixin.py:190} INFO - [2025-04-24T06:40:11.376+0000] {dagbag.py:588} INFO - Filling up the DagBag from /opt/airflow/dags/yaryne.py
[2025-04-24T06:40:11.378+0000] {processor.py:927} WARNING - No viable dags retrieved from /opt/airflow/dags/yaryne.py
[2025-04-24T06:40:11.384+0000] {processor.py:208} INFO - Processing /opt/airflow/dags/yaryne.py took 0.013 seconds
[2025-04-24T06:40:42.278+0000] {processor.py:186} INFO - Started process (PID=2575) to work on /opt/airflow/dags/yaryne.py
[2025-04-24T06:40:42.278+0000] {processor.py:914} INFO - Processing file /opt/airflow/dags/yaryne.py for tasks to queue
[2025-04-24T06:40:42.279+0000] {logging_mixin.py:190} INFO - [2025-04-24T06:40:42.279+0000] {dagbag.py:588} INFO - Filling up the DagBag from /opt/airflow/dags/yaryne.py
[2025-04-24T06:40:42.282+0000] {processor.py:927} WARNING - No viable dags retrieved from /opt/airflow/dags/yaryne.py
[2025-04-24T06:40:42.288+0000] {processor.py:208} INFO - Processing /opt/airflow/dags/yaryne.py took 0.014 seconds
[2025-04-24T06:41:13.110+0000] {processor.py:186} INFO - Started process (PID=2631) to work on /opt/airflow/dags/yaryne.py
[2025-04-24T06:41:13.110+0000] {processor.py:914} INFO - Processing file /opt/airflow/dags/yaryne.py for tasks to queue
[2025-04-24T06:41:13.112+0000] {logging_mixin.py:190} INFO - [2025-04-24T06:41:13.111+0000] {dagbag.py:588} INFO - Filling up the DagBag from /opt/airflow/dags/yaryne.py
[2025-04-24T06:41:13.115+0000] {processor.py:927} WARNING - No viable dags retrieved from /opt/airflow/dags/yaryne.py
[2025-04-24T06:41:13.122+0000] {processor.py:208} INFO - Processing /opt/airflow/dags/yaryne.py took 0.016 seconds
[2025-04-24T06:41:44.019+0000] {processor.py:186} INFO - Started process (PID=2687) to work on /opt/airflow/dags/yaryne.py
[2025-04-24T06:41:44.020+0000] {processor.py:914} INFO - Processing file /opt/airflow/dags/yaryne.py for tasks to queue
[2025-04-24T06:41:44.021+0000] {logging_mixin.py:190} INFO - [2025-04-24T06:41:44.021+0000] {dagbag.py:588} INFO - Filling up the DagBag from /opt/airflow/dags/yaryne.py
[2025-04-24T06:41:44.023+0000] {processor.py:927} WARNING - No viable dags retrieved from /opt/airflow/dags/yaryne.py
[2025-04-24T06:41:44.029+0000] {processor.py:208} INFO - Processing /opt/airflow/dags/yaryne.py took 0.013 seconds
[2025-04-24T06:42:14.896+0000] {processor.py:186} INFO - Started process (PID=2743) to work on /opt/airflow/dags/yaryne.py
[2025-04-24T06:42:14.896+0000] {processor.py:914} INFO - Processing file /opt/airflow/dags/yaryne.py for tasks to queue
[2025-04-24T06:42:14.898+0000] {logging_mixin.py:190} INFO - [2025-04-24T06:42:14.898+0000] {dagbag.py:588} INFO - Filling up the DagBag from /opt/airflow/dags/yaryne.py
[2025-04-24T06:42:14.902+0000] {processor.py:927} WARNING - No viable dags retrieved from /opt/airflow/dags/yaryne.py
[2025-04-24T06:42:14.912+0000] {processor.py:208} INFO - Processing /opt/airflow/dags/yaryne.py took 0.020 seconds
[2025-04-24T06:42:45.811+0000] {processor.py:186} INFO - Started process (PID=2799) to work on /opt/airflow/dags/yaryne.py
[2025-04-24T06:42:45.812+0000] {processor.py:914} INFO - Processing file /opt/airflow/dags/yaryne.py for tasks to queue
[2025-04-24T06:42:45.813+0000] {logging_mixin.py:190} INFO - [2025-04-24T06:42:45.813+0000] {dagbag.py:588} INFO - Filling up the DagBag from /opt/airflow/dags/yaryne.py
[2025-04-24T06:42:45.815+0000] {processor.py:927} WARNING - No viable dags retrieved from /opt/airflow/dags/yaryne.py
[2025-04-24T06:42:45.821+0000] {processor.py:208} INFO - Processing /opt/airflow/dags/yaryne.py took 0.013 seconds
[2025-04-24T06:43:16.731+0000] {processor.py:186} INFO - Started process (PID=2855) to work on /opt/airflow/dags/yaryne.py
[2025-04-24T06:43:16.732+0000] {processor.py:914} INFO - Processing file /opt/airflow/dags/yaryne.py for tasks to queue
[2025-04-24T06:43:16.734+0000] {logging_mixin.py:190} INFO - [2025-04-24T06:43:16.733+0000] {dagbag.py:588} INFO - Filling up the DagBag from /opt/airflow/dags/yaryne.py
[2025-04-24T06:43:16.737+0000] {processor.py:927} WARNING - No viable dags retrieved from /opt/airflow/dags/yaryne.py
[2025-04-24T06:43:16.745+0000] {processor.py:208} INFO - Processing /opt/airflow/dags/yaryne.py took 0.017 seconds
[2025-04-24T06:43:47.527+0000] {processor.py:186} INFO - Started process (PID=2911) to work on /opt/airflow/dags/yaryne.py
[2025-04-24T06:43:47.528+0000] {processor.py:914} INFO - Processing file /opt/airflow/dags/yaryne.py for tasks to queue
[2025-04-24T06:43:47.529+0000] {logging_mixin.py:190} INFO - [2025-04-24T06:43:47.529+0000] {dagbag.py:588} INFO - Filling up the DagBag from /opt/airflow/dags/yaryne.py
[2025-04-24T06:43:47.531+0000] {processor.py:927} WARNING - No viable dags retrieved from /opt/airflow/dags/yaryne.py
[2025-04-24T06:43:47.537+0000] {processor.py:208} INFO - Processing /opt/airflow/dags/yaryne.py took 0.013 seconds
[2025-04-24T06:44:18.515+0000] {processor.py:186} INFO - Started process (PID=2967) to work on /opt/airflow/dags/yaryne.py
[2025-04-24T06:44:18.515+0000] {processor.py:914} INFO - Processing file /opt/airflow/dags/yaryne.py for tasks to queue
[2025-04-24T06:44:18.516+0000] {logging_mixin.py:190} INFO - [2025-04-24T06:44:18.516+0000] {dagbag.py:588} INFO - Filling up the DagBag from /opt/airflow/dags/yaryne.py
[2025-04-24T06:44:18.519+0000] {processor.py:927} WARNING - No viable dags retrieved from /opt/airflow/dags/yaryne.py
[2025-04-24T06:44:18.527+0000] {processor.py:208} INFO - Processing /opt/airflow/dags/yaryne.py took 0.016 seconds
[2025-04-24T06:44:49.437+0000] {processor.py:186} INFO - Started process (PID=3022) to work on /opt/airflow/dags/yaryne.py
[2025-04-24T06:44:49.438+0000] {processor.py:914} INFO - Processing file /opt/airflow/dags/yaryne.py for tasks to queue
[2025-04-24T06:44:49.439+0000] {logging_mixin.py:190} INFO - [2025-04-24T06:44:49.439+0000] {dagbag.py:588} INFO - Filling up the DagBag from /opt/airflow/dags/yaryne.py
[2025-04-24T06:44:49.442+0000] {processor.py:927} WARNING - No viable dags retrieved from /opt/airflow/dags/yaryne.py
[2025-04-24T06:44:49.448+0000] {processor.py:208} INFO - Processing /opt/airflow/dags/yaryne.py took 0.015 seconds
[2025-04-24T06:45:20.338+0000] {processor.py:186} INFO - Started process (PID=3079) to work on /opt/airflow/dags/yaryne.py
[2025-04-24T06:45:20.339+0000] {processor.py:914} INFO - Processing file /opt/airflow/dags/yaryne.py for tasks to queue
[2025-04-24T06:45:20.340+0000] {logging_mixin.py:190} INFO - [2025-04-24T06:45:20.340+0000] {dagbag.py:588} INFO - Filling up the DagBag from /opt/airflow/dags/yaryne.py
[2025-04-24T06:45:20.342+0000] {processor.py:927} WARNING - No viable dags retrieved from /opt/airflow/dags/yaryne.py
[2025-04-24T06:45:20.348+0000] {processor.py:208} INFO - Processing /opt/airflow/dags/yaryne.py took 0.013 seconds
[2025-04-24T06:45:51.254+0000] {processor.py:186} INFO - Started process (PID=3133) to work on /opt/airflow/dags/yaryne.py
[2025-04-24T06:45:51.255+0000] {processor.py:914} INFO - Processing file /opt/airflow/dags/yaryne.py for tasks to queue
[2025-04-24T06:45:51.257+0000] {logging_mixin.py:190} INFO - [2025-04-24T06:45:51.256+0000] {dagbag.py:588} INFO - Filling up the DagBag from /opt/airflow/dags/yaryne.py
[2025-04-24T06:45:51.260+0000] {processor.py:927} WARNING - No viable dags retrieved from /opt/airflow/dags/yaryne.py
[2025-04-24T06:45:51.270+0000] {processor.py:208} INFO - Processing /opt/airflow/dags/yaryne.py took 0.022 seconds
[2025-04-24T06:46:22.319+0000] {processor.py:186} INFO - Started process (PID=3190) to work on /opt/airflow/dags/yaryne.py
[2025-04-24T06:46:22.320+0000] {processor.py:914} INFO - Processing file /opt/airflow/dags/yaryne.py for tasks to queue
[2025-04-24T06:46:22.322+0000] {logging_mixin.py:190} INFO - [2025-04-24T06:46:22.322+0000] {dagbag.py:588} INFO - Filling up the DagBag from /opt/airflow/dags/yaryne.py
[2025-04-24T06:46:22.326+0000] {processor.py:927} WARNING - No viable dags retrieved from /opt/airflow/dags/yaryne.py
[2025-04-24T06:46:22.336+0000] {processor.py:208} INFO - Processing /opt/airflow/dags/yaryne.py took 0.024 seconds
[2025-04-24T06:46:52.446+0000] {processor.py:186} INFO - Started process (PID=3248) to work on /opt/airflow/dags/yaryne.py
[2025-04-24T06:46:52.447+0000] {processor.py:914} INFO - Processing file /opt/airflow/dags/yaryne.py for tasks to queue
[2025-04-24T06:46:52.448+0000] {logging_mixin.py:190} INFO - [2025-04-24T06:46:52.448+0000] {dagbag.py:588} INFO - Filling up the DagBag from /opt/airflow/dags/yaryne.py
[2025-04-24T06:46:52.451+0000] {processor.py:927} WARNING - No viable dags retrieved from /opt/airflow/dags/yaryne.py
[2025-04-24T06:46:52.458+0000] {processor.py:208} INFO - Processing /opt/airflow/dags/yaryne.py took 0.015 seconds
[2025-04-24T06:47:23.325+0000] {processor.py:186} INFO - Started process (PID=3302) to work on /opt/airflow/dags/yaryne.py
[2025-04-24T06:47:23.326+0000] {processor.py:914} INFO - Processing file /opt/airflow/dags/yaryne.py for tasks to queue
[2025-04-24T06:47:23.327+0000] {logging_mixin.py:190} INFO - [2025-04-24T06:47:23.327+0000] {dagbag.py:588} INFO - Filling up the DagBag from /opt/airflow/dags/yaryne.py
[2025-04-24T06:47:23.334+0000] {processor.py:927} WARNING - No viable dags retrieved from /opt/airflow/dags/yaryne.py
[2025-04-24T06:47:23.342+0000] {processor.py:208} INFO - Processing /opt/airflow/dags/yaryne.py took 0.021 seconds
[2025-04-24T06:47:54.229+0000] {processor.py:186} INFO - Started process (PID=3358) to work on /opt/airflow/dags/yaryne.py
[2025-04-24T06:47:54.230+0000] {processor.py:914} INFO - Processing file /opt/airflow/dags/yaryne.py for tasks to queue
[2025-04-24T06:47:54.231+0000] {logging_mixin.py:190} INFO - [2025-04-24T06:47:54.231+0000] {dagbag.py:588} INFO - Filling up the DagBag from /opt/airflow/dags/yaryne.py
[2025-04-24T06:47:54.233+0000] {processor.py:927} WARNING - No viable dags retrieved from /opt/airflow/dags/yaryne.py
[2025-04-24T06:47:54.239+0000] {processor.py:208} INFO - Processing /opt/airflow/dags/yaryne.py took 0.013 seconds
[2025-04-24T06:48:24.335+0000] {processor.py:186} INFO - Started process (PID=3413) to work on /opt/airflow/dags/yaryne.py
[2025-04-24T06:48:24.335+0000] {processor.py:914} INFO - Processing file /opt/airflow/dags/yaryne.py for tasks to queue
[2025-04-24T06:48:24.337+0000] {logging_mixin.py:190} INFO - [2025-04-24T06:48:24.337+0000] {dagbag.py:588} INFO - Filling up the DagBag from /opt/airflow/dags/yaryne.py
[2025-04-24T06:48:24.339+0000] {processor.py:927} WARNING - No viable dags retrieved from /opt/airflow/dags/yaryne.py
[2025-04-24T06:48:24.349+0000] {processor.py:208} INFO - Processing /opt/airflow/dags/yaryne.py took 0.018 seconds
[2025-04-24T06:48:54.509+0000] {processor.py:186} INFO - Started process (PID=3469) to work on /opt/airflow/dags/yaryne.py
[2025-04-24T06:48:54.510+0000] {processor.py:914} INFO - Processing file /opt/airflow/dags/yaryne.py for tasks to queue
[2025-04-24T06:48:54.511+0000] {logging_mixin.py:190} INFO - [2025-04-24T06:48:54.511+0000] {dagbag.py:588} INFO - Filling up the DagBag from /opt/airflow/dags/yaryne.py
[2025-04-24T06:48:54.513+0000] {processor.py:927} WARNING - No viable dags retrieved from /opt/airflow/dags/yaryne.py
[2025-04-24T06:48:54.520+0000] {processor.py:208} INFO - Processing /opt/airflow/dags/yaryne.py took 0.014 seconds
[2025-04-24T06:49:25.492+0000] {processor.py:186} INFO - Started process (PID=3525) to work on /opt/airflow/dags/yaryne.py
[2025-04-24T06:49:25.492+0000] {processor.py:914} INFO - Processing file /opt/airflow/dags/yaryne.py for tasks to queue
[2025-04-24T06:49:25.494+0000] {logging_mixin.py:190} INFO - [2025-04-24T06:49:25.493+0000] {dagbag.py:588} INFO - Filling up the DagBag from /opt/airflow/dags/yaryne.py
[2025-04-24T06:49:25.496+0000] {processor.py:927} WARNING - No viable dags retrieved from /opt/airflow/dags/yaryne.py
[2025-04-24T06:49:25.502+0000] {processor.py:208} INFO - Processing /opt/airflow/dags/yaryne.py took 0.013 seconds
[2025-04-24T06:49:56.431+0000] {processor.py:186} INFO - Started process (PID=3581) to work on /opt/airflow/dags/yaryne.py
[2025-04-24T06:49:56.431+0000] {processor.py:914} INFO - Processing file /opt/airflow/dags/yaryne.py for tasks to queue
[2025-04-24T06:49:56.433+0000] {logging_mixin.py:190} INFO - [2025-04-24T06:49:56.433+0000] {dagbag.py:588} INFO - Filling up the DagBag from /opt/airflow/dags/yaryne.py
[2025-04-24T06:49:56.436+0000] {processor.py:927} WARNING - No viable dags retrieved from /opt/airflow/dags/yaryne.py
[2025-04-24T06:49:56.442+0000] {processor.py:208} INFO - Processing /opt/airflow/dags/yaryne.py took 0.014 seconds
[2025-04-24T06:50:27.350+0000] {processor.py:186} INFO - Started process (PID=3637) to work on /opt/airflow/dags/yaryne.py
[2025-04-24T06:50:27.351+0000] {processor.py:914} INFO - Processing file /opt/airflow/dags/yaryne.py for tasks to queue
[2025-04-24T06:50:27.352+0000] {logging_mixin.py:190} INFO - [2025-04-24T06:50:27.352+0000] {dagbag.py:588} INFO - Filling up the DagBag from /opt/airflow/dags/yaryne.py
[2025-04-24T06:50:27.354+0000] {processor.py:927} WARNING - No viable dags retrieved from /opt/airflow/dags/yaryne.py
[2025-04-24T06:50:27.364+0000] {processor.py:208} INFO - Processing /opt/airflow/dags/yaryne.py took 0.019 seconds
[2025-04-24T06:50:57.649+0000] {processor.py:186} INFO - Started process (PID=3693) to work on /opt/airflow/dags/yaryne.py
[2025-04-24T06:50:57.650+0000] {processor.py:914} INFO - Processing file /opt/airflow/dags/yaryne.py for tasks to queue
[2025-04-24T06:50:57.652+0000] {logging_mixin.py:190} INFO - [2025-04-24T06:50:57.652+0000] {dagbag.py:588} INFO - Filling up the DagBag from /opt/airflow/dags/yaryne.py
[2025-04-24T06:50:57.654+0000] {processor.py:927} WARNING - No viable dags retrieved from /opt/airflow/dags/yaryne.py
[2025-04-24T06:50:57.663+0000] {processor.py:208} INFO - Processing /opt/airflow/dags/yaryne.py took 0.017 seconds
[2025-04-24T06:51:27.810+0000] {processor.py:186} INFO - Started process (PID=3751) to work on /opt/airflow/dags/yaryne.py
[2025-04-24T06:51:27.810+0000] {processor.py:914} INFO - Processing file /opt/airflow/dags/yaryne.py for tasks to queue
[2025-04-24T06:51:27.812+0000] {logging_mixin.py:190} INFO - [2025-04-24T06:51:27.812+0000] {dagbag.py:588} INFO - Filling up the DagBag from /opt/airflow/dags/yaryne.py
[2025-04-24T06:51:27.814+0000] {processor.py:927} WARNING - No viable dags retrieved from /opt/airflow/dags/yaryne.py
[2025-04-24T06:51:27.823+0000] {processor.py:208} INFO - Processing /opt/airflow/dags/yaryne.py took 0.017 seconds
[2025-04-24T06:51:57.980+0000] {processor.py:186} INFO - Started process (PID=3805) to work on /opt/airflow/dags/yaryne.py
[2025-04-24T06:51:57.981+0000] {processor.py:914} INFO - Processing file /opt/airflow/dags/yaryne.py for tasks to queue
[2025-04-24T06:51:57.982+0000] {logging_mixin.py:190} INFO - [2025-04-24T06:51:57.982+0000] {dagbag.py:588} INFO - Filling up the DagBag from /opt/airflow/dags/yaryne.py
[2025-04-24T06:51:57.985+0000] {processor.py:927} WARNING - No viable dags retrieved from /opt/airflow/dags/yaryne.py
[2025-04-24T06:51:57.992+0000] {processor.py:208} INFO - Processing /opt/airflow/dags/yaryne.py took 0.016 seconds
[2025-04-24T06:52:29.039+0000] {processor.py:186} INFO - Started process (PID=3861) to work on /opt/airflow/dags/yaryne.py
[2025-04-24T06:52:29.040+0000] {processor.py:914} INFO - Processing file /opt/airflow/dags/yaryne.py for tasks to queue
[2025-04-24T06:52:29.042+0000] {logging_mixin.py:190} INFO - [2025-04-24T06:52:29.042+0000] {dagbag.py:588} INFO - Filling up the DagBag from /opt/airflow/dags/yaryne.py
[2025-04-24T06:52:29.046+0000] {processor.py:927} WARNING - No viable dags retrieved from /opt/airflow/dags/yaryne.py
[2025-04-24T06:52:29.058+0000] {processor.py:208} INFO - Processing /opt/airflow/dags/yaryne.py took 0.022 seconds
[2025-04-24T06:52:59.130+0000] {processor.py:186} INFO - Started process (PID=3917) to work on /opt/airflow/dags/yaryne.py
[2025-04-24T06:52:59.132+0000] {processor.py:914} INFO - Processing file /opt/airflow/dags/yaryne.py for tasks to queue
[2025-04-24T06:52:59.133+0000] {logging_mixin.py:190} INFO - [2025-04-24T06:52:59.133+0000] {dagbag.py:588} INFO - Filling up the DagBag from /opt/airflow/dags/yaryne.py
[2025-04-24T06:52:59.136+0000] {processor.py:927} WARNING - No viable dags retrieved from /opt/airflow/dags/yaryne.py
[2025-04-24T06:52:59.144+0000] {processor.py:208} INFO - Processing /opt/airflow/dags/yaryne.py took 0.017 seconds
[2025-04-24T06:53:29.241+0000] {processor.py:186} INFO - Started process (PID=3969) to work on /opt/airflow/dags/yaryne.py
[2025-04-24T06:53:29.242+0000] {processor.py:914} INFO - Processing file /opt/airflow/dags/yaryne.py for tasks to queue
[2025-04-24T06:53:29.243+0000] {logging_mixin.py:190} INFO - [2025-04-24T06:53:29.243+0000] {dagbag.py:588} INFO - Filling up the DagBag from /opt/airflow/dags/yaryne.py
[2025-04-24T06:53:29.245+0000] {processor.py:927} WARNING - No viable dags retrieved from /opt/airflow/dags/yaryne.py
[2025-04-24T06:53:29.252+0000] {processor.py:208} INFO - Processing /opt/airflow/dags/yaryne.py took 0.014 seconds
[2025-04-24T06:54:00.193+0000] {processor.py:186} INFO - Started process (PID=4023) to work on /opt/airflow/dags/yaryne.py
[2025-04-24T06:54:00.194+0000] {processor.py:914} INFO - Processing file /opt/airflow/dags/yaryne.py for tasks to queue
[2025-04-24T06:54:00.195+0000] {logging_mixin.py:190} INFO - [2025-04-24T06:54:00.195+0000] {dagbag.py:588} INFO - Filling up the DagBag from /opt/airflow/dags/yaryne.py
[2025-04-24T06:54:00.197+0000] {processor.py:927} WARNING - No viable dags retrieved from /opt/airflow/dags/yaryne.py
[2025-04-24T06:54:00.204+0000] {processor.py:208} INFO - Processing /opt/airflow/dags/yaryne.py took 0.015 seconds
[2025-04-24T06:54:31.079+0000] {processor.py:186} INFO - Started process (PID=4081) to work on /opt/airflow/dags/yaryne.py
[2025-04-24T06:54:31.079+0000] {processor.py:914} INFO - Processing file /opt/airflow/dags/yaryne.py for tasks to queue
[2025-04-24T06:54:31.080+0000] {logging_mixin.py:190} INFO - [2025-04-24T06:54:31.080+0000] {dagbag.py:588} INFO - Filling up the DagBag from /opt/airflow/dags/yaryne.py
[2025-04-24T06:54:31.082+0000] {processor.py:927} WARNING - No viable dags retrieved from /opt/airflow/dags/yaryne.py
[2025-04-24T06:54:31.090+0000] {processor.py:208} INFO - Processing /opt/airflow/dags/yaryne.py took 0.014 seconds
[2025-04-24T06:55:01.879+0000] {processor.py:186} INFO - Started process (PID=4137) to work on /opt/airflow/dags/yaryne.py
[2025-04-24T06:55:01.879+0000] {processor.py:914} INFO - Processing file /opt/airflow/dags/yaryne.py for tasks to queue
[2025-04-24T06:55:01.881+0000] {logging_mixin.py:190} INFO - [2025-04-24T06:55:01.880+0000] {dagbag.py:588} INFO - Filling up the DagBag from /opt/airflow/dags/yaryne.py
[2025-04-24T06:55:01.883+0000] {processor.py:927} WARNING - No viable dags retrieved from /opt/airflow/dags/yaryne.py
[2025-04-24T06:55:01.890+0000] {processor.py:208} INFO - Processing /opt/airflow/dags/yaryne.py took 0.015 seconds
[2025-04-24T06:55:32.694+0000] {processor.py:186} INFO - Started process (PID=4191) to work on /opt/airflow/dags/yaryne.py
[2025-04-24T06:55:32.695+0000] {processor.py:914} INFO - Processing file /opt/airflow/dags/yaryne.py for tasks to queue
[2025-04-24T06:55:32.696+0000] {logging_mixin.py:190} INFO - [2025-04-24T06:55:32.696+0000] {dagbag.py:588} INFO - Filling up the DagBag from /opt/airflow/dags/yaryne.py
[2025-04-24T06:55:32.699+0000] {processor.py:927} WARNING - No viable dags retrieved from /opt/airflow/dags/yaryne.py
[2025-04-24T06:55:32.706+0000] {processor.py:208} INFO - Processing /opt/airflow/dags/yaryne.py took 0.020 seconds
[2025-04-24T06:56:03.486+0000] {processor.py:186} INFO - Started process (PID=4249) to work on /opt/airflow/dags/yaryne.py
[2025-04-24T06:56:03.487+0000] {processor.py:914} INFO - Processing file /opt/airflow/dags/yaryne.py for tasks to queue
[2025-04-24T06:56:03.488+0000] {logging_mixin.py:190} INFO - [2025-04-24T06:56:03.488+0000] {dagbag.py:588} INFO - Filling up the DagBag from /opt/airflow/dags/yaryne.py
[2025-04-24T06:56:03.491+0000] {processor.py:927} WARNING - No viable dags retrieved from /opt/airflow/dags/yaryne.py
[2025-04-24T06:56:03.498+0000] {processor.py:208} INFO - Processing /opt/airflow/dags/yaryne.py took 0.015 seconds
[2025-04-24T06:56:34.323+0000] {processor.py:186} INFO - Started process (PID=4305) to work on /opt/airflow/dags/yaryne.py
[2025-04-24T06:56:34.324+0000] {processor.py:914} INFO - Processing file /opt/airflow/dags/yaryne.py for tasks to queue
[2025-04-24T06:56:34.325+0000] {logging_mixin.py:190} INFO - [2025-04-24T06:56:34.324+0000] {dagbag.py:588} INFO - Filling up the DagBag from /opt/airflow/dags/yaryne.py
[2025-04-24T06:56:34.327+0000] {processor.py:927} WARNING - No viable dags retrieved from /opt/airflow/dags/yaryne.py
[2025-04-24T06:56:34.334+0000] {processor.py:208} INFO - Processing /opt/airflow/dags/yaryne.py took 0.014 seconds
[2025-04-24T06:57:05.138+0000] {processor.py:186} INFO - Started process (PID=4361) to work on /opt/airflow/dags/yaryne.py
[2025-04-24T06:57:05.139+0000] {processor.py:914} INFO - Processing file /opt/airflow/dags/yaryne.py for tasks to queue
[2025-04-24T06:57:05.140+0000] {logging_mixin.py:190} INFO - [2025-04-24T06:57:05.140+0000] {dagbag.py:588} INFO - Filling up the DagBag from /opt/airflow/dags/yaryne.py
[2025-04-24T06:57:05.142+0000] {processor.py:927} WARNING - No viable dags retrieved from /opt/airflow/dags/yaryne.py
[2025-04-24T06:57:05.149+0000] {processor.py:208} INFO - Processing /opt/airflow/dags/yaryne.py took 0.014 seconds
[2025-04-24T06:57:35.943+0000] {processor.py:186} INFO - Started process (PID=4417) to work on /opt/airflow/dags/yaryne.py
[2025-04-24T06:57:35.944+0000] {processor.py:914} INFO - Processing file /opt/airflow/dags/yaryne.py for tasks to queue
[2025-04-24T06:57:35.945+0000] {logging_mixin.py:190} INFO - [2025-04-24T06:57:35.945+0000] {dagbag.py:588} INFO - Filling up the DagBag from /opt/airflow/dags/yaryne.py
[2025-04-24T06:57:35.947+0000] {processor.py:927} WARNING - No viable dags retrieved from /opt/airflow/dags/yaryne.py
[2025-04-24T06:57:35.954+0000] {processor.py:208} INFO - Processing /opt/airflow/dags/yaryne.py took 0.014 seconds
[2025-04-24T06:58:06.668+0000] {processor.py:186} INFO - Started process (PID=4473) to work on /opt/airflow/dags/yaryne.py
[2025-04-24T06:58:06.668+0000] {processor.py:914} INFO - Processing file /opt/airflow/dags/yaryne.py for tasks to queue
[2025-04-24T06:58:06.669+0000] {logging_mixin.py:190} INFO - [2025-04-24T06:58:06.669+0000] {dagbag.py:588} INFO - Filling up the DagBag from /opt/airflow/dags/yaryne.py
[2025-04-24T06:58:06.671+0000] {processor.py:927} WARNING - No viable dags retrieved from /opt/airflow/dags/yaryne.py
[2025-04-24T06:58:06.678+0000] {processor.py:208} INFO - Processing /opt/airflow/dags/yaryne.py took 0.014 seconds
[2025-04-24T06:58:37.371+0000] {processor.py:186} INFO - Started process (PID=4529) to work on /opt/airflow/dags/yaryne.py
[2025-04-24T06:58:37.371+0000] {processor.py:914} INFO - Processing file /opt/airflow/dags/yaryne.py for tasks to queue
[2025-04-24T06:58:37.372+0000] {logging_mixin.py:190} INFO - [2025-04-24T06:58:37.372+0000] {dagbag.py:588} INFO - Filling up the DagBag from /opt/airflow/dags/yaryne.py
[2025-04-24T06:58:37.374+0000] {processor.py:927} WARNING - No viable dags retrieved from /opt/airflow/dags/yaryne.py
[2025-04-24T06:58:37.382+0000] {processor.py:208} INFO - Processing /opt/airflow/dags/yaryne.py took 0.014 seconds
[2025-04-24T06:59:08.137+0000] {processor.py:186} INFO - Started process (PID=4585) to work on /opt/airflow/dags/yaryne.py
[2025-04-24T06:59:08.137+0000] {processor.py:914} INFO - Processing file /opt/airflow/dags/yaryne.py for tasks to queue
[2025-04-24T06:59:08.138+0000] {logging_mixin.py:190} INFO - [2025-04-24T06:59:08.138+0000] {dagbag.py:588} INFO - Filling up the DagBag from /opt/airflow/dags/yaryne.py
[2025-04-24T06:59:08.140+0000] {processor.py:927} WARNING - No viable dags retrieved from /opt/airflow/dags/yaryne.py
[2025-04-24T06:59:08.147+0000] {processor.py:208} INFO - Processing /opt/airflow/dags/yaryne.py took 0.014 seconds
[2025-04-24T06:59:39.022+0000] {processor.py:186} INFO - Started process (PID=4641) to work on /opt/airflow/dags/yaryne.py
[2025-04-24T06:59:39.022+0000] {processor.py:914} INFO - Processing file /opt/airflow/dags/yaryne.py for tasks to queue
[2025-04-24T06:59:39.024+0000] {logging_mixin.py:190} INFO - [2025-04-24T06:59:39.024+0000] {dagbag.py:588} INFO - Filling up the DagBag from /opt/airflow/dags/yaryne.py
[2025-04-24T06:59:39.026+0000] {processor.py:927} WARNING - No viable dags retrieved from /opt/airflow/dags/yaryne.py
[2025-04-24T06:59:39.034+0000] {processor.py:208} INFO - Processing /opt/airflow/dags/yaryne.py took 0.017 seconds
[2025-04-24T07:00:09.835+0000] {processor.py:186} INFO - Started process (PID=4697) to work on /opt/airflow/dags/yaryne.py
[2025-04-24T07:00:09.836+0000] {processor.py:914} INFO - Processing file /opt/airflow/dags/yaryne.py for tasks to queue
[2025-04-24T07:00:09.837+0000] {logging_mixin.py:190} INFO - [2025-04-24T07:00:09.837+0000] {dagbag.py:588} INFO - Filling up the DagBag from /opt/airflow/dags/yaryne.py
[2025-04-24T07:00:09.839+0000] {processor.py:927} WARNING - No viable dags retrieved from /opt/airflow/dags/yaryne.py
[2025-04-24T07:00:09.847+0000] {processor.py:208} INFO - Processing /opt/airflow/dags/yaryne.py took 0.016 seconds
[2025-04-24T07:00:40.643+0000] {processor.py:186} INFO - Started process (PID=4753) to work on /opt/airflow/dags/yaryne.py
[2025-04-24T07:00:40.644+0000] {processor.py:914} INFO - Processing file /opt/airflow/dags/yaryne.py for tasks to queue
[2025-04-24T07:00:40.645+0000] {logging_mixin.py:190} INFO - [2025-04-24T07:00:40.645+0000] {dagbag.py:588} INFO - Filling up the DagBag from /opt/airflow/dags/yaryne.py
[2025-04-24T07:00:40.647+0000] {processor.py:927} WARNING - No viable dags retrieved from /opt/airflow/dags/yaryne.py
[2025-04-24T07:00:40.655+0000] {processor.py:208} INFO - Processing /opt/airflow/dags/yaryne.py took 0.015 seconds
[2025-04-24T07:01:11.379+0000] {processor.py:186} INFO - Started process (PID=4809) to work on /opt/airflow/dags/yaryne.py
[2025-04-24T07:01:11.379+0000] {processor.py:914} INFO - Processing file /opt/airflow/dags/yaryne.py for tasks to queue
[2025-04-24T07:01:11.381+0000] {logging_mixin.py:190} INFO - [2025-04-24T07:01:11.381+0000] {dagbag.py:588} INFO - Filling up the DagBag from /opt/airflow/dags/yaryne.py
[2025-04-24T07:01:11.384+0000] {processor.py:927} WARNING - No viable dags retrieved from /opt/airflow/dags/yaryne.py
[2025-04-24T07:01:11.392+0000] {processor.py:208} INFO - Processing /opt/airflow/dags/yaryne.py took 0.017 seconds
[2025-04-24T07:01:41.808+0000] {processor.py:186} INFO - Started process (PID=4865) to work on /opt/airflow/dags/yaryne.py
[2025-04-24T07:01:41.809+0000] {processor.py:914} INFO - Processing file /opt/airflow/dags/yaryne.py for tasks to queue
[2025-04-24T07:01:41.811+0000] {logging_mixin.py:190} INFO - [2025-04-24T07:01:41.810+0000] {dagbag.py:588} INFO - Filling up the DagBag from /opt/airflow/dags/yaryne.py
[2025-04-24T07:01:41.814+0000] {processor.py:927} WARNING - No viable dags retrieved from /opt/airflow/dags/yaryne.py
[2025-04-24T07:01:41.824+0000] {processor.py:208} INFO - Processing /opt/airflow/dags/yaryne.py took 0.020 seconds
[2025-04-24T07:02:12.641+0000] {processor.py:186} INFO - Started process (PID=4921) to work on /opt/airflow/dags/yaryne.py
[2025-04-24T07:02:12.642+0000] {processor.py:914} INFO - Processing file /opt/airflow/dags/yaryne.py for tasks to queue
[2025-04-24T07:02:12.643+0000] {logging_mixin.py:190} INFO - [2025-04-24T07:02:12.643+0000] {dagbag.py:588} INFO - Filling up the DagBag from /opt/airflow/dags/yaryne.py
[2025-04-24T07:02:12.645+0000] {processor.py:927} WARNING - No viable dags retrieved from /opt/airflow/dags/yaryne.py
[2025-04-24T07:02:12.652+0000] {processor.py:208} INFO - Processing /opt/airflow/dags/yaryne.py took 0.014 seconds
[2025-04-24T07:02:43.404+0000] {processor.py:186} INFO - Started process (PID=4983) to work on /opt/airflow/dags/yaryne.py
[2025-04-24T07:02:43.405+0000] {processor.py:914} INFO - Processing file /opt/airflow/dags/yaryne.py for tasks to queue
[2025-04-24T07:02:43.407+0000] {logging_mixin.py:190} INFO - [2025-04-24T07:02:43.406+0000] {dagbag.py:588} INFO - Filling up the DagBag from /opt/airflow/dags/yaryne.py
[2025-04-24T07:02:43.409+0000] {processor.py:927} WARNING - No viable dags retrieved from /opt/airflow/dags/yaryne.py
[2025-04-24T07:02:43.416+0000] {processor.py:208} INFO - Processing /opt/airflow/dags/yaryne.py took 0.016 seconds
[2025-04-24T07:03:14.325+0000] {processor.py:186} INFO - Started process (PID=5039) to work on /opt/airflow/dags/yaryne.py
[2025-04-24T07:03:14.325+0000] {processor.py:914} INFO - Processing file /opt/airflow/dags/yaryne.py for tasks to queue
[2025-04-24T07:03:14.326+0000] {logging_mixin.py:190} INFO - [2025-04-24T07:03:14.326+0000] {dagbag.py:588} INFO - Filling up the DagBag from /opt/airflow/dags/yaryne.py
[2025-04-24T07:03:14.328+0000] {processor.py:927} WARNING - No viable dags retrieved from /opt/airflow/dags/yaryne.py
[2025-04-24T07:03:14.335+0000] {processor.py:208} INFO - Processing /opt/airflow/dags/yaryne.py took 0.014 seconds
[2025-04-24T07:03:45.241+0000] {processor.py:186} INFO - Started process (PID=5095) to work on /opt/airflow/dags/yaryne.py
[2025-04-24T07:03:45.241+0000] {processor.py:914} INFO - Processing file /opt/airflow/dags/yaryne.py for tasks to queue
[2025-04-24T07:03:45.243+0000] {logging_mixin.py:190} INFO - [2025-04-24T07:03:45.242+0000] {dagbag.py:588} INFO - Filling up the DagBag from /opt/airflow/dags/yaryne.py
[2025-04-24T07:03:45.245+0000] {processor.py:927} WARNING - No viable dags retrieved from /opt/airflow/dags/yaryne.py
[2025-04-24T07:03:45.253+0000] {processor.py:208} INFO - Processing /opt/airflow/dags/yaryne.py took 0.015 seconds
[2025-04-24T07:04:16.086+0000] {processor.py:186} INFO - Started process (PID=5150) to work on /opt/airflow/dags/yaryne.py
[2025-04-24T07:04:16.086+0000] {processor.py:914} INFO - Processing file /opt/airflow/dags/yaryne.py for tasks to queue
[2025-04-24T07:04:16.087+0000] {logging_mixin.py:190} INFO - [2025-04-24T07:04:16.087+0000] {dagbag.py:588} INFO - Filling up the DagBag from /opt/airflow/dags/yaryne.py
[2025-04-24T07:04:16.090+0000] {processor.py:927} WARNING - No viable dags retrieved from /opt/airflow/dags/yaryne.py
[2025-04-24T07:04:16.097+0000] {processor.py:208} INFO - Processing /opt/airflow/dags/yaryne.py took 0.015 seconds
[2025-04-24T07:04:46.869+0000] {processor.py:186} INFO - Started process (PID=5207) to work on /opt/airflow/dags/yaryne.py
[2025-04-24T07:04:46.870+0000] {processor.py:914} INFO - Processing file /opt/airflow/dags/yaryne.py for tasks to queue
[2025-04-24T07:04:46.871+0000] {logging_mixin.py:190} INFO - [2025-04-24T07:04:46.871+0000] {dagbag.py:588} INFO - Filling up the DagBag from /opt/airflow/dags/yaryne.py
[2025-04-24T07:04:46.873+0000] {processor.py:927} WARNING - No viable dags retrieved from /opt/airflow/dags/yaryne.py
[2025-04-24T07:04:46.881+0000] {processor.py:208} INFO - Processing /opt/airflow/dags/yaryne.py took 0.015 seconds
[2025-04-24T07:05:17.627+0000] {processor.py:186} INFO - Started process (PID=5263) to work on /opt/airflow/dags/yaryne.py
[2025-04-24T07:05:17.628+0000] {processor.py:914} INFO - Processing file /opt/airflow/dags/yaryne.py for tasks to queue
[2025-04-24T07:05:17.629+0000] {logging_mixin.py:190} INFO - [2025-04-24T07:05:17.629+0000] {dagbag.py:588} INFO - Filling up the DagBag from /opt/airflow/dags/yaryne.py
[2025-04-24T07:05:17.632+0000] {processor.py:927} WARNING - No viable dags retrieved from /opt/airflow/dags/yaryne.py
[2025-04-24T07:05:17.640+0000] {processor.py:208} INFO - Processing /opt/airflow/dags/yaryne.py took 0.016 seconds
[2025-04-24T07:05:48.429+0000] {processor.py:186} INFO - Started process (PID=5318) to work on /opt/airflow/dags/yaryne.py
[2025-04-24T07:05:48.430+0000] {processor.py:914} INFO - Processing file /opt/airflow/dags/yaryne.py for tasks to queue
[2025-04-24T07:05:48.431+0000] {logging_mixin.py:190} INFO - [2025-04-24T07:05:48.430+0000] {dagbag.py:588} INFO - Filling up the DagBag from /opt/airflow/dags/yaryne.py
[2025-04-24T07:05:48.433+0000] {processor.py:927} WARNING - No viable dags retrieved from /opt/airflow/dags/yaryne.py
[2025-04-24T07:05:48.440+0000] {processor.py:208} INFO - Processing /opt/airflow/dags/yaryne.py took 0.014 seconds
[2025-04-24T07:06:19.237+0000] {processor.py:186} INFO - Started process (PID=5374) to work on /opt/airflow/dags/yaryne.py
[2025-04-24T07:06:19.238+0000] {processor.py:914} INFO - Processing file /opt/airflow/dags/yaryne.py for tasks to queue
[2025-04-24T07:06:19.239+0000] {logging_mixin.py:190} INFO - [2025-04-24T07:06:19.239+0000] {dagbag.py:588} INFO - Filling up the DagBag from /opt/airflow/dags/yaryne.py
[2025-04-24T07:06:19.245+0000] {processor.py:927} WARNING - No viable dags retrieved from /opt/airflow/dags/yaryne.py
[2025-04-24T07:06:19.254+0000] {processor.py:208} INFO - Processing /opt/airflow/dags/yaryne.py took 0.020 seconds
[2025-04-24T07:06:50.027+0000] {processor.py:186} INFO - Started process (PID=5430) to work on /opt/airflow/dags/yaryne.py
[2025-04-24T07:06:50.028+0000] {processor.py:914} INFO - Processing file /opt/airflow/dags/yaryne.py for tasks to queue
[2025-04-24T07:06:50.029+0000] {logging_mixin.py:190} INFO - [2025-04-24T07:06:50.029+0000] {dagbag.py:588} INFO - Filling up the DagBag from /opt/airflow/dags/yaryne.py
[2025-04-24T07:06:50.032+0000] {processor.py:927} WARNING - No viable dags retrieved from /opt/airflow/dags/yaryne.py
[2025-04-24T07:06:50.039+0000] {processor.py:208} INFO - Processing /opt/airflow/dags/yaryne.py took 0.015 seconds
[2025-04-24T07:07:20.845+0000] {processor.py:186} INFO - Started process (PID=5486) to work on /opt/airflow/dags/yaryne.py
[2025-04-24T07:07:20.845+0000] {processor.py:914} INFO - Processing file /opt/airflow/dags/yaryne.py for tasks to queue
[2025-04-24T07:07:20.847+0000] {logging_mixin.py:190} INFO - [2025-04-24T07:07:20.846+0000] {dagbag.py:588} INFO - Filling up the DagBag from /opt/airflow/dags/yaryne.py
[2025-04-24T07:07:20.849+0000] {processor.py:927} WARNING - No viable dags retrieved from /opt/airflow/dags/yaryne.py
[2025-04-24T07:07:20.856+0000] {processor.py:208} INFO - Processing /opt/airflow/dags/yaryne.py took 0.015 seconds
