[2025-04-14T16:31:58.063+0000] {local_task_job_runner.py:123} INFO - ::group::Pre task execution logs
[2025-04-14T16:31:58.072+0000] {taskinstance.py:2614} INFO - Dependencies all met for dep_context=non-requeueable deps ti=<TaskInstance: build_data_marts.build_season_mart scheduled__2025-04-14T16:30:00+00:00 [queued]>
[2025-04-14T16:31:58.079+0000] {taskinstance.py:2614} INFO - Dependencies all met for dep_context=requeueable deps ti=<TaskInstance: build_data_marts.build_season_mart scheduled__2025-04-14T16:30:00+00:00 [queued]>
[2025-04-14T16:31:58.079+0000] {taskinstance.py:2867} INFO - Starting attempt 1 of 1
[2025-04-14T16:31:58.088+0000] {taskinstance.py:2890} INFO - Executing <Task(PythonOperator): build_season_mart> on 2025-04-14 16:30:00+00:00
[2025-04-14T16:31:58.093+0000] {standard_task_runner.py:104} INFO - Running: ['***', 'tasks', 'run', 'build_data_marts', 'build_season_mart', 'scheduled__2025-04-14T16:30:00+00:00', '--job-id', '1355', '--raw', '--subdir', 'DAGS_FOLDER/mart.py', '--cfg-path', '/tmp/tmpp2dhzv66']
[2025-04-14T16:31:58.094+0000] {logging_mixin.py:190} WARNING - /home/***/.local/lib/python3.12/site-packages/***/task/task_runner/standard_task_runner.py:70 DeprecationWarning: This process (pid=1897) is multi-threaded, use of fork() may lead to deadlocks in the child.
[2025-04-14T16:31:58.094+0000] {standard_task_runner.py:105} INFO - Job 1355: Subtask build_season_mart
[2025-04-14T16:31:58.094+0000] {standard_task_runner.py:72} INFO - Started process 1900 to run task
[2025-04-14T16:31:58.119+0000] {task_command.py:467} INFO - Running <TaskInstance: build_data_marts.build_season_mart scheduled__2025-04-14T16:30:00+00:00 [running]> on host d2754bd7ccae
[2025-04-14T16:31:58.178+0000] {taskinstance.py:3134} INFO - Exporting env vars: AIRFLOW_CTX_DAG_OWNER='***' AIRFLOW_CTX_DAG_ID='build_data_marts' AIRFLOW_CTX_TASK_ID='build_season_mart' AIRFLOW_CTX_EXECUTION_DATE='2025-04-14T16:30:00+00:00' AIRFLOW_CTX_TRY_NUMBER='1' AIRFLOW_CTX_DAG_RUN_ID='scheduled__2025-04-14T16:30:00+00:00'
[2025-04-14T16:31:58.180+0000] {taskinstance.py:732} INFO - ::endgroup::
[2025-04-14T16:31:58.200+0000] {base.py:84} INFO - Retrieving connection 'postgres_local'
[2025-04-14T16:31:58.209+0000] {logging_mixin.py:190} INFO - 📄 Executing SQL from: dags/sql/mart_bike_rentals_by_season.sql
[2025-04-14T16:31:58.209+0000] {logging_mixin.py:190} INFO - ----------- SQL SCRIPT START -----------
[2025-04-14T16:31:58.209+0000] {logging_mixin.py:190} INFO - CREATE TABLE IF NOT EXISTS mart_bike_rentals_by_season AS
SELECT
    ds.season_desc, 
    SUM(fr.cnt_bike_no_registration) AS total_no_registration,  
    SUM(fr.cnt_bike_with_registration) AS total_with_registration 
FROM fact_count_bikes fr
INNER JOIN dim_season_category ds ON fr.season_code = ds.season_code
GROUP BY ds.season_desc
ORDER BY ds.season_desc;
[2025-04-14T16:31:58.210+0000] {logging_mixin.py:190} INFO - ----------- SQL SCRIPT END -----------
[2025-04-14T16:31:58.212+0000] {logging_mixin.py:190} INFO - ✅ SQL script executed successfully.
[2025-04-14T16:31:58.213+0000] {python.py:240} INFO - Done. Returned value was: None
[2025-04-14T16:31:58.220+0000] {taskinstance.py:341} INFO - ::group::Post task execution logs
[2025-04-14T16:31:58.220+0000] {taskinstance.py:353} INFO - Marking task as SUCCESS. dag_id=build_data_marts, task_id=build_season_mart, run_id=scheduled__2025-04-14T16:30:00+00:00, execution_date=20250414T163000, start_date=20250414T163158, end_date=20250414T163158
[2025-04-14T16:31:58.275+0000] {local_task_job_runner.py:266} INFO - Task exited with return code 0
[2025-04-14T16:31:58.288+0000] {taskinstance.py:3901} INFO - 0 downstream tasks scheduled from follow-on schedule check
[2025-04-14T16:31:58.289+0000] {local_task_job_runner.py:245} INFO - ::endgroup::
