[2025-03-20T12:37:35.124+0000] {local_task_job_runner.py:123} INFO - ::group::Pre task execution logs
[2025-03-20T12:37:35.133+0000] {taskinstance.py:2614} INFO - Dependencies all met for dep_context=non-requeueable deps ti=<TaskInstance: bike_rental_pipeline.check_raw_data_file scheduled__2025-03-20T12:36:00+00:00 [queued]>
[2025-03-20T12:37:35.137+0000] {taskinstance.py:2614} INFO - Dependencies all met for dep_context=requeueable deps ti=<TaskInstance: bike_rental_pipeline.check_raw_data_file scheduled__2025-03-20T12:36:00+00:00 [queued]>
[2025-03-20T12:37:35.137+0000] {taskinstance.py:2867} INFO - Starting attempt 1 of 1
[2025-03-20T12:37:35.144+0000] {taskinstance.py:2890} INFO - Executing <Task(FileSensor): check_raw_data_file> on 2025-03-20 12:36:00+00:00
[2025-03-20T12:37:35.152+0000] {standard_task_runner.py:104} INFO - Running: ['***', 'tasks', 'run', 'bike_rental_pipeline', 'check_raw_data_file', 'scheduled__2025-03-20T12:36:00+00:00', '--job-id', '624', '--raw', '--subdir', 'DAGS_FOLDER/data_pipline_true.py', '--cfg-path', '/tmp/tmpoe1o5lcf']
[2025-03-20T12:37:35.157+0000] {standard_task_runner.py:105} INFO - Job 624: Subtask check_raw_data_file
[2025-03-20T12:37:35.160+0000] {logging_mixin.py:190} WARNING - /home/***/.local/lib/python3.12/site-packages/***/task/task_runner/standard_task_runner.py:70 DeprecationWarning: This process (pid=848) is multi-threaded, use of fork() may lead to deadlocks in the child.
[2025-03-20T12:37:35.161+0000] {standard_task_runner.py:72} INFO - Started process 849 to run task
[2025-03-20T12:37:35.192+0000] {task_command.py:467} INFO - Running <TaskInstance: bike_rental_pipeline.check_raw_data_file scheduled__2025-03-20T12:36:00+00:00 [running]> on host fd61bea7cb7a
[2025-03-20T12:37:35.239+0000] {taskinstance.py:3134} INFO - Exporting env vars: AIRFLOW_CTX_DAG_OWNER='***' AIRFLOW_CTX_DAG_ID='bike_rental_pipeline' AIRFLOW_CTX_TASK_ID='check_raw_data_file' AIRFLOW_CTX_EXECUTION_DATE='2025-03-20T12:36:00+00:00' AIRFLOW_CTX_TRY_NUMBER='1' AIRFLOW_CTX_DAG_RUN_ID='scheduled__2025-03-20T12:36:00+00:00'
[2025-03-20T12:37:35.240+0000] {taskinstance.py:732} INFO - ::endgroup::
[2025-03-20T12:37:35.248+0000] {baseoperator.py:423} WARNING - FileSensor.execute cannot be called outside TaskInstance!
[2025-03-20T12:37:35.253+0000] {base.py:84} INFO - Retrieving connection 'bike_rental_data'
[2025-03-20T12:37:35.253+0000] {filesystem.py:109} INFO - Poking for file /opt/***/dags/data/day.csv
[2025-03-20T12:37:35.254+0000] {filesystem.py:113} INFO - Found File /opt/***/dags/data/day.csv last modified: 20220422002206
[2025-03-20T12:37:35.254+0000] {base.py:339} INFO - Success criteria met. Exiting.
[2025-03-20T12:37:35.254+0000] {filesystem.py:109} INFO - Poking for file /opt/***/dags/data/day.csv
[2025-03-20T12:37:35.254+0000] {filesystem.py:113} INFO - Found File /opt/***/dags/data/day.csv last modified: 20220422002206
[2025-03-20T12:37:35.260+0000] {taskinstance.py:341} INFO - ::group::Post task execution logs
[2025-03-20T12:37:35.260+0000] {taskinstance.py:353} INFO - Marking task as SUCCESS. dag_id=bike_rental_pipeline, task_id=check_raw_data_file, run_id=scheduled__2025-03-20T12:36:00+00:00, execution_date=20250320T123600, start_date=20250320T123735, end_date=20250320T123735
[2025-03-20T12:37:35.304+0000] {local_task_job_runner.py:266} INFO - Task exited with return code 0
[2025-03-20T12:37:35.322+0000] {taskinstance.py:3901} INFO - 6 downstream tasks scheduled from follow-on schedule check
[2025-03-20T12:37:35.324+0000] {local_task_job_runner.py:245} INFO - ::endgroup::
