[2025-04-23T20:04:50.932+0000] {processor.py:186} INFO - Started process (PID=199) to work on /opt/airflow/dags/dag_postgres.py
[2025-04-23T20:04:50.934+0000] {processor.py:914} INFO - Processing file /opt/airflow/dags/dag_postgres.py for tasks to queue
[2025-04-23T20:04:50.936+0000] {logging_mixin.py:190} INFO - [2025-04-23T20:04:50.935+0000] {dagbag.py:588} INFO - Filling up the DagBag from /opt/airflow/dags/dag_postgres.py
[2025-04-23T20:04:50.946+0000] {processor.py:925} INFO - DAG(s) 'postgres_pipeline' retrieved from /opt/airflow/dags/dag_postgres.py
[2025-04-23T20:04:50.969+0000] {logging_mixin.py:190} INFO - [2025-04-23T20:04:50.969+0000] {dag.py:3239} INFO - Sync 1 DAGs
[2025-04-23T20:04:50.987+0000] {logging_mixin.py:190} INFO - [2025-04-23T20:04:50.986+0000] {dag.py:4180} INFO - Setting next_dagrun for postgres_pipeline to None, run_after=None
[2025-04-23T20:04:51.015+0000] {processor.py:208} INFO - Processing /opt/airflow/dags/dag_postgres.py took 0.089 seconds
[2025-04-23T20:05:21.153+0000] {processor.py:186} INFO - Started process (PID=254) to work on /opt/airflow/dags/dag_postgres.py
[2025-04-23T20:05:21.156+0000] {processor.py:914} INFO - Processing file /opt/airflow/dags/dag_postgres.py for tasks to queue
[2025-04-23T20:05:21.158+0000] {logging_mixin.py:190} INFO - [2025-04-23T20:05:21.158+0000] {dagbag.py:588} INFO - Filling up the DagBag from /opt/airflow/dags/dag_postgres.py
[2025-04-23T20:05:21.175+0000] {processor.py:925} INFO - DAG(s) 'postgres_pipeline' retrieved from /opt/airflow/dags/dag_postgres.py
[2025-04-23T20:05:21.204+0000] {logging_mixin.py:190} INFO - [2025-04-23T20:05:21.204+0000] {dag.py:3239} INFO - Sync 1 DAGs
[2025-04-23T20:05:21.222+0000] {logging_mixin.py:190} INFO - [2025-04-23T20:05:21.222+0000] {dag.py:4180} INFO - Setting next_dagrun for postgres_pipeline to None, run_after=None
[2025-04-23T20:05:21.245+0000] {processor.py:208} INFO - Processing /opt/airflow/dags/dag_postgres.py took 0.099 seconds
[2025-04-23T20:05:52.196+0000] {processor.py:186} INFO - Started process (PID=310) to work on /opt/airflow/dags/dag_postgres.py
[2025-04-23T20:05:52.197+0000] {processor.py:914} INFO - Processing file /opt/airflow/dags/dag_postgres.py for tasks to queue
[2025-04-23T20:05:52.201+0000] {logging_mixin.py:190} INFO - [2025-04-23T20:05:52.201+0000] {dagbag.py:588} INFO - Filling up the DagBag from /opt/airflow/dags/dag_postgres.py
[2025-04-23T20:05:52.213+0000] {processor.py:925} INFO - DAG(s) 'postgres_pipeline' retrieved from /opt/airflow/dags/dag_postgres.py
[2025-04-23T20:05:52.233+0000] {logging_mixin.py:190} INFO - [2025-04-23T20:05:52.233+0000] {dag.py:3239} INFO - Sync 1 DAGs
[2025-04-23T20:05:52.245+0000] {logging_mixin.py:190} INFO - [2025-04-23T20:05:52.245+0000] {dag.py:4180} INFO - Setting next_dagrun for postgres_pipeline to None, run_after=None
[2025-04-23T20:05:52.263+0000] {processor.py:208} INFO - Processing /opt/airflow/dags/dag_postgres.py took 0.070 seconds
[2025-04-23T20:06:23.069+0000] {processor.py:186} INFO - Started process (PID=366) to work on /opt/airflow/dags/dag_postgres.py
[2025-04-23T20:06:23.071+0000] {processor.py:914} INFO - Processing file /opt/airflow/dags/dag_postgres.py for tasks to queue
[2025-04-23T20:06:23.073+0000] {logging_mixin.py:190} INFO - [2025-04-23T20:06:23.072+0000] {dagbag.py:588} INFO - Filling up the DagBag from /opt/airflow/dags/dag_postgres.py
[2025-04-23T20:06:23.095+0000] {processor.py:925} INFO - DAG(s) 'postgres_pipeline' retrieved from /opt/airflow/dags/dag_postgres.py
[2025-04-23T20:06:23.121+0000] {logging_mixin.py:190} INFO - [2025-04-23T20:06:23.121+0000] {dag.py:3239} INFO - Sync 1 DAGs
[2025-04-23T20:06:23.140+0000] {logging_mixin.py:190} INFO - [2025-04-23T20:06:23.140+0000] {dag.py:4180} INFO - Setting next_dagrun for postgres_pipeline to None, run_after=None
[2025-04-23T20:06:23.158+0000] {processor.py:208} INFO - Processing /opt/airflow/dags/dag_postgres.py took 0.104 seconds
[2025-04-23T20:06:54.043+0000] {processor.py:186} INFO - Started process (PID=422) to work on /opt/airflow/dags/dag_postgres.py
[2025-04-23T20:06:54.044+0000] {processor.py:914} INFO - Processing file /opt/airflow/dags/dag_postgres.py for tasks to queue
[2025-04-23T20:06:54.048+0000] {logging_mixin.py:190} INFO - [2025-04-23T20:06:54.048+0000] {dagbag.py:588} INFO - Filling up the DagBag from /opt/airflow/dags/dag_postgres.py
[2025-04-23T20:06:54.059+0000] {processor.py:925} INFO - DAG(s) 'postgres_pipeline' retrieved from /opt/airflow/dags/dag_postgres.py
[2025-04-23T20:06:54.084+0000] {logging_mixin.py:190} INFO - [2025-04-23T20:06:54.083+0000] {dag.py:3239} INFO - Sync 1 DAGs
[2025-04-23T20:06:54.102+0000] {logging_mixin.py:190} INFO - [2025-04-23T20:06:54.102+0000] {dag.py:4180} INFO - Setting next_dagrun for postgres_pipeline to None, run_after=None
[2025-04-23T20:06:54.130+0000] {processor.py:208} INFO - Processing /opt/airflow/dags/dag_postgres.py took 0.090 seconds
[2025-04-23T20:07:25.084+0000] {processor.py:186} INFO - Started process (PID=484) to work on /opt/airflow/dags/dag_postgres.py
[2025-04-23T20:07:25.085+0000] {processor.py:914} INFO - Processing file /opt/airflow/dags/dag_postgres.py for tasks to queue
[2025-04-23T20:07:25.087+0000] {logging_mixin.py:190} INFO - [2025-04-23T20:07:25.087+0000] {dagbag.py:588} INFO - Filling up the DagBag from /opt/airflow/dags/dag_postgres.py
[2025-04-23T20:07:25.105+0000] {processor.py:925} INFO - DAG(s) 'postgres_pipeline' retrieved from /opt/airflow/dags/dag_postgres.py
[2025-04-23T20:07:25.122+0000] {logging_mixin.py:190} INFO - [2025-04-23T20:07:25.122+0000] {dag.py:3239} INFO - Sync 1 DAGs
[2025-04-23T20:07:25.137+0000] {logging_mixin.py:190} INFO - [2025-04-23T20:07:25.137+0000] {dag.py:4180} INFO - Setting next_dagrun for postgres_pipeline to None, run_after=None
[2025-04-23T20:07:25.166+0000] {processor.py:208} INFO - Processing /opt/airflow/dags/dag_postgres.py took 0.085 seconds
[2025-04-23T20:07:56.074+0000] {processor.py:186} INFO - Started process (PID=540) to work on /opt/airflow/dags/dag_postgres.py
[2025-04-23T20:07:56.075+0000] {processor.py:914} INFO - Processing file /opt/airflow/dags/dag_postgres.py for tasks to queue
[2025-04-23T20:07:56.080+0000] {logging_mixin.py:190} INFO - [2025-04-23T20:07:56.079+0000] {dagbag.py:588} INFO - Filling up the DagBag from /opt/airflow/dags/dag_postgres.py
[2025-04-23T20:07:56.105+0000] {processor.py:925} INFO - DAG(s) 'postgres_pipeline' retrieved from /opt/airflow/dags/dag_postgres.py
[2025-04-23T20:07:56.136+0000] {logging_mixin.py:190} INFO - [2025-04-23T20:07:56.136+0000] {dag.py:3239} INFO - Sync 1 DAGs
[2025-04-23T20:07:56.159+0000] {logging_mixin.py:190} INFO - [2025-04-23T20:07:56.158+0000] {dag.py:4180} INFO - Setting next_dagrun for postgres_pipeline to None, run_after=None
[2025-04-23T20:07:56.179+0000] {processor.py:208} INFO - Processing /opt/airflow/dags/dag_postgres.py took 0.112 seconds
[2025-04-23T20:08:27.180+0000] {processor.py:186} INFO - Started process (PID=596) to work on /opt/airflow/dags/dag_postgres.py
[2025-04-23T20:08:27.186+0000] {processor.py:914} INFO - Processing file /opt/airflow/dags/dag_postgres.py for tasks to queue
[2025-04-23T20:08:27.190+0000] {logging_mixin.py:190} INFO - [2025-04-23T20:08:27.190+0000] {dagbag.py:588} INFO - Filling up the DagBag from /opt/airflow/dags/dag_postgres.py
[2025-04-23T20:08:27.213+0000] {processor.py:925} INFO - DAG(s) 'postgres_pipeline' retrieved from /opt/airflow/dags/dag_postgres.py
[2025-04-23T20:08:27.256+0000] {logging_mixin.py:190} INFO - [2025-04-23T20:08:27.256+0000] {dag.py:3239} INFO - Sync 1 DAGs
[2025-04-23T20:08:27.279+0000] {logging_mixin.py:190} INFO - [2025-04-23T20:08:27.279+0000] {dag.py:4180} INFO - Setting next_dagrun for postgres_pipeline to None, run_after=None
[2025-04-23T20:08:27.307+0000] {processor.py:208} INFO - Processing /opt/airflow/dags/dag_postgres.py took 0.135 seconds
[2025-04-23T20:08:57.388+0000] {processor.py:186} INFO - Started process (PID=652) to work on /opt/airflow/dags/dag_postgres.py
[2025-04-23T20:08:57.389+0000] {processor.py:914} INFO - Processing file /opt/airflow/dags/dag_postgres.py for tasks to queue
[2025-04-23T20:08:57.391+0000] {logging_mixin.py:190} INFO - [2025-04-23T20:08:57.391+0000] {dagbag.py:588} INFO - Filling up the DagBag from /opt/airflow/dags/dag_postgres.py
[2025-04-23T20:08:57.406+0000] {processor.py:925} INFO - DAG(s) 'postgres_pipeline' retrieved from /opt/airflow/dags/dag_postgres.py
[2025-04-23T20:08:57.432+0000] {logging_mixin.py:190} INFO - [2025-04-23T20:08:57.432+0000] {dag.py:3239} INFO - Sync 1 DAGs
[2025-04-23T20:08:57.450+0000] {logging_mixin.py:190} INFO - [2025-04-23T20:08:57.450+0000] {dag.py:4180} INFO - Setting next_dagrun for postgres_pipeline to None, run_after=None
[2025-04-23T20:08:57.474+0000] {processor.py:208} INFO - Processing /opt/airflow/dags/dag_postgres.py took 0.092 seconds
[2025-04-23T20:09:28.464+0000] {processor.py:186} INFO - Started process (PID=708) to work on /opt/airflow/dags/dag_postgres.py
[2025-04-23T20:09:28.466+0000] {processor.py:914} INFO - Processing file /opt/airflow/dags/dag_postgres.py for tasks to queue
[2025-04-23T20:09:28.470+0000] {logging_mixin.py:190} INFO - [2025-04-23T20:09:28.469+0000] {dagbag.py:588} INFO - Filling up the DagBag from /opt/airflow/dags/dag_postgres.py
[2025-04-23T20:09:28.523+0000] {processor.py:925} INFO - DAG(s) 'postgres_pipeline' retrieved from /opt/airflow/dags/dag_postgres.py
[2025-04-23T20:09:28.594+0000] {logging_mixin.py:190} INFO - [2025-04-23T20:09:28.594+0000] {dag.py:3239} INFO - Sync 1 DAGs
[2025-04-23T20:09:28.631+0000] {logging_mixin.py:190} INFO - [2025-04-23T20:09:28.631+0000] {dag.py:4180} INFO - Setting next_dagrun for postgres_pipeline to None, run_after=None
[2025-04-23T20:09:28.669+0000] {processor.py:208} INFO - Processing /opt/airflow/dags/dag_postgres.py took 0.222 seconds
[2025-04-23T20:09:59.075+0000] {processor.py:186} INFO - Started process (PID=764) to work on /opt/airflow/dags/dag_postgres.py
[2025-04-23T20:09:59.076+0000] {processor.py:914} INFO - Processing file /opt/airflow/dags/dag_postgres.py for tasks to queue
[2025-04-23T20:09:59.079+0000] {logging_mixin.py:190} INFO - [2025-04-23T20:09:59.079+0000] {dagbag.py:588} INFO - Filling up the DagBag from /opt/airflow/dags/dag_postgres.py
[2025-04-23T20:09:59.101+0000] {processor.py:925} INFO - DAG(s) 'postgres_pipeline' retrieved from /opt/airflow/dags/dag_postgres.py
[2025-04-23T20:09:59.131+0000] {logging_mixin.py:190} INFO - [2025-04-23T20:09:59.131+0000] {dag.py:3239} INFO - Sync 1 DAGs
[2025-04-23T20:09:59.150+0000] {logging_mixin.py:190} INFO - [2025-04-23T20:09:59.150+0000] {dag.py:4180} INFO - Setting next_dagrun for postgres_pipeline to None, run_after=None
[2025-04-23T20:09:59.170+0000] {processor.py:208} INFO - Processing /opt/airflow/dags/dag_postgres.py took 0.102 seconds
[2025-04-23T20:10:30.085+0000] {processor.py:186} INFO - Started process (PID=820) to work on /opt/airflow/dags/dag_postgres.py
[2025-04-23T20:10:30.086+0000] {processor.py:914} INFO - Processing file /opt/airflow/dags/dag_postgres.py for tasks to queue
[2025-04-23T20:10:30.089+0000] {logging_mixin.py:190} INFO - [2025-04-23T20:10:30.088+0000] {dagbag.py:588} INFO - Filling up the DagBag from /opt/airflow/dags/dag_postgres.py
[2025-04-23T20:10:30.106+0000] {processor.py:925} INFO - DAG(s) 'postgres_pipeline' retrieved from /opt/airflow/dags/dag_postgres.py
[2025-04-23T20:10:30.135+0000] {logging_mixin.py:190} INFO - [2025-04-23T20:10:30.134+0000] {dag.py:3239} INFO - Sync 1 DAGs
[2025-04-23T20:10:30.152+0000] {logging_mixin.py:190} INFO - [2025-04-23T20:10:30.152+0000] {dag.py:4180} INFO - Setting next_dagrun for postgres_pipeline to None, run_after=None
[2025-04-23T20:10:30.173+0000] {processor.py:208} INFO - Processing /opt/airflow/dags/dag_postgres.py took 0.094 seconds
[2025-04-23T20:11:01.159+0000] {processor.py:186} INFO - Started process (PID=876) to work on /opt/airflow/dags/dag_postgres.py
[2025-04-23T20:11:01.160+0000] {processor.py:914} INFO - Processing file /opt/airflow/dags/dag_postgres.py for tasks to queue
[2025-04-23T20:11:01.162+0000] {logging_mixin.py:190} INFO - [2025-04-23T20:11:01.162+0000] {dagbag.py:588} INFO - Filling up the DagBag from /opt/airflow/dags/dag_postgres.py
[2025-04-23T20:11:01.174+0000] {processor.py:925} INFO - DAG(s) 'postgres_pipeline' retrieved from /opt/airflow/dags/dag_postgres.py
[2025-04-23T20:11:01.193+0000] {logging_mixin.py:190} INFO - [2025-04-23T20:11:01.193+0000] {dag.py:3239} INFO - Sync 1 DAGs
[2025-04-23T20:11:01.205+0000] {logging_mixin.py:190} INFO - [2025-04-23T20:11:01.205+0000] {dag.py:4180} INFO - Setting next_dagrun for postgres_pipeline to None, run_after=None
[2025-04-23T20:11:01.222+0000] {processor.py:208} INFO - Processing /opt/airflow/dags/dag_postgres.py took 0.066 seconds
[2025-04-23T20:11:32.056+0000] {processor.py:186} INFO - Started process (PID=932) to work on /opt/airflow/dags/dag_postgres.py
[2025-04-23T20:11:32.057+0000] {processor.py:914} INFO - Processing file /opt/airflow/dags/dag_postgres.py for tasks to queue
[2025-04-23T20:11:32.059+0000] {logging_mixin.py:190} INFO - [2025-04-23T20:11:32.059+0000] {dagbag.py:588} INFO - Filling up the DagBag from /opt/airflow/dags/dag_postgres.py
[2025-04-23T20:11:32.079+0000] {processor.py:925} INFO - DAG(s) 'postgres_pipeline' retrieved from /opt/airflow/dags/dag_postgres.py
[2025-04-23T20:11:32.099+0000] {logging_mixin.py:190} INFO - [2025-04-23T20:11:32.098+0000] {dag.py:3239} INFO - Sync 1 DAGs
[2025-04-23T20:11:32.115+0000] {logging_mixin.py:190} INFO - [2025-04-23T20:11:32.114+0000] {dag.py:4180} INFO - Setting next_dagrun for postgres_pipeline to None, run_after=None
[2025-04-23T20:11:32.131+0000] {processor.py:208} INFO - Processing /opt/airflow/dags/dag_postgres.py took 0.081 seconds
[2025-04-23T20:12:02.940+0000] {processor.py:186} INFO - Started process (PID=988) to work on /opt/airflow/dags/dag_postgres.py
[2025-04-23T20:12:02.941+0000] {processor.py:914} INFO - Processing file /opt/airflow/dags/dag_postgres.py for tasks to queue
[2025-04-23T20:12:02.943+0000] {logging_mixin.py:190} INFO - [2025-04-23T20:12:02.943+0000] {dagbag.py:588} INFO - Filling up the DagBag from /opt/airflow/dags/dag_postgres.py
[2025-04-23T20:12:02.951+0000] {processor.py:925} INFO - DAG(s) 'postgres_pipeline' retrieved from /opt/airflow/dags/dag_postgres.py
[2025-04-23T20:12:02.971+0000] {logging_mixin.py:190} INFO - [2025-04-23T20:12:02.971+0000] {dag.py:3239} INFO - Sync 1 DAGs
[2025-04-23T20:12:02.983+0000] {logging_mixin.py:190} INFO - [2025-04-23T20:12:02.983+0000] {dag.py:4180} INFO - Setting next_dagrun for postgres_pipeline to None, run_after=None
[2025-04-23T20:12:03.002+0000] {processor.py:208} INFO - Processing /opt/airflow/dags/dag_postgres.py took 0.067 seconds
[2025-04-23T20:12:33.776+0000] {processor.py:186} INFO - Started process (PID=1044) to work on /opt/airflow/dags/dag_postgres.py
[2025-04-23T20:12:33.777+0000] {processor.py:914} INFO - Processing file /opt/airflow/dags/dag_postgres.py for tasks to queue
[2025-04-23T20:12:33.779+0000] {logging_mixin.py:190} INFO - [2025-04-23T20:12:33.778+0000] {dagbag.py:588} INFO - Filling up the DagBag from /opt/airflow/dags/dag_postgres.py
[2025-04-23T20:12:33.791+0000] {processor.py:925} INFO - DAG(s) 'postgres_pipeline' retrieved from /opt/airflow/dags/dag_postgres.py
[2025-04-23T20:12:33.811+0000] {logging_mixin.py:190} INFO - [2025-04-23T20:12:33.811+0000] {dag.py:3239} INFO - Sync 1 DAGs
[2025-04-23T20:12:33.824+0000] {logging_mixin.py:190} INFO - [2025-04-23T20:12:33.823+0000] {dag.py:4180} INFO - Setting next_dagrun for postgres_pipeline to None, run_after=None
[2025-04-23T20:12:33.843+0000] {processor.py:208} INFO - Processing /opt/airflow/dags/dag_postgres.py took 0.071 seconds
[2025-04-23T20:13:04.667+0000] {processor.py:186} INFO - Started process (PID=1100) to work on /opt/airflow/dags/dag_postgres.py
[2025-04-23T20:13:04.668+0000] {processor.py:914} INFO - Processing file /opt/airflow/dags/dag_postgres.py for tasks to queue
[2025-04-23T20:13:04.671+0000] {logging_mixin.py:190} INFO - [2025-04-23T20:13:04.670+0000] {dagbag.py:588} INFO - Filling up the DagBag from /opt/airflow/dags/dag_postgres.py
[2025-04-23T20:13:04.685+0000] {processor.py:925} INFO - DAG(s) 'postgres_pipeline' retrieved from /opt/airflow/dags/dag_postgres.py
[2025-04-23T20:13:04.707+0000] {logging_mixin.py:190} INFO - [2025-04-23T20:13:04.707+0000] {dag.py:3239} INFO - Sync 1 DAGs
[2025-04-23T20:13:04.720+0000] {logging_mixin.py:190} INFO - [2025-04-23T20:13:04.720+0000] {dag.py:4180} INFO - Setting next_dagrun for postgres_pipeline to None, run_after=None
[2025-04-23T20:13:04.737+0000] {processor.py:208} INFO - Processing /opt/airflow/dags/dag_postgres.py took 0.075 seconds
[2025-04-23T20:13:35.551+0000] {processor.py:186} INFO - Started process (PID=1156) to work on /opt/airflow/dags/dag_postgres.py
[2025-04-23T20:13:35.552+0000] {processor.py:914} INFO - Processing file /opt/airflow/dags/dag_postgres.py for tasks to queue
[2025-04-23T20:13:35.555+0000] {logging_mixin.py:190} INFO - [2025-04-23T20:13:35.554+0000] {dagbag.py:588} INFO - Filling up the DagBag from /opt/airflow/dags/dag_postgres.py
[2025-04-23T20:13:35.567+0000] {processor.py:925} INFO - DAG(s) 'postgres_pipeline' retrieved from /opt/airflow/dags/dag_postgres.py
[2025-04-23T20:13:35.586+0000] {logging_mixin.py:190} INFO - [2025-04-23T20:13:35.586+0000] {dag.py:3239} INFO - Sync 1 DAGs
[2025-04-23T20:13:35.600+0000] {logging_mixin.py:190} INFO - [2025-04-23T20:13:35.600+0000] {dag.py:4180} INFO - Setting next_dagrun for postgres_pipeline to None, run_after=None
[2025-04-23T20:13:35.621+0000] {processor.py:208} INFO - Processing /opt/airflow/dags/dag_postgres.py took 0.076 seconds
[2025-04-23T20:14:06.456+0000] {processor.py:186} INFO - Started process (PID=1212) to work on /opt/airflow/dags/dag_postgres.py
[2025-04-23T20:14:06.457+0000] {processor.py:914} INFO - Processing file /opt/airflow/dags/dag_postgres.py for tasks to queue
[2025-04-23T20:14:06.459+0000] {logging_mixin.py:190} INFO - [2025-04-23T20:14:06.459+0000] {dagbag.py:588} INFO - Filling up the DagBag from /opt/airflow/dags/dag_postgres.py
[2025-04-23T20:14:06.481+0000] {processor.py:925} INFO - DAG(s) 'postgres_pipeline' retrieved from /opt/airflow/dags/dag_postgres.py
[2025-04-23T20:14:06.500+0000] {logging_mixin.py:190} INFO - [2025-04-23T20:14:06.500+0000] {dag.py:3239} INFO - Sync 1 DAGs
[2025-04-23T20:14:06.511+0000] {logging_mixin.py:190} INFO - [2025-04-23T20:14:06.511+0000] {dag.py:4180} INFO - Setting next_dagrun for postgres_pipeline to None, run_after=None
[2025-04-23T20:14:06.529+0000] {processor.py:208} INFO - Processing /opt/airflow/dags/dag_postgres.py took 0.079 seconds
[2025-04-23T20:14:37.387+0000] {processor.py:186} INFO - Started process (PID=1268) to work on /opt/airflow/dags/dag_postgres.py
[2025-04-23T20:14:37.388+0000] {processor.py:914} INFO - Processing file /opt/airflow/dags/dag_postgres.py for tasks to queue
[2025-04-23T20:14:37.390+0000] {logging_mixin.py:190} INFO - [2025-04-23T20:14:37.390+0000] {dagbag.py:588} INFO - Filling up the DagBag from /opt/airflow/dags/dag_postgres.py
[2025-04-23T20:14:37.401+0000] {processor.py:925} INFO - DAG(s) 'postgres_pipeline' retrieved from /opt/airflow/dags/dag_postgres.py
[2025-04-23T20:14:37.425+0000] {logging_mixin.py:190} INFO - [2025-04-23T20:14:37.425+0000] {dag.py:3239} INFO - Sync 1 DAGs
[2025-04-23T20:14:37.440+0000] {logging_mixin.py:190} INFO - [2025-04-23T20:14:37.440+0000] {dag.py:4180} INFO - Setting next_dagrun for postgres_pipeline to None, run_after=None
[2025-04-23T20:14:37.458+0000] {processor.py:208} INFO - Processing /opt/airflow/dags/dag_postgres.py took 0.074 seconds
[2025-04-23T20:15:08.355+0000] {processor.py:186} INFO - Started process (PID=1324) to work on /opt/airflow/dags/dag_postgres.py
[2025-04-23T20:15:08.357+0000] {processor.py:914} INFO - Processing file /opt/airflow/dags/dag_postgres.py for tasks to queue
[2025-04-23T20:15:08.358+0000] {logging_mixin.py:190} INFO - [2025-04-23T20:15:08.358+0000] {dagbag.py:588} INFO - Filling up the DagBag from /opt/airflow/dags/dag_postgres.py
[2025-04-23T20:15:08.374+0000] {processor.py:925} INFO - DAG(s) 'postgres_pipeline' retrieved from /opt/airflow/dags/dag_postgres.py
[2025-04-23T20:15:08.398+0000] {logging_mixin.py:190} INFO - [2025-04-23T20:15:08.398+0000] {dag.py:3239} INFO - Sync 1 DAGs
[2025-04-23T20:15:08.411+0000] {logging_mixin.py:190} INFO - [2025-04-23T20:15:08.411+0000] {dag.py:4180} INFO - Setting next_dagrun for postgres_pipeline to None, run_after=None
[2025-04-23T20:15:08.427+0000] {processor.py:208} INFO - Processing /opt/airflow/dags/dag_postgres.py took 0.075 seconds
