[2025-04-23T20:04:51.163+0000] {processor.py:186} INFO - Started process (PID=219) to work on /opt/airflow/dags/data_pipline_true.py
[2025-04-23T20:04:51.165+0000] {processor.py:914} INFO - Processing file /opt/airflow/dags/data_pipline_true.py for tasks to queue
[2025-04-23T20:04:51.168+0000] {logging_mixin.py:190} INFO - [2025-04-23T20:04:51.167+0000] {dagbag.py:588} INFO - Filling up the DagBag from /opt/airflow/dags/data_pipline_true.py
[2025-04-23T20:04:52.726+0000] {processor.py:925} INFO - DAG(s) 'bike_rental_pipeline' retrieved from /opt/airflow/dags/data_pipline_true.py
[2025-04-23T20:04:52.740+0000] {logging_mixin.py:190} INFO - [2025-04-23T20:04:52.739+0000] {dag.py:3239} INFO - Sync 1 DAGs
[2025-04-23T20:04:52.757+0000] {logging_mixin.py:190} INFO - [2025-04-23T20:04:52.756+0000] {dag.py:4180} INFO - Setting next_dagrun for bike_rental_pipeline to 2025-04-23 20:03:00+00:00, run_after=2025-04-23 20:04:00+00:00
[2025-04-23T20:04:52.780+0000] {processor.py:208} INFO - Processing /opt/airflow/dags/data_pipline_true.py took 1.623 seconds
[2025-04-23T20:05:23.347+0000] {processor.py:186} INFO - Started process (PID=276) to work on /opt/airflow/dags/data_pipline_true.py
[2025-04-23T20:05:23.347+0000] {processor.py:914} INFO - Processing file /opt/airflow/dags/data_pipline_true.py for tasks to queue
[2025-04-23T20:05:23.349+0000] {logging_mixin.py:190} INFO - [2025-04-23T20:05:23.349+0000] {dagbag.py:588} INFO - Filling up the DagBag from /opt/airflow/dags/data_pipline_true.py
[2025-04-23T20:05:23.785+0000] {processor.py:925} INFO - DAG(s) 'bike_rental_pipeline' retrieved from /opt/airflow/dags/data_pipline_true.py
[2025-04-23T20:05:23.795+0000] {logging_mixin.py:190} INFO - [2025-04-23T20:05:23.795+0000] {dag.py:3239} INFO - Sync 1 DAGs
[2025-04-23T20:05:23.809+0000] {logging_mixin.py:190} INFO - [2025-04-23T20:05:23.809+0000] {dag.py:4180} INFO - Setting next_dagrun for bike_rental_pipeline to 2025-04-23 20:04:00+00:00, run_after=2025-04-23 20:05:00+00:00
[2025-04-23T20:05:23.830+0000] {processor.py:208} INFO - Processing /opt/airflow/dags/data_pipline_true.py took 0.488 seconds
[2025-04-23T20:05:54.342+0000] {processor.py:186} INFO - Started process (PID=332) to work on /opt/airflow/dags/data_pipline_true.py
[2025-04-23T20:05:54.342+0000] {processor.py:914} INFO - Processing file /opt/airflow/dags/data_pipline_true.py for tasks to queue
[2025-04-23T20:05:54.343+0000] {logging_mixin.py:190} INFO - [2025-04-23T20:05:54.343+0000] {dagbag.py:588} INFO - Filling up the DagBag from /opt/airflow/dags/data_pipline_true.py
[2025-04-23T20:05:54.639+0000] {processor.py:925} INFO - DAG(s) 'bike_rental_pipeline' retrieved from /opt/airflow/dags/data_pipline_true.py
[2025-04-23T20:05:54.649+0000] {logging_mixin.py:190} INFO - [2025-04-23T20:05:54.649+0000] {dag.py:3239} INFO - Sync 1 DAGs
[2025-04-23T20:05:54.662+0000] {logging_mixin.py:190} INFO - [2025-04-23T20:05:54.662+0000] {dag.py:4180} INFO - Setting next_dagrun for bike_rental_pipeline to 2025-04-23 20:04:00+00:00, run_after=2025-04-23 20:05:00+00:00
[2025-04-23T20:05:54.683+0000] {processor.py:208} INFO - Processing /opt/airflow/dags/data_pipline_true.py took 0.346 seconds
[2025-04-23T20:06:25.237+0000] {processor.py:186} INFO - Started process (PID=394) to work on /opt/airflow/dags/data_pipline_true.py
[2025-04-23T20:06:25.238+0000] {processor.py:914} INFO - Processing file /opt/airflow/dags/data_pipline_true.py for tasks to queue
[2025-04-23T20:06:25.239+0000] {logging_mixin.py:190} INFO - [2025-04-23T20:06:25.239+0000] {dagbag.py:588} INFO - Filling up the DagBag from /opt/airflow/dags/data_pipline_true.py
[2025-04-23T20:06:25.607+0000] {processor.py:925} INFO - DAG(s) 'bike_rental_pipeline' retrieved from /opt/airflow/dags/data_pipline_true.py
[2025-04-23T20:06:25.621+0000] {logging_mixin.py:190} INFO - [2025-04-23T20:06:25.620+0000] {dag.py:3239} INFO - Sync 1 DAGs
[2025-04-23T20:06:25.633+0000] {logging_mixin.py:190} INFO - [2025-04-23T20:06:25.633+0000] {dag.py:4180} INFO - Setting next_dagrun for bike_rental_pipeline to 2025-04-23 20:05:00+00:00, run_after=2025-04-23 20:06:00+00:00
[2025-04-23T20:06:25.649+0000] {processor.py:208} INFO - Processing /opt/airflow/dags/data_pipline_true.py took 0.415 seconds
[2025-04-23T20:06:56.226+0000] {processor.py:186} INFO - Started process (PID=450) to work on /opt/airflow/dags/data_pipline_true.py
[2025-04-23T20:06:56.226+0000] {processor.py:914} INFO - Processing file /opt/airflow/dags/data_pipline_true.py for tasks to queue
[2025-04-23T20:06:56.228+0000] {logging_mixin.py:190} INFO - [2025-04-23T20:06:56.228+0000] {dagbag.py:588} INFO - Filling up the DagBag from /opt/airflow/dags/data_pipline_true.py
[2025-04-23T20:06:56.586+0000] {processor.py:925} INFO - DAG(s) 'bike_rental_pipeline' retrieved from /opt/airflow/dags/data_pipline_true.py
[2025-04-23T20:06:56.600+0000] {logging_mixin.py:190} INFO - [2025-04-23T20:06:56.600+0000] {dag.py:3239} INFO - Sync 1 DAGs
[2025-04-23T20:06:56.615+0000] {logging_mixin.py:190} INFO - [2025-04-23T20:06:56.615+0000] {dag.py:4180} INFO - Setting next_dagrun for bike_rental_pipeline to 2025-04-23 20:05:00+00:00, run_after=2025-04-23 20:06:00+00:00
[2025-04-23T20:06:56.635+0000] {processor.py:208} INFO - Processing /opt/airflow/dags/data_pipline_true.py took 0.415 seconds
[2025-04-23T20:07:27.260+0000] {processor.py:186} INFO - Started process (PID=506) to work on /opt/airflow/dags/data_pipline_true.py
[2025-04-23T20:07:27.262+0000] {processor.py:914} INFO - Processing file /opt/airflow/dags/data_pipline_true.py for tasks to queue
[2025-04-23T20:07:27.264+0000] {logging_mixin.py:190} INFO - [2025-04-23T20:07:27.264+0000] {dagbag.py:588} INFO - Filling up the DagBag from /opt/airflow/dags/data_pipline_true.py
[2025-04-23T20:07:27.613+0000] {processor.py:925} INFO - DAG(s) 'bike_rental_pipeline' retrieved from /opt/airflow/dags/data_pipline_true.py
[2025-04-23T20:07:27.623+0000] {logging_mixin.py:190} INFO - [2025-04-23T20:07:27.622+0000] {dag.py:3239} INFO - Sync 1 DAGs
[2025-04-23T20:07:27.636+0000] {logging_mixin.py:190} INFO - [2025-04-23T20:07:27.636+0000] {dag.py:4180} INFO - Setting next_dagrun for bike_rental_pipeline to 2025-04-23 20:06:00+00:00, run_after=2025-04-23 20:07:00+00:00
[2025-04-23T20:07:27.654+0000] {processor.py:208} INFO - Processing /opt/airflow/dags/data_pipline_true.py took 0.398 seconds
[2025-04-23T20:07:58.253+0000] {processor.py:186} INFO - Started process (PID=562) to work on /opt/airflow/dags/data_pipline_true.py
[2025-04-23T20:07:58.256+0000] {processor.py:914} INFO - Processing file /opt/airflow/dags/data_pipline_true.py for tasks to queue
[2025-04-23T20:07:58.257+0000] {logging_mixin.py:190} INFO - [2025-04-23T20:07:58.257+0000] {dagbag.py:588} INFO - Filling up the DagBag from /opt/airflow/dags/data_pipline_true.py
[2025-04-23T20:07:58.709+0000] {processor.py:925} INFO - DAG(s) 'bike_rental_pipeline' retrieved from /opt/airflow/dags/data_pipline_true.py
[2025-04-23T20:07:58.719+0000] {logging_mixin.py:190} INFO - [2025-04-23T20:07:58.719+0000] {dag.py:3239} INFO - Sync 1 DAGs
[2025-04-23T20:07:58.732+0000] {logging_mixin.py:190} INFO - [2025-04-23T20:07:58.732+0000] {dag.py:4180} INFO - Setting next_dagrun for bike_rental_pipeline to 2025-04-23 20:06:00+00:00, run_after=2025-04-23 20:07:00+00:00
[2025-04-23T20:07:58.748+0000] {processor.py:208} INFO - Processing /opt/airflow/dags/data_pipline_true.py took 0.500 seconds
[2025-04-23T20:08:29.425+0000] {processor.py:186} INFO - Started process (PID=618) to work on /opt/airflow/dags/data_pipline_true.py
[2025-04-23T20:08:29.426+0000] {processor.py:914} INFO - Processing file /opt/airflow/dags/data_pipline_true.py for tasks to queue
[2025-04-23T20:08:29.429+0000] {logging_mixin.py:190} INFO - [2025-04-23T20:08:29.428+0000] {dagbag.py:588} INFO - Filling up the DagBag from /opt/airflow/dags/data_pipline_true.py
[2025-04-23T20:08:29.938+0000] {processor.py:925} INFO - DAG(s) 'bike_rental_pipeline' retrieved from /opt/airflow/dags/data_pipline_true.py
[2025-04-23T20:08:29.951+0000] {logging_mixin.py:190} INFO - [2025-04-23T20:08:29.951+0000] {dag.py:3239} INFO - Sync 1 DAGs
[2025-04-23T20:08:29.972+0000] {logging_mixin.py:190} INFO - [2025-04-23T20:08:29.972+0000] {dag.py:4180} INFO - Setting next_dagrun for bike_rental_pipeline to 2025-04-23 20:07:00+00:00, run_after=2025-04-23 20:08:00+00:00
[2025-04-23T20:08:29.994+0000] {processor.py:208} INFO - Processing /opt/airflow/dags/data_pipline_true.py took 0.575 seconds
[2025-04-23T20:09:00.558+0000] {processor.py:186} INFO - Started process (PID=674) to work on /opt/airflow/dags/data_pipline_true.py
[2025-04-23T20:09:00.560+0000] {processor.py:914} INFO - Processing file /opt/airflow/dags/data_pipline_true.py for tasks to queue
[2025-04-23T20:09:00.562+0000] {logging_mixin.py:190} INFO - [2025-04-23T20:09:00.562+0000] {dagbag.py:588} INFO - Filling up the DagBag from /opt/airflow/dags/data_pipline_true.py
[2025-04-23T20:09:00.880+0000] {processor.py:925} INFO - DAG(s) 'bike_rental_pipeline' retrieved from /opt/airflow/dags/data_pipline_true.py
[2025-04-23T20:09:00.894+0000] {logging_mixin.py:190} INFO - [2025-04-23T20:09:00.894+0000] {dag.py:3239} INFO - Sync 1 DAGs
[2025-04-23T20:09:00.913+0000] {logging_mixin.py:190} INFO - [2025-04-23T20:09:00.912+0000] {dag.py:4180} INFO - Setting next_dagrun for bike_rental_pipeline to 2025-04-23 20:08:00+00:00, run_after=2025-04-23 20:09:00+00:00
[2025-04-23T20:09:00.933+0000] {processor.py:208} INFO - Processing /opt/airflow/dags/data_pipline_true.py took 0.379 seconds
[2025-04-23T20:09:31.828+0000] {processor.py:186} INFO - Started process (PID=730) to work on /opt/airflow/dags/data_pipline_true.py
[2025-04-23T20:09:31.833+0000] {processor.py:914} INFO - Processing file /opt/airflow/dags/data_pipline_true.py for tasks to queue
[2025-04-23T20:09:31.836+0000] {logging_mixin.py:190} INFO - [2025-04-23T20:09:31.835+0000] {dagbag.py:588} INFO - Filling up the DagBag from /opt/airflow/dags/data_pipline_true.py
[2025-04-23T20:09:32.542+0000] {processor.py:925} INFO - DAG(s) 'bike_rental_pipeline' retrieved from /opt/airflow/dags/data_pipline_true.py
[2025-04-23T20:09:32.560+0000] {logging_mixin.py:190} INFO - [2025-04-23T20:09:32.559+0000] {dag.py:3239} INFO - Sync 1 DAGs
[2025-04-23T20:09:32.579+0000] {logging_mixin.py:190} INFO - [2025-04-23T20:09:32.579+0000] {dag.py:4180} INFO - Setting next_dagrun for bike_rental_pipeline to 2025-04-23 20:08:00+00:00, run_after=2025-04-23 20:09:00+00:00
[2025-04-23T20:09:32.604+0000] {processor.py:208} INFO - Processing /opt/airflow/dags/data_pipline_true.py took 0.831 seconds
[2025-04-23T20:10:03.259+0000] {processor.py:186} INFO - Started process (PID=786) to work on /opt/airflow/dags/data_pipline_true.py
[2025-04-23T20:10:03.260+0000] {processor.py:914} INFO - Processing file /opt/airflow/dags/data_pipline_true.py for tasks to queue
[2025-04-23T20:10:03.261+0000] {logging_mixin.py:190} INFO - [2025-04-23T20:10:03.261+0000] {dagbag.py:588} INFO - Filling up the DagBag from /opt/airflow/dags/data_pipline_true.py
[2025-04-23T20:10:03.665+0000] {processor.py:925} INFO - DAG(s) 'bike_rental_pipeline' retrieved from /opt/airflow/dags/data_pipline_true.py
[2025-04-23T20:10:03.677+0000] {logging_mixin.py:190} INFO - [2025-04-23T20:10:03.677+0000] {dag.py:3239} INFO - Sync 1 DAGs
[2025-04-23T20:10:03.692+0000] {logging_mixin.py:190} INFO - [2025-04-23T20:10:03.692+0000] {dag.py:4180} INFO - Setting next_dagrun for bike_rental_pipeline to 2025-04-23 20:09:00+00:00, run_after=2025-04-23 20:10:00+00:00
[2025-04-23T20:10:03.708+0000] {processor.py:208} INFO - Processing /opt/airflow/dags/data_pipline_true.py took 0.452 seconds
[2025-04-23T20:10:34.311+0000] {processor.py:186} INFO - Started process (PID=842) to work on /opt/airflow/dags/data_pipline_true.py
[2025-04-23T20:10:34.313+0000] {processor.py:914} INFO - Processing file /opt/airflow/dags/data_pipline_true.py for tasks to queue
[2025-04-23T20:10:34.314+0000] {logging_mixin.py:190} INFO - [2025-04-23T20:10:34.314+0000] {dagbag.py:588} INFO - Filling up the DagBag from /opt/airflow/dags/data_pipline_true.py
[2025-04-23T20:10:34.660+0000] {processor.py:925} INFO - DAG(s) 'bike_rental_pipeline' retrieved from /opt/airflow/dags/data_pipline_true.py
[2025-04-23T20:10:34.669+0000] {logging_mixin.py:190} INFO - [2025-04-23T20:10:34.669+0000] {dag.py:3239} INFO - Sync 1 DAGs
[2025-04-23T20:10:34.685+0000] {logging_mixin.py:190} INFO - [2025-04-23T20:10:34.685+0000] {dag.py:4180} INFO - Setting next_dagrun for bike_rental_pipeline to 2025-04-23 20:09:00+00:00, run_after=2025-04-23 20:10:00+00:00
[2025-04-23T20:10:34.699+0000] {processor.py:208} INFO - Processing /opt/airflow/dags/data_pipline_true.py took 0.393 seconds
[2025-04-23T20:11:05.318+0000] {processor.py:186} INFO - Started process (PID=898) to work on /opt/airflow/dags/data_pipline_true.py
[2025-04-23T20:11:05.320+0000] {processor.py:914} INFO - Processing file /opt/airflow/dags/data_pipline_true.py for tasks to queue
[2025-04-23T20:11:05.321+0000] {logging_mixin.py:190} INFO - [2025-04-23T20:11:05.321+0000] {dagbag.py:588} INFO - Filling up the DagBag from /opt/airflow/dags/data_pipline_true.py
[2025-04-23T20:11:05.602+0000] {processor.py:925} INFO - DAG(s) 'bike_rental_pipeline' retrieved from /opt/airflow/dags/data_pipline_true.py
[2025-04-23T20:11:05.611+0000] {logging_mixin.py:190} INFO - [2025-04-23T20:11:05.611+0000] {dag.py:3239} INFO - Sync 1 DAGs
[2025-04-23T20:11:05.623+0000] {logging_mixin.py:190} INFO - [2025-04-23T20:11:05.623+0000] {dag.py:4180} INFO - Setting next_dagrun for bike_rental_pipeline to 2025-04-23 20:10:00+00:00, run_after=2025-04-23 20:11:00+00:00
[2025-04-23T20:11:05.645+0000] {processor.py:208} INFO - Processing /opt/airflow/dags/data_pipline_true.py took 0.331 seconds
[2025-04-23T20:11:36.241+0000] {processor.py:186} INFO - Started process (PID=954) to work on /opt/airflow/dags/data_pipline_true.py
[2025-04-23T20:11:36.242+0000] {processor.py:914} INFO - Processing file /opt/airflow/dags/data_pipline_true.py for tasks to queue
[2025-04-23T20:11:36.243+0000] {logging_mixin.py:190} INFO - [2025-04-23T20:11:36.243+0000] {dagbag.py:588} INFO - Filling up the DagBag from /opt/airflow/dags/data_pipline_true.py
[2025-04-23T20:11:36.505+0000] {processor.py:925} INFO - DAG(s) 'bike_rental_pipeline' retrieved from /opt/airflow/dags/data_pipline_true.py
[2025-04-23T20:11:36.513+0000] {logging_mixin.py:190} INFO - [2025-04-23T20:11:36.513+0000] {dag.py:3239} INFO - Sync 1 DAGs
[2025-04-23T20:11:36.524+0000] {logging_mixin.py:190} INFO - [2025-04-23T20:11:36.524+0000] {dag.py:4180} INFO - Setting next_dagrun for bike_rental_pipeline to 2025-04-23 20:10:00+00:00, run_after=2025-04-23 20:11:00+00:00
[2025-04-23T20:11:36.539+0000] {processor.py:208} INFO - Processing /opt/airflow/dags/data_pipline_true.py took 0.302 seconds
[2025-04-23T20:12:07.110+0000] {processor.py:186} INFO - Started process (PID=1010) to work on /opt/airflow/dags/data_pipline_true.py
[2025-04-23T20:12:07.111+0000] {processor.py:914} INFO - Processing file /opt/airflow/dags/data_pipline_true.py for tasks to queue
[2025-04-23T20:12:07.113+0000] {logging_mixin.py:190} INFO - [2025-04-23T20:12:07.113+0000] {dagbag.py:588} INFO - Filling up the DagBag from /opt/airflow/dags/data_pipline_true.py
[2025-04-23T20:12:07.388+0000] {processor.py:925} INFO - DAG(s) 'bike_rental_pipeline' retrieved from /opt/airflow/dags/data_pipline_true.py
[2025-04-23T20:12:07.396+0000] {logging_mixin.py:190} INFO - [2025-04-23T20:12:07.396+0000] {dag.py:3239} INFO - Sync 1 DAGs
[2025-04-23T20:12:07.406+0000] {logging_mixin.py:190} INFO - [2025-04-23T20:12:07.406+0000] {dag.py:4180} INFO - Setting next_dagrun for bike_rental_pipeline to 2025-04-23 20:11:00+00:00, run_after=2025-04-23 20:12:00+00:00
[2025-04-23T20:12:07.421+0000] {processor.py:208} INFO - Processing /opt/airflow/dags/data_pipline_true.py took 0.315 seconds
[2025-04-23T20:12:37.953+0000] {processor.py:186} INFO - Started process (PID=1066) to work on /opt/airflow/dags/data_pipline_true.py
[2025-04-23T20:12:37.955+0000] {processor.py:914} INFO - Processing file /opt/airflow/dags/data_pipline_true.py for tasks to queue
[2025-04-23T20:12:37.958+0000] {logging_mixin.py:190} INFO - [2025-04-23T20:12:37.957+0000] {dagbag.py:588} INFO - Filling up the DagBag from /opt/airflow/dags/data_pipline_true.py
[2025-04-23T20:12:38.238+0000] {processor.py:925} INFO - DAG(s) 'bike_rental_pipeline' retrieved from /opt/airflow/dags/data_pipline_true.py
[2025-04-23T20:12:38.249+0000] {logging_mixin.py:190} INFO - [2025-04-23T20:12:38.249+0000] {dag.py:3239} INFO - Sync 1 DAGs
[2025-04-23T20:12:38.261+0000] {logging_mixin.py:190} INFO - [2025-04-23T20:12:38.261+0000] {dag.py:4180} INFO - Setting next_dagrun for bike_rental_pipeline to 2025-04-23 20:11:00+00:00, run_after=2025-04-23 20:12:00+00:00
[2025-04-23T20:12:38.279+0000] {processor.py:208} INFO - Processing /opt/airflow/dags/data_pipline_true.py took 0.334 seconds
[2025-04-23T20:13:08.834+0000] {processor.py:186} INFO - Started process (PID=1122) to work on /opt/airflow/dags/data_pipline_true.py
[2025-04-23T20:13:08.835+0000] {processor.py:914} INFO - Processing file /opt/airflow/dags/data_pipline_true.py for tasks to queue
[2025-04-23T20:13:08.836+0000] {logging_mixin.py:190} INFO - [2025-04-23T20:13:08.836+0000] {dagbag.py:588} INFO - Filling up the DagBag from /opt/airflow/dags/data_pipline_true.py
[2025-04-23T20:13:09.105+0000] {processor.py:925} INFO - DAG(s) 'bike_rental_pipeline' retrieved from /opt/airflow/dags/data_pipline_true.py
[2025-04-23T20:13:09.113+0000] {logging_mixin.py:190} INFO - [2025-04-23T20:13:09.112+0000] {dag.py:3239} INFO - Sync 1 DAGs
[2025-04-23T20:13:09.122+0000] {logging_mixin.py:190} INFO - [2025-04-23T20:13:09.122+0000] {dag.py:4180} INFO - Setting next_dagrun for bike_rental_pipeline to 2025-04-23 20:12:00+00:00, run_after=2025-04-23 20:13:00+00:00
[2025-04-23T20:13:09.139+0000] {processor.py:208} INFO - Processing /opt/airflow/dags/data_pipline_true.py took 0.310 seconds
[2025-04-23T20:13:39.721+0000] {processor.py:186} INFO - Started process (PID=1178) to work on /opt/airflow/dags/data_pipline_true.py
[2025-04-23T20:13:39.722+0000] {processor.py:914} INFO - Processing file /opt/airflow/dags/data_pipline_true.py for tasks to queue
[2025-04-23T20:13:39.725+0000] {logging_mixin.py:190} INFO - [2025-04-23T20:13:39.725+0000] {dagbag.py:588} INFO - Filling up the DagBag from /opt/airflow/dags/data_pipline_true.py
[2025-04-23T20:13:39.992+0000] {processor.py:925} INFO - DAG(s) 'bike_rental_pipeline' retrieved from /opt/airflow/dags/data_pipline_true.py
[2025-04-23T20:13:40.001+0000] {logging_mixin.py:190} INFO - [2025-04-23T20:13:40.001+0000] {dag.py:3239} INFO - Sync 1 DAGs
[2025-04-23T20:13:40.015+0000] {logging_mixin.py:190} INFO - [2025-04-23T20:13:40.015+0000] {dag.py:4180} INFO - Setting next_dagrun for bike_rental_pipeline to 2025-04-23 20:12:00+00:00, run_after=2025-04-23 20:13:00+00:00
[2025-04-23T20:13:40.032+0000] {processor.py:208} INFO - Processing /opt/airflow/dags/data_pipline_true.py took 0.315 seconds
[2025-04-23T20:14:10.619+0000] {processor.py:186} INFO - Started process (PID=1234) to work on /opt/airflow/dags/data_pipline_true.py
[2025-04-23T20:14:10.620+0000] {processor.py:914} INFO - Processing file /opt/airflow/dags/data_pipline_true.py for tasks to queue
[2025-04-23T20:14:10.623+0000] {logging_mixin.py:190} INFO - [2025-04-23T20:14:10.623+0000] {dagbag.py:588} INFO - Filling up the DagBag from /opt/airflow/dags/data_pipline_true.py
[2025-04-23T20:14:10.949+0000] {processor.py:925} INFO - DAG(s) 'bike_rental_pipeline' retrieved from /opt/airflow/dags/data_pipline_true.py
[2025-04-23T20:14:10.958+0000] {logging_mixin.py:190} INFO - [2025-04-23T20:14:10.958+0000] {dag.py:3239} INFO - Sync 1 DAGs
[2025-04-23T20:14:10.973+0000] {logging_mixin.py:190} INFO - [2025-04-23T20:14:10.973+0000] {dag.py:4180} INFO - Setting next_dagrun for bike_rental_pipeline to 2025-04-23 20:13:00+00:00, run_after=2025-04-23 20:14:00+00:00
[2025-04-23T20:14:10.992+0000] {processor.py:208} INFO - Processing /opt/airflow/dags/data_pipline_true.py took 0.376 seconds
[2025-04-23T20:14:41.582+0000] {processor.py:186} INFO - Started process (PID=1290) to work on /opt/airflow/dags/data_pipline_true.py
[2025-04-23T20:14:41.583+0000] {processor.py:914} INFO - Processing file /opt/airflow/dags/data_pipline_true.py for tasks to queue
[2025-04-23T20:14:41.585+0000] {logging_mixin.py:190} INFO - [2025-04-23T20:14:41.584+0000] {dagbag.py:588} INFO - Filling up the DagBag from /opt/airflow/dags/data_pipline_true.py
[2025-04-23T20:14:41.858+0000] {processor.py:925} INFO - DAG(s) 'bike_rental_pipeline' retrieved from /opt/airflow/dags/data_pipline_true.py
[2025-04-23T20:14:41.868+0000] {logging_mixin.py:190} INFO - [2025-04-23T20:14:41.868+0000] {dag.py:3239} INFO - Sync 1 DAGs
[2025-04-23T20:14:41.880+0000] {logging_mixin.py:190} INFO - [2025-04-23T20:14:41.880+0000] {dag.py:4180} INFO - Setting next_dagrun for bike_rental_pipeline to 2025-04-23 20:13:00+00:00, run_after=2025-04-23 20:14:00+00:00
[2025-04-23T20:14:41.899+0000] {processor.py:208} INFO - Processing /opt/airflow/dags/data_pipline_true.py took 0.321 seconds
[2025-04-23T20:15:12.519+0000] {processor.py:186} INFO - Started process (PID=1346) to work on /opt/airflow/dags/data_pipline_true.py
[2025-04-23T20:15:12.520+0000] {processor.py:914} INFO - Processing file /opt/airflow/dags/data_pipline_true.py for tasks to queue
[2025-04-23T20:15:12.523+0000] {logging_mixin.py:190} INFO - [2025-04-23T20:15:12.522+0000] {dagbag.py:588} INFO - Filling up the DagBag from /opt/airflow/dags/data_pipline_true.py
[2025-04-23T20:15:12.789+0000] {processor.py:925} INFO - DAG(s) 'bike_rental_pipeline' retrieved from /opt/airflow/dags/data_pipline_true.py
[2025-04-23T20:15:12.799+0000] {logging_mixin.py:190} INFO - [2025-04-23T20:15:12.798+0000] {dag.py:3239} INFO - Sync 1 DAGs
[2025-04-23T20:15:12.810+0000] {logging_mixin.py:190} INFO - [2025-04-23T20:15:12.810+0000] {dag.py:4180} INFO - Setting next_dagrun for bike_rental_pipeline to 2025-04-23 20:14:00+00:00, run_after=2025-04-23 20:15:00+00:00
[2025-04-23T20:15:12.830+0000] {processor.py:208} INFO - Processing /opt/airflow/dags/data_pipline_true.py took 0.317 seconds
