[2025-04-23T20:04:51.186+0000] {processor.py:186} INFO - Started process (PID=224) to work on /opt/airflow/dags/data_pipline_second.py
[2025-04-23T20:04:51.187+0000] {processor.py:914} INFO - Processing file /opt/airflow/dags/data_pipline_second.py for tasks to queue
[2025-04-23T20:04:51.189+0000] {logging_mixin.py:190} INFO - [2025-04-23T20:04:51.189+0000] {dagbag.py:588} INFO - Filling up the DagBag from /opt/airflow/dags/data_pipline_second.py
[2025-04-23T20:04:52.719+0000] {processor.py:925} INFO - DAG(s) 'bike_rental_pipeline_second' retrieved from /opt/airflow/dags/data_pipline_second.py
[2025-04-23T20:04:52.725+0000] {logging_mixin.py:190} INFO - [2025-04-23T20:04:52.725+0000] {dag.py:3239} INFO - Sync 1 DAGs
[2025-04-23T20:04:52.742+0000] {logging_mixin.py:190} INFO - [2025-04-23T20:04:52.742+0000] {dag.py:4180} INFO - Setting next_dagrun for bike_rental_pipeline_second to 2025-04-23 20:03:00+00:00, run_after=2025-04-23 20:04:00+00:00
[2025-04-23T20:04:52.757+0000] {processor.py:208} INFO - Processing /opt/airflow/dags/data_pipline_second.py took 1.575 seconds
[2025-04-23T20:05:23.350+0000] {processor.py:186} INFO - Started process (PID=279) to work on /opt/airflow/dags/data_pipline_second.py
[2025-04-23T20:05:23.351+0000] {processor.py:914} INFO - Processing file /opt/airflow/dags/data_pipline_second.py for tasks to queue
[2025-04-23T20:05:23.353+0000] {logging_mixin.py:190} INFO - [2025-04-23T20:05:23.353+0000] {dagbag.py:588} INFO - Filling up the DagBag from /opt/airflow/dags/data_pipline_second.py
[2025-04-23T20:05:23.784+0000] {processor.py:925} INFO - DAG(s) 'bike_rental_pipeline_second' retrieved from /opt/airflow/dags/data_pipline_second.py
[2025-04-23T20:05:23.790+0000] {logging_mixin.py:190} INFO - [2025-04-23T20:05:23.790+0000] {dag.py:3239} INFO - Sync 1 DAGs
[2025-04-23T20:05:23.803+0000] {logging_mixin.py:190} INFO - [2025-04-23T20:05:23.803+0000] {dag.py:4180} INFO - Setting next_dagrun for bike_rental_pipeline_second to 2025-04-23 20:04:00+00:00, run_after=2025-04-23 20:05:00+00:00
[2025-04-23T20:05:23.814+0000] {processor.py:208} INFO - Processing /opt/airflow/dags/data_pipline_second.py took 0.469 seconds
[2025-04-23T20:05:54.341+0000] {processor.py:186} INFO - Started process (PID=336) to work on /opt/airflow/dags/data_pipline_second.py
[2025-04-23T20:05:54.342+0000] {processor.py:914} INFO - Processing file /opt/airflow/dags/data_pipline_second.py for tasks to queue
[2025-04-23T20:05:54.344+0000] {logging_mixin.py:190} INFO - [2025-04-23T20:05:54.343+0000] {dagbag.py:588} INFO - Filling up the DagBag from /opt/airflow/dags/data_pipline_second.py
[2025-04-23T20:05:54.636+0000] {processor.py:925} INFO - DAG(s) 'bike_rental_pipeline_second' retrieved from /opt/airflow/dags/data_pipline_second.py
[2025-04-23T20:05:54.642+0000] {logging_mixin.py:190} INFO - [2025-04-23T20:05:54.641+0000] {dag.py:3239} INFO - Sync 1 DAGs
[2025-04-23T20:05:54.654+0000] {logging_mixin.py:190} INFO - [2025-04-23T20:05:54.654+0000] {dag.py:4180} INFO - Setting next_dagrun for bike_rental_pipeline_second to 2025-04-23 20:04:00+00:00, run_after=2025-04-23 20:05:00+00:00
[2025-04-23T20:05:54.668+0000] {processor.py:208} INFO - Processing /opt/airflow/dags/data_pipline_second.py took 0.330 seconds
[2025-04-23T20:06:25.240+0000] {processor.py:186} INFO - Started process (PID=397) to work on /opt/airflow/dags/data_pipline_second.py
[2025-04-23T20:06:25.241+0000] {processor.py:914} INFO - Processing file /opt/airflow/dags/data_pipline_second.py for tasks to queue
[2025-04-23T20:06:25.243+0000] {logging_mixin.py:190} INFO - [2025-04-23T20:06:25.243+0000] {dagbag.py:588} INFO - Filling up the DagBag from /opt/airflow/dags/data_pipline_second.py
[2025-04-23T20:06:25.605+0000] {processor.py:925} INFO - DAG(s) 'bike_rental_pipeline_second' retrieved from /opt/airflow/dags/data_pipline_second.py
[2025-04-23T20:06:25.610+0000] {logging_mixin.py:190} INFO - [2025-04-23T20:06:25.610+0000] {dag.py:3239} INFO - Sync 1 DAGs
[2025-04-23T20:06:25.624+0000] {logging_mixin.py:190} INFO - [2025-04-23T20:06:25.624+0000] {dag.py:4180} INFO - Setting next_dagrun for bike_rental_pipeline_second to 2025-04-23 20:05:00+00:00, run_after=2025-04-23 20:06:00+00:00
[2025-04-23T20:06:25.632+0000] {processor.py:208} INFO - Processing /opt/airflow/dags/data_pipline_second.py took 0.395 seconds
[2025-04-23T20:06:56.227+0000] {processor.py:186} INFO - Started process (PID=453) to work on /opt/airflow/dags/data_pipline_second.py
[2025-04-23T20:06:56.228+0000] {processor.py:914} INFO - Processing file /opt/airflow/dags/data_pipline_second.py for tasks to queue
[2025-04-23T20:06:56.229+0000] {logging_mixin.py:190} INFO - [2025-04-23T20:06:56.229+0000] {dagbag.py:588} INFO - Filling up the DagBag from /opt/airflow/dags/data_pipline_second.py
[2025-04-23T20:06:56.599+0000] {processor.py:925} INFO - DAG(s) 'bike_rental_pipeline_second' retrieved from /opt/airflow/dags/data_pipline_second.py
[2025-04-23T20:06:56.607+0000] {logging_mixin.py:190} INFO - [2025-04-23T20:06:56.607+0000] {dag.py:3239} INFO - Sync 1 DAGs
[2025-04-23T20:06:56.619+0000] {logging_mixin.py:190} INFO - [2025-04-23T20:06:56.619+0000] {dag.py:4180} INFO - Setting next_dagrun for bike_rental_pipeline_second to 2025-04-23 20:05:00+00:00, run_after=2025-04-23 20:06:00+00:00
[2025-04-23T20:06:56.633+0000] {processor.py:208} INFO - Processing /opt/airflow/dags/data_pipline_second.py took 0.412 seconds
[2025-04-23T20:07:27.261+0000] {processor.py:186} INFO - Started process (PID=509) to work on /opt/airflow/dags/data_pipline_second.py
[2025-04-23T20:07:27.262+0000] {processor.py:914} INFO - Processing file /opt/airflow/dags/data_pipline_second.py for tasks to queue
[2025-04-23T20:07:27.264+0000] {logging_mixin.py:190} INFO - [2025-04-23T20:07:27.264+0000] {dagbag.py:588} INFO - Filling up the DagBag from /opt/airflow/dags/data_pipline_second.py
[2025-04-23T20:07:27.611+0000] {processor.py:925} INFO - DAG(s) 'bike_rental_pipeline_second' retrieved from /opt/airflow/dags/data_pipline_second.py
[2025-04-23T20:07:27.615+0000] {logging_mixin.py:190} INFO - [2025-04-23T20:07:27.615+0000] {dag.py:3239} INFO - Sync 1 DAGs
[2025-04-23T20:07:27.627+0000] {logging_mixin.py:190} INFO - [2025-04-23T20:07:27.627+0000] {dag.py:4180} INFO - Setting next_dagrun for bike_rental_pipeline_second to 2025-04-23 20:06:00+00:00, run_after=2025-04-23 20:07:00+00:00
[2025-04-23T20:07:27.637+0000] {processor.py:208} INFO - Processing /opt/airflow/dags/data_pipline_second.py took 0.379 seconds
[2025-04-23T20:07:58.255+0000] {processor.py:186} INFO - Started process (PID=565) to work on /opt/airflow/dags/data_pipline_second.py
[2025-04-23T20:07:58.258+0000] {processor.py:914} INFO - Processing file /opt/airflow/dags/data_pipline_second.py for tasks to queue
[2025-04-23T20:07:58.260+0000] {logging_mixin.py:190} INFO - [2025-04-23T20:07:58.260+0000] {dagbag.py:588} INFO - Filling up the DagBag from /opt/airflow/dags/data_pipline_second.py
[2025-04-23T20:07:58.700+0000] {processor.py:925} INFO - DAG(s) 'bike_rental_pipeline_second' retrieved from /opt/airflow/dags/data_pipline_second.py
[2025-04-23T20:07:58.706+0000] {logging_mixin.py:190} INFO - [2025-04-23T20:07:58.705+0000] {dag.py:3239} INFO - Sync 1 DAGs
[2025-04-23T20:07:58.719+0000] {logging_mixin.py:190} INFO - [2025-04-23T20:07:58.719+0000] {dag.py:4180} INFO - Setting next_dagrun for bike_rental_pipeline_second to 2025-04-23 20:06:00+00:00, run_after=2025-04-23 20:07:00+00:00
[2025-04-23T20:07:58.729+0000] {processor.py:208} INFO - Processing /opt/airflow/dags/data_pipline_second.py took 0.477 seconds
[2025-04-23T20:08:29.429+0000] {processor.py:186} INFO - Started process (PID=621) to work on /opt/airflow/dags/data_pipline_second.py
[2025-04-23T20:08:29.430+0000] {processor.py:914} INFO - Processing file /opt/airflow/dags/data_pipline_second.py for tasks to queue
[2025-04-23T20:08:29.432+0000] {logging_mixin.py:190} INFO - [2025-04-23T20:08:29.432+0000] {dagbag.py:588} INFO - Filling up the DagBag from /opt/airflow/dags/data_pipline_second.py
[2025-04-23T20:08:29.936+0000] {processor.py:925} INFO - DAG(s) 'bike_rental_pipeline_second' retrieved from /opt/airflow/dags/data_pipline_second.py
[2025-04-23T20:08:29.943+0000] {logging_mixin.py:190} INFO - [2025-04-23T20:08:29.943+0000] {dag.py:3239} INFO - Sync 1 DAGs
[2025-04-23T20:08:29.964+0000] {logging_mixin.py:190} INFO - [2025-04-23T20:08:29.964+0000] {dag.py:4180} INFO - Setting next_dagrun for bike_rental_pipeline_second to 2025-04-23 20:07:00+00:00, run_after=2025-04-23 20:08:00+00:00
[2025-04-23T20:08:29.976+0000] {processor.py:208} INFO - Processing /opt/airflow/dags/data_pipline_second.py took 0.552 seconds
[2025-04-23T20:09:00.558+0000] {processor.py:186} INFO - Started process (PID=677) to work on /opt/airflow/dags/data_pipline_second.py
[2025-04-23T20:09:00.559+0000] {processor.py:914} INFO - Processing file /opt/airflow/dags/data_pipline_second.py for tasks to queue
[2025-04-23T20:09:00.561+0000] {logging_mixin.py:190} INFO - [2025-04-23T20:09:00.561+0000] {dagbag.py:588} INFO - Filling up the DagBag from /opt/airflow/dags/data_pipline_second.py
[2025-04-23T20:09:00.879+0000] {processor.py:925} INFO - DAG(s) 'bike_rental_pipeline_second' retrieved from /opt/airflow/dags/data_pipline_second.py
[2025-04-23T20:09:00.886+0000] {logging_mixin.py:190} INFO - [2025-04-23T20:09:00.886+0000] {dag.py:3239} INFO - Sync 1 DAGs
[2025-04-23T20:09:00.901+0000] {logging_mixin.py:190} INFO - [2025-04-23T20:09:00.900+0000] {dag.py:4180} INFO - Setting next_dagrun for bike_rental_pipeline_second to 2025-04-23 20:08:00+00:00, run_after=2025-04-23 20:09:00+00:00
[2025-04-23T20:09:00.914+0000] {processor.py:208} INFO - Processing /opt/airflow/dags/data_pipline_second.py took 0.360 seconds
[2025-04-23T20:09:31.822+0000] {processor.py:186} INFO - Started process (PID=732) to work on /opt/airflow/dags/data_pipline_second.py
[2025-04-23T20:09:31.825+0000] {processor.py:914} INFO - Processing file /opt/airflow/dags/data_pipline_second.py for tasks to queue
[2025-04-23T20:09:31.831+0000] {logging_mixin.py:190} INFO - [2025-04-23T20:09:31.830+0000] {dagbag.py:588} INFO - Filling up the DagBag from /opt/airflow/dags/data_pipline_second.py
[2025-04-23T20:09:32.539+0000] {processor.py:925} INFO - DAG(s) 'bike_rental_pipeline_second' retrieved from /opt/airflow/dags/data_pipline_second.py
[2025-04-23T20:09:32.546+0000] {logging_mixin.py:190} INFO - [2025-04-23T20:09:32.546+0000] {dag.py:3239} INFO - Sync 1 DAGs
[2025-04-23T20:09:32.569+0000] {logging_mixin.py:190} INFO - [2025-04-23T20:09:32.569+0000] {dag.py:4180} INFO - Setting next_dagrun for bike_rental_pipeline_second to 2025-04-23 20:08:00+00:00, run_after=2025-04-23 20:09:00+00:00
[2025-04-23T20:09:32.585+0000] {processor.py:208} INFO - Processing /opt/airflow/dags/data_pipline_second.py took 0.800 seconds
[2025-04-23T20:10:03.264+0000] {processor.py:186} INFO - Started process (PID=789) to work on /opt/airflow/dags/data_pipline_second.py
[2025-04-23T20:10:03.265+0000] {processor.py:914} INFO - Processing file /opt/airflow/dags/data_pipline_second.py for tasks to queue
[2025-04-23T20:10:03.266+0000] {logging_mixin.py:190} INFO - [2025-04-23T20:10:03.266+0000] {dagbag.py:588} INFO - Filling up the DagBag from /opt/airflow/dags/data_pipline_second.py
[2025-04-23T20:10:03.664+0000] {processor.py:925} INFO - DAG(s) 'bike_rental_pipeline_second' retrieved from /opt/airflow/dags/data_pipline_second.py
[2025-04-23T20:10:03.670+0000] {logging_mixin.py:190} INFO - [2025-04-23T20:10:03.669+0000] {dag.py:3239} INFO - Sync 1 DAGs
[2025-04-23T20:10:03.686+0000] {logging_mixin.py:190} INFO - [2025-04-23T20:10:03.685+0000] {dag.py:4180} INFO - Setting next_dagrun for bike_rental_pipeline_second to 2025-04-23 20:09:00+00:00, run_after=2025-04-23 20:10:00+00:00
[2025-04-23T20:10:03.696+0000] {processor.py:208} INFO - Processing /opt/airflow/dags/data_pipline_second.py took 0.437 seconds
[2025-04-23T20:10:34.315+0000] {processor.py:186} INFO - Started process (PID=845) to work on /opt/airflow/dags/data_pipline_second.py
[2025-04-23T20:10:34.316+0000] {processor.py:914} INFO - Processing file /opt/airflow/dags/data_pipline_second.py for tasks to queue
[2025-04-23T20:10:34.318+0000] {logging_mixin.py:190} INFO - [2025-04-23T20:10:34.318+0000] {dagbag.py:588} INFO - Filling up the DagBag from /opt/airflow/dags/data_pipline_second.py
[2025-04-23T20:10:34.657+0000] {processor.py:925} INFO - DAG(s) 'bike_rental_pipeline_second' retrieved from /opt/airflow/dags/data_pipline_second.py
[2025-04-23T20:10:34.661+0000] {logging_mixin.py:190} INFO - [2025-04-23T20:10:34.661+0000] {dag.py:3239} INFO - Sync 1 DAGs
[2025-04-23T20:10:34.675+0000] {logging_mixin.py:190} INFO - [2025-04-23T20:10:34.675+0000] {dag.py:4180} INFO - Setting next_dagrun for bike_rental_pipeline_second to 2025-04-23 20:09:00+00:00, run_after=2025-04-23 20:10:00+00:00
[2025-04-23T20:10:34.685+0000] {processor.py:208} INFO - Processing /opt/airflow/dags/data_pipline_second.py took 0.375 seconds
[2025-04-23T20:11:05.320+0000] {processor.py:186} INFO - Started process (PID=901) to work on /opt/airflow/dags/data_pipline_second.py
[2025-04-23T20:11:05.321+0000] {processor.py:914} INFO - Processing file /opt/airflow/dags/data_pipline_second.py for tasks to queue
[2025-04-23T20:11:05.323+0000] {logging_mixin.py:190} INFO - [2025-04-23T20:11:05.323+0000] {dagbag.py:588} INFO - Filling up the DagBag from /opt/airflow/dags/data_pipline_second.py
[2025-04-23T20:11:05.599+0000] {processor.py:925} INFO - DAG(s) 'bike_rental_pipeline_second' retrieved from /opt/airflow/dags/data_pipline_second.py
[2025-04-23T20:11:05.603+0000] {logging_mixin.py:190} INFO - [2025-04-23T20:11:05.603+0000] {dag.py:3239} INFO - Sync 1 DAGs
[2025-04-23T20:11:05.617+0000] {logging_mixin.py:190} INFO - [2025-04-23T20:11:05.617+0000] {dag.py:4180} INFO - Setting next_dagrun for bike_rental_pipeline_second to 2025-04-23 20:10:00+00:00, run_after=2025-04-23 20:11:00+00:00
[2025-04-23T20:11:05.629+0000] {processor.py:208} INFO - Processing /opt/airflow/dags/data_pipline_second.py took 0.311 seconds
[2025-04-23T20:11:36.244+0000] {processor.py:186} INFO - Started process (PID=957) to work on /opt/airflow/dags/data_pipline_second.py
[2025-04-23T20:11:36.245+0000] {processor.py:914} INFO - Processing file /opt/airflow/dags/data_pipline_second.py for tasks to queue
[2025-04-23T20:11:36.247+0000] {logging_mixin.py:190} INFO - [2025-04-23T20:11:36.246+0000] {dagbag.py:588} INFO - Filling up the DagBag from /opt/airflow/dags/data_pipline_second.py
[2025-04-23T20:11:36.503+0000] {processor.py:925} INFO - DAG(s) 'bike_rental_pipeline_second' retrieved from /opt/airflow/dags/data_pipline_second.py
[2025-04-23T20:11:36.508+0000] {logging_mixin.py:190} INFO - [2025-04-23T20:11:36.508+0000] {dag.py:3239} INFO - Sync 1 DAGs
[2025-04-23T20:11:36.520+0000] {logging_mixin.py:190} INFO - [2025-04-23T20:11:36.520+0000] {dag.py:4180} INFO - Setting next_dagrun for bike_rental_pipeline_second to 2025-04-23 20:10:00+00:00, run_after=2025-04-23 20:11:00+00:00
[2025-04-23T20:11:36.529+0000] {processor.py:208} INFO - Processing /opt/airflow/dags/data_pipline_second.py took 0.289 seconds
[2025-04-23T20:12:07.115+0000] {processor.py:186} INFO - Started process (PID=1013) to work on /opt/airflow/dags/data_pipline_second.py
[2025-04-23T20:12:07.115+0000] {processor.py:914} INFO - Processing file /opt/airflow/dags/data_pipline_second.py for tasks to queue
[2025-04-23T20:12:07.117+0000] {logging_mixin.py:190} INFO - [2025-04-23T20:12:07.117+0000] {dagbag.py:588} INFO - Filling up the DagBag from /opt/airflow/dags/data_pipline_second.py
[2025-04-23T20:12:07.385+0000] {processor.py:925} INFO - DAG(s) 'bike_rental_pipeline_second' retrieved from /opt/airflow/dags/data_pipline_second.py
[2025-04-23T20:12:07.389+0000] {logging_mixin.py:190} INFO - [2025-04-23T20:12:07.389+0000] {dag.py:3239} INFO - Sync 1 DAGs
[2025-04-23T20:12:07.402+0000] {logging_mixin.py:190} INFO - [2025-04-23T20:12:07.402+0000] {dag.py:4180} INFO - Setting next_dagrun for bike_rental_pipeline_second to 2025-04-23 20:11:00+00:00, run_after=2025-04-23 20:12:00+00:00
[2025-04-23T20:12:07.411+0000] {processor.py:208} INFO - Processing /opt/airflow/dags/data_pipline_second.py took 0.301 seconds
[2025-04-23T20:12:37.961+0000] {processor.py:186} INFO - Started process (PID=1069) to work on /opt/airflow/dags/data_pipline_second.py
[2025-04-23T20:12:37.962+0000] {processor.py:914} INFO - Processing file /opt/airflow/dags/data_pipline_second.py for tasks to queue
[2025-04-23T20:12:37.966+0000] {logging_mixin.py:190} INFO - [2025-04-23T20:12:37.966+0000] {dagbag.py:588} INFO - Filling up the DagBag from /opt/airflow/dags/data_pipline_second.py
[2025-04-23T20:12:38.237+0000] {processor.py:925} INFO - DAG(s) 'bike_rental_pipeline_second' retrieved from /opt/airflow/dags/data_pipline_second.py
[2025-04-23T20:12:38.243+0000] {logging_mixin.py:190} INFO - [2025-04-23T20:12:38.243+0000] {dag.py:3239} INFO - Sync 1 DAGs
[2025-04-23T20:12:38.253+0000] {logging_mixin.py:190} INFO - [2025-04-23T20:12:38.253+0000] {dag.py:4180} INFO - Setting next_dagrun for bike_rental_pipeline_second to 2025-04-23 20:11:00+00:00, run_after=2025-04-23 20:12:00+00:00
[2025-04-23T20:12:38.264+0000] {processor.py:208} INFO - Processing /opt/airflow/dags/data_pipline_second.py took 0.310 seconds
[2025-04-23T20:13:08.836+0000] {processor.py:186} INFO - Started process (PID=1125) to work on /opt/airflow/dags/data_pipline_second.py
[2025-04-23T20:13:08.837+0000] {processor.py:914} INFO - Processing file /opt/airflow/dags/data_pipline_second.py for tasks to queue
[2025-04-23T20:13:08.839+0000] {logging_mixin.py:190} INFO - [2025-04-23T20:13:08.838+0000] {dagbag.py:588} INFO - Filling up the DagBag from /opt/airflow/dags/data_pipline_second.py
[2025-04-23T20:13:09.104+0000] {processor.py:925} INFO - DAG(s) 'bike_rental_pipeline_second' retrieved from /opt/airflow/dags/data_pipline_second.py
[2025-04-23T20:13:09.108+0000] {logging_mixin.py:190} INFO - [2025-04-23T20:13:09.108+0000] {dag.py:3239} INFO - Sync 1 DAGs
[2025-04-23T20:13:09.118+0000] {logging_mixin.py:190} INFO - [2025-04-23T20:13:09.118+0000] {dag.py:4180} INFO - Setting next_dagrun for bike_rental_pipeline_second to 2025-04-23 20:12:00+00:00, run_after=2025-04-23 20:13:00+00:00
[2025-04-23T20:13:09.126+0000] {processor.py:208} INFO - Processing /opt/airflow/dags/data_pipline_second.py took 0.293 seconds
[2025-04-23T20:13:39.725+0000] {processor.py:186} INFO - Started process (PID=1181) to work on /opt/airflow/dags/data_pipline_second.py
[2025-04-23T20:13:39.726+0000] {processor.py:914} INFO - Processing file /opt/airflow/dags/data_pipline_second.py for tasks to queue
[2025-04-23T20:13:39.728+0000] {logging_mixin.py:190} INFO - [2025-04-23T20:13:39.728+0000] {dagbag.py:588} INFO - Filling up the DagBag from /opt/airflow/dags/data_pipline_second.py
[2025-04-23T20:13:39.991+0000] {processor.py:925} INFO - DAG(s) 'bike_rental_pipeline_second' retrieved from /opt/airflow/dags/data_pipline_second.py
[2025-04-23T20:13:39.996+0000] {logging_mixin.py:190} INFO - [2025-04-23T20:13:39.996+0000] {dag.py:3239} INFO - Sync 1 DAGs
[2025-04-23T20:13:40.009+0000] {logging_mixin.py:190} INFO - [2025-04-23T20:13:40.009+0000] {dag.py:4180} INFO - Setting next_dagrun for bike_rental_pipeline_second to 2025-04-23 20:12:00+00:00, run_after=2025-04-23 20:13:00+00:00
[2025-04-23T20:13:40.018+0000] {processor.py:208} INFO - Processing /opt/airflow/dags/data_pipline_second.py took 0.297 seconds
[2025-04-23T20:14:10.627+0000] {processor.py:186} INFO - Started process (PID=1237) to work on /opt/airflow/dags/data_pipline_second.py
[2025-04-23T20:14:10.629+0000] {processor.py:914} INFO - Processing file /opt/airflow/dags/data_pipline_second.py for tasks to queue
[2025-04-23T20:14:10.630+0000] {logging_mixin.py:190} INFO - [2025-04-23T20:14:10.630+0000] {dagbag.py:588} INFO - Filling up the DagBag from /opt/airflow/dags/data_pipline_second.py
[2025-04-23T20:14:10.948+0000] {processor.py:925} INFO - DAG(s) 'bike_rental_pipeline_second' retrieved from /opt/airflow/dags/data_pipline_second.py
[2025-04-23T20:14:10.953+0000] {logging_mixin.py:190} INFO - [2025-04-23T20:14:10.952+0000] {dag.py:3239} INFO - Sync 1 DAGs
[2025-04-23T20:14:10.966+0000] {logging_mixin.py:190} INFO - [2025-04-23T20:14:10.966+0000] {dag.py:4180} INFO - Setting next_dagrun for bike_rental_pipeline_second to 2025-04-23 20:13:00+00:00, run_after=2025-04-23 20:14:00+00:00
[2025-04-23T20:14:10.979+0000] {processor.py:208} INFO - Processing /opt/airflow/dags/data_pipline_second.py took 0.356 seconds
[2025-04-23T20:14:41.582+0000] {processor.py:186} INFO - Started process (PID=1293) to work on /opt/airflow/dags/data_pipline_second.py
[2025-04-23T20:14:41.584+0000] {processor.py:914} INFO - Processing file /opt/airflow/dags/data_pipline_second.py for tasks to queue
[2025-04-23T20:14:41.586+0000] {logging_mixin.py:190} INFO - [2025-04-23T20:14:41.586+0000] {dagbag.py:588} INFO - Filling up the DagBag from /opt/airflow/dags/data_pipline_second.py
[2025-04-23T20:14:41.857+0000] {processor.py:925} INFO - DAG(s) 'bike_rental_pipeline_second' retrieved from /opt/airflow/dags/data_pipline_second.py
[2025-04-23T20:14:41.862+0000] {logging_mixin.py:190} INFO - [2025-04-23T20:14:41.862+0000] {dag.py:3239} INFO - Sync 1 DAGs
[2025-04-23T20:14:41.872+0000] {logging_mixin.py:190} INFO - [2025-04-23T20:14:41.872+0000] {dag.py:4180} INFO - Setting next_dagrun for bike_rental_pipeline_second to 2025-04-23 20:13:00+00:00, run_after=2025-04-23 20:14:00+00:00
[2025-04-23T20:14:41.882+0000] {processor.py:208} INFO - Processing /opt/airflow/dags/data_pipline_second.py took 0.304 seconds
[2025-04-23T20:15:12.524+0000] {processor.py:186} INFO - Started process (PID=1349) to work on /opt/airflow/dags/data_pipline_second.py
[2025-04-23T20:15:12.524+0000] {processor.py:914} INFO - Processing file /opt/airflow/dags/data_pipline_second.py for tasks to queue
[2025-04-23T20:15:12.528+0000] {logging_mixin.py:190} INFO - [2025-04-23T20:15:12.528+0000] {dagbag.py:588} INFO - Filling up the DagBag from /opt/airflow/dags/data_pipline_second.py
[2025-04-23T20:15:12.787+0000] {processor.py:925} INFO - DAG(s) 'bike_rental_pipeline_second' retrieved from /opt/airflow/dags/data_pipline_second.py
[2025-04-23T20:15:12.792+0000] {logging_mixin.py:190} INFO - [2025-04-23T20:15:12.792+0000] {dag.py:3239} INFO - Sync 1 DAGs
[2025-04-23T20:15:12.807+0000] {logging_mixin.py:190} INFO - [2025-04-23T20:15:12.807+0000] {dag.py:4180} INFO - Setting next_dagrun for bike_rental_pipeline_second to 2025-04-23 20:14:00+00:00, run_after=2025-04-23 20:15:00+00:00
[2025-04-23T20:15:12.820+0000] {processor.py:208} INFO - Processing /opt/airflow/dags/data_pipline_second.py took 0.300 seconds
