[2025-04-23T20:04:52.891+0000] {processor.py:186} INFO - Started process (PID=239) to work on /opt/airflow/dags/fisrt_dag_1.py
[2025-04-23T20:04:52.894+0000] {processor.py:914} INFO - Processing file /opt/airflow/dags/fisrt_dag_1.py for tasks to queue
[2025-04-23T20:04:52.897+0000] {logging_mixin.py:190} INFO - [2025-04-23T20:04:52.897+0000] {dagbag.py:588} INFO - Filling up the DagBag from /opt/airflow/dags/fisrt_dag_1.py
[2025-04-23T20:04:52.904+0000] {processor.py:925} INFO - DAG(s) 'my_first_dag' retrieved from /opt/airflow/dags/fisrt_dag_1.py
[2025-04-23T20:04:52.918+0000] {logging_mixin.py:190} INFO - [2025-04-23T20:04:52.918+0000] {dag.py:3239} INFO - Sync 1 DAGs
[2025-04-23T20:04:52.939+0000] {processor.py:208} INFO - Processing /opt/airflow/dags/fisrt_dag_1.py took 0.055 seconds
[2025-04-23T20:05:23.919+0000] {processor.py:186} INFO - Started process (PID=294) to work on /opt/airflow/dags/fisrt_dag_1.py
[2025-04-23T20:05:23.920+0000] {processor.py:914} INFO - Processing file /opt/airflow/dags/fisrt_dag_1.py for tasks to queue
[2025-04-23T20:05:23.921+0000] {logging_mixin.py:190} INFO - [2025-04-23T20:05:23.921+0000] {dagbag.py:588} INFO - Filling up the DagBag from /opt/airflow/dags/fisrt_dag_1.py
[2025-04-23T20:05:23.930+0000] {processor.py:925} INFO - DAG(s) 'my_first_dag' retrieved from /opt/airflow/dags/fisrt_dag_1.py
[2025-04-23T20:05:23.944+0000] {logging_mixin.py:190} INFO - [2025-04-23T20:05:23.944+0000] {dag.py:3239} INFO - Sync 1 DAGs
[2025-04-23T20:05:23.963+0000] {processor.py:208} INFO - Processing /opt/airflow/dags/fisrt_dag_1.py took 0.049 seconds
[2025-04-23T20:05:54.758+0000] {processor.py:186} INFO - Started process (PID=356) to work on /opt/airflow/dags/fisrt_dag_1.py
[2025-04-23T20:05:54.759+0000] {processor.py:914} INFO - Processing file /opt/airflow/dags/fisrt_dag_1.py for tasks to queue
[2025-04-23T20:05:54.760+0000] {logging_mixin.py:190} INFO - [2025-04-23T20:05:54.760+0000] {dagbag.py:588} INFO - Filling up the DagBag from /opt/airflow/dags/fisrt_dag_1.py
[2025-04-23T20:05:54.766+0000] {processor.py:925} INFO - DAG(s) 'my_first_dag' retrieved from /opt/airflow/dags/fisrt_dag_1.py
[2025-04-23T20:05:54.779+0000] {logging_mixin.py:190} INFO - [2025-04-23T20:05:54.779+0000] {dag.py:3239} INFO - Sync 1 DAGs
[2025-04-23T20:05:54.796+0000] {processor.py:208} INFO - Processing /opt/airflow/dags/fisrt_dag_1.py took 0.041 seconds
[2025-04-23T20:06:25.732+0000] {processor.py:186} INFO - Started process (PID=412) to work on /opt/airflow/dags/fisrt_dag_1.py
[2025-04-23T20:06:25.737+0000] {processor.py:914} INFO - Processing file /opt/airflow/dags/fisrt_dag_1.py for tasks to queue
[2025-04-23T20:06:25.741+0000] {logging_mixin.py:190} INFO - [2025-04-23T20:06:25.741+0000] {dagbag.py:588} INFO - Filling up the DagBag from /opt/airflow/dags/fisrt_dag_1.py
[2025-04-23T20:06:25.752+0000] {processor.py:925} INFO - DAG(s) 'my_first_dag' retrieved from /opt/airflow/dags/fisrt_dag_1.py
[2025-04-23T20:06:25.764+0000] {logging_mixin.py:190} INFO - [2025-04-23T20:06:25.764+0000] {dag.py:3239} INFO - Sync 1 DAGs
[2025-04-23T20:06:25.781+0000] {processor.py:208} INFO - Processing /opt/airflow/dags/fisrt_dag_1.py took 0.053 seconds
[2025-04-23T20:06:56.733+0000] {processor.py:186} INFO - Started process (PID=468) to work on /opt/airflow/dags/fisrt_dag_1.py
[2025-04-23T20:06:56.737+0000] {processor.py:914} INFO - Processing file /opt/airflow/dags/fisrt_dag_1.py for tasks to queue
[2025-04-23T20:06:56.738+0000] {logging_mixin.py:190} INFO - [2025-04-23T20:06:56.738+0000] {dagbag.py:588} INFO - Filling up the DagBag from /opt/airflow/dags/fisrt_dag_1.py
[2025-04-23T20:06:56.754+0000] {processor.py:925} INFO - DAG(s) 'my_first_dag' retrieved from /opt/airflow/dags/fisrt_dag_1.py
[2025-04-23T20:06:56.770+0000] {logging_mixin.py:190} INFO - [2025-04-23T20:06:56.770+0000] {dag.py:3239} INFO - Sync 1 DAGs
[2025-04-23T20:06:56.794+0000] {processor.py:208} INFO - Processing /opt/airflow/dags/fisrt_dag_1.py took 0.065 seconds
[2025-04-23T20:07:27.734+0000] {processor.py:186} INFO - Started process (PID=524) to work on /opt/airflow/dags/fisrt_dag_1.py
[2025-04-23T20:07:27.736+0000] {processor.py:914} INFO - Processing file /opt/airflow/dags/fisrt_dag_1.py for tasks to queue
[2025-04-23T20:07:27.737+0000] {logging_mixin.py:190} INFO - [2025-04-23T20:07:27.737+0000] {dagbag.py:588} INFO - Filling up the DagBag from /opt/airflow/dags/fisrt_dag_1.py
[2025-04-23T20:07:27.749+0000] {processor.py:925} INFO - DAG(s) 'my_first_dag' retrieved from /opt/airflow/dags/fisrt_dag_1.py
[2025-04-23T20:07:27.762+0000] {logging_mixin.py:190} INFO - [2025-04-23T20:07:27.762+0000] {dag.py:3239} INFO - Sync 1 DAGs
[2025-04-23T20:07:27.781+0000] {processor.py:208} INFO - Processing /opt/airflow/dags/fisrt_dag_1.py took 0.049 seconds
[2025-04-23T20:07:58.859+0000] {processor.py:186} INFO - Started process (PID=580) to work on /opt/airflow/dags/fisrt_dag_1.py
[2025-04-23T20:07:58.860+0000] {processor.py:914} INFO - Processing file /opt/airflow/dags/fisrt_dag_1.py for tasks to queue
[2025-04-23T20:07:58.861+0000] {logging_mixin.py:190} INFO - [2025-04-23T20:07:58.861+0000] {dagbag.py:588} INFO - Filling up the DagBag from /opt/airflow/dags/fisrt_dag_1.py
[2025-04-23T20:07:58.869+0000] {processor.py:925} INFO - DAG(s) 'my_first_dag' retrieved from /opt/airflow/dags/fisrt_dag_1.py
[2025-04-23T20:07:58.882+0000] {logging_mixin.py:190} INFO - [2025-04-23T20:07:58.882+0000] {dag.py:3239} INFO - Sync 1 DAGs
[2025-04-23T20:07:58.902+0000] {processor.py:208} INFO - Processing /opt/airflow/dags/fisrt_dag_1.py took 0.047 seconds
[2025-04-23T20:08:30.090+0000] {processor.py:186} INFO - Started process (PID=636) to work on /opt/airflow/dags/fisrt_dag_1.py
[2025-04-23T20:08:30.090+0000] {processor.py:914} INFO - Processing file /opt/airflow/dags/fisrt_dag_1.py for tasks to queue
[2025-04-23T20:08:30.092+0000] {logging_mixin.py:190} INFO - [2025-04-23T20:08:30.091+0000] {dagbag.py:588} INFO - Filling up the DagBag from /opt/airflow/dags/fisrt_dag_1.py
[2025-04-23T20:08:30.102+0000] {processor.py:925} INFO - DAG(s) 'my_first_dag' retrieved from /opt/airflow/dags/fisrt_dag_1.py
[2025-04-23T20:08:30.119+0000] {logging_mixin.py:190} INFO - [2025-04-23T20:08:30.118+0000] {dag.py:3239} INFO - Sync 1 DAGs
[2025-04-23T20:08:30.139+0000] {processor.py:208} INFO - Processing /opt/airflow/dags/fisrt_dag_1.py took 0.054 seconds
[2025-04-23T20:09:01.021+0000] {processor.py:186} INFO - Started process (PID=692) to work on /opt/airflow/dags/fisrt_dag_1.py
[2025-04-23T20:09:01.022+0000] {processor.py:914} INFO - Processing file /opt/airflow/dags/fisrt_dag_1.py for tasks to queue
[2025-04-23T20:09:01.023+0000] {logging_mixin.py:190} INFO - [2025-04-23T20:09:01.023+0000] {dagbag.py:588} INFO - Filling up the DagBag from /opt/airflow/dags/fisrt_dag_1.py
[2025-04-23T20:09:01.031+0000] {processor.py:925} INFO - DAG(s) 'my_first_dag' retrieved from /opt/airflow/dags/fisrt_dag_1.py
[2025-04-23T20:09:01.046+0000] {logging_mixin.py:190} INFO - [2025-04-23T20:09:01.046+0000] {dag.py:3239} INFO - Sync 1 DAGs
[2025-04-23T20:09:01.067+0000] {processor.py:208} INFO - Processing /opt/airflow/dags/fisrt_dag_1.py took 0.050 seconds
[2025-04-23T20:09:32.736+0000] {processor.py:186} INFO - Started process (PID=748) to work on /opt/airflow/dags/fisrt_dag_1.py
[2025-04-23T20:09:32.737+0000] {processor.py:914} INFO - Processing file /opt/airflow/dags/fisrt_dag_1.py for tasks to queue
[2025-04-23T20:09:32.738+0000] {logging_mixin.py:190} INFO - [2025-04-23T20:09:32.738+0000] {dagbag.py:588} INFO - Filling up the DagBag from /opt/airflow/dags/fisrt_dag_1.py
[2025-04-23T20:09:32.746+0000] {processor.py:925} INFO - DAG(s) 'my_first_dag' retrieved from /opt/airflow/dags/fisrt_dag_1.py
[2025-04-23T20:09:32.762+0000] {logging_mixin.py:190} INFO - [2025-04-23T20:09:32.762+0000] {dag.py:3239} INFO - Sync 1 DAGs
[2025-04-23T20:09:32.786+0000] {processor.py:208} INFO - Processing /opt/airflow/dags/fisrt_dag_1.py took 0.053 seconds
[2025-04-23T20:10:03.794+0000] {processor.py:186} INFO - Started process (PID=806) to work on /opt/airflow/dags/fisrt_dag_1.py
[2025-04-23T20:10:03.795+0000] {processor.py:914} INFO - Processing file /opt/airflow/dags/fisrt_dag_1.py for tasks to queue
[2025-04-23T20:10:03.796+0000] {logging_mixin.py:190} INFO - [2025-04-23T20:10:03.796+0000] {dagbag.py:588} INFO - Filling up the DagBag from /opt/airflow/dags/fisrt_dag_1.py
[2025-04-23T20:10:03.803+0000] {processor.py:925} INFO - DAG(s) 'my_first_dag' retrieved from /opt/airflow/dags/fisrt_dag_1.py
[2025-04-23T20:10:03.816+0000] {logging_mixin.py:190} INFO - [2025-04-23T20:10:03.816+0000] {dag.py:3239} INFO - Sync 1 DAGs
[2025-04-23T20:10:03.835+0000] {processor.py:208} INFO - Processing /opt/airflow/dags/fisrt_dag_1.py took 0.045 seconds
[2025-04-23T20:10:34.810+0000] {processor.py:186} INFO - Started process (PID=860) to work on /opt/airflow/dags/fisrt_dag_1.py
[2025-04-23T20:10:34.810+0000] {processor.py:914} INFO - Processing file /opt/airflow/dags/fisrt_dag_1.py for tasks to queue
[2025-04-23T20:10:34.813+0000] {logging_mixin.py:190} INFO - [2025-04-23T20:10:34.812+0000] {dagbag.py:588} INFO - Filling up the DagBag from /opt/airflow/dags/fisrt_dag_1.py
[2025-04-23T20:10:34.823+0000] {processor.py:925} INFO - DAG(s) 'my_first_dag' retrieved from /opt/airflow/dags/fisrt_dag_1.py
[2025-04-23T20:10:34.836+0000] {logging_mixin.py:190} INFO - [2025-04-23T20:10:34.836+0000] {dag.py:3239} INFO - Sync 1 DAGs
[2025-04-23T20:10:34.855+0000] {processor.py:208} INFO - Processing /opt/airflow/dags/fisrt_dag_1.py took 0.049 seconds
[2025-04-23T20:11:05.728+0000] {processor.py:186} INFO - Started process (PID=916) to work on /opt/airflow/dags/fisrt_dag_1.py
[2025-04-23T20:11:05.728+0000] {processor.py:914} INFO - Processing file /opt/airflow/dags/fisrt_dag_1.py for tasks to queue
[2025-04-23T20:11:05.730+0000] {logging_mixin.py:190} INFO - [2025-04-23T20:11:05.730+0000] {dagbag.py:588} INFO - Filling up the DagBag from /opt/airflow/dags/fisrt_dag_1.py
[2025-04-23T20:11:05.736+0000] {processor.py:925} INFO - DAG(s) 'my_first_dag' retrieved from /opt/airflow/dags/fisrt_dag_1.py
[2025-04-23T20:11:05.749+0000] {logging_mixin.py:190} INFO - [2025-04-23T20:11:05.749+0000] {dag.py:3239} INFO - Sync 1 DAGs
[2025-04-23T20:11:05.766+0000] {processor.py:208} INFO - Processing /opt/airflow/dags/fisrt_dag_1.py took 0.042 seconds
[2025-04-23T20:11:36.619+0000] {processor.py:186} INFO - Started process (PID=974) to work on /opt/airflow/dags/fisrt_dag_1.py
[2025-04-23T20:11:36.619+0000] {processor.py:914} INFO - Processing file /opt/airflow/dags/fisrt_dag_1.py for tasks to queue
[2025-04-23T20:11:36.620+0000] {logging_mixin.py:190} INFO - [2025-04-23T20:11:36.620+0000] {dagbag.py:588} INFO - Filling up the DagBag from /opt/airflow/dags/fisrt_dag_1.py
[2025-04-23T20:11:36.626+0000] {processor.py:925} INFO - DAG(s) 'my_first_dag' retrieved from /opt/airflow/dags/fisrt_dag_1.py
[2025-04-23T20:11:36.639+0000] {logging_mixin.py:190} INFO - [2025-04-23T20:11:36.639+0000] {dag.py:3239} INFO - Sync 1 DAGs
[2025-04-23T20:11:36.656+0000] {processor.py:208} INFO - Processing /opt/airflow/dags/fisrt_dag_1.py took 0.040 seconds
[2025-04-23T20:12:07.491+0000] {processor.py:186} INFO - Started process (PID=1028) to work on /opt/airflow/dags/fisrt_dag_1.py
[2025-04-23T20:12:07.491+0000] {processor.py:914} INFO - Processing file /opt/airflow/dags/fisrt_dag_1.py for tasks to queue
[2025-04-23T20:12:07.492+0000] {logging_mixin.py:190} INFO - [2025-04-23T20:12:07.492+0000] {dagbag.py:588} INFO - Filling up the DagBag from /opt/airflow/dags/fisrt_dag_1.py
[2025-04-23T20:12:07.499+0000] {processor.py:925} INFO - DAG(s) 'my_first_dag' retrieved from /opt/airflow/dags/fisrt_dag_1.py
[2025-04-23T20:12:07.512+0000] {logging_mixin.py:190} INFO - [2025-04-23T20:12:07.512+0000] {dag.py:3239} INFO - Sync 1 DAGs
[2025-04-23T20:12:07.528+0000] {processor.py:208} INFO - Processing /opt/airflow/dags/fisrt_dag_1.py took 0.041 seconds
[2025-04-23T20:12:38.345+0000] {processor.py:186} INFO - Started process (PID=1084) to work on /opt/airflow/dags/fisrt_dag_1.py
[2025-04-23T20:12:38.345+0000] {processor.py:914} INFO - Processing file /opt/airflow/dags/fisrt_dag_1.py for tasks to queue
[2025-04-23T20:12:38.347+0000] {logging_mixin.py:190} INFO - [2025-04-23T20:12:38.347+0000] {dagbag.py:588} INFO - Filling up the DagBag from /opt/airflow/dags/fisrt_dag_1.py
[2025-04-23T20:12:38.355+0000] {processor.py:925} INFO - DAG(s) 'my_first_dag' retrieved from /opt/airflow/dags/fisrt_dag_1.py
[2025-04-23T20:12:38.368+0000] {logging_mixin.py:190} INFO - [2025-04-23T20:12:38.368+0000] {dag.py:3239} INFO - Sync 1 DAGs
[2025-04-23T20:12:38.385+0000] {processor.py:208} INFO - Processing /opt/airflow/dags/fisrt_dag_1.py took 0.043 seconds
[2025-04-23T20:13:09.211+0000] {processor.py:186} INFO - Started process (PID=1140) to work on /opt/airflow/dags/fisrt_dag_1.py
[2025-04-23T20:13:09.211+0000] {processor.py:914} INFO - Processing file /opt/airflow/dags/fisrt_dag_1.py for tasks to queue
[2025-04-23T20:13:09.213+0000] {logging_mixin.py:190} INFO - [2025-04-23T20:13:09.212+0000] {dagbag.py:588} INFO - Filling up the DagBag from /opt/airflow/dags/fisrt_dag_1.py
[2025-04-23T20:13:09.221+0000] {processor.py:925} INFO - DAG(s) 'my_first_dag' retrieved from /opt/airflow/dags/fisrt_dag_1.py
[2025-04-23T20:13:09.236+0000] {logging_mixin.py:190} INFO - [2025-04-23T20:13:09.236+0000] {dag.py:3239} INFO - Sync 1 DAGs
[2025-04-23T20:13:09.253+0000] {processor.py:208} INFO - Processing /opt/airflow/dags/fisrt_dag_1.py took 0.045 seconds
[2025-04-23T20:13:40.102+0000] {processor.py:186} INFO - Started process (PID=1196) to work on /opt/airflow/dags/fisrt_dag_1.py
[2025-04-23T20:13:40.103+0000] {processor.py:914} INFO - Processing file /opt/airflow/dags/fisrt_dag_1.py for tasks to queue
[2025-04-23T20:13:40.105+0000] {logging_mixin.py:190} INFO - [2025-04-23T20:13:40.105+0000] {dagbag.py:588} INFO - Filling up the DagBag from /opt/airflow/dags/fisrt_dag_1.py
[2025-04-23T20:13:40.111+0000] {processor.py:925} INFO - DAG(s) 'my_first_dag' retrieved from /opt/airflow/dags/fisrt_dag_1.py
[2025-04-23T20:13:40.136+0000] {logging_mixin.py:190} INFO - [2025-04-23T20:13:40.136+0000] {dag.py:3239} INFO - Sync 1 DAGs
[2025-04-23T20:13:40.154+0000] {processor.py:208} INFO - Processing /opt/airflow/dags/fisrt_dag_1.py took 0.055 seconds
[2025-04-23T20:14:11.067+0000] {processor.py:186} INFO - Started process (PID=1252) to work on /opt/airflow/dags/fisrt_dag_1.py
[2025-04-23T20:14:11.067+0000] {processor.py:914} INFO - Processing file /opt/airflow/dags/fisrt_dag_1.py for tasks to queue
[2025-04-23T20:14:11.070+0000] {logging_mixin.py:190} INFO - [2025-04-23T20:14:11.070+0000] {dagbag.py:588} INFO - Filling up the DagBag from /opt/airflow/dags/fisrt_dag_1.py
[2025-04-23T20:14:11.082+0000] {processor.py:925} INFO - DAG(s) 'my_first_dag' retrieved from /opt/airflow/dags/fisrt_dag_1.py
[2025-04-23T20:14:11.096+0000] {logging_mixin.py:190} INFO - [2025-04-23T20:14:11.096+0000] {dag.py:3239} INFO - Sync 1 DAGs
[2025-04-23T20:14:11.114+0000] {processor.py:208} INFO - Processing /opt/airflow/dags/fisrt_dag_1.py took 0.051 seconds
[2025-04-23T20:14:41.978+0000] {processor.py:186} INFO - Started process (PID=1308) to work on /opt/airflow/dags/fisrt_dag_1.py
[2025-04-23T20:14:41.979+0000] {processor.py:914} INFO - Processing file /opt/airflow/dags/fisrt_dag_1.py for tasks to queue
[2025-04-23T20:14:41.980+0000] {logging_mixin.py:190} INFO - [2025-04-23T20:14:41.980+0000] {dagbag.py:588} INFO - Filling up the DagBag from /opt/airflow/dags/fisrt_dag_1.py
[2025-04-23T20:14:41.987+0000] {processor.py:925} INFO - DAG(s) 'my_first_dag' retrieved from /opt/airflow/dags/fisrt_dag_1.py
[2025-04-23T20:14:41.999+0000] {logging_mixin.py:190} INFO - [2025-04-23T20:14:41.999+0000] {dag.py:3239} INFO - Sync 1 DAGs
[2025-04-23T20:14:42.019+0000] {processor.py:208} INFO - Processing /opt/airflow/dags/fisrt_dag_1.py took 0.044 seconds
[2025-04-23T20:15:12.899+0000] {processor.py:186} INFO - Started process (PID=1364) to work on /opt/airflow/dags/fisrt_dag_1.py
[2025-04-23T20:15:12.900+0000] {processor.py:914} INFO - Processing file /opt/airflow/dags/fisrt_dag_1.py for tasks to queue
[2025-04-23T20:15:12.903+0000] {logging_mixin.py:190} INFO - [2025-04-23T20:15:12.901+0000] {dagbag.py:588} INFO - Filling up the DagBag from /opt/airflow/dags/fisrt_dag_1.py
[2025-04-23T20:15:12.910+0000] {processor.py:925} INFO - DAG(s) 'my_first_dag' retrieved from /opt/airflow/dags/fisrt_dag_1.py
[2025-04-23T20:15:12.930+0000] {logging_mixin.py:190} INFO - [2025-04-23T20:15:12.930+0000] {dag.py:3239} INFO - Sync 1 DAGs
[2025-04-23T20:15:12.951+0000] {processor.py:208} INFO - Processing /opt/airflow/dags/fisrt_dag_1.py took 0.055 seconds
