[2025-04-23T20:04:50.829+0000] {processor.py:186} INFO - Started process (PID=196) to work on /opt/airflow/dags/mart.py
[2025-04-23T20:04:50.831+0000] {processor.py:914} INFO - Processing file /opt/airflow/dags/mart.py for tasks to queue
[2025-04-23T20:04:50.833+0000] {logging_mixin.py:190} INFO - [2025-04-23T20:04:50.833+0000] {dagbag.py:588} INFO - Filling up the DagBag from /opt/airflow/dags/mart.py
[2025-04-23T20:04:50.855+0000] {processor.py:925} INFO - DAG(s) 'build_data_mart_python' retrieved from /opt/airflow/dags/mart.py
[2025-04-23T20:04:51.068+0000] {logging_mixin.py:190} INFO - [2025-04-23T20:04:51.068+0000] {dag.py:3239} INFO - Sync 1 DAGs
[2025-04-23T20:04:51.083+0000] {logging_mixin.py:190} INFO - [2025-04-23T20:04:51.083+0000] {dag.py:4180} INFO - Setting next_dagrun for build_data_mart_python to 2025-04-01 00:00:00+00:00, run_after=2025-05-01 00:00:00+00:00
[2025-04-23T20:04:51.102+0000] {processor.py:208} INFO - Processing /opt/airflow/dags/mart.py took 0.277 seconds
[2025-04-23T20:05:21.152+0000] {processor.py:186} INFO - Started process (PID=251) to work on /opt/airflow/dags/mart.py
[2025-04-23T20:05:21.153+0000] {processor.py:914} INFO - Processing file /opt/airflow/dags/mart.py for tasks to queue
[2025-04-23T20:05:21.157+0000] {logging_mixin.py:190} INFO - [2025-04-23T20:05:21.157+0000] {dagbag.py:588} INFO - Filling up the DagBag from /opt/airflow/dags/mart.py
[2025-04-23T20:05:21.174+0000] {processor.py:925} INFO - DAG(s) 'build_data_mart_python' retrieved from /opt/airflow/dags/mart.py
[2025-04-23T20:05:21.204+0000] {logging_mixin.py:190} INFO - [2025-04-23T20:05:21.204+0000] {dag.py:3239} INFO - Sync 1 DAGs
[2025-04-23T20:05:21.224+0000] {logging_mixin.py:190} INFO - [2025-04-23T20:05:21.224+0000] {dag.py:4180} INFO - Setting next_dagrun for build_data_mart_python to 2025-04-01 00:00:00+00:00, run_after=2025-05-01 00:00:00+00:00
[2025-04-23T20:05:21.244+0000] {processor.py:208} INFO - Processing /opt/airflow/dags/mart.py took 0.101 seconds
[2025-04-23T20:05:52.193+0000] {processor.py:186} INFO - Started process (PID=307) to work on /opt/airflow/dags/mart.py
[2025-04-23T20:05:52.193+0000] {processor.py:914} INFO - Processing file /opt/airflow/dags/mart.py for tasks to queue
[2025-04-23T20:05:52.195+0000] {logging_mixin.py:190} INFO - [2025-04-23T20:05:52.194+0000] {dagbag.py:588} INFO - Filling up the DagBag from /opt/airflow/dags/mart.py
[2025-04-23T20:05:52.205+0000] {processor.py:925} INFO - DAG(s) 'build_data_mart_python' retrieved from /opt/airflow/dags/mart.py
[2025-04-23T20:05:52.225+0000] {logging_mixin.py:190} INFO - [2025-04-23T20:05:52.225+0000] {dag.py:3239} INFO - Sync 1 DAGs
[2025-04-23T20:05:52.239+0000] {logging_mixin.py:190} INFO - [2025-04-23T20:05:52.239+0000] {dag.py:4180} INFO - Setting next_dagrun for build_data_mart_python to 2025-04-01 00:00:00+00:00, run_after=2025-05-01 00:00:00+00:00
[2025-04-23T20:05:52.251+0000] {processor.py:208} INFO - Processing /opt/airflow/dags/mart.py took 0.062 seconds
[2025-04-23T20:06:23.069+0000] {processor.py:186} INFO - Started process (PID=363) to work on /opt/airflow/dags/mart.py
[2025-04-23T20:06:23.070+0000] {processor.py:914} INFO - Processing file /opt/airflow/dags/mart.py for tasks to queue
[2025-04-23T20:06:23.074+0000] {logging_mixin.py:190} INFO - [2025-04-23T20:06:23.073+0000] {dagbag.py:588} INFO - Filling up the DagBag from /opt/airflow/dags/mart.py
[2025-04-23T20:06:23.095+0000] {processor.py:925} INFO - DAG(s) 'build_data_mart_python' retrieved from /opt/airflow/dags/mart.py
[2025-04-23T20:06:23.121+0000] {logging_mixin.py:190} INFO - [2025-04-23T20:06:23.120+0000] {dag.py:3239} INFO - Sync 1 DAGs
[2025-04-23T20:06:23.140+0000] {logging_mixin.py:190} INFO - [2025-04-23T20:06:23.140+0000] {dag.py:4180} INFO - Setting next_dagrun for build_data_mart_python to 2025-04-01 00:00:00+00:00, run_after=2025-05-01 00:00:00+00:00
[2025-04-23T20:06:23.151+0000] {processor.py:208} INFO - Processing /opt/airflow/dags/mart.py took 0.101 seconds
[2025-04-23T20:06:54.039+0000] {processor.py:186} INFO - Started process (PID=419) to work on /opt/airflow/dags/mart.py
[2025-04-23T20:06:54.040+0000] {processor.py:914} INFO - Processing file /opt/airflow/dags/mart.py for tasks to queue
[2025-04-23T20:06:54.042+0000] {logging_mixin.py:190} INFO - [2025-04-23T20:06:54.042+0000] {dagbag.py:588} INFO - Filling up the DagBag from /opt/airflow/dags/mart.py
[2025-04-23T20:06:54.054+0000] {processor.py:925} INFO - DAG(s) 'build_data_mart_python' retrieved from /opt/airflow/dags/mart.py
[2025-04-23T20:06:54.076+0000] {logging_mixin.py:190} INFO - [2025-04-23T20:06:54.076+0000] {dag.py:3239} INFO - Sync 1 DAGs
[2025-04-23T20:06:54.093+0000] {logging_mixin.py:190} INFO - [2025-04-23T20:06:54.093+0000] {dag.py:4180} INFO - Setting next_dagrun for build_data_mart_python to 2025-04-01 00:00:00+00:00, run_after=2025-05-01 00:00:00+00:00
[2025-04-23T20:06:54.113+0000] {processor.py:208} INFO - Processing /opt/airflow/dags/mart.py took 0.078 seconds
[2025-04-23T20:07:25.081+0000] {processor.py:186} INFO - Started process (PID=481) to work on /opt/airflow/dags/mart.py
[2025-04-23T20:07:25.081+0000] {processor.py:914} INFO - Processing file /opt/airflow/dags/mart.py for tasks to queue
[2025-04-23T20:07:25.083+0000] {logging_mixin.py:190} INFO - [2025-04-23T20:07:25.083+0000] {dagbag.py:588} INFO - Filling up the DagBag from /opt/airflow/dags/mart.py
[2025-04-23T20:07:25.091+0000] {processor.py:925} INFO - DAG(s) 'build_data_mart_python' retrieved from /opt/airflow/dags/mart.py
[2025-04-23T20:07:25.107+0000] {logging_mixin.py:190} INFO - [2025-04-23T20:07:25.107+0000] {dag.py:3239} INFO - Sync 1 DAGs
[2025-04-23T20:07:25.121+0000] {logging_mixin.py:190} INFO - [2025-04-23T20:07:25.121+0000] {dag.py:4180} INFO - Setting next_dagrun for build_data_mart_python to 2025-04-01 00:00:00+00:00, run_after=2025-05-01 00:00:00+00:00
[2025-04-23T20:07:25.132+0000] {processor.py:208} INFO - Processing /opt/airflow/dags/mart.py took 0.055 seconds
[2025-04-23T20:07:56.073+0000] {processor.py:186} INFO - Started process (PID=537) to work on /opt/airflow/dags/mart.py
[2025-04-23T20:07:56.075+0000] {processor.py:914} INFO - Processing file /opt/airflow/dags/mart.py for tasks to queue
[2025-04-23T20:07:56.078+0000] {logging_mixin.py:190} INFO - [2025-04-23T20:07:56.078+0000] {dagbag.py:588} INFO - Filling up the DagBag from /opt/airflow/dags/mart.py
[2025-04-23T20:07:56.104+0000] {processor.py:925} INFO - DAG(s) 'build_data_mart_python' retrieved from /opt/airflow/dags/mart.py
[2025-04-23T20:07:56.135+0000] {logging_mixin.py:190} INFO - [2025-04-23T20:07:56.135+0000] {dag.py:3239} INFO - Sync 1 DAGs
[2025-04-23T20:07:56.160+0000] {logging_mixin.py:190} INFO - [2025-04-23T20:07:56.160+0000] {dag.py:4180} INFO - Setting next_dagrun for build_data_mart_python to 2025-04-01 00:00:00+00:00, run_after=2025-05-01 00:00:00+00:00
[2025-04-23T20:07:56.173+0000] {processor.py:208} INFO - Processing /opt/airflow/dags/mart.py took 0.110 seconds
[2025-04-23T20:08:27.177+0000] {processor.py:186} INFO - Started process (PID=593) to work on /opt/airflow/dags/mart.py
[2025-04-23T20:08:27.178+0000] {processor.py:914} INFO - Processing file /opt/airflow/dags/mart.py for tasks to queue
[2025-04-23T20:08:27.183+0000] {logging_mixin.py:190} INFO - [2025-04-23T20:08:27.182+0000] {dagbag.py:588} INFO - Filling up the DagBag from /opt/airflow/dags/mart.py
[2025-04-23T20:08:27.206+0000] {processor.py:925} INFO - DAG(s) 'build_data_mart_python' retrieved from /opt/airflow/dags/mart.py
[2025-04-23T20:08:27.256+0000] {logging_mixin.py:190} INFO - [2025-04-23T20:08:27.256+0000] {dag.py:3239} INFO - Sync 1 DAGs
[2025-04-23T20:08:27.281+0000] {logging_mixin.py:190} INFO - [2025-04-23T20:08:27.281+0000] {dag.py:4180} INFO - Setting next_dagrun for build_data_mart_python to 2025-04-01 00:00:00+00:00, run_after=2025-05-01 00:00:00+00:00
[2025-04-23T20:08:27.304+0000] {processor.py:208} INFO - Processing /opt/airflow/dags/mart.py took 0.136 seconds
[2025-04-23T20:08:57.385+0000] {processor.py:186} INFO - Started process (PID=649) to work on /opt/airflow/dags/mart.py
[2025-04-23T20:08:57.387+0000] {processor.py:914} INFO - Processing file /opt/airflow/dags/mart.py for tasks to queue
[2025-04-23T20:08:57.390+0000] {logging_mixin.py:190} INFO - [2025-04-23T20:08:57.390+0000] {dagbag.py:588} INFO - Filling up the DagBag from /opt/airflow/dags/mart.py
[2025-04-23T20:08:57.406+0000] {processor.py:925} INFO - DAG(s) 'build_data_mart_python' retrieved from /opt/airflow/dags/mart.py
[2025-04-23T20:08:57.432+0000] {logging_mixin.py:190} INFO - [2025-04-23T20:08:57.431+0000] {dag.py:3239} INFO - Sync 1 DAGs
[2025-04-23T20:08:57.452+0000] {logging_mixin.py:190} INFO - [2025-04-23T20:08:57.452+0000] {dag.py:4180} INFO - Setting next_dagrun for build_data_mart_python to 2025-04-01 00:00:00+00:00, run_after=2025-05-01 00:00:00+00:00
[2025-04-23T20:08:57.466+0000] {processor.py:208} INFO - Processing /opt/airflow/dags/mart.py took 0.089 seconds
[2025-04-23T20:09:28.455+0000] {processor.py:186} INFO - Started process (PID=705) to work on /opt/airflow/dags/mart.py
[2025-04-23T20:09:28.460+0000] {processor.py:914} INFO - Processing file /opt/airflow/dags/mart.py for tasks to queue
[2025-04-23T20:09:28.470+0000] {logging_mixin.py:190} INFO - [2025-04-23T20:09:28.469+0000] {dagbag.py:588} INFO - Filling up the DagBag from /opt/airflow/dags/mart.py
[2025-04-23T20:09:28.512+0000] {processor.py:925} INFO - DAG(s) 'build_data_mart_python' retrieved from /opt/airflow/dags/mart.py
[2025-04-23T20:09:28.593+0000] {logging_mixin.py:190} INFO - [2025-04-23T20:09:28.593+0000] {dag.py:3239} INFO - Sync 1 DAGs
[2025-04-23T20:09:28.632+0000] {logging_mixin.py:190} INFO - [2025-04-23T20:09:28.632+0000] {dag.py:4180} INFO - Setting next_dagrun for build_data_mart_python to 2025-04-01 00:00:00+00:00, run_after=2025-05-01 00:00:00+00:00
[2025-04-23T20:09:28.660+0000] {processor.py:208} INFO - Processing /opt/airflow/dags/mart.py took 0.221 seconds
[2025-04-23T20:09:59.072+0000] {processor.py:186} INFO - Started process (PID=761) to work on /opt/airflow/dags/mart.py
[2025-04-23T20:09:59.076+0000] {processor.py:914} INFO - Processing file /opt/airflow/dags/mart.py for tasks to queue
[2025-04-23T20:09:59.080+0000] {logging_mixin.py:190} INFO - [2025-04-23T20:09:59.079+0000] {dagbag.py:588} INFO - Filling up the DagBag from /opt/airflow/dags/mart.py
[2025-04-23T20:09:59.101+0000] {processor.py:925} INFO - DAG(s) 'build_data_mart_python' retrieved from /opt/airflow/dags/mart.py
[2025-04-23T20:09:59.132+0000] {logging_mixin.py:190} INFO - [2025-04-23T20:09:59.132+0000] {dag.py:3239} INFO - Sync 1 DAGs
[2025-04-23T20:09:59.150+0000] {logging_mixin.py:190} INFO - [2025-04-23T20:09:59.150+0000] {dag.py:4180} INFO - Setting next_dagrun for build_data_mart_python to 2025-04-01 00:00:00+00:00, run_after=2025-05-01 00:00:00+00:00
[2025-04-23T20:09:59.164+0000] {processor.py:208} INFO - Processing /opt/airflow/dags/mart.py took 0.102 seconds
[2025-04-23T20:10:30.081+0000] {processor.py:186} INFO - Started process (PID=817) to work on /opt/airflow/dags/mart.py
[2025-04-23T20:10:30.083+0000] {processor.py:914} INFO - Processing file /opt/airflow/dags/mart.py for tasks to queue
[2025-04-23T20:10:30.087+0000] {logging_mixin.py:190} INFO - [2025-04-23T20:10:30.086+0000] {dagbag.py:588} INFO - Filling up the DagBag from /opt/airflow/dags/mart.py
[2025-04-23T20:10:30.105+0000] {processor.py:925} INFO - DAG(s) 'build_data_mart_python' retrieved from /opt/airflow/dags/mart.py
[2025-04-23T20:10:30.135+0000] {logging_mixin.py:190} INFO - [2025-04-23T20:10:30.134+0000] {dag.py:3239} INFO - Sync 1 DAGs
[2025-04-23T20:10:30.154+0000] {logging_mixin.py:190} INFO - [2025-04-23T20:10:30.154+0000] {dag.py:4180} INFO - Setting next_dagrun for build_data_mart_python to 2025-04-01 00:00:00+00:00, run_after=2025-05-01 00:00:00+00:00
[2025-04-23T20:10:30.171+0000] {processor.py:208} INFO - Processing /opt/airflow/dags/mart.py took 0.101 seconds
[2025-04-23T20:11:01.158+0000] {processor.py:186} INFO - Started process (PID=873) to work on /opt/airflow/dags/mart.py
[2025-04-23T20:11:01.159+0000] {processor.py:914} INFO - Processing file /opt/airflow/dags/mart.py for tasks to queue
[2025-04-23T20:11:01.161+0000] {logging_mixin.py:190} INFO - [2025-04-23T20:11:01.161+0000] {dagbag.py:588} INFO - Filling up the DagBag from /opt/airflow/dags/mart.py
[2025-04-23T20:11:01.174+0000] {processor.py:925} INFO - DAG(s) 'build_data_mart_python' retrieved from /opt/airflow/dags/mart.py
[2025-04-23T20:11:01.192+0000] {logging_mixin.py:190} INFO - [2025-04-23T20:11:01.192+0000] {dag.py:3239} INFO - Sync 1 DAGs
[2025-04-23T20:11:01.206+0000] {logging_mixin.py:190} INFO - [2025-04-23T20:11:01.206+0000] {dag.py:4180} INFO - Setting next_dagrun for build_data_mart_python to 2025-04-01 00:00:00+00:00, run_after=2025-05-01 00:00:00+00:00
[2025-04-23T20:11:01.217+0000] {processor.py:208} INFO - Processing /opt/airflow/dags/mart.py took 0.064 seconds
[2025-04-23T20:11:32.052+0000] {processor.py:186} INFO - Started process (PID=929) to work on /opt/airflow/dags/mart.py
[2025-04-23T20:11:32.053+0000] {processor.py:914} INFO - Processing file /opt/airflow/dags/mart.py for tasks to queue
[2025-04-23T20:11:32.055+0000] {logging_mixin.py:190} INFO - [2025-04-23T20:11:32.055+0000] {dagbag.py:588} INFO - Filling up the DagBag from /opt/airflow/dags/mart.py
[2025-04-23T20:11:32.074+0000] {processor.py:925} INFO - DAG(s) 'build_data_mart_python' retrieved from /opt/airflow/dags/mart.py
[2025-04-23T20:11:32.094+0000] {logging_mixin.py:190} INFO - [2025-04-23T20:11:32.094+0000] {dag.py:3239} INFO - Sync 1 DAGs
[2025-04-23T20:11:32.107+0000] {logging_mixin.py:190} INFO - [2025-04-23T20:11:32.107+0000] {dag.py:4180} INFO - Setting next_dagrun for build_data_mart_python to 2025-04-01 00:00:00+00:00, run_after=2025-05-01 00:00:00+00:00
[2025-04-23T20:11:32.121+0000] {processor.py:208} INFO - Processing /opt/airflow/dags/mart.py took 0.076 seconds
[2025-04-23T20:12:02.936+0000] {processor.py:186} INFO - Started process (PID=985) to work on /opt/airflow/dags/mart.py
[2025-04-23T20:12:02.937+0000] {processor.py:914} INFO - Processing file /opt/airflow/dags/mart.py for tasks to queue
[2025-04-23T20:12:02.939+0000] {logging_mixin.py:190} INFO - [2025-04-23T20:12:02.939+0000] {dagbag.py:588} INFO - Filling up the DagBag from /opt/airflow/dags/mart.py
[2025-04-23T20:12:02.949+0000] {processor.py:925} INFO - DAG(s) 'build_data_mart_python' retrieved from /opt/airflow/dags/mart.py
[2025-04-23T20:12:02.970+0000] {logging_mixin.py:190} INFO - [2025-04-23T20:12:02.969+0000] {dag.py:3239} INFO - Sync 1 DAGs
[2025-04-23T20:12:02.983+0000] {logging_mixin.py:190} INFO - [2025-04-23T20:12:02.983+0000] {dag.py:4180} INFO - Setting next_dagrun for build_data_mart_python to 2025-04-01 00:00:00+00:00, run_after=2025-05-01 00:00:00+00:00
[2025-04-23T20:12:02.995+0000] {processor.py:208} INFO - Processing /opt/airflow/dags/mart.py took 0.064 seconds
[2025-04-23T20:12:33.771+0000] {processor.py:186} INFO - Started process (PID=1041) to work on /opt/airflow/dags/mart.py
[2025-04-23T20:12:33.772+0000] {processor.py:914} INFO - Processing file /opt/airflow/dags/mart.py for tasks to queue
[2025-04-23T20:12:33.774+0000] {logging_mixin.py:190} INFO - [2025-04-23T20:12:33.774+0000] {dagbag.py:588} INFO - Filling up the DagBag from /opt/airflow/dags/mart.py
[2025-04-23T20:12:33.783+0000] {processor.py:925} INFO - DAG(s) 'build_data_mart_python' retrieved from /opt/airflow/dags/mart.py
[2025-04-23T20:12:33.805+0000] {logging_mixin.py:190} INFO - [2025-04-23T20:12:33.805+0000] {dag.py:3239} INFO - Sync 1 DAGs
[2025-04-23T20:12:33.818+0000] {logging_mixin.py:190} INFO - [2025-04-23T20:12:33.817+0000] {dag.py:4180} INFO - Setting next_dagrun for build_data_mart_python to 2025-04-01 00:00:00+00:00, run_after=2025-05-01 00:00:00+00:00
[2025-04-23T20:12:33.830+0000] {processor.py:208} INFO - Processing /opt/airflow/dags/mart.py took 0.062 seconds
[2025-04-23T20:13:04.663+0000] {processor.py:186} INFO - Started process (PID=1097) to work on /opt/airflow/dags/mart.py
[2025-04-23T20:13:04.664+0000] {processor.py:914} INFO - Processing file /opt/airflow/dags/mart.py for tasks to queue
[2025-04-23T20:13:04.665+0000] {logging_mixin.py:190} INFO - [2025-04-23T20:13:04.665+0000] {dagbag.py:588} INFO - Filling up the DagBag from /opt/airflow/dags/mart.py
[2025-04-23T20:13:04.676+0000] {processor.py:925} INFO - DAG(s) 'build_data_mart_python' retrieved from /opt/airflow/dags/mart.py
[2025-04-23T20:13:04.703+0000] {logging_mixin.py:190} INFO - [2025-04-23T20:13:04.703+0000] {dag.py:3239} INFO - Sync 1 DAGs
[2025-04-23T20:13:04.717+0000] {logging_mixin.py:190} INFO - [2025-04-23T20:13:04.717+0000] {dag.py:4180} INFO - Setting next_dagrun for build_data_mart_python to 2025-04-01 00:00:00+00:00, run_after=2025-05-01 00:00:00+00:00
[2025-04-23T20:13:04.730+0000] {processor.py:208} INFO - Processing /opt/airflow/dags/mart.py took 0.073 seconds
[2025-04-23T20:13:35.545+0000] {processor.py:186} INFO - Started process (PID=1153) to work on /opt/airflow/dags/mart.py
[2025-04-23T20:13:35.546+0000] {processor.py:914} INFO - Processing file /opt/airflow/dags/mart.py for tasks to queue
[2025-04-23T20:13:35.548+0000] {logging_mixin.py:190} INFO - [2025-04-23T20:13:35.548+0000] {dagbag.py:588} INFO - Filling up the DagBag from /opt/airflow/dags/mart.py
[2025-04-23T20:13:35.562+0000] {processor.py:925} INFO - DAG(s) 'build_data_mart_python' retrieved from /opt/airflow/dags/mart.py
[2025-04-23T20:13:35.585+0000] {logging_mixin.py:190} INFO - [2025-04-23T20:13:35.585+0000] {dag.py:3239} INFO - Sync 1 DAGs
[2025-04-23T20:13:35.601+0000] {logging_mixin.py:190} INFO - [2025-04-23T20:13:35.601+0000] {dag.py:4180} INFO - Setting next_dagrun for build_data_mart_python to 2025-04-01 00:00:00+00:00, run_after=2025-05-01 00:00:00+00:00
[2025-04-23T20:13:35.616+0000] {processor.py:208} INFO - Processing /opt/airflow/dags/mart.py took 0.076 seconds
[2025-04-23T20:14:06.450+0000] {processor.py:186} INFO - Started process (PID=1209) to work on /opt/airflow/dags/mart.py
[2025-04-23T20:14:06.451+0000] {processor.py:914} INFO - Processing file /opt/airflow/dags/mart.py for tasks to queue
[2025-04-23T20:14:06.454+0000] {logging_mixin.py:190} INFO - [2025-04-23T20:14:06.454+0000] {dagbag.py:588} INFO - Filling up the DagBag from /opt/airflow/dags/mart.py
[2025-04-23T20:14:06.465+0000] {processor.py:925} INFO - DAG(s) 'build_data_mart_python' retrieved from /opt/airflow/dags/mart.py
[2025-04-23T20:14:06.491+0000] {logging_mixin.py:190} INFO - [2025-04-23T20:14:06.491+0000] {dag.py:3239} INFO - Sync 1 DAGs
[2025-04-23T20:14:06.510+0000] {logging_mixin.py:190} INFO - [2025-04-23T20:14:06.510+0000] {dag.py:4180} INFO - Setting next_dagrun for build_data_mart_python to 2025-04-01 00:00:00+00:00, run_after=2025-05-01 00:00:00+00:00
[2025-04-23T20:14:06.521+0000] {processor.py:208} INFO - Processing /opt/airflow/dags/mart.py took 0.078 seconds
[2025-04-23T20:14:37.383+0000] {processor.py:186} INFO - Started process (PID=1265) to work on /opt/airflow/dags/mart.py
[2025-04-23T20:14:37.384+0000] {processor.py:914} INFO - Processing file /opt/airflow/dags/mart.py for tasks to queue
[2025-04-23T20:14:37.386+0000] {logging_mixin.py:190} INFO - [2025-04-23T20:14:37.385+0000] {dagbag.py:588} INFO - Filling up the DagBag from /opt/airflow/dags/mart.py
[2025-04-23T20:14:37.395+0000] {processor.py:925} INFO - DAG(s) 'build_data_mart_python' retrieved from /opt/airflow/dags/mart.py
[2025-04-23T20:14:37.419+0000] {logging_mixin.py:190} INFO - [2025-04-23T20:14:37.419+0000] {dag.py:3239} INFO - Sync 1 DAGs
[2025-04-23T20:14:37.438+0000] {logging_mixin.py:190} INFO - [2025-04-23T20:14:37.438+0000] {dag.py:4180} INFO - Setting next_dagrun for build_data_mart_python to 2025-04-01 00:00:00+00:00, run_after=2025-05-01 00:00:00+00:00
[2025-04-23T20:14:37.452+0000] {processor.py:208} INFO - Processing /opt/airflow/dags/mart.py took 0.073 seconds
[2025-04-23T20:15:08.354+0000] {processor.py:186} INFO - Started process (PID=1321) to work on /opt/airflow/dags/mart.py
[2025-04-23T20:15:08.355+0000] {processor.py:914} INFO - Processing file /opt/airflow/dags/mart.py for tasks to queue
[2025-04-23T20:15:08.356+0000] {logging_mixin.py:190} INFO - [2025-04-23T20:15:08.356+0000] {dagbag.py:588} INFO - Filling up the DagBag from /opt/airflow/dags/mart.py
[2025-04-23T20:15:08.365+0000] {processor.py:925} INFO - DAG(s) 'build_data_mart_python' retrieved from /opt/airflow/dags/mart.py
[2025-04-23T20:15:08.387+0000] {logging_mixin.py:190} INFO - [2025-04-23T20:15:08.386+0000] {dag.py:3239} INFO - Sync 1 DAGs
[2025-04-23T20:15:08.403+0000] {logging_mixin.py:190} INFO - [2025-04-23T20:15:08.403+0000] {dag.py:4180} INFO - Setting next_dagrun for build_data_mart_python to 2025-04-01 00:00:00+00:00, run_after=2025-05-01 00:00:00+00:00
[2025-04-23T20:15:08.415+0000] {processor.py:208} INFO - Processing /opt/airflow/dags/mart.py took 0.065 seconds
