[2025-04-23T20:04:51.134+0000] {processor.py:186} INFO - Started process (PID=214) to work on /opt/airflow/dags/yaryne.py
[2025-04-23T20:04:51.135+0000] {processor.py:914} INFO - Processing file /opt/airflow/dags/yaryne.py for tasks to queue
[2025-04-23T20:04:51.137+0000] {logging_mixin.py:190} INFO - [2025-04-23T20:04:51.136+0000] {dagbag.py:588} INFO - Filling up the DagBag from /opt/airflow/dags/yaryne.py
[2025-04-23T20:04:51.141+0000] {processor.py:927} WARNING - No viable dags retrieved from /opt/airflow/dags/yaryne.py
[2025-04-23T20:04:51.157+0000] {processor.py:208} INFO - Processing /opt/airflow/dags/yaryne.py took 0.028 seconds
[2025-04-23T20:05:21.300+0000] {processor.py:186} INFO - Started process (PID=269) to work on /opt/airflow/dags/yaryne.py
[2025-04-23T20:05:21.301+0000] {processor.py:914} INFO - Processing file /opt/airflow/dags/yaryne.py for tasks to queue
[2025-04-23T20:05:21.302+0000] {logging_mixin.py:190} INFO - [2025-04-23T20:05:21.302+0000] {dagbag.py:588} INFO - Filling up the DagBag from /opt/airflow/dags/yaryne.py
[2025-04-23T20:05:21.308+0000] {processor.py:927} WARNING - No viable dags retrieved from /opt/airflow/dags/yaryne.py
[2025-04-23T20:05:21.316+0000] {processor.py:208} INFO - Processing /opt/airflow/dags/yaryne.py took 0.022 seconds
[2025-04-23T20:05:52.294+0000] {processor.py:186} INFO - Started process (PID=325) to work on /opt/airflow/dags/yaryne.py
[2025-04-23T20:05:52.295+0000] {processor.py:914} INFO - Processing file /opt/airflow/dags/yaryne.py for tasks to queue
[2025-04-23T20:05:52.297+0000] {logging_mixin.py:190} INFO - [2025-04-23T20:05:52.297+0000] {dagbag.py:588} INFO - Filling up the DagBag from /opt/airflow/dags/yaryne.py
[2025-04-23T20:05:52.300+0000] {processor.py:927} WARNING - No viable dags retrieved from /opt/airflow/dags/yaryne.py
[2025-04-23T20:05:52.306+0000] {processor.py:208} INFO - Processing /opt/airflow/dags/yaryne.py took 0.015 seconds
[2025-04-23T20:06:23.201+0000] {processor.py:186} INFO - Started process (PID=381) to work on /opt/airflow/dags/yaryne.py
[2025-04-23T20:06:23.202+0000] {processor.py:914} INFO - Processing file /opt/airflow/dags/yaryne.py for tasks to queue
[2025-04-23T20:06:23.203+0000] {logging_mixin.py:190} INFO - [2025-04-23T20:06:23.203+0000] {dagbag.py:588} INFO - Filling up the DagBag from /opt/airflow/dags/yaryne.py
[2025-04-23T20:06:23.205+0000] {processor.py:927} WARNING - No viable dags retrieved from /opt/airflow/dags/yaryne.py
[2025-04-23T20:06:23.211+0000] {processor.py:208} INFO - Processing /opt/airflow/dags/yaryne.py took 0.013 seconds
[2025-04-23T20:06:54.191+0000] {processor.py:186} INFO - Started process (PID=437) to work on /opt/airflow/dags/yaryne.py
[2025-04-23T20:06:54.192+0000] {processor.py:914} INFO - Processing file /opt/airflow/dags/yaryne.py for tasks to queue
[2025-04-23T20:06:54.195+0000] {logging_mixin.py:190} INFO - [2025-04-23T20:06:54.194+0000] {dagbag.py:588} INFO - Filling up the DagBag from /opt/airflow/dags/yaryne.py
[2025-04-23T20:06:54.199+0000] {processor.py:927} WARNING - No viable dags retrieved from /opt/airflow/dags/yaryne.py
[2025-04-23T20:06:54.212+0000] {processor.py:208} INFO - Processing /opt/airflow/dags/yaryne.py took 0.025 seconds
[2025-04-23T20:07:25.209+0000] {processor.py:186} INFO - Started process (PID=499) to work on /opt/airflow/dags/yaryne.py
[2025-04-23T20:07:25.210+0000] {processor.py:914} INFO - Processing file /opt/airflow/dags/yaryne.py for tasks to queue
[2025-04-23T20:07:25.212+0000] {logging_mixin.py:190} INFO - [2025-04-23T20:07:25.212+0000] {dagbag.py:588} INFO - Filling up the DagBag from /opt/airflow/dags/yaryne.py
[2025-04-23T20:07:25.217+0000] {processor.py:927} WARNING - No viable dags retrieved from /opt/airflow/dags/yaryne.py
[2025-04-23T20:07:25.225+0000] {processor.py:208} INFO - Processing /opt/airflow/dags/yaryne.py took 0.021 seconds
[2025-04-23T20:07:56.228+0000] {processor.py:186} INFO - Started process (PID=557) to work on /opt/airflow/dags/yaryne.py
[2025-04-23T20:07:56.229+0000] {processor.py:914} INFO - Processing file /opt/airflow/dags/yaryne.py for tasks to queue
[2025-04-23T20:07:56.230+0000] {logging_mixin.py:190} INFO - [2025-04-23T20:07:56.230+0000] {dagbag.py:588} INFO - Filling up the DagBag from /opt/airflow/dags/yaryne.py
[2025-04-23T20:07:56.232+0000] {processor.py:927} WARNING - No viable dags retrieved from /opt/airflow/dags/yaryne.py
[2025-04-23T20:07:56.240+0000] {processor.py:208} INFO - Processing /opt/airflow/dags/yaryne.py took 0.017 seconds
[2025-04-23T20:08:27.359+0000] {processor.py:186} INFO - Started process (PID=611) to work on /opt/airflow/dags/yaryne.py
[2025-04-23T20:08:27.360+0000] {processor.py:914} INFO - Processing file /opt/airflow/dags/yaryne.py for tasks to queue
[2025-04-23T20:08:27.362+0000] {logging_mixin.py:190} INFO - [2025-04-23T20:08:27.361+0000] {dagbag.py:588} INFO - Filling up the DagBag from /opt/airflow/dags/yaryne.py
[2025-04-23T20:08:27.364+0000] {processor.py:927} WARNING - No viable dags retrieved from /opt/airflow/dags/yaryne.py
[2025-04-23T20:08:27.376+0000] {processor.py:208} INFO - Processing /opt/airflow/dags/yaryne.py took 0.020 seconds
[2025-04-23T20:08:57.526+0000] {processor.py:186} INFO - Started process (PID=667) to work on /opt/airflow/dags/yaryne.py
[2025-04-23T20:08:57.527+0000] {processor.py:914} INFO - Processing file /opt/airflow/dags/yaryne.py for tasks to queue
[2025-04-23T20:08:57.528+0000] {logging_mixin.py:190} INFO - [2025-04-23T20:08:57.528+0000] {dagbag.py:588} INFO - Filling up the DagBag from /opt/airflow/dags/yaryne.py
[2025-04-23T20:08:57.533+0000] {processor.py:927} WARNING - No viable dags retrieved from /opt/airflow/dags/yaryne.py
[2025-04-23T20:08:57.542+0000] {processor.py:208} INFO - Processing /opt/airflow/dags/yaryne.py took 0.020 seconds
[2025-04-23T20:09:28.734+0000] {processor.py:186} INFO - Started process (PID=723) to work on /opt/airflow/dags/yaryne.py
[2025-04-23T20:09:28.735+0000] {processor.py:914} INFO - Processing file /opt/airflow/dags/yaryne.py for tasks to queue
[2025-04-23T20:09:28.737+0000] {logging_mixin.py:190} INFO - [2025-04-23T20:09:28.737+0000] {dagbag.py:588} INFO - Filling up the DagBag from /opt/airflow/dags/yaryne.py
[2025-04-23T20:09:28.742+0000] {processor.py:927} WARNING - No viable dags retrieved from /opt/airflow/dags/yaryne.py
[2025-04-23T20:09:28.756+0000] {processor.py:208} INFO - Processing /opt/airflow/dags/yaryne.py took 0.028 seconds
[2025-04-23T20:09:59.220+0000] {processor.py:186} INFO - Started process (PID=779) to work on /opt/airflow/dags/yaryne.py
[2025-04-23T20:09:59.221+0000] {processor.py:914} INFO - Processing file /opt/airflow/dags/yaryne.py for tasks to queue
[2025-04-23T20:09:59.224+0000] {logging_mixin.py:190} INFO - [2025-04-23T20:09:59.223+0000] {dagbag.py:588} INFO - Filling up the DagBag from /opt/airflow/dags/yaryne.py
[2025-04-23T20:09:59.226+0000] {processor.py:927} WARNING - No viable dags retrieved from /opt/airflow/dags/yaryne.py
[2025-04-23T20:09:59.233+0000] {processor.py:208} INFO - Processing /opt/airflow/dags/yaryne.py took 0.019 seconds
[2025-04-23T20:10:30.228+0000] {processor.py:186} INFO - Started process (PID=835) to work on /opt/airflow/dags/yaryne.py
[2025-04-23T20:10:30.229+0000] {processor.py:914} INFO - Processing file /opt/airflow/dags/yaryne.py for tasks to queue
[2025-04-23T20:10:30.230+0000] {logging_mixin.py:190} INFO - [2025-04-23T20:10:30.230+0000] {dagbag.py:588} INFO - Filling up the DagBag from /opt/airflow/dags/yaryne.py
[2025-04-23T20:10:30.234+0000] {processor.py:927} WARNING - No viable dags retrieved from /opt/airflow/dags/yaryne.py
[2025-04-23T20:10:30.244+0000] {processor.py:208} INFO - Processing /opt/airflow/dags/yaryne.py took 0.021 seconds
[2025-04-23T20:11:01.264+0000] {processor.py:186} INFO - Started process (PID=891) to work on /opt/airflow/dags/yaryne.py
[2025-04-23T20:11:01.265+0000] {processor.py:914} INFO - Processing file /opt/airflow/dags/yaryne.py for tasks to queue
[2025-04-23T20:11:01.266+0000] {logging_mixin.py:190} INFO - [2025-04-23T20:11:01.266+0000] {dagbag.py:588} INFO - Filling up the DagBag from /opt/airflow/dags/yaryne.py
[2025-04-23T20:11:01.270+0000] {processor.py:927} WARNING - No viable dags retrieved from /opt/airflow/dags/yaryne.py
[2025-04-23T20:11:01.277+0000] {processor.py:208} INFO - Processing /opt/airflow/dags/yaryne.py took 0.017 seconds
[2025-04-23T20:11:32.179+0000] {processor.py:186} INFO - Started process (PID=947) to work on /opt/airflow/dags/yaryne.py
[2025-04-23T20:11:32.179+0000] {processor.py:914} INFO - Processing file /opt/airflow/dags/yaryne.py for tasks to queue
[2025-04-23T20:11:32.180+0000] {logging_mixin.py:190} INFO - [2025-04-23T20:11:32.180+0000] {dagbag.py:588} INFO - Filling up the DagBag from /opt/airflow/dags/yaryne.py
[2025-04-23T20:11:32.184+0000] {processor.py:927} WARNING - No viable dags retrieved from /opt/airflow/dags/yaryne.py
[2025-04-23T20:11:32.191+0000] {processor.py:208} INFO - Processing /opt/airflow/dags/yaryne.py took 0.015 seconds
[2025-04-23T20:12:03.049+0000] {processor.py:186} INFO - Started process (PID=1003) to work on /opt/airflow/dags/yaryne.py
[2025-04-23T20:12:03.049+0000] {processor.py:914} INFO - Processing file /opt/airflow/dags/yaryne.py for tasks to queue
[2025-04-23T20:12:03.051+0000] {logging_mixin.py:190} INFO - [2025-04-23T20:12:03.050+0000] {dagbag.py:588} INFO - Filling up the DagBag from /opt/airflow/dags/yaryne.py
[2025-04-23T20:12:03.057+0000] {processor.py:927} WARNING - No viable dags retrieved from /opt/airflow/dags/yaryne.py
[2025-04-23T20:12:03.067+0000] {processor.py:208} INFO - Processing /opt/airflow/dags/yaryne.py took 0.022 seconds
[2025-04-23T20:12:33.873+0000] {processor.py:186} INFO - Started process (PID=1059) to work on /opt/airflow/dags/yaryne.py
[2025-04-23T20:12:33.873+0000] {processor.py:914} INFO - Processing file /opt/airflow/dags/yaryne.py for tasks to queue
[2025-04-23T20:12:33.874+0000] {logging_mixin.py:190} INFO - [2025-04-23T20:12:33.874+0000] {dagbag.py:588} INFO - Filling up the DagBag from /opt/airflow/dags/yaryne.py
[2025-04-23T20:12:33.879+0000] {processor.py:927} WARNING - No viable dags retrieved from /opt/airflow/dags/yaryne.py
[2025-04-23T20:12:33.885+0000] {processor.py:208} INFO - Processing /opt/airflow/dags/yaryne.py took 0.015 seconds
[2025-04-23T20:13:04.782+0000] {processor.py:186} INFO - Started process (PID=1115) to work on /opt/airflow/dags/yaryne.py
[2025-04-23T20:13:04.783+0000] {processor.py:914} INFO - Processing file /opt/airflow/dags/yaryne.py for tasks to queue
[2025-04-23T20:13:04.784+0000] {logging_mixin.py:190} INFO - [2025-04-23T20:13:04.784+0000] {dagbag.py:588} INFO - Filling up the DagBag from /opt/airflow/dags/yaryne.py
[2025-04-23T20:13:04.787+0000] {processor.py:927} WARNING - No viable dags retrieved from /opt/airflow/dags/yaryne.py
[2025-04-23T20:13:04.794+0000] {processor.py:208} INFO - Processing /opt/airflow/dags/yaryne.py took 0.015 seconds
[2025-04-23T20:13:35.664+0000] {processor.py:186} INFO - Started process (PID=1171) to work on /opt/airflow/dags/yaryne.py
[2025-04-23T20:13:35.665+0000] {processor.py:914} INFO - Processing file /opt/airflow/dags/yaryne.py for tasks to queue
[2025-04-23T20:13:35.666+0000] {logging_mixin.py:190} INFO - [2025-04-23T20:13:35.666+0000] {dagbag.py:588} INFO - Filling up the DagBag from /opt/airflow/dags/yaryne.py
[2025-04-23T20:13:35.670+0000] {processor.py:927} WARNING - No viable dags retrieved from /opt/airflow/dags/yaryne.py
[2025-04-23T20:13:35.679+0000] {processor.py:208} INFO - Processing /opt/airflow/dags/yaryne.py took 0.018 seconds
[2025-04-23T20:14:06.570+0000] {processor.py:186} INFO - Started process (PID=1227) to work on /opt/airflow/dags/yaryne.py
[2025-04-23T20:14:06.570+0000] {processor.py:914} INFO - Processing file /opt/airflow/dags/yaryne.py for tasks to queue
[2025-04-23T20:14:06.571+0000] {logging_mixin.py:190} INFO - [2025-04-23T20:14:06.571+0000] {dagbag.py:588} INFO - Filling up the DagBag from /opt/airflow/dags/yaryne.py
[2025-04-23T20:14:06.573+0000] {processor.py:927} WARNING - No viable dags retrieved from /opt/airflow/dags/yaryne.py
[2025-04-23T20:14:06.580+0000] {processor.py:208} INFO - Processing /opt/airflow/dags/yaryne.py took 0.013 seconds
[2025-04-23T20:14:37.501+0000] {processor.py:186} INFO - Started process (PID=1283) to work on /opt/airflow/dags/yaryne.py
[2025-04-23T20:14:37.501+0000] {processor.py:914} INFO - Processing file /opt/airflow/dags/yaryne.py for tasks to queue
[2025-04-23T20:14:37.504+0000] {logging_mixin.py:190} INFO - [2025-04-23T20:14:37.504+0000] {dagbag.py:588} INFO - Filling up the DagBag from /opt/airflow/dags/yaryne.py
[2025-04-23T20:14:37.506+0000] {processor.py:927} WARNING - No viable dags retrieved from /opt/airflow/dags/yaryne.py
[2025-04-23T20:14:37.517+0000] {processor.py:208} INFO - Processing /opt/airflow/dags/yaryne.py took 0.019 seconds
[2025-04-23T20:15:08.460+0000] {processor.py:186} INFO - Started process (PID=1339) to work on /opt/airflow/dags/yaryne.py
[2025-04-23T20:15:08.461+0000] {processor.py:914} INFO - Processing file /opt/airflow/dags/yaryne.py for tasks to queue
[2025-04-23T20:15:08.463+0000] {logging_mixin.py:190} INFO - [2025-04-23T20:15:08.463+0000] {dagbag.py:588} INFO - Filling up the DagBag from /opt/airflow/dags/yaryne.py
[2025-04-23T20:15:08.466+0000] {processor.py:927} WARNING - No viable dags retrieved from /opt/airflow/dags/yaryne.py
[2025-04-23T20:15:08.473+0000] {processor.py:208} INFO - Processing /opt/airflow/dags/yaryne.py took 0.016 seconds
