[2025-04-08T06:16:19.395+0000] {processor.py:186} INFO - Started process (PID=174) to work on /opt/airflow/dags/dag_postgres_operator_1.py
[2025-04-08T06:16:19.398+0000] {processor.py:914} INFO - Processing file /opt/airflow/dags/dag_postgres_operator_1.py for tasks to queue
[2025-04-08T06:16:19.401+0000] {logging_mixin.py:190} INFO - [2025-04-08T06:16:19.401+0000] {dagbag.py:588} INFO - Filling up the DagBag from /opt/airflow/dags/dag_postgres_operator_1.py
[2025-04-08T06:16:19.411+0000] {logging_mixin.py:190} INFO - [2025-04-08T06:16:19.409+0000] {dagbag.py:387} ERROR - Failed to import: /opt/airflow/dags/dag_postgres_operator_1.py
Traceback (most recent call last):
  File "/home/airflow/.local/lib/python3.12/site-packages/airflow/models/dagbag.py", line 383, in parse
    loader.exec_module(new_module)
  File "<frozen importlib._bootstrap_external>", line 999, in exec_module
  File "<frozen importlib._bootstrap>", line 488, in _call_with_frames_removed
  File "/opt/airflow/dags/dag_postgres_operator_1.py", line 3, in <module>
    from airflow.providers.postgres.operators.postgres import PostgresOperator
ModuleNotFoundError: No module named 'airflow.providers.postgres.operators'
[2025-04-08T06:16:19.412+0000] {processor.py:927} WARNING - No viable dags retrieved from /opt/airflow/dags/dag_postgres_operator_1.py
[2025-04-08T06:16:19.428+0000] {processor.py:208} INFO - Processing /opt/airflow/dags/dag_postgres_operator_1.py took 0.036 seconds
[2025-04-08T06:16:49.793+0000] {processor.py:186} INFO - Started process (PID=194) to work on /opt/airflow/dags/dag_postgres_operator_1.py
[2025-04-08T06:16:49.796+0000] {processor.py:914} INFO - Processing file /opt/airflow/dags/dag_postgres_operator_1.py for tasks to queue
[2025-04-08T06:16:49.802+0000] {logging_mixin.py:190} INFO - [2025-04-08T06:16:49.801+0000] {dagbag.py:588} INFO - Filling up the DagBag from /opt/airflow/dags/dag_postgres_operator_1.py
[2025-04-08T06:16:49.810+0000] {logging_mixin.py:190} INFO - [2025-04-08T06:16:49.806+0000] {dagbag.py:387} ERROR - Failed to import: /opt/airflow/dags/dag_postgres_operator_1.py
Traceback (most recent call last):
  File "/home/airflow/.local/lib/python3.12/site-packages/airflow/models/dagbag.py", line 383, in parse
    loader.exec_module(new_module)
  File "<frozen importlib._bootstrap_external>", line 999, in exec_module
  File "<frozen importlib._bootstrap>", line 488, in _call_with_frames_removed
  File "/opt/airflow/dags/dag_postgres_operator_1.py", line 3, in <module>
    from airflow.providers.postgres.operators.postgres import PostgresOperator
ModuleNotFoundError: No module named 'airflow.providers.postgres.operators'
[2025-04-08T06:16:49.810+0000] {processor.py:927} WARNING - No viable dags retrieved from /opt/airflow/dags/dag_postgres_operator_1.py
[2025-04-08T06:16:49.838+0000] {processor.py:208} INFO - Processing /opt/airflow/dags/dag_postgres_operator_1.py took 0.051 seconds
[2025-04-08T06:17:20.198+0000] {processor.py:186} INFO - Started process (PID=215) to work on /opt/airflow/dags/dag_postgres_operator_1.py
[2025-04-08T06:17:20.199+0000] {processor.py:914} INFO - Processing file /opt/airflow/dags/dag_postgres_operator_1.py for tasks to queue
[2025-04-08T06:17:20.201+0000] {logging_mixin.py:190} INFO - [2025-04-08T06:17:20.201+0000] {dagbag.py:588} INFO - Filling up the DagBag from /opt/airflow/dags/dag_postgres_operator_1.py
[2025-04-08T06:17:20.216+0000] {logging_mixin.py:190} INFO - [2025-04-08T06:17:20.213+0000] {dagbag.py:387} ERROR - Failed to import: /opt/airflow/dags/dag_postgres_operator_1.py
Traceback (most recent call last):
  File "/home/airflow/.local/lib/python3.12/site-packages/airflow/models/dagbag.py", line 383, in parse
    loader.exec_module(new_module)
  File "<frozen importlib._bootstrap_external>", line 999, in exec_module
  File "<frozen importlib._bootstrap>", line 488, in _call_with_frames_removed
  File "/opt/airflow/dags/dag_postgres_operator_1.py", line 3, in <module>
    from airflow.providers.postgres.operators.postgres import PostgresOperator
ModuleNotFoundError: No module named 'airflow.providers.postgres.operators'
[2025-04-08T06:17:20.217+0000] {processor.py:927} WARNING - No viable dags retrieved from /opt/airflow/dags/dag_postgres_operator_1.py
[2025-04-08T06:17:20.240+0000] {processor.py:208} INFO - Processing /opt/airflow/dags/dag_postgres_operator_1.py took 0.046 seconds
[2025-04-08T06:17:50.653+0000] {processor.py:186} INFO - Started process (PID=236) to work on /opt/airflow/dags/dag_postgres_operator_1.py
[2025-04-08T06:17:50.655+0000] {processor.py:914} INFO - Processing file /opt/airflow/dags/dag_postgres_operator_1.py for tasks to queue
[2025-04-08T06:17:50.658+0000] {logging_mixin.py:190} INFO - [2025-04-08T06:17:50.658+0000] {dagbag.py:588} INFO - Filling up the DagBag from /opt/airflow/dags/dag_postgres_operator_1.py
[2025-04-08T06:17:50.673+0000] {logging_mixin.py:190} INFO - [2025-04-08T06:17:50.671+0000] {dagbag.py:387} ERROR - Failed to import: /opt/airflow/dags/dag_postgres_operator_1.py
Traceback (most recent call last):
  File "/home/airflow/.local/lib/python3.12/site-packages/airflow/models/dagbag.py", line 383, in parse
    loader.exec_module(new_module)
  File "<frozen importlib._bootstrap_external>", line 999, in exec_module
  File "<frozen importlib._bootstrap>", line 488, in _call_with_frames_removed
  File "/opt/airflow/dags/dag_postgres_operator_1.py", line 3, in <module>
    from airflow.providers.postgres.operators.postgres import PostgresOperator
ModuleNotFoundError: No module named 'airflow.providers.postgres.operators'
[2025-04-08T06:17:50.674+0000] {processor.py:927} WARNING - No viable dags retrieved from /opt/airflow/dags/dag_postgres_operator_1.py
[2025-04-08T06:17:50.712+0000] {processor.py:208} INFO - Processing /opt/airflow/dags/dag_postgres_operator_1.py took 0.078 seconds
[2025-04-08T06:18:20.954+0000] {processor.py:186} INFO - Started process (PID=257) to work on /opt/airflow/dags/dag_postgres_operator_1.py
[2025-04-08T06:18:20.957+0000] {processor.py:914} INFO - Processing file /opt/airflow/dags/dag_postgres_operator_1.py for tasks to queue
[2025-04-08T06:18:20.967+0000] {logging_mixin.py:190} INFO - [2025-04-08T06:18:20.967+0000] {dagbag.py:588} INFO - Filling up the DagBag from /opt/airflow/dags/dag_postgres_operator_1.py
[2025-04-08T06:18:20.990+0000] {logging_mixin.py:190} INFO - [2025-04-08T06:18:20.984+0000] {dagbag.py:387} ERROR - Failed to import: /opt/airflow/dags/dag_postgres_operator_1.py
Traceback (most recent call last):
  File "/home/airflow/.local/lib/python3.12/site-packages/airflow/models/dagbag.py", line 383, in parse
    loader.exec_module(new_module)
  File "<frozen importlib._bootstrap_external>", line 999, in exec_module
  File "<frozen importlib._bootstrap>", line 488, in _call_with_frames_removed
  File "/opt/airflow/dags/dag_postgres_operator_1.py", line 3, in <module>
    from airflow.providers.postgres.operators.postgres import PostgresOperator
ModuleNotFoundError: No module named 'airflow.providers.postgres.operators'
[2025-04-08T06:18:20.990+0000] {processor.py:927} WARNING - No viable dags retrieved from /opt/airflow/dags/dag_postgres_operator_1.py
[2025-04-08T06:18:21.029+0000] {processor.py:208} INFO - Processing /opt/airflow/dags/dag_postgres_operator_1.py took 0.097 seconds
[2025-04-08T06:18:51.470+0000] {processor.py:186} INFO - Started process (PID=278) to work on /opt/airflow/dags/dag_postgres_operator_1.py
[2025-04-08T06:18:51.477+0000] {processor.py:914} INFO - Processing file /opt/airflow/dags/dag_postgres_operator_1.py for tasks to queue
[2025-04-08T06:18:51.484+0000] {logging_mixin.py:190} INFO - [2025-04-08T06:18:51.483+0000] {dagbag.py:588} INFO - Filling up the DagBag from /opt/airflow/dags/dag_postgres_operator_1.py
[2025-04-08T06:18:51.497+0000] {logging_mixin.py:190} INFO - [2025-04-08T06:18:51.491+0000] {dagbag.py:387} ERROR - Failed to import: /opt/airflow/dags/dag_postgres_operator_1.py
Traceback (most recent call last):
  File "/home/airflow/.local/lib/python3.12/site-packages/airflow/models/dagbag.py", line 383, in parse
    loader.exec_module(new_module)
  File "<frozen importlib._bootstrap_external>", line 999, in exec_module
  File "<frozen importlib._bootstrap>", line 488, in _call_with_frames_removed
  File "/opt/airflow/dags/dag_postgres_operator_1.py", line 3, in <module>
    from airflow.providers.postgres.operators.postgres import PostgresOperator
ModuleNotFoundError: No module named 'airflow.providers.postgres.operators'
[2025-04-08T06:18:51.498+0000] {processor.py:927} WARNING - No viable dags retrieved from /opt/airflow/dags/dag_postgres_operator_1.py
[2025-04-08T06:18:51.529+0000] {processor.py:208} INFO - Processing /opt/airflow/dags/dag_postgres_operator_1.py took 0.073 seconds
[2025-04-08T06:19:22.017+0000] {processor.py:186} INFO - Started process (PID=299) to work on /opt/airflow/dags/dag_postgres_operator_1.py
[2025-04-08T06:19:22.020+0000] {processor.py:914} INFO - Processing file /opt/airflow/dags/dag_postgres_operator_1.py for tasks to queue
[2025-04-08T06:19:22.023+0000] {logging_mixin.py:190} INFO - [2025-04-08T06:19:22.023+0000] {dagbag.py:588} INFO - Filling up the DagBag from /opt/airflow/dags/dag_postgres_operator_1.py
[2025-04-08T06:19:22.031+0000] {logging_mixin.py:190} INFO - [2025-04-08T06:19:22.029+0000] {dagbag.py:387} ERROR - Failed to import: /opt/airflow/dags/dag_postgres_operator_1.py
Traceback (most recent call last):
  File "/home/airflow/.local/lib/python3.12/site-packages/airflow/models/dagbag.py", line 383, in parse
    loader.exec_module(new_module)
  File "<frozen importlib._bootstrap_external>", line 999, in exec_module
  File "<frozen importlib._bootstrap>", line 488, in _call_with_frames_removed
  File "/opt/airflow/dags/dag_postgres_operator_1.py", line 3, in <module>
    from airflow.providers.postgres.operators.postgres import PostgresOperator
ModuleNotFoundError: No module named 'airflow.providers.postgres.operators'
[2025-04-08T06:19:22.032+0000] {processor.py:927} WARNING - No viable dags retrieved from /opt/airflow/dags/dag_postgres_operator_1.py
[2025-04-08T06:19:22.063+0000] {processor.py:208} INFO - Processing /opt/airflow/dags/dag_postgres_operator_1.py took 0.058 seconds
[2025-04-08T06:19:52.515+0000] {processor.py:186} INFO - Started process (PID=320) to work on /opt/airflow/dags/dag_postgres_operator_1.py
[2025-04-08T06:19:52.516+0000] {processor.py:914} INFO - Processing file /opt/airflow/dags/dag_postgres_operator_1.py for tasks to queue
[2025-04-08T06:19:52.520+0000] {logging_mixin.py:190} INFO - [2025-04-08T06:19:52.519+0000] {dagbag.py:588} INFO - Filling up the DagBag from /opt/airflow/dags/dag_postgres_operator_1.py
[2025-04-08T06:19:52.527+0000] {logging_mixin.py:190} INFO - [2025-04-08T06:19:52.524+0000] {dagbag.py:387} ERROR - Failed to import: /opt/airflow/dags/dag_postgres_operator_1.py
Traceback (most recent call last):
  File "/home/airflow/.local/lib/python3.12/site-packages/airflow/models/dagbag.py", line 383, in parse
    loader.exec_module(new_module)
  File "<frozen importlib._bootstrap_external>", line 999, in exec_module
  File "<frozen importlib._bootstrap>", line 488, in _call_with_frames_removed
  File "/opt/airflow/dags/dag_postgres_operator_1.py", line 3, in <module>
    from airflow.providers.postgres.operators.postgres import PostgresOperator
ModuleNotFoundError: No module named 'airflow.providers.postgres.operators'
[2025-04-08T06:19:52.528+0000] {processor.py:927} WARNING - No viable dags retrieved from /opt/airflow/dags/dag_postgres_operator_1.py
[2025-04-08T06:19:52.547+0000] {processor.py:208} INFO - Processing /opt/airflow/dags/dag_postgres_operator_1.py took 0.037 seconds
[2025-04-08T06:20:23.001+0000] {processor.py:186} INFO - Started process (PID=341) to work on /opt/airflow/dags/dag_postgres_operator_1.py
[2025-04-08T06:20:23.002+0000] {processor.py:914} INFO - Processing file /opt/airflow/dags/dag_postgres_operator_1.py for tasks to queue
[2025-04-08T06:20:23.004+0000] {logging_mixin.py:190} INFO - [2025-04-08T06:20:23.003+0000] {dagbag.py:588} INFO - Filling up the DagBag from /opt/airflow/dags/dag_postgres_operator_1.py
[2025-04-08T06:20:23.021+0000] {logging_mixin.py:190} INFO - [2025-04-08T06:20:23.017+0000] {dagbag.py:387} ERROR - Failed to import: /opt/airflow/dags/dag_postgres_operator_1.py
Traceback (most recent call last):
  File "/home/airflow/.local/lib/python3.12/site-packages/airflow/models/dagbag.py", line 383, in parse
    loader.exec_module(new_module)
  File "<frozen importlib._bootstrap_external>", line 999, in exec_module
  File "<frozen importlib._bootstrap>", line 488, in _call_with_frames_removed
  File "/opt/airflow/dags/dag_postgres_operator_1.py", line 3, in <module>
    from airflow.providers.postgres.operators.postgres import PostgresOperator
ModuleNotFoundError: No module named 'airflow.providers.postgres.operators'
[2025-04-08T06:20:23.021+0000] {processor.py:927} WARNING - No viable dags retrieved from /opt/airflow/dags/dag_postgres_operator_1.py
[2025-04-08T06:20:23.039+0000] {processor.py:208} INFO - Processing /opt/airflow/dags/dag_postgres_operator_1.py took 0.044 seconds
[2025-04-08T06:20:53.349+0000] {processor.py:186} INFO - Started process (PID=368) to work on /opt/airflow/dags/dag_postgres_operator_1.py
[2025-04-08T06:20:53.353+0000] {processor.py:914} INFO - Processing file /opt/airflow/dags/dag_postgres_operator_1.py for tasks to queue
[2025-04-08T06:20:53.355+0000] {logging_mixin.py:190} INFO - [2025-04-08T06:20:53.355+0000] {dagbag.py:588} INFO - Filling up the DagBag from /opt/airflow/dags/dag_postgres_operator_1.py
[2025-04-08T06:20:53.364+0000] {logging_mixin.py:190} INFO - [2025-04-08T06:20:53.362+0000] {dagbag.py:387} ERROR - Failed to import: /opt/airflow/dags/dag_postgres_operator_1.py
Traceback (most recent call last):
  File "/home/airflow/.local/lib/python3.12/site-packages/airflow/models/dagbag.py", line 383, in parse
    loader.exec_module(new_module)
  File "<frozen importlib._bootstrap_external>", line 999, in exec_module
  File "<frozen importlib._bootstrap>", line 488, in _call_with_frames_removed
  File "/opt/airflow/dags/dag_postgres_operator_1.py", line 3, in <module>
    from airflow.providers.postgres.operators.postgres import PostgresOperator
ModuleNotFoundError: No module named 'airflow.providers.postgres.operators'
[2025-04-08T06:20:53.365+0000] {processor.py:927} WARNING - No viable dags retrieved from /opt/airflow/dags/dag_postgres_operator_1.py
[2025-04-08T06:20:53.382+0000] {processor.py:208} INFO - Processing /opt/airflow/dags/dag_postgres_operator_1.py took 0.037 seconds
[2025-04-08T06:21:23.859+0000] {processor.py:186} INFO - Started process (PID=389) to work on /opt/airflow/dags/dag_postgres_operator_1.py
[2025-04-08T06:21:23.860+0000] {processor.py:914} INFO - Processing file /opt/airflow/dags/dag_postgres_operator_1.py for tasks to queue
[2025-04-08T06:21:23.865+0000] {logging_mixin.py:190} INFO - [2025-04-08T06:21:23.865+0000] {dagbag.py:588} INFO - Filling up the DagBag from /opt/airflow/dags/dag_postgres_operator_1.py
[2025-04-08T06:21:23.875+0000] {logging_mixin.py:190} INFO - [2025-04-08T06:21:23.874+0000] {dagbag.py:387} ERROR - Failed to import: /opt/airflow/dags/dag_postgres_operator_1.py
Traceback (most recent call last):
  File "/home/airflow/.local/lib/python3.12/site-packages/airflow/models/dagbag.py", line 383, in parse
    loader.exec_module(new_module)
  File "<frozen importlib._bootstrap_external>", line 999, in exec_module
  File "<frozen importlib._bootstrap>", line 488, in _call_with_frames_removed
  File "/opt/airflow/dags/dag_postgres_operator_1.py", line 3, in <module>
    from airflow.providers.postgres.operators.postgres import PostgresOperator
ModuleNotFoundError: No module named 'airflow.providers.postgres.operators'
[2025-04-08T06:21:23.877+0000] {processor.py:927} WARNING - No viable dags retrieved from /opt/airflow/dags/dag_postgres_operator_1.py
[2025-04-08T06:21:23.898+0000] {processor.py:208} INFO - Processing /opt/airflow/dags/dag_postgres_operator_1.py took 0.060 seconds
[2025-04-08T06:21:54.314+0000] {processor.py:186} INFO - Started process (PID=410) to work on /opt/airflow/dags/dag_postgres_operator_1.py
[2025-04-08T06:21:54.316+0000] {processor.py:914} INFO - Processing file /opt/airflow/dags/dag_postgres_operator_1.py for tasks to queue
[2025-04-08T06:21:54.319+0000] {logging_mixin.py:190} INFO - [2025-04-08T06:21:54.319+0000] {dagbag.py:588} INFO - Filling up the DagBag from /opt/airflow/dags/dag_postgres_operator_1.py
[2025-04-08T06:21:54.327+0000] {logging_mixin.py:190} INFO - [2025-04-08T06:21:54.325+0000] {dagbag.py:387} ERROR - Failed to import: /opt/airflow/dags/dag_postgres_operator_1.py
Traceback (most recent call last):
  File "/home/airflow/.local/lib/python3.12/site-packages/airflow/models/dagbag.py", line 383, in parse
    loader.exec_module(new_module)
  File "<frozen importlib._bootstrap_external>", line 999, in exec_module
  File "<frozen importlib._bootstrap>", line 488, in _call_with_frames_removed
  File "/opt/airflow/dags/dag_postgres_operator_1.py", line 3, in <module>
    from airflow.providers.postgres.operators.postgres import PostgresOperator
ModuleNotFoundError: No module named 'airflow.providers.postgres.operators'
[2025-04-08T06:21:54.328+0000] {processor.py:927} WARNING - No viable dags retrieved from /opt/airflow/dags/dag_postgres_operator_1.py
[2025-04-08T06:21:54.349+0000] {processor.py:208} INFO - Processing /opt/airflow/dags/dag_postgres_operator_1.py took 0.042 seconds
[2025-04-08T06:22:12.628+0000] {processor.py:186} INFO - Started process (PID=425) to work on /opt/airflow/dags/dag_postgres_operator_1.py
[2025-04-08T06:22:12.630+0000] {processor.py:914} INFO - Processing file /opt/airflow/dags/dag_postgres_operator_1.py for tasks to queue
[2025-04-08T06:22:12.632+0000] {logging_mixin.py:190} INFO - [2025-04-08T06:22:12.631+0000] {dagbag.py:588} INFO - Filling up the DagBag from /opt/airflow/dags/dag_postgres_operator_1.py
[2025-04-08T06:22:12.641+0000] {logging_mixin.py:190} INFO - [2025-04-08T06:22:12.639+0000] {dagbag.py:387} ERROR - Failed to import: /opt/airflow/dags/dag_postgres_operator_1.py
Traceback (most recent call last):
  File "/home/airflow/.local/lib/python3.12/site-packages/airflow/models/dagbag.py", line 383, in parse
    loader.exec_module(new_module)
  File "<frozen importlib._bootstrap_external>", line 999, in exec_module
  File "<frozen importlib._bootstrap>", line 488, in _call_with_frames_removed
  File "/opt/airflow/dags/dag_postgres_operator_1.py", line 2, in <module>
    from airflow.providers.postgres.operators.postgres import PostgresOperator
ModuleNotFoundError: No module named 'airflow.providers.postgres.operators'
[2025-04-08T06:22:12.642+0000] {processor.py:927} WARNING - No viable dags retrieved from /opt/airflow/dags/dag_postgres_operator_1.py
[2025-04-08T06:22:12.664+0000] {processor.py:208} INFO - Processing /opt/airflow/dags/dag_postgres_operator_1.py took 0.043 seconds
[2025-04-08T06:22:43.069+0000] {processor.py:186} INFO - Started process (PID=446) to work on /opt/airflow/dags/dag_postgres_operator_1.py
[2025-04-08T06:22:43.070+0000] {processor.py:914} INFO - Processing file /opt/airflow/dags/dag_postgres_operator_1.py for tasks to queue
[2025-04-08T06:22:43.072+0000] {logging_mixin.py:190} INFO - [2025-04-08T06:22:43.072+0000] {dagbag.py:588} INFO - Filling up the DagBag from /opt/airflow/dags/dag_postgres_operator_1.py
[2025-04-08T06:22:43.075+0000] {logging_mixin.py:190} INFO - [2025-04-08T06:22:43.075+0000] {dagbag.py:387} ERROR - Failed to import: /opt/airflow/dags/dag_postgres_operator_1.py
Traceback (most recent call last):
  File "/home/airflow/.local/lib/python3.12/site-packages/airflow/models/dagbag.py", line 383, in parse
    loader.exec_module(new_module)
  File "<frozen importlib._bootstrap_external>", line 999, in exec_module
  File "<frozen importlib._bootstrap>", line 488, in _call_with_frames_removed
  File "/opt/airflow/dags/dag_postgres_operator_1.py", line 2, in <module>
    from airflow.providers.postgres.operators.postgres import PostgresOperator
ModuleNotFoundError: No module named 'airflow.providers.postgres.operators'
[2025-04-08T06:22:43.076+0000] {processor.py:927} WARNING - No viable dags retrieved from /opt/airflow/dags/dag_postgres_operator_1.py
[2025-04-08T06:22:43.086+0000] {processor.py:208} INFO - Processing /opt/airflow/dags/dag_postgres_operator_1.py took 0.023 seconds
[2025-04-08T06:23:13.493+0000] {processor.py:186} INFO - Started process (PID=467) to work on /opt/airflow/dags/dag_postgres_operator_1.py
[2025-04-08T06:23:13.494+0000] {processor.py:914} INFO - Processing file /opt/airflow/dags/dag_postgres_operator_1.py for tasks to queue
[2025-04-08T06:23:13.496+0000] {logging_mixin.py:190} INFO - [2025-04-08T06:23:13.496+0000] {dagbag.py:588} INFO - Filling up the DagBag from /opt/airflow/dags/dag_postgres_operator_1.py
[2025-04-08T06:23:13.501+0000] {logging_mixin.py:190} INFO - [2025-04-08T06:23:13.499+0000] {dagbag.py:387} ERROR - Failed to import: /opt/airflow/dags/dag_postgres_operator_1.py
Traceback (most recent call last):
  File "/home/airflow/.local/lib/python3.12/site-packages/airflow/models/dagbag.py", line 383, in parse
    loader.exec_module(new_module)
  File "<frozen importlib._bootstrap_external>", line 999, in exec_module
  File "<frozen importlib._bootstrap>", line 488, in _call_with_frames_removed
  File "/opt/airflow/dags/dag_postgres_operator_1.py", line 2, in <module>
    from airflow.providers.postgres.operators.postgres import PostgresOperator
ModuleNotFoundError: No module named 'airflow.providers.postgres.operators'
[2025-04-08T06:23:13.501+0000] {processor.py:927} WARNING - No viable dags retrieved from /opt/airflow/dags/dag_postgres_operator_1.py
[2025-04-08T06:23:13.514+0000] {processor.py:208} INFO - Processing /opt/airflow/dags/dag_postgres_operator_1.py took 0.026 seconds
[2025-04-08T06:23:43.861+0000] {processor.py:186} INFO - Started process (PID=488) to work on /opt/airflow/dags/dag_postgres_operator_1.py
[2025-04-08T06:23:43.861+0000] {processor.py:914} INFO - Processing file /opt/airflow/dags/dag_postgres_operator_1.py for tasks to queue
[2025-04-08T06:23:43.863+0000] {logging_mixin.py:190} INFO - [2025-04-08T06:23:43.862+0000] {dagbag.py:588} INFO - Filling up the DagBag from /opt/airflow/dags/dag_postgres_operator_1.py
[2025-04-08T06:23:43.867+0000] {logging_mixin.py:190} INFO - [2025-04-08T06:23:43.866+0000] {dagbag.py:387} ERROR - Failed to import: /opt/airflow/dags/dag_postgres_operator_1.py
Traceback (most recent call last):
  File "/home/airflow/.local/lib/python3.12/site-packages/airflow/models/dagbag.py", line 383, in parse
    loader.exec_module(new_module)
  File "<frozen importlib._bootstrap_external>", line 999, in exec_module
  File "<frozen importlib._bootstrap>", line 488, in _call_with_frames_removed
  File "/opt/airflow/dags/dag_postgres_operator_1.py", line 2, in <module>
    from airflow.providers.postgres.operators.postgres import PostgresOperator
ModuleNotFoundError: No module named 'airflow.providers.postgres.operators'
[2025-04-08T06:23:43.867+0000] {processor.py:927} WARNING - No viable dags retrieved from /opt/airflow/dags/dag_postgres_operator_1.py
[2025-04-08T06:23:43.887+0000] {processor.py:208} INFO - Processing /opt/airflow/dags/dag_postgres_operator_1.py took 0.030 seconds
[2025-04-08T06:24:14.291+0000] {processor.py:186} INFO - Started process (PID=509) to work on /opt/airflow/dags/dag_postgres_operator_1.py
[2025-04-08T06:24:14.293+0000] {processor.py:914} INFO - Processing file /opt/airflow/dags/dag_postgres_operator_1.py for tasks to queue
[2025-04-08T06:24:14.298+0000] {logging_mixin.py:190} INFO - [2025-04-08T06:24:14.297+0000] {dagbag.py:588} INFO - Filling up the DagBag from /opt/airflow/dags/dag_postgres_operator_1.py
[2025-04-08T06:24:14.305+0000] {logging_mixin.py:190} INFO - [2025-04-08T06:24:14.304+0000] {dagbag.py:387} ERROR - Failed to import: /opt/airflow/dags/dag_postgres_operator_1.py
Traceback (most recent call last):
  File "/home/airflow/.local/lib/python3.12/site-packages/airflow/models/dagbag.py", line 383, in parse
    loader.exec_module(new_module)
  File "<frozen importlib._bootstrap_external>", line 999, in exec_module
  File "<frozen importlib._bootstrap>", line 488, in _call_with_frames_removed
  File "/opt/airflow/dags/dag_postgres_operator_1.py", line 2, in <module>
    from airflow.providers.postgres.operators.postgres import PostgresOperator
ModuleNotFoundError: No module named 'airflow.providers.postgres.operators'
[2025-04-08T06:24:14.306+0000] {processor.py:927} WARNING - No viable dags retrieved from /opt/airflow/dags/dag_postgres_operator_1.py
[2025-04-08T06:24:14.331+0000] {processor.py:208} INFO - Processing /opt/airflow/dags/dag_postgres_operator_1.py took 0.049 seconds
[2025-04-08T06:24:44.758+0000] {processor.py:186} INFO - Started process (PID=530) to work on /opt/airflow/dags/dag_postgres_operator_1.py
[2025-04-08T06:24:44.759+0000] {processor.py:914} INFO - Processing file /opt/airflow/dags/dag_postgres_operator_1.py for tasks to queue
[2025-04-08T06:24:44.762+0000] {logging_mixin.py:190} INFO - [2025-04-08T06:24:44.761+0000] {dagbag.py:588} INFO - Filling up the DagBag from /opt/airflow/dags/dag_postgres_operator_1.py
[2025-04-08T06:24:44.778+0000] {logging_mixin.py:190} INFO - [2025-04-08T06:24:44.777+0000] {dagbag.py:387} ERROR - Failed to import: /opt/airflow/dags/dag_postgres_operator_1.py
Traceback (most recent call last):
  File "/home/airflow/.local/lib/python3.12/site-packages/airflow/models/dagbag.py", line 383, in parse
    loader.exec_module(new_module)
  File "<frozen importlib._bootstrap_external>", line 999, in exec_module
  File "<frozen importlib._bootstrap>", line 488, in _call_with_frames_removed
  File "/opt/airflow/dags/dag_postgres_operator_1.py", line 2, in <module>
    from airflow.providers.postgres.operators.postgres import PostgresOperator
ModuleNotFoundError: No module named 'airflow.providers.postgres.operators'
[2025-04-08T06:24:44.778+0000] {processor.py:927} WARNING - No viable dags retrieved from /opt/airflow/dags/dag_postgres_operator_1.py
[2025-04-08T06:24:44.801+0000] {processor.py:208} INFO - Processing /opt/airflow/dags/dag_postgres_operator_1.py took 0.050 seconds
[2025-04-08T06:25:15.184+0000] {processor.py:186} INFO - Started process (PID=551) to work on /opt/airflow/dags/dag_postgres_operator_1.py
[2025-04-08T06:25:15.185+0000] {processor.py:914} INFO - Processing file /opt/airflow/dags/dag_postgres_operator_1.py for tasks to queue
[2025-04-08T06:25:15.186+0000] {logging_mixin.py:190} INFO - [2025-04-08T06:25:15.186+0000] {dagbag.py:588} INFO - Filling up the DagBag from /opt/airflow/dags/dag_postgres_operator_1.py
[2025-04-08T06:25:15.190+0000] {logging_mixin.py:190} INFO - [2025-04-08T06:25:15.189+0000] {dagbag.py:387} ERROR - Failed to import: /opt/airflow/dags/dag_postgres_operator_1.py
Traceback (most recent call last):
  File "/home/airflow/.local/lib/python3.12/site-packages/airflow/models/dagbag.py", line 383, in parse
    loader.exec_module(new_module)
  File "<frozen importlib._bootstrap_external>", line 999, in exec_module
  File "<frozen importlib._bootstrap>", line 488, in _call_with_frames_removed
  File "/opt/airflow/dags/dag_postgres_operator_1.py", line 2, in <module>
    from airflow.providers.postgres.operators.postgres import PostgresOperator
ModuleNotFoundError: No module named 'airflow.providers.postgres.operators'
[2025-04-08T06:25:15.191+0000] {processor.py:927} WARNING - No viable dags retrieved from /opt/airflow/dags/dag_postgres_operator_1.py
[2025-04-08T06:25:15.205+0000] {processor.py:208} INFO - Processing /opt/airflow/dags/dag_postgres_operator_1.py took 0.025 seconds
[2025-04-08T06:25:45.654+0000] {processor.py:186} INFO - Started process (PID=572) to work on /opt/airflow/dags/dag_postgres_operator_1.py
[2025-04-08T06:25:45.656+0000] {processor.py:914} INFO - Processing file /opt/airflow/dags/dag_postgres_operator_1.py for tasks to queue
[2025-04-08T06:25:45.660+0000] {logging_mixin.py:190} INFO - [2025-04-08T06:25:45.659+0000] {dagbag.py:588} INFO - Filling up the DagBag from /opt/airflow/dags/dag_postgres_operator_1.py
[2025-04-08T06:25:45.668+0000] {logging_mixin.py:190} INFO - [2025-04-08T06:25:45.666+0000] {dagbag.py:387} ERROR - Failed to import: /opt/airflow/dags/dag_postgres_operator_1.py
Traceback (most recent call last):
  File "/home/airflow/.local/lib/python3.12/site-packages/airflow/models/dagbag.py", line 383, in parse
    loader.exec_module(new_module)
  File "<frozen importlib._bootstrap_external>", line 999, in exec_module
  File "<frozen importlib._bootstrap>", line 488, in _call_with_frames_removed
  File "/opt/airflow/dags/dag_postgres_operator_1.py", line 2, in <module>
    from airflow.providers.postgres.operators.postgres import PostgresOperator
ModuleNotFoundError: No module named 'airflow.providers.postgres.operators'
[2025-04-08T06:25:45.669+0000] {processor.py:927} WARNING - No viable dags retrieved from /opt/airflow/dags/dag_postgres_operator_1.py
[2025-04-08T06:25:45.691+0000] {processor.py:208} INFO - Processing /opt/airflow/dags/dag_postgres_operator_1.py took 0.048 seconds
[2025-04-08T06:26:35.897+0000] {processor.py:186} INFO - Started process (PID=174) to work on /opt/airflow/dags/dag_postgres_operator_1.py
[2025-04-08T06:26:35.898+0000] {processor.py:914} INFO - Processing file /opt/airflow/dags/dag_postgres_operator_1.py for tasks to queue
[2025-04-08T06:26:35.903+0000] {logging_mixin.py:190} INFO - [2025-04-08T06:26:35.900+0000] {dagbag.py:588} INFO - Filling up the DagBag from /opt/airflow/dags/dag_postgres_operator_1.py
[2025-04-08T06:26:35.907+0000] {logging_mixin.py:190} INFO - [2025-04-08T06:26:35.905+0000] {dagbag.py:387} ERROR - Failed to import: /opt/airflow/dags/dag_postgres_operator_1.py
Traceback (most recent call last):
  File "/home/airflow/.local/lib/python3.12/site-packages/airflow/models/dagbag.py", line 383, in parse
    loader.exec_module(new_module)
  File "<frozen importlib._bootstrap_external>", line 999, in exec_module
  File "<frozen importlib._bootstrap>", line 488, in _call_with_frames_removed
  File "/opt/airflow/dags/dag_postgres_operator_1.py", line 2, in <module>
    from airflow.providers.postgres.operators.postgres import PostgresOperator
ModuleNotFoundError: No module named 'airflow.providers.postgres.operators'
[2025-04-08T06:26:35.908+0000] {processor.py:927} WARNING - No viable dags retrieved from /opt/airflow/dags/dag_postgres_operator_1.py
[2025-04-08T06:26:35.928+0000] {processor.py:208} INFO - Processing /opt/airflow/dags/dag_postgres_operator_1.py took 0.039 seconds
[2025-04-08T06:27:06.314+0000] {processor.py:186} INFO - Started process (PID=201) to work on /opt/airflow/dags/dag_postgres_operator_1.py
[2025-04-08T06:27:06.315+0000] {processor.py:914} INFO - Processing file /opt/airflow/dags/dag_postgres_operator_1.py for tasks to queue
[2025-04-08T06:27:06.318+0000] {logging_mixin.py:190} INFO - [2025-04-08T06:27:06.318+0000] {dagbag.py:588} INFO - Filling up the DagBag from /opt/airflow/dags/dag_postgres_operator_1.py
[2025-04-08T06:27:06.325+0000] {logging_mixin.py:190} INFO - [2025-04-08T06:27:06.324+0000] {dagbag.py:387} ERROR - Failed to import: /opt/airflow/dags/dag_postgres_operator_1.py
Traceback (most recent call last):
  File "/home/airflow/.local/lib/python3.12/site-packages/airflow/models/dagbag.py", line 383, in parse
    loader.exec_module(new_module)
  File "<frozen importlib._bootstrap_external>", line 999, in exec_module
  File "<frozen importlib._bootstrap>", line 488, in _call_with_frames_removed
  File "/opt/airflow/dags/dag_postgres_operator_1.py", line 2, in <module>
    from airflow.providers.postgres.operators.postgres import PostgresOperator
ModuleNotFoundError: No module named 'airflow.providers.postgres.operators'
[2025-04-08T06:27:06.325+0000] {processor.py:927} WARNING - No viable dags retrieved from /opt/airflow/dags/dag_postgres_operator_1.py
[2025-04-08T06:27:06.344+0000] {processor.py:208} INFO - Processing /opt/airflow/dags/dag_postgres_operator_1.py took 0.040 seconds
[2025-04-08T06:27:36.798+0000] {processor.py:186} INFO - Started process (PID=222) to work on /opt/airflow/dags/dag_postgres_operator_1.py
[2025-04-08T06:27:36.799+0000] {processor.py:914} INFO - Processing file /opt/airflow/dags/dag_postgres_operator_1.py for tasks to queue
[2025-04-08T06:27:36.801+0000] {logging_mixin.py:190} INFO - [2025-04-08T06:27:36.801+0000] {dagbag.py:588} INFO - Filling up the DagBag from /opt/airflow/dags/dag_postgres_operator_1.py
[2025-04-08T06:27:36.807+0000] {logging_mixin.py:190} INFO - [2025-04-08T06:27:36.805+0000] {dagbag.py:387} ERROR - Failed to import: /opt/airflow/dags/dag_postgres_operator_1.py
Traceback (most recent call last):
  File "/home/airflow/.local/lib/python3.12/site-packages/airflow/models/dagbag.py", line 383, in parse
    loader.exec_module(new_module)
  File "<frozen importlib._bootstrap_external>", line 999, in exec_module
  File "<frozen importlib._bootstrap>", line 488, in _call_with_frames_removed
  File "/opt/airflow/dags/dag_postgres_operator_1.py", line 2, in <module>
    from airflow.providers.postgres.operators.postgres import PostgresOperator
ModuleNotFoundError: No module named 'airflow.providers.postgres.operators'
[2025-04-08T06:27:36.808+0000] {processor.py:927} WARNING - No viable dags retrieved from /opt/airflow/dags/dag_postgres_operator_1.py
[2025-04-08T06:27:36.827+0000] {processor.py:208} INFO - Processing /opt/airflow/dags/dag_postgres_operator_1.py took 0.041 seconds
[2025-04-08T06:28:07.267+0000] {processor.py:186} INFO - Started process (PID=243) to work on /opt/airflow/dags/dag_postgres_operator_1.py
[2025-04-08T06:28:07.269+0000] {processor.py:914} INFO - Processing file /opt/airflow/dags/dag_postgres_operator_1.py for tasks to queue
[2025-04-08T06:28:07.277+0000] {logging_mixin.py:190} INFO - [2025-04-08T06:28:07.276+0000] {dagbag.py:588} INFO - Filling up the DagBag from /opt/airflow/dags/dag_postgres_operator_1.py
[2025-04-08T06:28:07.288+0000] {logging_mixin.py:190} INFO - [2025-04-08T06:28:07.284+0000] {dagbag.py:387} ERROR - Failed to import: /opt/airflow/dags/dag_postgres_operator_1.py
Traceback (most recent call last):
  File "/home/airflow/.local/lib/python3.12/site-packages/airflow/models/dagbag.py", line 383, in parse
    loader.exec_module(new_module)
  File "<frozen importlib._bootstrap_external>", line 999, in exec_module
  File "<frozen importlib._bootstrap>", line 488, in _call_with_frames_removed
  File "/opt/airflow/dags/dag_postgres_operator_1.py", line 2, in <module>
    from airflow.providers.postgres.operators.postgres import PostgresOperator
ModuleNotFoundError: No module named 'airflow.providers.postgres.operators'
[2025-04-08T06:28:07.288+0000] {processor.py:927} WARNING - No viable dags retrieved from /opt/airflow/dags/dag_postgres_operator_1.py
[2025-04-08T06:28:07.311+0000] {processor.py:208} INFO - Processing /opt/airflow/dags/dag_postgres_operator_1.py took 0.059 seconds
[2025-04-08T06:28:37.741+0000] {processor.py:186} INFO - Started process (PID=264) to work on /opt/airflow/dags/dag_postgres_operator_1.py
[2025-04-08T06:28:37.742+0000] {processor.py:914} INFO - Processing file /opt/airflow/dags/dag_postgres_operator_1.py for tasks to queue
[2025-04-08T06:28:37.746+0000] {logging_mixin.py:190} INFO - [2025-04-08T06:28:37.746+0000] {dagbag.py:588} INFO - Filling up the DagBag from /opt/airflow/dags/dag_postgres_operator_1.py
[2025-04-08T06:28:37.758+0000] {logging_mixin.py:190} INFO - [2025-04-08T06:28:37.753+0000] {dagbag.py:387} ERROR - Failed to import: /opt/airflow/dags/dag_postgres_operator_1.py
Traceback (most recent call last):
  File "/home/airflow/.local/lib/python3.12/site-packages/airflow/models/dagbag.py", line 383, in parse
    loader.exec_module(new_module)
  File "<frozen importlib._bootstrap_external>", line 999, in exec_module
  File "<frozen importlib._bootstrap>", line 488, in _call_with_frames_removed
  File "/opt/airflow/dags/dag_postgres_operator_1.py", line 2, in <module>
    from airflow.providers.postgres.operators.postgres import PostgresOperator
ModuleNotFoundError: No module named 'airflow.providers.postgres.operators'
[2025-04-08T06:28:37.758+0000] {processor.py:927} WARNING - No viable dags retrieved from /opt/airflow/dags/dag_postgres_operator_1.py
[2025-04-08T06:28:37.796+0000] {processor.py:208} INFO - Processing /opt/airflow/dags/dag_postgres_operator_1.py took 0.072 seconds
[2025-04-08T06:29:08.169+0000] {processor.py:186} INFO - Started process (PID=285) to work on /opt/airflow/dags/dag_postgres_operator_1.py
[2025-04-08T06:29:08.171+0000] {processor.py:914} INFO - Processing file /opt/airflow/dags/dag_postgres_operator_1.py for tasks to queue
[2025-04-08T06:29:08.179+0000] {logging_mixin.py:190} INFO - [2025-04-08T06:29:08.179+0000] {dagbag.py:588} INFO - Filling up the DagBag from /opt/airflow/dags/dag_postgres_operator_1.py
[2025-04-08T06:29:08.189+0000] {logging_mixin.py:190} INFO - [2025-04-08T06:29:08.187+0000] {dagbag.py:387} ERROR - Failed to import: /opt/airflow/dags/dag_postgres_operator_1.py
Traceback (most recent call last):
  File "/home/airflow/.local/lib/python3.12/site-packages/airflow/models/dagbag.py", line 383, in parse
    loader.exec_module(new_module)
  File "<frozen importlib._bootstrap_external>", line 999, in exec_module
  File "<frozen importlib._bootstrap>", line 488, in _call_with_frames_removed
  File "/opt/airflow/dags/dag_postgres_operator_1.py", line 2, in <module>
    from airflow.providers.postgres.operators.postgres import PostgresOperator
ModuleNotFoundError: No module named 'airflow.providers.postgres.operators'
[2025-04-08T06:29:08.193+0000] {processor.py:927} WARNING - No viable dags retrieved from /opt/airflow/dags/dag_postgres_operator_1.py
[2025-04-08T06:29:08.228+0000] {processor.py:208} INFO - Processing /opt/airflow/dags/dag_postgres_operator_1.py took 0.074 seconds
[2025-04-08T06:29:31.963+0000] {processor.py:186} INFO - Started process (PID=300) to work on /opt/airflow/dags/dag_postgres_operator_1.py
[2025-04-08T06:29:31.964+0000] {processor.py:914} INFO - Processing file /opt/airflow/dags/dag_postgres_operator_1.py for tasks to queue
[2025-04-08T06:29:31.966+0000] {logging_mixin.py:190} INFO - [2025-04-08T06:29:31.965+0000] {dagbag.py:588} INFO - Filling up the DagBag from /opt/airflow/dags/dag_postgres_operator_1.py
[2025-04-08T06:29:31.980+0000] {logging_mixin.py:190} INFO - [2025-04-08T06:29:31.976+0000] {dagbag.py:387} ERROR - Failed to import: /opt/airflow/dags/dag_postgres_operator_1.py
Traceback (most recent call last):
  File "/home/airflow/.local/lib/python3.12/site-packages/airflow/models/dagbag.py", line 383, in parse
    loader.exec_module(new_module)
  File "<frozen importlib._bootstrap_external>", line 999, in exec_module
  File "<frozen importlib._bootstrap>", line 488, in _call_with_frames_removed
  File "/opt/airflow/dags/dag_postgres_operator_1.py", line 18, in <module>
    task1 = PostgresOperator(
            ^^^^^^^^^^^^^^^^
NameError: name 'PostgresOperator' is not defined
[2025-04-08T06:29:31.983+0000] {processor.py:927} WARNING - No viable dags retrieved from /opt/airflow/dags/dag_postgres_operator_1.py
[2025-04-08T06:29:31.998+0000] {processor.py:208} INFO - Processing /opt/airflow/dags/dag_postgres_operator_1.py took 0.041 seconds
[2025-04-08T06:30:02.460+0000] {processor.py:186} INFO - Started process (PID=321) to work on /opt/airflow/dags/dag_postgres_operator_1.py
[2025-04-08T06:30:02.462+0000] {processor.py:914} INFO - Processing file /opt/airflow/dags/dag_postgres_operator_1.py for tasks to queue
[2025-04-08T06:30:02.464+0000] {logging_mixin.py:190} INFO - [2025-04-08T06:30:02.464+0000] {dagbag.py:588} INFO - Filling up the DagBag from /opt/airflow/dags/dag_postgres_operator_1.py
[2025-04-08T06:30:02.475+0000] {logging_mixin.py:190} INFO - [2025-04-08T06:30:02.471+0000] {dagbag.py:387} ERROR - Failed to import: /opt/airflow/dags/dag_postgres_operator_1.py
Traceback (most recent call last):
  File "/home/airflow/.local/lib/python3.12/site-packages/airflow/models/dagbag.py", line 383, in parse
    loader.exec_module(new_module)
  File "<frozen importlib._bootstrap_external>", line 999, in exec_module
  File "<frozen importlib._bootstrap>", line 488, in _call_with_frames_removed
  File "/opt/airflow/dags/dag_postgres_operator_1.py", line 18, in <module>
    task1 = PostgresOperator(
            ^^^^^^^^^^^^^^^^
NameError: name 'PostgresOperator' is not defined
[2025-04-08T06:30:02.478+0000] {processor.py:927} WARNING - No viable dags retrieved from /opt/airflow/dags/dag_postgres_operator_1.py
[2025-04-08T06:30:02.489+0000] {processor.py:208} INFO - Processing /opt/airflow/dags/dag_postgres_operator_1.py took 0.039 seconds
[2025-04-08T06:30:20.735+0000] {processor.py:186} INFO - Started process (PID=342) to work on /opt/airflow/dags/dag_postgres_operator_1.py
[2025-04-08T06:30:20.736+0000] {processor.py:914} INFO - Processing file /opt/airflow/dags/dag_postgres_operator_1.py for tasks to queue
[2025-04-08T06:30:20.738+0000] {logging_mixin.py:190} INFO - [2025-04-08T06:30:20.737+0000] {dagbag.py:588} INFO - Filling up the DagBag from /opt/airflow/dags/dag_postgres_operator_1.py
[2025-04-08T06:30:21.012+0000] {logging_mixin.py:190} INFO - [2025-04-08T06:30:21.011+0000] {dagbag.py:387} ERROR - Failed to import: /opt/airflow/dags/dag_postgres_operator_1.py
Traceback (most recent call last):
  File "/home/airflow/.local/lib/python3.12/site-packages/airflow/models/dagbag.py", line 383, in parse
    loader.exec_module(new_module)
  File "<frozen importlib._bootstrap_external>", line 999, in exec_module
  File "<frozen importlib._bootstrap>", line 488, in _call_with_frames_removed
  File "/opt/airflow/dags/dag_postgres_operator_1.py", line 24, in <module>
    start_date=datetime(2025, 3, 18),
               ^^^^^^^^^^^^^^^^^^^^^
TypeError: 'module' object is not callable. Did you mean: 'datetime.datetime(...)'?
[2025-04-08T06:30:21.013+0000] {processor.py:927} WARNING - No viable dags retrieved from /opt/airflow/dags/dag_postgres_operator_1.py
[2025-04-08T06:30:21.018+0000] {processor.py:208} INFO - Processing /opt/airflow/dags/dag_postgres_operator_1.py took 0.287 seconds
[2025-04-08T06:30:51.214+0000] {processor.py:186} INFO - Started process (PID=363) to work on /opt/airflow/dags/dag_postgres_operator_1.py
[2025-04-08T06:30:51.215+0000] {processor.py:914} INFO - Processing file /opt/airflow/dags/dag_postgres_operator_1.py for tasks to queue
[2025-04-08T06:30:51.216+0000] {logging_mixin.py:190} INFO - [2025-04-08T06:30:51.216+0000] {dagbag.py:588} INFO - Filling up the DagBag from /opt/airflow/dags/dag_postgres_operator_1.py
[2025-04-08T06:30:51.498+0000] {logging_mixin.py:190} INFO - [2025-04-08T06:30:51.497+0000] {dagbag.py:387} ERROR - Failed to import: /opt/airflow/dags/dag_postgres_operator_1.py
Traceback (most recent call last):
  File "/home/airflow/.local/lib/python3.12/site-packages/airflow/models/dagbag.py", line 383, in parse
    loader.exec_module(new_module)
  File "<frozen importlib._bootstrap_external>", line 999, in exec_module
  File "<frozen importlib._bootstrap>", line 488, in _call_with_frames_removed
  File "/opt/airflow/dags/dag_postgres_operator_1.py", line 24, in <module>
    start_date=datetime(2025, 3, 18),
               ^^^^^^^^^^^^^^^^^^^^^
TypeError: 'module' object is not callable. Did you mean: 'datetime.datetime(...)'?
[2025-04-08T06:30:51.498+0000] {processor.py:927} WARNING - No viable dags retrieved from /opt/airflow/dags/dag_postgres_operator_1.py
[2025-04-08T06:30:51.502+0000] {processor.py:208} INFO - Processing /opt/airflow/dags/dag_postgres_operator_1.py took 0.295 seconds
[2025-04-08T06:31:21.750+0000] {processor.py:186} INFO - Started process (PID=384) to work on /opt/airflow/dags/dag_postgres_operator_1.py
[2025-04-08T06:31:21.753+0000] {processor.py:914} INFO - Processing file /opt/airflow/dags/dag_postgres_operator_1.py for tasks to queue
[2025-04-08T06:31:21.756+0000] {logging_mixin.py:190} INFO - [2025-04-08T06:31:21.755+0000] {dagbag.py:588} INFO - Filling up the DagBag from /opt/airflow/dags/dag_postgres_operator_1.py
[2025-04-08T06:31:22.071+0000] {logging_mixin.py:190} INFO - [2025-04-08T06:31:22.071+0000] {dagbag.py:387} ERROR - Failed to import: /opt/airflow/dags/dag_postgres_operator_1.py
Traceback (most recent call last):
  File "/home/airflow/.local/lib/python3.12/site-packages/airflow/models/dagbag.py", line 383, in parse
    loader.exec_module(new_module)
  File "<frozen importlib._bootstrap_external>", line 999, in exec_module
  File "<frozen importlib._bootstrap>", line 488, in _call_with_frames_removed
  File "/opt/airflow/dags/dag_postgres_operator_1.py", line 24, in <module>
    start_date=datetime(2025, 3, 18),
               ^^^^^^^^^^^^^^^^^^^^^
TypeError: 'module' object is not callable. Did you mean: 'datetime.datetime(...)'?
[2025-04-08T06:31:22.072+0000] {processor.py:927} WARNING - No viable dags retrieved from /opt/airflow/dags/dag_postgres_operator_1.py
[2025-04-08T06:31:22.076+0000] {processor.py:208} INFO - Processing /opt/airflow/dags/dag_postgres_operator_1.py took 0.334 seconds
