[2025-04-08T20:18:51.749+0000] {processor.py:186} INFO - Started process (PID=16911) to work on /opt/airflow/dags/insert_data_postgres.py
[2025-04-08T20:18:51.750+0000] {processor.py:914} INFO - Processing file /opt/airflow/dags/insert_data_postgres.py for tasks to queue
[2025-04-08T20:18:51.751+0000] {logging_mixin.py:190} INFO - [2025-04-08T20:18:51.750+0000] {dagbag.py:588} INFO - Filling up the DagBag from /opt/airflow/dags/insert_data_postgres.py
[2025-04-08T20:18:51.756+0000] {processor.py:927} WARNING - No viable dags retrieved from /opt/airflow/dags/insert_data_postgres.py
[2025-04-08T20:18:51.766+0000] {processor.py:208} INFO - Processing /opt/airflow/dags/insert_data_postgres.py took 0.023 seconds
[2025-04-08T20:19:22.604+0000] {processor.py:186} INFO - Started process (PID=16957) to work on /opt/airflow/dags/insert_data_postgres.py
[2025-04-08T20:19:22.604+0000] {processor.py:914} INFO - Processing file /opt/airflow/dags/insert_data_postgres.py for tasks to queue
[2025-04-08T20:19:22.607+0000] {logging_mixin.py:190} INFO - [2025-04-08T20:19:22.606+0000] {dagbag.py:588} INFO - Filling up the DagBag from /opt/airflow/dags/insert_data_postgres.py
[2025-04-08T20:19:22.613+0000] {processor.py:927} WARNING - No viable dags retrieved from /opt/airflow/dags/insert_data_postgres.py
[2025-04-08T20:19:22.626+0000] {processor.py:208} INFO - Processing /opt/airflow/dags/insert_data_postgres.py took 0.031 seconds
[2025-04-08T20:19:53.431+0000] {processor.py:186} INFO - Started process (PID=17003) to work on /opt/airflow/dags/insert_data_postgres.py
[2025-04-08T20:19:53.432+0000] {processor.py:914} INFO - Processing file /opt/airflow/dags/insert_data_postgres.py for tasks to queue
[2025-04-08T20:19:53.433+0000] {logging_mixin.py:190} INFO - [2025-04-08T20:19:53.433+0000] {dagbag.py:588} INFO - Filling up the DagBag from /opt/airflow/dags/insert_data_postgres.py
[2025-04-08T20:19:53.436+0000] {processor.py:927} WARNING - No viable dags retrieved from /opt/airflow/dags/insert_data_postgres.py
[2025-04-08T20:19:53.446+0000] {processor.py:208} INFO - Processing /opt/airflow/dags/insert_data_postgres.py took 0.019 seconds
[2025-04-08T20:20:24.186+0000] {processor.py:186} INFO - Started process (PID=17049) to work on /opt/airflow/dags/insert_data_postgres.py
[2025-04-08T20:20:24.187+0000] {processor.py:914} INFO - Processing file /opt/airflow/dags/insert_data_postgres.py for tasks to queue
[2025-04-08T20:20:24.189+0000] {logging_mixin.py:190} INFO - [2025-04-08T20:20:24.188+0000] {dagbag.py:588} INFO - Filling up the DagBag from /opt/airflow/dags/insert_data_postgres.py
[2025-04-08T20:20:24.192+0000] {processor.py:927} WARNING - No viable dags retrieved from /opt/airflow/dags/insert_data_postgres.py
[2025-04-08T20:20:24.205+0000] {processor.py:208} INFO - Processing /opt/airflow/dags/insert_data_postgres.py took 0.026 seconds
[2025-04-08T20:20:55.005+0000] {processor.py:186} INFO - Started process (PID=17095) to work on /opt/airflow/dags/insert_data_postgres.py
[2025-04-08T20:20:55.006+0000] {processor.py:914} INFO - Processing file /opt/airflow/dags/insert_data_postgres.py for tasks to queue
[2025-04-08T20:20:55.007+0000] {logging_mixin.py:190} INFO - [2025-04-08T20:20:55.007+0000] {dagbag.py:588} INFO - Filling up the DagBag from /opt/airflow/dags/insert_data_postgres.py
[2025-04-08T20:20:55.013+0000] {processor.py:927} WARNING - No viable dags retrieved from /opt/airflow/dags/insert_data_postgres.py
[2025-04-08T20:20:55.031+0000] {processor.py:208} INFO - Processing /opt/airflow/dags/insert_data_postgres.py took 0.033 seconds
[2025-04-08T20:21:25.784+0000] {processor.py:186} INFO - Started process (PID=17141) to work on /opt/airflow/dags/insert_data_postgres.py
[2025-04-08T20:21:25.786+0000] {processor.py:914} INFO - Processing file /opt/airflow/dags/insert_data_postgres.py for tasks to queue
[2025-04-08T20:21:25.787+0000] {logging_mixin.py:190} INFO - [2025-04-08T20:21:25.787+0000] {dagbag.py:588} INFO - Filling up the DagBag from /opt/airflow/dags/insert_data_postgres.py
[2025-04-08T20:21:25.793+0000] {processor.py:927} WARNING - No viable dags retrieved from /opt/airflow/dags/insert_data_postgres.py
[2025-04-08T20:21:25.806+0000] {processor.py:208} INFO - Processing /opt/airflow/dags/insert_data_postgres.py took 0.028 seconds
[2025-04-08T20:21:56.550+0000] {processor.py:186} INFO - Started process (PID=17187) to work on /opt/airflow/dags/insert_data_postgres.py
[2025-04-08T20:21:56.553+0000] {processor.py:914} INFO - Processing file /opt/airflow/dags/insert_data_postgres.py for tasks to queue
[2025-04-08T20:21:56.555+0000] {logging_mixin.py:190} INFO - [2025-04-08T20:21:56.554+0000] {dagbag.py:588} INFO - Filling up the DagBag from /opt/airflow/dags/insert_data_postgres.py
[2025-04-08T20:21:56.562+0000] {processor.py:927} WARNING - No viable dags retrieved from /opt/airflow/dags/insert_data_postgres.py
[2025-04-08T20:21:56.577+0000] {processor.py:208} INFO - Processing /opt/airflow/dags/insert_data_postgres.py took 0.037 seconds
[2025-04-08T20:22:26.694+0000] {processor.py:186} INFO - Started process (PID=17233) to work on /opt/airflow/dags/insert_data_postgres.py
[2025-04-08T20:22:26.695+0000] {processor.py:914} INFO - Processing file /opt/airflow/dags/insert_data_postgres.py for tasks to queue
[2025-04-08T20:22:26.698+0000] {logging_mixin.py:190} INFO - [2025-04-08T20:22:26.697+0000] {dagbag.py:588} INFO - Filling up the DagBag from /opt/airflow/dags/insert_data_postgres.py
[2025-04-08T20:22:26.702+0000] {processor.py:927} WARNING - No viable dags retrieved from /opt/airflow/dags/insert_data_postgres.py
[2025-04-08T20:22:26.716+0000] {processor.py:208} INFO - Processing /opt/airflow/dags/insert_data_postgres.py took 0.029 seconds
[2025-04-08T20:22:57.615+0000] {processor.py:186} INFO - Started process (PID=17279) to work on /opt/airflow/dags/insert_data_postgres.py
[2025-04-08T20:22:57.616+0000] {processor.py:914} INFO - Processing file /opt/airflow/dags/insert_data_postgres.py for tasks to queue
[2025-04-08T20:22:57.618+0000] {logging_mixin.py:190} INFO - [2025-04-08T20:22:57.617+0000] {dagbag.py:588} INFO - Filling up the DagBag from /opt/airflow/dags/insert_data_postgres.py
[2025-04-08T20:22:57.622+0000] {processor.py:927} WARNING - No viable dags retrieved from /opt/airflow/dags/insert_data_postgres.py
[2025-04-08T20:22:57.639+0000] {processor.py:208} INFO - Processing /opt/airflow/dags/insert_data_postgres.py took 0.030 seconds
[2025-04-08T20:23:28.594+0000] {processor.py:186} INFO - Started process (PID=17367) to work on /opt/airflow/dags/insert_data_postgres.py
[2025-04-08T20:23:28.596+0000] {processor.py:914} INFO - Processing file /opt/airflow/dags/insert_data_postgres.py for tasks to queue
[2025-04-08T20:23:28.598+0000] {logging_mixin.py:190} INFO - [2025-04-08T20:23:28.597+0000] {dagbag.py:588} INFO - Filling up the DagBag from /opt/airflow/dags/insert_data_postgres.py
[2025-04-08T20:23:28.605+0000] {processor.py:927} WARNING - No viable dags retrieved from /opt/airflow/dags/insert_data_postgres.py
[2025-04-08T20:23:28.621+0000] {processor.py:208} INFO - Processing /opt/airflow/dags/insert_data_postgres.py took 0.036 seconds
[2025-04-08T20:23:59.538+0000] {processor.py:186} INFO - Started process (PID=17413) to work on /opt/airflow/dags/insert_data_postgres.py
[2025-04-08T20:23:59.540+0000] {processor.py:914} INFO - Processing file /opt/airflow/dags/insert_data_postgres.py for tasks to queue
[2025-04-08T20:23:59.543+0000] {logging_mixin.py:190} INFO - [2025-04-08T20:23:59.543+0000] {dagbag.py:588} INFO - Filling up the DagBag from /opt/airflow/dags/insert_data_postgres.py
[2025-04-08T20:23:59.548+0000] {processor.py:927} WARNING - No viable dags retrieved from /opt/airflow/dags/insert_data_postgres.py
[2025-04-08T20:23:59.561+0000] {processor.py:208} INFO - Processing /opt/airflow/dags/insert_data_postgres.py took 0.030 seconds
[2025-04-08T20:24:30.269+0000] {processor.py:186} INFO - Started process (PID=17459) to work on /opt/airflow/dags/insert_data_postgres.py
[2025-04-08T20:24:30.271+0000] {processor.py:914} INFO - Processing file /opt/airflow/dags/insert_data_postgres.py for tasks to queue
[2025-04-08T20:24:30.273+0000] {logging_mixin.py:190} INFO - [2025-04-08T20:24:30.272+0000] {dagbag.py:588} INFO - Filling up the DagBag from /opt/airflow/dags/insert_data_postgres.py
[2025-04-08T20:24:30.278+0000] {processor.py:927} WARNING - No viable dags retrieved from /opt/airflow/dags/insert_data_postgres.py
[2025-04-08T20:24:30.291+0000] {processor.py:208} INFO - Processing /opt/airflow/dags/insert_data_postgres.py took 0.030 seconds
[2025-04-08T20:25:01.027+0000] {processor.py:186} INFO - Started process (PID=17505) to work on /opt/airflow/dags/insert_data_postgres.py
[2025-04-08T20:25:01.031+0000] {processor.py:914} INFO - Processing file /opt/airflow/dags/insert_data_postgres.py for tasks to queue
[2025-04-08T20:25:01.032+0000] {logging_mixin.py:190} INFO - [2025-04-08T20:25:01.031+0000] {dagbag.py:588} INFO - Filling up the DagBag from /opt/airflow/dags/insert_data_postgres.py
[2025-04-08T20:25:01.039+0000] {processor.py:927} WARNING - No viable dags retrieved from /opt/airflow/dags/insert_data_postgres.py
[2025-04-08T20:25:01.054+0000] {processor.py:208} INFO - Processing /opt/airflow/dags/insert_data_postgres.py took 0.034 seconds
[2025-04-08T20:25:31.851+0000] {processor.py:186} INFO - Started process (PID=17551) to work on /opt/airflow/dags/insert_data_postgres.py
[2025-04-08T20:25:31.852+0000] {processor.py:914} INFO - Processing file /opt/airflow/dags/insert_data_postgres.py for tasks to queue
[2025-04-08T20:25:31.854+0000] {logging_mixin.py:190} INFO - [2025-04-08T20:25:31.853+0000] {dagbag.py:588} INFO - Filling up the DagBag from /opt/airflow/dags/insert_data_postgres.py
[2025-04-08T20:25:31.858+0000] {processor.py:927} WARNING - No viable dags retrieved from /opt/airflow/dags/insert_data_postgres.py
[2025-04-08T20:25:31.870+0000] {processor.py:208} INFO - Processing /opt/airflow/dags/insert_data_postgres.py took 0.027 seconds
[2025-04-08T20:26:02.619+0000] {processor.py:186} INFO - Started process (PID=17597) to work on /opt/airflow/dags/insert_data_postgres.py
[2025-04-08T20:26:02.620+0000] {processor.py:914} INFO - Processing file /opt/airflow/dags/insert_data_postgres.py for tasks to queue
[2025-04-08T20:26:02.621+0000] {logging_mixin.py:190} INFO - [2025-04-08T20:26:02.621+0000] {dagbag.py:588} INFO - Filling up the DagBag from /opt/airflow/dags/insert_data_postgres.py
[2025-04-08T20:26:02.627+0000] {processor.py:927} WARNING - No viable dags retrieved from /opt/airflow/dags/insert_data_postgres.py
[2025-04-08T20:26:02.639+0000] {processor.py:208} INFO - Processing /opt/airflow/dags/insert_data_postgres.py took 0.027 seconds
[2025-04-08T20:26:33.327+0000] {processor.py:186} INFO - Started process (PID=17643) to work on /opt/airflow/dags/insert_data_postgres.py
[2025-04-08T20:26:33.327+0000] {processor.py:914} INFO - Processing file /opt/airflow/dags/insert_data_postgres.py for tasks to queue
[2025-04-08T20:26:33.329+0000] {logging_mixin.py:190} INFO - [2025-04-08T20:26:33.328+0000] {dagbag.py:588} INFO - Filling up the DagBag from /opt/airflow/dags/insert_data_postgres.py
[2025-04-08T20:26:33.332+0000] {processor.py:927} WARNING - No viable dags retrieved from /opt/airflow/dags/insert_data_postgres.py
[2025-04-08T20:26:33.340+0000] {processor.py:208} INFO - Processing /opt/airflow/dags/insert_data_postgres.py took 0.018 seconds
[2025-04-08T20:27:04.093+0000] {processor.py:186} INFO - Started process (PID=17689) to work on /opt/airflow/dags/insert_data_postgres.py
[2025-04-08T20:27:04.094+0000] {processor.py:914} INFO - Processing file /opt/airflow/dags/insert_data_postgres.py for tasks to queue
[2025-04-08T20:27:04.095+0000] {logging_mixin.py:190} INFO - [2025-04-08T20:27:04.094+0000] {dagbag.py:588} INFO - Filling up the DagBag from /opt/airflow/dags/insert_data_postgres.py
[2025-04-08T20:27:04.097+0000] {processor.py:927} WARNING - No viable dags retrieved from /opt/airflow/dags/insert_data_postgres.py
[2025-04-08T20:27:04.107+0000] {processor.py:208} INFO - Processing /opt/airflow/dags/insert_data_postgres.py took 0.018 seconds
[2025-04-08T20:27:34.530+0000] {processor.py:186} INFO - Started process (PID=17735) to work on /opt/airflow/dags/insert_data_postgres.py
[2025-04-08T20:27:34.531+0000] {processor.py:914} INFO - Processing file /opt/airflow/dags/insert_data_postgres.py for tasks to queue
[2025-04-08T20:27:34.533+0000] {logging_mixin.py:190} INFO - [2025-04-08T20:27:34.533+0000] {dagbag.py:588} INFO - Filling up the DagBag from /opt/airflow/dags/insert_data_postgres.py
[2025-04-08T20:27:34.536+0000] {processor.py:927} WARNING - No viable dags retrieved from /opt/airflow/dags/insert_data_postgres.py
[2025-04-08T20:27:34.549+0000] {processor.py:208} INFO - Processing /opt/airflow/dags/insert_data_postgres.py took 0.026 seconds
[2025-04-08T20:28:05.295+0000] {processor.py:186} INFO - Started process (PID=17781) to work on /opt/airflow/dags/insert_data_postgres.py
[2025-04-08T20:28:05.296+0000] {processor.py:914} INFO - Processing file /opt/airflow/dags/insert_data_postgres.py for tasks to queue
[2025-04-08T20:28:05.298+0000] {logging_mixin.py:190} INFO - [2025-04-08T20:28:05.297+0000] {dagbag.py:588} INFO - Filling up the DagBag from /opt/airflow/dags/insert_data_postgres.py
[2025-04-08T20:28:05.301+0000] {processor.py:927} WARNING - No viable dags retrieved from /opt/airflow/dags/insert_data_postgres.py
[2025-04-08T20:28:05.314+0000] {processor.py:208} INFO - Processing /opt/airflow/dags/insert_data_postgres.py took 0.027 seconds
[2025-04-08T20:28:36.107+0000] {processor.py:186} INFO - Started process (PID=17827) to work on /opt/airflow/dags/insert_data_postgres.py
[2025-04-08T20:28:36.109+0000] {processor.py:914} INFO - Processing file /opt/airflow/dags/insert_data_postgres.py for tasks to queue
[2025-04-08T20:28:36.110+0000] {logging_mixin.py:190} INFO - [2025-04-08T20:28:36.109+0000] {dagbag.py:588} INFO - Filling up the DagBag from /opt/airflow/dags/insert_data_postgres.py
[2025-04-08T20:28:36.113+0000] {processor.py:927} WARNING - No viable dags retrieved from /opt/airflow/dags/insert_data_postgres.py
[2025-04-08T20:28:36.127+0000] {processor.py:208} INFO - Processing /opt/airflow/dags/insert_data_postgres.py took 0.027 seconds
[2025-04-08T20:29:06.944+0000] {processor.py:186} INFO - Started process (PID=17873) to work on /opt/airflow/dags/insert_data_postgres.py
[2025-04-08T20:29:06.945+0000] {processor.py:914} INFO - Processing file /opt/airflow/dags/insert_data_postgres.py for tasks to queue
[2025-04-08T20:29:06.946+0000] {logging_mixin.py:190} INFO - [2025-04-08T20:29:06.946+0000] {dagbag.py:588} INFO - Filling up the DagBag from /opt/airflow/dags/insert_data_postgres.py
[2025-04-08T20:29:07.048+0000] {processor.py:927} WARNING - No viable dags retrieved from /opt/airflow/dags/insert_data_postgres.py
[2025-04-08T20:29:07.062+0000] {processor.py:208} INFO - Processing /opt/airflow/dags/insert_data_postgres.py took 0.125 seconds
[2025-04-08T20:29:38.050+0000] {processor.py:186} INFO - Started process (PID=17919) to work on /opt/airflow/dags/insert_data_postgres.py
[2025-04-08T20:29:38.051+0000] {processor.py:914} INFO - Processing file /opt/airflow/dags/insert_data_postgres.py for tasks to queue
[2025-04-08T20:29:38.052+0000] {logging_mixin.py:190} INFO - [2025-04-08T20:29:38.051+0000] {dagbag.py:588} INFO - Filling up the DagBag from /opt/airflow/dags/insert_data_postgres.py
[2025-04-08T20:29:38.056+0000] {processor.py:927} WARNING - No viable dags retrieved from /opt/airflow/dags/insert_data_postgres.py
[2025-04-08T20:29:38.066+0000] {processor.py:208} INFO - Processing /opt/airflow/dags/insert_data_postgres.py took 0.023 seconds
[2025-04-08T20:30:08.977+0000] {processor.py:186} INFO - Started process (PID=17965) to work on /opt/airflow/dags/insert_data_postgres.py
[2025-04-08T20:30:08.977+0000] {processor.py:914} INFO - Processing file /opt/airflow/dags/insert_data_postgres.py for tasks to queue
[2025-04-08T20:30:08.979+0000] {logging_mixin.py:190} INFO - [2025-04-08T20:30:08.979+0000] {dagbag.py:588} INFO - Filling up the DagBag from /opt/airflow/dags/insert_data_postgres.py
[2025-04-08T20:30:08.984+0000] {processor.py:927} WARNING - No viable dags retrieved from /opt/airflow/dags/insert_data_postgres.py
[2025-04-08T20:30:08.997+0000] {processor.py:208} INFO - Processing /opt/airflow/dags/insert_data_postgres.py took 0.027 seconds
[2025-04-08T20:30:39.846+0000] {processor.py:186} INFO - Started process (PID=18011) to work on /opt/airflow/dags/insert_data_postgres.py
[2025-04-08T20:30:39.847+0000] {processor.py:914} INFO - Processing file /opt/airflow/dags/insert_data_postgres.py for tasks to queue
[2025-04-08T20:30:39.848+0000] {logging_mixin.py:190} INFO - [2025-04-08T20:30:39.848+0000] {dagbag.py:588} INFO - Filling up the DagBag from /opt/airflow/dags/insert_data_postgres.py
[2025-04-08T20:30:39.852+0000] {processor.py:927} WARNING - No viable dags retrieved from /opt/airflow/dags/insert_data_postgres.py
[2025-04-08T20:30:39.862+0000] {processor.py:208} INFO - Processing /opt/airflow/dags/insert_data_postgres.py took 0.022 seconds
[2025-04-08T20:31:10.652+0000] {processor.py:186} INFO - Started process (PID=18057) to work on /opt/airflow/dags/insert_data_postgres.py
[2025-04-08T20:31:10.653+0000] {processor.py:914} INFO - Processing file /opt/airflow/dags/insert_data_postgres.py for tasks to queue
[2025-04-08T20:31:10.655+0000] {logging_mixin.py:190} INFO - [2025-04-08T20:31:10.655+0000] {dagbag.py:588} INFO - Filling up the DagBag from /opt/airflow/dags/insert_data_postgres.py
[2025-04-08T20:31:10.659+0000] {processor.py:927} WARNING - No viable dags retrieved from /opt/airflow/dags/insert_data_postgres.py
[2025-04-08T20:31:10.670+0000] {processor.py:208} INFO - Processing /opt/airflow/dags/insert_data_postgres.py took 0.025 seconds
[2025-04-08T20:31:41.492+0000] {processor.py:186} INFO - Started process (PID=18103) to work on /opt/airflow/dags/insert_data_postgres.py
[2025-04-08T20:31:41.492+0000] {processor.py:914} INFO - Processing file /opt/airflow/dags/insert_data_postgres.py for tasks to queue
[2025-04-08T20:31:41.493+0000] {logging_mixin.py:190} INFO - [2025-04-08T20:31:41.493+0000] {dagbag.py:588} INFO - Filling up the DagBag from /opt/airflow/dags/insert_data_postgres.py
[2025-04-08T20:31:41.495+0000] {processor.py:927} WARNING - No viable dags retrieved from /opt/airflow/dags/insert_data_postgres.py
[2025-04-08T20:31:41.503+0000] {processor.py:208} INFO - Processing /opt/airflow/dags/insert_data_postgres.py took 0.015 seconds
[2025-04-08T20:32:12.296+0000] {processor.py:186} INFO - Started process (PID=18149) to work on /opt/airflow/dags/insert_data_postgres.py
[2025-04-08T20:32:12.297+0000] {processor.py:914} INFO - Processing file /opt/airflow/dags/insert_data_postgres.py for tasks to queue
[2025-04-08T20:32:12.297+0000] {logging_mixin.py:190} INFO - [2025-04-08T20:32:12.297+0000] {dagbag.py:588} INFO - Filling up the DagBag from /opt/airflow/dags/insert_data_postgres.py
[2025-04-08T20:32:12.300+0000] {processor.py:927} WARNING - No viable dags retrieved from /opt/airflow/dags/insert_data_postgres.py
[2025-04-08T20:32:12.308+0000] {processor.py:208} INFO - Processing /opt/airflow/dags/insert_data_postgres.py took 0.015 seconds
[2025-04-08T20:32:43.151+0000] {processor.py:186} INFO - Started process (PID=18195) to work on /opt/airflow/dags/insert_data_postgres.py
[2025-04-08T20:32:43.151+0000] {processor.py:914} INFO - Processing file /opt/airflow/dags/insert_data_postgres.py for tasks to queue
[2025-04-08T20:32:43.152+0000] {logging_mixin.py:190} INFO - [2025-04-08T20:32:43.152+0000] {dagbag.py:588} INFO - Filling up the DagBag from /opt/airflow/dags/insert_data_postgres.py
[2025-04-08T20:32:43.157+0000] {processor.py:927} WARNING - No viable dags retrieved from /opt/airflow/dags/insert_data_postgres.py
[2025-04-08T20:32:43.171+0000] {processor.py:208} INFO - Processing /opt/airflow/dags/insert_data_postgres.py took 0.029 seconds
[2025-04-08T20:33:13.981+0000] {processor.py:186} INFO - Started process (PID=18241) to work on /opt/airflow/dags/insert_data_postgres.py
[2025-04-08T20:33:13.982+0000] {processor.py:914} INFO - Processing file /opt/airflow/dags/insert_data_postgres.py for tasks to queue
[2025-04-08T20:33:13.983+0000] {logging_mixin.py:190} INFO - [2025-04-08T20:33:13.983+0000] {dagbag.py:588} INFO - Filling up the DagBag from /opt/airflow/dags/insert_data_postgres.py
[2025-04-08T20:33:13.986+0000] {processor.py:927} WARNING - No viable dags retrieved from /opt/airflow/dags/insert_data_postgres.py
[2025-04-08T20:33:13.999+0000] {processor.py:208} INFO - Processing /opt/airflow/dags/insert_data_postgres.py took 0.025 seconds
[2025-04-08T20:33:44.887+0000] {processor.py:186} INFO - Started process (PID=18287) to work on /opt/airflow/dags/insert_data_postgres.py
[2025-04-08T20:33:44.889+0000] {processor.py:914} INFO - Processing file /opt/airflow/dags/insert_data_postgres.py for tasks to queue
[2025-04-08T20:33:44.891+0000] {logging_mixin.py:190} INFO - [2025-04-08T20:33:44.891+0000] {dagbag.py:588} INFO - Filling up the DagBag from /opt/airflow/dags/insert_data_postgres.py
[2025-04-08T20:33:44.898+0000] {processor.py:927} WARNING - No viable dags retrieved from /opt/airflow/dags/insert_data_postgres.py
[2025-04-08T20:33:44.911+0000] {processor.py:208} INFO - Processing /opt/airflow/dags/insert_data_postgres.py took 0.032 seconds
[2025-04-08T20:34:15.808+0000] {processor.py:186} INFO - Started process (PID=18333) to work on /opt/airflow/dags/insert_data_postgres.py
[2025-04-08T20:34:15.809+0000] {processor.py:914} INFO - Processing file /opt/airflow/dags/insert_data_postgres.py for tasks to queue
[2025-04-08T20:34:15.810+0000] {logging_mixin.py:190} INFO - [2025-04-08T20:34:15.809+0000] {dagbag.py:588} INFO - Filling up the DagBag from /opt/airflow/dags/insert_data_postgres.py
[2025-04-08T20:34:15.815+0000] {processor.py:927} WARNING - No viable dags retrieved from /opt/airflow/dags/insert_data_postgres.py
[2025-04-08T20:34:15.825+0000] {processor.py:208} INFO - Processing /opt/airflow/dags/insert_data_postgres.py took 0.024 seconds
[2025-04-08T20:34:47.807+0000] {processor.py:186} INFO - Started process (PID=18374) to work on /opt/airflow/dags/insert_data_postgres.py
[2025-04-08T20:34:47.809+0000] {processor.py:914} INFO - Processing file /opt/airflow/dags/insert_data_postgres.py for tasks to queue
[2025-04-08T20:34:47.810+0000] {logging_mixin.py:190} INFO - [2025-04-08T20:34:47.810+0000] {dagbag.py:588} INFO - Filling up the DagBag from /opt/airflow/dags/insert_data_postgres.py
[2025-04-08T20:34:47.817+0000] {processor.py:927} WARNING - No viable dags retrieved from /opt/airflow/dags/insert_data_postgres.py
[2025-04-08T20:34:47.829+0000] {processor.py:208} INFO - Processing /opt/airflow/dags/insert_data_postgres.py took 0.038 seconds
[2025-04-08T20:50:16.062+0000] {processor.py:186} INFO - Started process (PID=18423) to work on /opt/airflow/dags/insert_data_postgres.py
[2025-04-08T20:50:16.063+0000] {processor.py:914} INFO - Processing file /opt/airflow/dags/insert_data_postgres.py for tasks to queue
[2025-04-08T20:50:16.064+0000] {logging_mixin.py:190} INFO - [2025-04-08T20:50:16.064+0000] {dagbag.py:588} INFO - Filling up the DagBag from /opt/airflow/dags/insert_data_postgres.py
[2025-04-08T20:50:16.068+0000] {processor.py:927} WARNING - No viable dags retrieved from /opt/airflow/dags/insert_data_postgres.py
[2025-04-08T20:50:16.085+0000] {processor.py:208} INFO - Processing /opt/airflow/dags/insert_data_postgres.py took 0.028 seconds
[2025-04-08T20:50:47.098+0000] {processor.py:186} INFO - Started process (PID=18469) to work on /opt/airflow/dags/insert_data_postgres.py
[2025-04-08T20:50:47.099+0000] {processor.py:914} INFO - Processing file /opt/airflow/dags/insert_data_postgres.py for tasks to queue
[2025-04-08T20:50:47.101+0000] {logging_mixin.py:190} INFO - [2025-04-08T20:50:47.100+0000] {dagbag.py:588} INFO - Filling up the DagBag from /opt/airflow/dags/insert_data_postgres.py
[2025-04-08T20:50:47.107+0000] {processor.py:927} WARNING - No viable dags retrieved from /opt/airflow/dags/insert_data_postgres.py
[2025-04-08T20:50:47.126+0000] {processor.py:208} INFO - Processing /opt/airflow/dags/insert_data_postgres.py took 0.035 seconds
[2025-04-08T20:54:54.517+0000] {processor.py:186} INFO - Started process (PID=18514) to work on /opt/airflow/dags/insert_data_postgres.py
[2025-04-08T20:54:54.521+0000] {processor.py:914} INFO - Processing file /opt/airflow/dags/insert_data_postgres.py for tasks to queue
[2025-04-08T20:54:54.528+0000] {logging_mixin.py:190} INFO - [2025-04-08T20:54:54.525+0000] {dagbag.py:588} INFO - Filling up the DagBag from /opt/airflow/dags/insert_data_postgres.py
[2025-04-08T20:54:54.535+0000] {processor.py:927} WARNING - No viable dags retrieved from /opt/airflow/dags/insert_data_postgres.py
[2025-04-08T20:54:54.569+0000] {processor.py:208} INFO - Processing /opt/airflow/dags/insert_data_postgres.py took 0.062 seconds
[2025-04-08T20:55:25.618+0000] {processor.py:186} INFO - Started process (PID=18560) to work on /opt/airflow/dags/insert_data_postgres.py
[2025-04-08T20:55:25.619+0000] {processor.py:914} INFO - Processing file /opt/airflow/dags/insert_data_postgres.py for tasks to queue
[2025-04-08T20:55:25.621+0000] {logging_mixin.py:190} INFO - [2025-04-08T20:55:25.621+0000] {dagbag.py:588} INFO - Filling up the DagBag from /opt/airflow/dags/insert_data_postgres.py
[2025-04-08T20:55:25.626+0000] {processor.py:927} WARNING - No viable dags retrieved from /opt/airflow/dags/insert_data_postgres.py
[2025-04-08T20:55:25.640+0000] {processor.py:208} INFO - Processing /opt/airflow/dags/insert_data_postgres.py took 0.029 seconds
[2025-04-08T20:55:56.496+0000] {processor.py:186} INFO - Started process (PID=18606) to work on /opt/airflow/dags/insert_data_postgres.py
[2025-04-08T20:55:56.498+0000] {processor.py:914} INFO - Processing file /opt/airflow/dags/insert_data_postgres.py for tasks to queue
[2025-04-08T20:55:56.501+0000] {logging_mixin.py:190} INFO - [2025-04-08T20:55:56.501+0000] {dagbag.py:588} INFO - Filling up the DagBag from /opt/airflow/dags/insert_data_postgres.py
[2025-04-08T20:55:56.507+0000] {processor.py:927} WARNING - No viable dags retrieved from /opt/airflow/dags/insert_data_postgres.py
[2025-04-08T20:55:56.524+0000] {processor.py:208} INFO - Processing /opt/airflow/dags/insert_data_postgres.py took 0.035 seconds
[2025-04-08T20:56:27.351+0000] {processor.py:186} INFO - Started process (PID=18652) to work on /opt/airflow/dags/insert_data_postgres.py
[2025-04-08T20:56:27.352+0000] {processor.py:914} INFO - Processing file /opt/airflow/dags/insert_data_postgres.py for tasks to queue
[2025-04-08T20:56:27.354+0000] {logging_mixin.py:190} INFO - [2025-04-08T20:56:27.353+0000] {dagbag.py:588} INFO - Filling up the DagBag from /opt/airflow/dags/insert_data_postgres.py
[2025-04-08T20:56:27.362+0000] {processor.py:927} WARNING - No viable dags retrieved from /opt/airflow/dags/insert_data_postgres.py
[2025-04-08T20:56:27.390+0000] {processor.py:208} INFO - Processing /opt/airflow/dags/insert_data_postgres.py took 0.045 seconds
[2025-04-08T20:56:58.256+0000] {processor.py:186} INFO - Started process (PID=18698) to work on /opt/airflow/dags/insert_data_postgres.py
[2025-04-08T20:56:58.258+0000] {processor.py:914} INFO - Processing file /opt/airflow/dags/insert_data_postgres.py for tasks to queue
[2025-04-08T20:56:58.260+0000] {logging_mixin.py:190} INFO - [2025-04-08T20:56:58.259+0000] {dagbag.py:588} INFO - Filling up the DagBag from /opt/airflow/dags/insert_data_postgres.py
[2025-04-08T20:56:58.268+0000] {processor.py:927} WARNING - No viable dags retrieved from /opt/airflow/dags/insert_data_postgres.py
[2025-04-08T20:56:58.298+0000] {processor.py:208} INFO - Processing /opt/airflow/dags/insert_data_postgres.py took 0.052 seconds
[2025-04-08T20:57:29.174+0000] {processor.py:186} INFO - Started process (PID=18744) to work on /opt/airflow/dags/insert_data_postgres.py
[2025-04-08T20:57:29.176+0000] {processor.py:914} INFO - Processing file /opt/airflow/dags/insert_data_postgres.py for tasks to queue
[2025-04-08T20:57:29.178+0000] {logging_mixin.py:190} INFO - [2025-04-08T20:57:29.178+0000] {dagbag.py:588} INFO - Filling up the DagBag from /opt/airflow/dags/insert_data_postgres.py
[2025-04-08T20:57:29.182+0000] {processor.py:927} WARNING - No viable dags retrieved from /opt/airflow/dags/insert_data_postgres.py
[2025-04-08T20:57:29.196+0000] {processor.py:208} INFO - Processing /opt/airflow/dags/insert_data_postgres.py took 0.028 seconds
[2025-04-08T20:57:59.975+0000] {processor.py:186} INFO - Started process (PID=18790) to work on /opt/airflow/dags/insert_data_postgres.py
[2025-04-08T20:57:59.976+0000] {processor.py:914} INFO - Processing file /opt/airflow/dags/insert_data_postgres.py for tasks to queue
[2025-04-08T20:57:59.978+0000] {logging_mixin.py:190} INFO - [2025-04-08T20:57:59.978+0000] {dagbag.py:588} INFO - Filling up the DagBag from /opt/airflow/dags/insert_data_postgres.py
[2025-04-08T20:57:59.985+0000] {processor.py:927} WARNING - No viable dags retrieved from /opt/airflow/dags/insert_data_postgres.py
[2025-04-08T20:57:59.997+0000] {processor.py:208} INFO - Processing /opt/airflow/dags/insert_data_postgres.py took 0.028 seconds
[2025-04-08T20:58:30.924+0000] {processor.py:186} INFO - Started process (PID=18836) to work on /opt/airflow/dags/insert_data_postgres.py
[2025-04-08T20:58:30.925+0000] {processor.py:914} INFO - Processing file /opt/airflow/dags/insert_data_postgres.py for tasks to queue
[2025-04-08T20:58:30.927+0000] {logging_mixin.py:190} INFO - [2025-04-08T20:58:30.926+0000] {dagbag.py:588} INFO - Filling up the DagBag from /opt/airflow/dags/insert_data_postgres.py
[2025-04-08T20:58:30.931+0000] {processor.py:927} WARNING - No viable dags retrieved from /opt/airflow/dags/insert_data_postgres.py
[2025-04-08T20:58:30.942+0000] {processor.py:208} INFO - Processing /opt/airflow/dags/insert_data_postgres.py took 0.025 seconds
[2025-04-08T20:59:01.893+0000] {processor.py:186} INFO - Started process (PID=18882) to work on /opt/airflow/dags/insert_data_postgres.py
[2025-04-08T20:59:01.895+0000] {processor.py:914} INFO - Processing file /opt/airflow/dags/insert_data_postgres.py for tasks to queue
[2025-04-08T20:59:01.896+0000] {logging_mixin.py:190} INFO - [2025-04-08T20:59:01.896+0000] {dagbag.py:588} INFO - Filling up the DagBag from /opt/airflow/dags/insert_data_postgres.py
[2025-04-08T20:59:01.901+0000] {processor.py:927} WARNING - No viable dags retrieved from /opt/airflow/dags/insert_data_postgres.py
[2025-04-08T20:59:01.918+0000] {processor.py:208} INFO - Processing /opt/airflow/dags/insert_data_postgres.py took 0.030 seconds
[2025-04-08T20:59:32.674+0000] {processor.py:186} INFO - Started process (PID=18928) to work on /opt/airflow/dags/insert_data_postgres.py
[2025-04-08T20:59:32.675+0000] {processor.py:914} INFO - Processing file /opt/airflow/dags/insert_data_postgres.py for tasks to queue
[2025-04-08T20:59:32.677+0000] {logging_mixin.py:190} INFO - [2025-04-08T20:59:32.677+0000] {dagbag.py:588} INFO - Filling up the DagBag from /opt/airflow/dags/insert_data_postgres.py
[2025-04-08T20:59:32.681+0000] {processor.py:927} WARNING - No viable dags retrieved from /opt/airflow/dags/insert_data_postgres.py
[2025-04-08T20:59:32.690+0000] {processor.py:208} INFO - Processing /opt/airflow/dags/insert_data_postgres.py took 0.022 seconds
[2025-04-08T21:00:03.510+0000] {processor.py:186} INFO - Started process (PID=18974) to work on /opt/airflow/dags/insert_data_postgres.py
[2025-04-08T21:00:03.511+0000] {processor.py:914} INFO - Processing file /opt/airflow/dags/insert_data_postgres.py for tasks to queue
[2025-04-08T21:00:03.513+0000] {logging_mixin.py:190} INFO - [2025-04-08T21:00:03.513+0000] {dagbag.py:588} INFO - Filling up the DagBag from /opt/airflow/dags/insert_data_postgres.py
[2025-04-08T21:00:03.534+0000] {processor.py:927} WARNING - No viable dags retrieved from /opt/airflow/dags/insert_data_postgres.py
[2025-04-08T21:00:03.552+0000] {processor.py:208} INFO - Processing /opt/airflow/dags/insert_data_postgres.py took 0.051 seconds
[2025-04-08T21:00:34.433+0000] {processor.py:186} INFO - Started process (PID=19020) to work on /opt/airflow/dags/insert_data_postgres.py
[2025-04-08T21:00:34.435+0000] {processor.py:914} INFO - Processing file /opt/airflow/dags/insert_data_postgres.py for tasks to queue
[2025-04-08T21:00:34.437+0000] {logging_mixin.py:190} INFO - [2025-04-08T21:00:34.436+0000] {dagbag.py:588} INFO - Filling up the DagBag from /opt/airflow/dags/insert_data_postgres.py
[2025-04-08T21:00:34.444+0000] {processor.py:927} WARNING - No viable dags retrieved from /opt/airflow/dags/insert_data_postgres.py
[2025-04-08T21:00:34.464+0000] {processor.py:208} INFO - Processing /opt/airflow/dags/insert_data_postgres.py took 0.040 seconds
[2025-04-08T21:00:46.195+0000] {processor.py:186} INFO - Started process (PID=19063) to work on /opt/airflow/dags/insert_data_postgres.py
[2025-04-08T21:00:46.196+0000] {processor.py:914} INFO - Processing file /opt/airflow/dags/insert_data_postgres.py for tasks to queue
[2025-04-08T21:00:46.197+0000] {logging_mixin.py:190} INFO - [2025-04-08T21:00:46.197+0000] {dagbag.py:588} INFO - Filling up the DagBag from /opt/airflow/dags/insert_data_postgres.py
[2025-04-08T21:00:46.202+0000] {processor.py:927} WARNING - No viable dags retrieved from /opt/airflow/dags/insert_data_postgres.py
[2025-04-08T21:00:46.212+0000] {processor.py:208} INFO - Processing /opt/airflow/dags/insert_data_postgres.py took 0.022 seconds
[2025-04-08T21:01:17.045+0000] {processor.py:186} INFO - Started process (PID=19109) to work on /opt/airflow/dags/insert_data_postgres.py
[2025-04-08T21:01:17.047+0000] {processor.py:914} INFO - Processing file /opt/airflow/dags/insert_data_postgres.py for tasks to queue
[2025-04-08T21:01:17.048+0000] {logging_mixin.py:190} INFO - [2025-04-08T21:01:17.048+0000] {dagbag.py:588} INFO - Filling up the DagBag from /opt/airflow/dags/insert_data_postgres.py
[2025-04-08T21:01:17.052+0000] {processor.py:927} WARNING - No viable dags retrieved from /opt/airflow/dags/insert_data_postgres.py
[2025-04-08T21:01:17.066+0000] {processor.py:208} INFO - Processing /opt/airflow/dags/insert_data_postgres.py took 0.032 seconds
[2025-04-08T21:01:47.832+0000] {processor.py:186} INFO - Started process (PID=19155) to work on /opt/airflow/dags/insert_data_postgres.py
[2025-04-08T21:01:47.833+0000] {processor.py:914} INFO - Processing file /opt/airflow/dags/insert_data_postgres.py for tasks to queue
[2025-04-08T21:01:47.834+0000] {logging_mixin.py:190} INFO - [2025-04-08T21:01:47.834+0000] {dagbag.py:588} INFO - Filling up the DagBag from /opt/airflow/dags/insert_data_postgres.py
[2025-04-08T21:01:47.838+0000] {processor.py:927} WARNING - No viable dags retrieved from /opt/airflow/dags/insert_data_postgres.py
[2025-04-08T21:01:47.852+0000] {processor.py:208} INFO - Processing /opt/airflow/dags/insert_data_postgres.py took 0.026 seconds
[2025-04-08T21:02:18.640+0000] {processor.py:186} INFO - Started process (PID=19201) to work on /opt/airflow/dags/insert_data_postgres.py
[2025-04-08T21:02:18.642+0000] {processor.py:914} INFO - Processing file /opt/airflow/dags/insert_data_postgres.py for tasks to queue
[2025-04-08T21:02:18.648+0000] {logging_mixin.py:190} INFO - [2025-04-08T21:02:18.643+0000] {dagbag.py:588} INFO - Filling up the DagBag from /opt/airflow/dags/insert_data_postgres.py
[2025-04-08T21:02:18.656+0000] {processor.py:927} WARNING - No viable dags retrieved from /opt/airflow/dags/insert_data_postgres.py
[2025-04-08T21:02:18.673+0000] {processor.py:208} INFO - Processing /opt/airflow/dags/insert_data_postgres.py took 0.042 seconds
[2025-04-08T21:02:49.494+0000] {processor.py:186} INFO - Started process (PID=19247) to work on /opt/airflow/dags/insert_data_postgres.py
[2025-04-08T21:02:49.496+0000] {processor.py:914} INFO - Processing file /opt/airflow/dags/insert_data_postgres.py for tasks to queue
[2025-04-08T21:02:49.498+0000] {logging_mixin.py:190} INFO - [2025-04-08T21:02:49.497+0000] {dagbag.py:588} INFO - Filling up the DagBag from /opt/airflow/dags/insert_data_postgres.py
[2025-04-08T21:02:49.503+0000] {processor.py:927} WARNING - No viable dags retrieved from /opt/airflow/dags/insert_data_postgres.py
[2025-04-08T21:02:49.520+0000] {processor.py:208} INFO - Processing /opt/airflow/dags/insert_data_postgres.py took 0.035 seconds
[2025-04-08T21:03:19.598+0000] {processor.py:186} INFO - Started process (PID=19322) to work on /opt/airflow/dags/insert_data_postgres.py
[2025-04-08T21:03:19.600+0000] {processor.py:914} INFO - Processing file /opt/airflow/dags/insert_data_postgres.py for tasks to queue
[2025-04-08T21:03:19.602+0000] {logging_mixin.py:190} INFO - [2025-04-08T21:03:19.601+0000] {dagbag.py:588} INFO - Filling up the DagBag from /opt/airflow/dags/insert_data_postgres.py
[2025-04-08T21:03:19.609+0000] {processor.py:927} WARNING - No viable dags retrieved from /opt/airflow/dags/insert_data_postgres.py
[2025-04-08T21:03:19.627+0000] {processor.py:208} INFO - Processing /opt/airflow/dags/insert_data_postgres.py took 0.038 seconds
[2025-04-08T21:03:50.521+0000] {processor.py:186} INFO - Started process (PID=19368) to work on /opt/airflow/dags/insert_data_postgres.py
[2025-04-08T21:03:50.523+0000] {processor.py:914} INFO - Processing file /opt/airflow/dags/insert_data_postgres.py for tasks to queue
[2025-04-08T21:03:50.524+0000] {logging_mixin.py:190} INFO - [2025-04-08T21:03:50.523+0000] {dagbag.py:588} INFO - Filling up the DagBag from /opt/airflow/dags/insert_data_postgres.py
[2025-04-08T21:03:50.526+0000] {processor.py:927} WARNING - No viable dags retrieved from /opt/airflow/dags/insert_data_postgres.py
[2025-04-08T21:03:50.533+0000] {processor.py:208} INFO - Processing /opt/airflow/dags/insert_data_postgres.py took 0.016 seconds
[2025-04-08T21:04:21.407+0000] {processor.py:186} INFO - Started process (PID=19438) to work on /opt/airflow/dags/insert_data_postgres.py
[2025-04-08T21:04:21.409+0000] {processor.py:914} INFO - Processing file /opt/airflow/dags/insert_data_postgres.py for tasks to queue
[2025-04-08T21:04:21.411+0000] {logging_mixin.py:190} INFO - [2025-04-08T21:04:21.411+0000] {dagbag.py:588} INFO - Filling up the DagBag from /opt/airflow/dags/insert_data_postgres.py
[2025-04-08T21:04:21.416+0000] {processor.py:927} WARNING - No viable dags retrieved from /opt/airflow/dags/insert_data_postgres.py
[2025-04-08T21:04:21.442+0000] {processor.py:208} INFO - Processing /opt/airflow/dags/insert_data_postgres.py took 0.052 seconds
[2025-04-08T21:04:34.596+0000] {processor.py:186} INFO - Started process (PID=19448) to work on /opt/airflow/dags/insert_data_postgres.py
[2025-04-08T21:04:34.597+0000] {processor.py:914} INFO - Processing file /opt/airflow/dags/insert_data_postgres.py for tasks to queue
[2025-04-08T21:04:34.599+0000] {logging_mixin.py:190} INFO - [2025-04-08T21:04:34.598+0000] {dagbag.py:588} INFO - Filling up the DagBag from /opt/airflow/dags/insert_data_postgres.py
[2025-04-08T21:04:34.606+0000] {processor.py:927} WARNING - No viable dags retrieved from /opt/airflow/dags/insert_data_postgres.py
[2025-04-08T21:04:34.619+0000] {processor.py:208} INFO - Processing /opt/airflow/dags/insert_data_postgres.py took 0.037 seconds
[2025-04-08T21:05:05.502+0000] {processor.py:186} INFO - Started process (PID=19518) to work on /opt/airflow/dags/insert_data_postgres.py
[2025-04-08T21:05:05.505+0000] {processor.py:914} INFO - Processing file /opt/airflow/dags/insert_data_postgres.py for tasks to queue
[2025-04-08T21:05:05.506+0000] {logging_mixin.py:190} INFO - [2025-04-08T21:05:05.506+0000] {dagbag.py:588} INFO - Filling up the DagBag from /opt/airflow/dags/insert_data_postgres.py
[2025-04-08T21:05:05.512+0000] {processor.py:927} WARNING - No viable dags retrieved from /opt/airflow/dags/insert_data_postgres.py
[2025-04-08T21:05:05.532+0000] {processor.py:208} INFO - Processing /opt/airflow/dags/insert_data_postgres.py took 0.047 seconds
[2025-04-08T21:05:36.485+0000] {processor.py:186} INFO - Started process (PID=19570) to work on /opt/airflow/dags/insert_data_postgres.py
[2025-04-08T21:05:36.486+0000] {processor.py:914} INFO - Processing file /opt/airflow/dags/insert_data_postgres.py for tasks to queue
[2025-04-08T21:05:36.487+0000] {logging_mixin.py:190} INFO - [2025-04-08T21:05:36.487+0000] {dagbag.py:588} INFO - Filling up the DagBag from /opt/airflow/dags/insert_data_postgres.py
[2025-04-08T21:05:36.490+0000] {processor.py:927} WARNING - No viable dags retrieved from /opt/airflow/dags/insert_data_postgres.py
[2025-04-08T21:05:36.502+0000] {processor.py:208} INFO - Processing /opt/airflow/dags/insert_data_postgres.py took 0.024 seconds
[2025-04-08T21:05:53.415+0000] {processor.py:186} INFO - Started process (PID=19605) to work on /opt/airflow/dags/insert_data_postgres.py
[2025-04-08T21:05:53.416+0000] {processor.py:914} INFO - Processing file /opt/airflow/dags/insert_data_postgres.py for tasks to queue
[2025-04-08T21:05:53.417+0000] {logging_mixin.py:190} INFO - [2025-04-08T21:05:53.417+0000] {dagbag.py:588} INFO - Filling up the DagBag from /opt/airflow/dags/insert_data_postgres.py
[2025-04-08T21:05:53.424+0000] {processor.py:927} WARNING - No viable dags retrieved from /opt/airflow/dags/insert_data_postgres.py
[2025-04-08T21:05:53.437+0000] {processor.py:208} INFO - Processing /opt/airflow/dags/insert_data_postgres.py took 0.029 seconds
[2025-04-08T21:06:24.287+0000] {processor.py:186} INFO - Started process (PID=19651) to work on /opt/airflow/dags/insert_data_postgres.py
[2025-04-08T21:06:24.288+0000] {processor.py:914} INFO - Processing file /opt/airflow/dags/insert_data_postgres.py for tasks to queue
[2025-04-08T21:06:24.290+0000] {logging_mixin.py:190} INFO - [2025-04-08T21:06:24.289+0000] {dagbag.py:588} INFO - Filling up the DagBag from /opt/airflow/dags/insert_data_postgres.py
[2025-04-08T21:06:24.292+0000] {processor.py:927} WARNING - No viable dags retrieved from /opt/airflow/dags/insert_data_postgres.py
[2025-04-08T21:06:24.303+0000] {processor.py:208} INFO - Processing /opt/airflow/dags/insert_data_postgres.py took 0.022 seconds
[2025-04-08T21:06:55.144+0000] {processor.py:186} INFO - Started process (PID=19697) to work on /opt/airflow/dags/insert_data_postgres.py
[2025-04-08T21:06:55.146+0000] {processor.py:914} INFO - Processing file /opt/airflow/dags/insert_data_postgres.py for tasks to queue
[2025-04-08T21:06:55.148+0000] {logging_mixin.py:190} INFO - [2025-04-08T21:06:55.147+0000] {dagbag.py:588} INFO - Filling up the DagBag from /opt/airflow/dags/insert_data_postgres.py
[2025-04-08T21:06:55.153+0000] {processor.py:927} WARNING - No viable dags retrieved from /opt/airflow/dags/insert_data_postgres.py
[2025-04-08T21:06:55.170+0000] {processor.py:208} INFO - Processing /opt/airflow/dags/insert_data_postgres.py took 0.036 seconds
[2025-04-08T21:07:16.476+0000] {processor.py:186} INFO - Started process (PID=19718) to work on /opt/airflow/dags/insert_data_postgres.py
[2025-04-08T21:07:16.477+0000] {processor.py:914} INFO - Processing file /opt/airflow/dags/insert_data_postgres.py for tasks to queue
[2025-04-08T21:07:16.479+0000] {logging_mixin.py:190} INFO - [2025-04-08T21:07:16.478+0000] {dagbag.py:588} INFO - Filling up the DagBag from /opt/airflow/dags/insert_data_postgres.py
[2025-04-08T21:07:16.487+0000] {processor.py:927} WARNING - No viable dags retrieved from /opt/airflow/dags/insert_data_postgres.py
[2025-04-08T21:07:16.507+0000] {processor.py:208} INFO - Processing /opt/airflow/dags/insert_data_postgres.py took 0.044 seconds
[2025-04-08T21:07:47.346+0000] {processor.py:186} INFO - Started process (PID=19764) to work on /opt/airflow/dags/insert_data_postgres.py
[2025-04-08T21:07:47.349+0000] {processor.py:914} INFO - Processing file /opt/airflow/dags/insert_data_postgres.py for tasks to queue
[2025-04-08T21:07:47.353+0000] {logging_mixin.py:190} INFO - [2025-04-08T21:07:47.350+0000] {dagbag.py:588} INFO - Filling up the DagBag from /opt/airflow/dags/insert_data_postgres.py
[2025-04-08T21:07:47.361+0000] {processor.py:927} WARNING - No viable dags retrieved from /opt/airflow/dags/insert_data_postgres.py
[2025-04-08T21:07:47.373+0000] {processor.py:208} INFO - Processing /opt/airflow/dags/insert_data_postgres.py took 0.035 seconds
[2025-04-08T21:08:18.316+0000] {processor.py:186} INFO - Started process (PID=19864) to work on /opt/airflow/dags/insert_data_postgres.py
[2025-04-08T21:08:18.317+0000] {processor.py:914} INFO - Processing file /opt/airflow/dags/insert_data_postgres.py for tasks to queue
[2025-04-08T21:08:18.319+0000] {logging_mixin.py:190} INFO - [2025-04-08T21:08:18.318+0000] {dagbag.py:588} INFO - Filling up the DagBag from /opt/airflow/dags/insert_data_postgres.py
[2025-04-08T21:08:18.322+0000] {processor.py:927} WARNING - No viable dags retrieved from /opt/airflow/dags/insert_data_postgres.py
[2025-04-08T21:08:18.336+0000] {processor.py:208} INFO - Processing /opt/airflow/dags/insert_data_postgres.py took 0.028 seconds
[2025-04-08T21:08:49.281+0000] {processor.py:186} INFO - Started process (PID=19910) to work on /opt/airflow/dags/insert_data_postgres.py
[2025-04-08T21:08:49.283+0000] {processor.py:914} INFO - Processing file /opt/airflow/dags/insert_data_postgres.py for tasks to queue
[2025-04-08T21:08:49.284+0000] {logging_mixin.py:190} INFO - [2025-04-08T21:08:49.284+0000] {dagbag.py:588} INFO - Filling up the DagBag from /opt/airflow/dags/insert_data_postgres.py
[2025-04-08T21:08:49.294+0000] {processor.py:927} WARNING - No viable dags retrieved from /opt/airflow/dags/insert_data_postgres.py
[2025-04-08T21:08:49.322+0000] {processor.py:208} INFO - Processing /opt/airflow/dags/insert_data_postgres.py took 0.049 seconds
[2025-04-08T21:09:20.263+0000] {processor.py:186} INFO - Started process (PID=19956) to work on /opt/airflow/dags/insert_data_postgres.py
[2025-04-08T21:09:20.264+0000] {processor.py:914} INFO - Processing file /opt/airflow/dags/insert_data_postgres.py for tasks to queue
[2025-04-08T21:09:20.265+0000] {logging_mixin.py:190} INFO - [2025-04-08T21:09:20.265+0000] {dagbag.py:588} INFO - Filling up the DagBag from /opt/airflow/dags/insert_data_postgres.py
[2025-04-08T21:09:20.269+0000] {processor.py:927} WARNING - No viable dags retrieved from /opt/airflow/dags/insert_data_postgres.py
[2025-04-08T21:09:20.282+0000] {processor.py:208} INFO - Processing /opt/airflow/dags/insert_data_postgres.py took 0.024 seconds
[2025-04-08T21:09:51.042+0000] {processor.py:186} INFO - Started process (PID=20001) to work on /opt/airflow/dags/insert_data_postgres.py
[2025-04-08T21:09:51.044+0000] {processor.py:914} INFO - Processing file /opt/airflow/dags/insert_data_postgres.py for tasks to queue
[2025-04-08T21:09:51.047+0000] {logging_mixin.py:190} INFO - [2025-04-08T21:09:51.046+0000] {dagbag.py:588} INFO - Filling up the DagBag from /opt/airflow/dags/insert_data_postgres.py
[2025-04-08T21:09:51.057+0000] {processor.py:927} WARNING - No viable dags retrieved from /opt/airflow/dags/insert_data_postgres.py
[2025-04-08T21:09:51.080+0000] {processor.py:208} INFO - Processing /opt/airflow/dags/insert_data_postgres.py took 0.055 seconds
[2025-04-08T21:10:14.939+0000] {processor.py:186} INFO - Started process (PID=20042) to work on /opt/airflow/dags/insert_data_postgres.py
[2025-04-08T21:10:14.941+0000] {processor.py:914} INFO - Processing file /opt/airflow/dags/insert_data_postgres.py for tasks to queue
[2025-04-08T21:10:14.944+0000] {logging_mixin.py:190} INFO - [2025-04-08T21:10:14.943+0000] {dagbag.py:588} INFO - Filling up the DagBag from /opt/airflow/dags/insert_data_postgres.py
[2025-04-08T21:10:14.953+0000] {processor.py:927} WARNING - No viable dags retrieved from /opt/airflow/dags/insert_data_postgres.py
[2025-04-08T21:10:14.981+0000] {processor.py:208} INFO - Processing /opt/airflow/dags/insert_data_postgres.py took 0.053 seconds
[2025-04-08T21:10:45.065+0000] {processor.py:186} INFO - Started process (PID=20142) to work on /opt/airflow/dags/insert_data_postgres.py
[2025-04-08T21:10:45.067+0000] {processor.py:914} INFO - Processing file /opt/airflow/dags/insert_data_postgres.py for tasks to queue
[2025-04-08T21:10:45.069+0000] {logging_mixin.py:190} INFO - [2025-04-08T21:10:45.068+0000] {dagbag.py:588} INFO - Filling up the DagBag from /opt/airflow/dags/insert_data_postgres.py
[2025-04-08T21:10:45.075+0000] {processor.py:927} WARNING - No viable dags retrieved from /opt/airflow/dags/insert_data_postgres.py
[2025-04-08T21:10:45.096+0000] {processor.py:208} INFO - Processing /opt/airflow/dags/insert_data_postgres.py took 0.045 seconds
[2025-04-08T21:11:16.010+0000] {processor.py:186} INFO - Started process (PID=20188) to work on /opt/airflow/dags/insert_data_postgres.py
[2025-04-08T21:11:16.014+0000] {processor.py:914} INFO - Processing file /opt/airflow/dags/insert_data_postgres.py for tasks to queue
[2025-04-08T21:11:16.018+0000] {logging_mixin.py:190} INFO - [2025-04-08T21:11:16.017+0000] {dagbag.py:588} INFO - Filling up the DagBag from /opt/airflow/dags/insert_data_postgres.py
[2025-04-08T21:11:16.025+0000] {processor.py:927} WARNING - No viable dags retrieved from /opt/airflow/dags/insert_data_postgres.py
[2025-04-08T21:11:16.039+0000] {processor.py:208} INFO - Processing /opt/airflow/dags/insert_data_postgres.py took 0.048 seconds
[2025-04-08T21:11:47.046+0000] {processor.py:186} INFO - Started process (PID=20234) to work on /opt/airflow/dags/insert_data_postgres.py
[2025-04-08T21:11:47.048+0000] {processor.py:914} INFO - Processing file /opt/airflow/dags/insert_data_postgres.py for tasks to queue
[2025-04-08T21:11:47.049+0000] {logging_mixin.py:190} INFO - [2025-04-08T21:11:47.049+0000] {dagbag.py:588} INFO - Filling up the DagBag from /opt/airflow/dags/insert_data_postgres.py
[2025-04-08T21:11:47.054+0000] {processor.py:927} WARNING - No viable dags retrieved from /opt/airflow/dags/insert_data_postgres.py
[2025-04-08T21:11:47.066+0000] {processor.py:208} INFO - Processing /opt/airflow/dags/insert_data_postgres.py took 0.058 seconds
[2025-04-08T21:12:17.885+0000] {processor.py:186} INFO - Started process (PID=20280) to work on /opt/airflow/dags/insert_data_postgres.py
[2025-04-08T21:12:17.887+0000] {processor.py:914} INFO - Processing file /opt/airflow/dags/insert_data_postgres.py for tasks to queue
[2025-04-08T21:12:17.888+0000] {logging_mixin.py:190} INFO - [2025-04-08T21:12:17.888+0000] {dagbag.py:588} INFO - Filling up the DagBag from /opt/airflow/dags/insert_data_postgres.py
[2025-04-08T21:12:17.893+0000] {processor.py:927} WARNING - No viable dags retrieved from /opt/airflow/dags/insert_data_postgres.py
[2025-04-08T21:12:17.903+0000] {processor.py:208} INFO - Processing /opt/airflow/dags/insert_data_postgres.py took 0.027 seconds
[2025-04-08T21:12:48.656+0000] {processor.py:186} INFO - Started process (PID=20326) to work on /opt/airflow/dags/insert_data_postgres.py
[2025-04-08T21:12:48.657+0000] {processor.py:914} INFO - Processing file /opt/airflow/dags/insert_data_postgres.py for tasks to queue
[2025-04-08T21:12:48.658+0000] {logging_mixin.py:190} INFO - [2025-04-08T21:12:48.658+0000] {dagbag.py:588} INFO - Filling up the DagBag from /opt/airflow/dags/insert_data_postgres.py
[2025-04-08T21:12:48.661+0000] {processor.py:927} WARNING - No viable dags retrieved from /opt/airflow/dags/insert_data_postgres.py
[2025-04-08T21:12:48.671+0000] {processor.py:208} INFO - Processing /opt/airflow/dags/insert_data_postgres.py took 0.019 seconds
[2025-04-08T21:13:19.379+0000] {processor.py:186} INFO - Started process (PID=20372) to work on /opt/airflow/dags/insert_data_postgres.py
[2025-04-08T21:13:19.381+0000] {processor.py:914} INFO - Processing file /opt/airflow/dags/insert_data_postgres.py for tasks to queue
[2025-04-08T21:13:19.389+0000] {logging_mixin.py:190} INFO - [2025-04-08T21:13:19.389+0000] {dagbag.py:588} INFO - Filling up the DagBag from /opt/airflow/dags/insert_data_postgres.py
[2025-04-08T21:13:19.394+0000] {processor.py:927} WARNING - No viable dags retrieved from /opt/airflow/dags/insert_data_postgres.py
[2025-04-08T21:13:19.414+0000] {processor.py:208} INFO - Processing /opt/airflow/dags/insert_data_postgres.py took 0.046 seconds
[2025-04-08T21:13:49.530+0000] {processor.py:186} INFO - Started process (PID=20418) to work on /opt/airflow/dags/insert_data_postgres.py
[2025-04-08T21:13:49.532+0000] {processor.py:914} INFO - Processing file /opt/airflow/dags/insert_data_postgres.py for tasks to queue
[2025-04-08T21:13:49.534+0000] {logging_mixin.py:190} INFO - [2025-04-08T21:13:49.533+0000] {dagbag.py:588} INFO - Filling up the DagBag from /opt/airflow/dags/insert_data_postgres.py
[2025-04-08T21:13:49.538+0000] {processor.py:927} WARNING - No viable dags retrieved from /opt/airflow/dags/insert_data_postgres.py
[2025-04-08T21:13:49.560+0000] {processor.py:208} INFO - Processing /opt/airflow/dags/insert_data_postgres.py took 0.037 seconds
[2025-04-08T21:14:20.401+0000] {processor.py:186} INFO - Started process (PID=20463) to work on /opt/airflow/dags/insert_data_postgres.py
[2025-04-08T21:14:20.404+0000] {processor.py:914} INFO - Processing file /opt/airflow/dags/insert_data_postgres.py for tasks to queue
[2025-04-08T21:14:20.407+0000] {logging_mixin.py:190} INFO - [2025-04-08T21:14:20.406+0000] {dagbag.py:588} INFO - Filling up the DagBag from /opt/airflow/dags/insert_data_postgres.py
[2025-04-08T21:14:20.413+0000] {processor.py:927} WARNING - No viable dags retrieved from /opt/airflow/dags/insert_data_postgres.py
[2025-04-08T21:14:20.429+0000] {processor.py:208} INFO - Processing /opt/airflow/dags/insert_data_postgres.py took 0.039 seconds
[2025-04-08T21:14:48.274+0000] {processor.py:186} INFO - Started process (PID=20509) to work on /opt/airflow/dags/insert_data_postgres.py
[2025-04-08T21:14:48.275+0000] {processor.py:914} INFO - Processing file /opt/airflow/dags/insert_data_postgres.py for tasks to queue
[2025-04-08T21:14:48.277+0000] {logging_mixin.py:190} INFO - [2025-04-08T21:14:48.276+0000] {dagbag.py:588} INFO - Filling up the DagBag from /opt/airflow/dags/insert_data_postgres.py
[2025-04-08T21:14:48.282+0000] {processor.py:927} WARNING - No viable dags retrieved from /opt/airflow/dags/insert_data_postgres.py
[2025-04-08T21:14:48.292+0000] {processor.py:208} INFO - Processing /opt/airflow/dags/insert_data_postgres.py took 0.023 seconds
[2025-04-08T21:15:19.194+0000] {processor.py:186} INFO - Started process (PID=20555) to work on /opt/airflow/dags/insert_data_postgres.py
[2025-04-08T21:15:19.195+0000] {processor.py:914} INFO - Processing file /opt/airflow/dags/insert_data_postgres.py for tasks to queue
[2025-04-08T21:15:19.196+0000] {logging_mixin.py:190} INFO - [2025-04-08T21:15:19.196+0000] {dagbag.py:588} INFO - Filling up the DagBag from /opt/airflow/dags/insert_data_postgres.py
[2025-04-08T21:15:19.198+0000] {processor.py:927} WARNING - No viable dags retrieved from /opt/airflow/dags/insert_data_postgres.py
[2025-04-08T21:15:19.205+0000] {processor.py:208} INFO - Processing /opt/airflow/dags/insert_data_postgres.py took 0.015 seconds
[2025-04-08T21:15:50.085+0000] {processor.py:186} INFO - Started process (PID=20631) to work on /opt/airflow/dags/insert_data_postgres.py
[2025-04-08T21:15:50.087+0000] {processor.py:914} INFO - Processing file /opt/airflow/dags/insert_data_postgres.py for tasks to queue
[2025-04-08T21:15:50.089+0000] {logging_mixin.py:190} INFO - [2025-04-08T21:15:50.088+0000] {dagbag.py:588} INFO - Filling up the DagBag from /opt/airflow/dags/insert_data_postgres.py
[2025-04-08T21:15:50.093+0000] {processor.py:927} WARNING - No viable dags retrieved from /opt/airflow/dags/insert_data_postgres.py
[2025-04-08T21:15:50.113+0000] {processor.py:208} INFO - Processing /opt/airflow/dags/insert_data_postgres.py took 0.041 seconds
[2025-04-08T21:16:20.888+0000] {processor.py:186} INFO - Started process (PID=20677) to work on /opt/airflow/dags/insert_data_postgres.py
[2025-04-08T21:16:20.889+0000] {processor.py:914} INFO - Processing file /opt/airflow/dags/insert_data_postgres.py for tasks to queue
[2025-04-08T21:16:20.890+0000] {logging_mixin.py:190} INFO - [2025-04-08T21:16:20.889+0000] {dagbag.py:588} INFO - Filling up the DagBag from /opt/airflow/dags/insert_data_postgres.py
[2025-04-08T21:16:20.892+0000] {processor.py:927} WARNING - No viable dags retrieved from /opt/airflow/dags/insert_data_postgres.py
[2025-04-08T21:16:20.900+0000] {processor.py:208} INFO - Processing /opt/airflow/dags/insert_data_postgres.py took 0.019 seconds
[2025-04-08T21:16:51.714+0000] {processor.py:186} INFO - Started process (PID=20723) to work on /opt/airflow/dags/insert_data_postgres.py
[2025-04-08T21:16:51.715+0000] {processor.py:914} INFO - Processing file /opt/airflow/dags/insert_data_postgres.py for tasks to queue
[2025-04-08T21:16:51.717+0000] {logging_mixin.py:190} INFO - [2025-04-08T21:16:51.716+0000] {dagbag.py:588} INFO - Filling up the DagBag from /opt/airflow/dags/insert_data_postgres.py
[2025-04-08T21:16:51.722+0000] {processor.py:927} WARNING - No viable dags retrieved from /opt/airflow/dags/insert_data_postgres.py
[2025-04-08T21:16:51.738+0000] {processor.py:208} INFO - Processing /opt/airflow/dags/insert_data_postgres.py took 0.034 seconds
[2025-04-08T21:17:22.626+0000] {processor.py:186} INFO - Started process (PID=20769) to work on /opt/airflow/dags/insert_data_postgres.py
[2025-04-08T21:17:22.634+0000] {processor.py:914} INFO - Processing file /opt/airflow/dags/insert_data_postgres.py for tasks to queue
[2025-04-08T21:17:22.637+0000] {logging_mixin.py:190} INFO - [2025-04-08T21:17:22.636+0000] {dagbag.py:588} INFO - Filling up the DagBag from /opt/airflow/dags/insert_data_postgres.py
[2025-04-08T21:17:22.644+0000] {processor.py:927} WARNING - No viable dags retrieved from /opt/airflow/dags/insert_data_postgres.py
[2025-04-08T21:17:22.665+0000] {processor.py:208} INFO - Processing /opt/airflow/dags/insert_data_postgres.py took 0.052 seconds
[2025-04-08T21:17:53.427+0000] {processor.py:186} INFO - Started process (PID=20815) to work on /opt/airflow/dags/insert_data_postgres.py
[2025-04-08T21:17:53.428+0000] {processor.py:914} INFO - Processing file /opt/airflow/dags/insert_data_postgres.py for tasks to queue
[2025-04-08T21:17:53.429+0000] {logging_mixin.py:190} INFO - [2025-04-08T21:17:53.429+0000] {dagbag.py:588} INFO - Filling up the DagBag from /opt/airflow/dags/insert_data_postgres.py
[2025-04-08T21:17:53.432+0000] {processor.py:927} WARNING - No viable dags retrieved from /opt/airflow/dags/insert_data_postgres.py
[2025-04-08T21:17:53.441+0000] {processor.py:208} INFO - Processing /opt/airflow/dags/insert_data_postgres.py took 0.022 seconds
[2025-04-08T21:18:24.359+0000] {processor.py:186} INFO - Started process (PID=20861) to work on /opt/airflow/dags/insert_data_postgres.py
[2025-04-08T21:18:24.360+0000] {processor.py:914} INFO - Processing file /opt/airflow/dags/insert_data_postgres.py for tasks to queue
[2025-04-08T21:18:24.361+0000] {logging_mixin.py:190} INFO - [2025-04-08T21:18:24.361+0000] {dagbag.py:588} INFO - Filling up the DagBag from /opt/airflow/dags/insert_data_postgres.py
[2025-04-08T21:18:24.365+0000] {processor.py:927} WARNING - No viable dags retrieved from /opt/airflow/dags/insert_data_postgres.py
[2025-04-08T21:18:24.377+0000] {processor.py:208} INFO - Processing /opt/airflow/dags/insert_data_postgres.py took 0.025 seconds
[2025-04-08T21:18:55.242+0000] {processor.py:186} INFO - Started process (PID=20907) to work on /opt/airflow/dags/insert_data_postgres.py
[2025-04-08T21:18:55.246+0000] {processor.py:914} INFO - Processing file /opt/airflow/dags/insert_data_postgres.py for tasks to queue
[2025-04-08T21:18:55.249+0000] {logging_mixin.py:190} INFO - [2025-04-08T21:18:55.248+0000] {dagbag.py:588} INFO - Filling up the DagBag from /opt/airflow/dags/insert_data_postgres.py
[2025-04-08T21:18:55.257+0000] {processor.py:927} WARNING - No viable dags retrieved from /opt/airflow/dags/insert_data_postgres.py
[2025-04-08T21:18:55.278+0000] {processor.py:208} INFO - Processing /opt/airflow/dags/insert_data_postgres.py took 0.054 seconds
[2025-04-08T21:19:26.144+0000] {processor.py:186} INFO - Started process (PID=20953) to work on /opt/airflow/dags/insert_data_postgres.py
[2025-04-08T21:19:26.149+0000] {processor.py:914} INFO - Processing file /opt/airflow/dags/insert_data_postgres.py for tasks to queue
[2025-04-08T21:19:26.151+0000] {logging_mixin.py:190} INFO - [2025-04-08T21:19:26.150+0000] {dagbag.py:588} INFO - Filling up the DagBag from /opt/airflow/dags/insert_data_postgres.py
[2025-04-08T21:19:26.158+0000] {processor.py:927} WARNING - No viable dags retrieved from /opt/airflow/dags/insert_data_postgres.py
[2025-04-08T21:19:26.183+0000] {processor.py:208} INFO - Processing /opt/airflow/dags/insert_data_postgres.py took 0.051 seconds
[2025-04-08T21:19:56.971+0000] {processor.py:186} INFO - Started process (PID=20999) to work on /opt/airflow/dags/insert_data_postgres.py
[2025-04-08T21:19:56.973+0000] {processor.py:914} INFO - Processing file /opt/airflow/dags/insert_data_postgres.py for tasks to queue
[2025-04-08T21:19:56.975+0000] {logging_mixin.py:190} INFO - [2025-04-08T21:19:56.974+0000] {dagbag.py:588} INFO - Filling up the DagBag from /opt/airflow/dags/insert_data_postgres.py
[2025-04-08T21:19:56.979+0000] {processor.py:927} WARNING - No viable dags retrieved from /opt/airflow/dags/insert_data_postgres.py
[2025-04-08T21:19:56.997+0000] {processor.py:208} INFO - Processing /opt/airflow/dags/insert_data_postgres.py took 0.035 seconds
[2025-04-08T21:20:25.789+0000] {processor.py:186} INFO - Started process (PID=21045) to work on /opt/airflow/dags/insert_data_postgres.py
[2025-04-08T21:20:25.790+0000] {processor.py:914} INFO - Processing file /opt/airflow/dags/insert_data_postgres.py for tasks to queue
[2025-04-08T21:20:25.791+0000] {logging_mixin.py:190} INFO - [2025-04-08T21:20:25.791+0000] {dagbag.py:588} INFO - Filling up the DagBag from /opt/airflow/dags/insert_data_postgres.py
[2025-04-08T21:20:25.797+0000] {processor.py:927} WARNING - No viable dags retrieved from /opt/airflow/dags/insert_data_postgres.py
[2025-04-08T21:20:25.807+0000] {processor.py:208} INFO - Processing /opt/airflow/dags/insert_data_postgres.py took 0.024 seconds
[2025-04-08T21:20:56.653+0000] {processor.py:186} INFO - Started process (PID=21096) to work on /opt/airflow/dags/insert_data_postgres.py
[2025-04-08T21:20:56.654+0000] {processor.py:914} INFO - Processing file /opt/airflow/dags/insert_data_postgres.py for tasks to queue
[2025-04-08T21:20:56.655+0000] {logging_mixin.py:190} INFO - [2025-04-08T21:20:56.655+0000] {dagbag.py:588} INFO - Filling up the DagBag from /opt/airflow/dags/insert_data_postgres.py
[2025-04-08T21:20:56.658+0000] {processor.py:927} WARNING - No viable dags retrieved from /opt/airflow/dags/insert_data_postgres.py
[2025-04-08T21:20:56.672+0000] {processor.py:208} INFO - Processing /opt/airflow/dags/insert_data_postgres.py took 0.027 seconds
[2025-04-08T21:21:27.614+0000] {processor.py:186} INFO - Started process (PID=21208) to work on /opt/airflow/dags/insert_data_postgres.py
[2025-04-08T21:21:27.616+0000] {processor.py:914} INFO - Processing file /opt/airflow/dags/insert_data_postgres.py for tasks to queue
[2025-04-08T21:21:27.617+0000] {logging_mixin.py:190} INFO - [2025-04-08T21:21:27.616+0000] {dagbag.py:588} INFO - Filling up the DagBag from /opt/airflow/dags/insert_data_postgres.py
[2025-04-08T21:21:27.620+0000] {processor.py:927} WARNING - No viable dags retrieved from /opt/airflow/dags/insert_data_postgres.py
[2025-04-08T21:21:27.633+0000] {processor.py:208} INFO - Processing /opt/airflow/dags/insert_data_postgres.py took 0.026 seconds
[2025-04-08T21:21:58.542+0000] {processor.py:186} INFO - Started process (PID=21254) to work on /opt/airflow/dags/insert_data_postgres.py
[2025-04-08T21:21:58.544+0000] {processor.py:914} INFO - Processing file /opt/airflow/dags/insert_data_postgres.py for tasks to queue
[2025-04-08T21:21:58.545+0000] {logging_mixin.py:190} INFO - [2025-04-08T21:21:58.545+0000] {dagbag.py:588} INFO - Filling up the DagBag from /opt/airflow/dags/insert_data_postgres.py
[2025-04-08T21:21:58.548+0000] {processor.py:927} WARNING - No viable dags retrieved from /opt/airflow/dags/insert_data_postgres.py
[2025-04-08T21:21:58.560+0000] {processor.py:208} INFO - Processing /opt/airflow/dags/insert_data_postgres.py took 0.025 seconds
[2025-04-08T21:22:12.728+0000] {processor.py:186} INFO - Started process (PID=21270) to work on /opt/airflow/dags/insert_data_postgres.py
[2025-04-08T21:22:12.729+0000] {processor.py:914} INFO - Processing file /opt/airflow/dags/insert_data_postgres.py for tasks to queue
[2025-04-08T21:22:12.731+0000] {logging_mixin.py:190} INFO - [2025-04-08T21:22:12.730+0000] {dagbag.py:588} INFO - Filling up the DagBag from /opt/airflow/dags/insert_data_postgres.py
[2025-04-08T21:22:12.741+0000] {processor.py:927} WARNING - No viable dags retrieved from /opt/airflow/dags/insert_data_postgres.py
[2025-04-08T21:22:12.751+0000] {processor.py:208} INFO - Processing /opt/airflow/dags/insert_data_postgres.py took 0.031 seconds
[2025-04-08T21:22:42.820+0000] {processor.py:186} INFO - Started process (PID=21349) to work on /opt/airflow/dags/insert_data_postgres.py
[2025-04-08T21:22:42.822+0000] {processor.py:914} INFO - Processing file /opt/airflow/dags/insert_data_postgres.py for tasks to queue
[2025-04-08T21:22:42.823+0000] {logging_mixin.py:190} INFO - [2025-04-08T21:22:42.823+0000] {dagbag.py:588} INFO - Filling up the DagBag from /opt/airflow/dags/insert_data_postgres.py
[2025-04-08T21:22:42.825+0000] {processor.py:927} WARNING - No viable dags retrieved from /opt/airflow/dags/insert_data_postgres.py
[2025-04-08T21:22:42.836+0000] {processor.py:208} INFO - Processing /opt/airflow/dags/insert_data_postgres.py took 0.027 seconds
[2025-04-08T21:23:13.781+0000] {processor.py:186} INFO - Started process (PID=21395) to work on /opt/airflow/dags/insert_data_postgres.py
[2025-04-08T21:23:13.782+0000] {processor.py:914} INFO - Processing file /opt/airflow/dags/insert_data_postgres.py for tasks to queue
[2025-04-08T21:23:13.783+0000] {logging_mixin.py:190} INFO - [2025-04-08T21:23:13.783+0000] {dagbag.py:588} INFO - Filling up the DagBag from /opt/airflow/dags/insert_data_postgres.py
[2025-04-08T21:23:13.787+0000] {processor.py:927} WARNING - No viable dags retrieved from /opt/airflow/dags/insert_data_postgres.py
[2025-04-08T21:23:13.801+0000] {processor.py:208} INFO - Processing /opt/airflow/dags/insert_data_postgres.py took 0.026 seconds
[2025-04-08T21:23:31.364+0000] {processor.py:186} INFO - Started process (PID=21430) to work on /opt/airflow/dags/insert_data_postgres.py
[2025-04-08T21:23:31.366+0000] {processor.py:914} INFO - Processing file /opt/airflow/dags/insert_data_postgres.py for tasks to queue
[2025-04-08T21:23:31.368+0000] {logging_mixin.py:190} INFO - [2025-04-08T21:23:31.367+0000] {dagbag.py:588} INFO - Filling up the DagBag from /opt/airflow/dags/insert_data_postgres.py
[2025-04-08T21:23:31.375+0000] {processor.py:927} WARNING - No viable dags retrieved from /opt/airflow/dags/insert_data_postgres.py
[2025-04-08T21:23:31.384+0000] {processor.py:208} INFO - Processing /opt/airflow/dags/insert_data_postgres.py took 0.042 seconds
[2025-04-08T21:24:01.451+0000] {processor.py:186} INFO - Started process (PID=21494) to work on /opt/airflow/dags/insert_data_postgres.py
[2025-04-08T21:24:01.453+0000] {processor.py:914} INFO - Processing file /opt/airflow/dags/insert_data_postgres.py for tasks to queue
[2025-04-08T21:24:01.454+0000] {logging_mixin.py:190} INFO - [2025-04-08T21:24:01.454+0000] {dagbag.py:588} INFO - Filling up the DagBag from /opt/airflow/dags/insert_data_postgres.py
[2025-04-08T21:24:01.456+0000] {processor.py:927} WARNING - No viable dags retrieved from /opt/airflow/dags/insert_data_postgres.py
[2025-04-08T21:24:01.464+0000] {processor.py:208} INFO - Processing /opt/airflow/dags/insert_data_postgres.py took 0.016 seconds
[2025-04-08T21:24:31.505+0000] {processor.py:186} INFO - Started process (PID=21555) to work on /opt/airflow/dags/insert_data_postgres.py
[2025-04-08T21:24:31.507+0000] {processor.py:914} INFO - Processing file /opt/airflow/dags/insert_data_postgres.py for tasks to queue
[2025-04-08T21:24:31.508+0000] {logging_mixin.py:190} INFO - [2025-04-08T21:24:31.508+0000] {dagbag.py:588} INFO - Filling up the DagBag from /opt/airflow/dags/insert_data_postgres.py
[2025-04-08T21:24:31.512+0000] {processor.py:927} WARNING - No viable dags retrieved from /opt/airflow/dags/insert_data_postgres.py
[2025-04-08T21:24:31.526+0000] {processor.py:208} INFO - Processing /opt/airflow/dags/insert_data_postgres.py took 0.029 seconds
[2025-04-08T21:25:02.522+0000] {processor.py:186} INFO - Started process (PID=21601) to work on /opt/airflow/dags/insert_data_postgres.py
[2025-04-08T21:25:02.523+0000] {processor.py:914} INFO - Processing file /opt/airflow/dags/insert_data_postgres.py for tasks to queue
[2025-04-08T21:25:02.524+0000] {logging_mixin.py:190} INFO - [2025-04-08T21:25:02.524+0000] {dagbag.py:588} INFO - Filling up the DagBag from /opt/airflow/dags/insert_data_postgres.py
[2025-04-08T21:25:02.526+0000] {processor.py:927} WARNING - No viable dags retrieved from /opt/airflow/dags/insert_data_postgres.py
[2025-04-08T21:25:02.537+0000] {processor.py:208} INFO - Processing /opt/airflow/dags/insert_data_postgres.py took 0.022 seconds
[2025-04-08T21:25:33.360+0000] {processor.py:186} INFO - Started process (PID=21647) to work on /opt/airflow/dags/insert_data_postgres.py
[2025-04-08T21:25:33.361+0000] {processor.py:914} INFO - Processing file /opt/airflow/dags/insert_data_postgres.py for tasks to queue
[2025-04-08T21:25:33.362+0000] {logging_mixin.py:190} INFO - [2025-04-08T21:25:33.362+0000] {dagbag.py:588} INFO - Filling up the DagBag from /opt/airflow/dags/insert_data_postgres.py
[2025-04-08T21:25:33.366+0000] {processor.py:927} WARNING - No viable dags retrieved from /opt/airflow/dags/insert_data_postgres.py
[2025-04-08T21:25:33.379+0000] {processor.py:208} INFO - Processing /opt/airflow/dags/insert_data_postgres.py took 0.026 seconds
[2025-04-08T21:26:04.263+0000] {processor.py:186} INFO - Started process (PID=21693) to work on /opt/airflow/dags/insert_data_postgres.py
[2025-04-08T21:26:04.264+0000] {processor.py:914} INFO - Processing file /opt/airflow/dags/insert_data_postgres.py for tasks to queue
[2025-04-08T21:26:04.265+0000] {logging_mixin.py:190} INFO - [2025-04-08T21:26:04.265+0000] {dagbag.py:588} INFO - Filling up the DagBag from /opt/airflow/dags/insert_data_postgres.py
[2025-04-08T21:26:04.269+0000] {processor.py:927} WARNING - No viable dags retrieved from /opt/airflow/dags/insert_data_postgres.py
[2025-04-08T21:26:04.282+0000] {processor.py:208} INFO - Processing /opt/airflow/dags/insert_data_postgres.py took 0.027 seconds
[2025-04-08T21:26:35.079+0000] {processor.py:186} INFO - Started process (PID=21739) to work on /opt/airflow/dags/insert_data_postgres.py
[2025-04-08T21:26:35.081+0000] {processor.py:914} INFO - Processing file /opt/airflow/dags/insert_data_postgres.py for tasks to queue
[2025-04-08T21:26:35.082+0000] {logging_mixin.py:190} INFO - [2025-04-08T21:26:35.082+0000] {dagbag.py:588} INFO - Filling up the DagBag from /opt/airflow/dags/insert_data_postgres.py
[2025-04-08T21:26:35.086+0000] {processor.py:927} WARNING - No viable dags retrieved from /opt/airflow/dags/insert_data_postgres.py
[2025-04-08T21:26:35.099+0000] {processor.py:208} INFO - Processing /opt/airflow/dags/insert_data_postgres.py took 0.027 seconds
[2025-04-08T21:27:06.040+0000] {processor.py:186} INFO - Started process (PID=21785) to work on /opt/airflow/dags/insert_data_postgres.py
[2025-04-08T21:27:06.042+0000] {processor.py:914} INFO - Processing file /opt/airflow/dags/insert_data_postgres.py for tasks to queue
[2025-04-08T21:27:06.043+0000] {logging_mixin.py:190} INFO - [2025-04-08T21:27:06.043+0000] {dagbag.py:588} INFO - Filling up the DagBag from /opt/airflow/dags/insert_data_postgres.py
[2025-04-08T21:27:06.047+0000] {processor.py:927} WARNING - No viable dags retrieved from /opt/airflow/dags/insert_data_postgres.py
[2025-04-08T21:27:06.061+0000] {processor.py:208} INFO - Processing /opt/airflow/dags/insert_data_postgres.py took 0.028 seconds
[2025-04-08T21:27:36.891+0000] {processor.py:186} INFO - Started process (PID=21864) to work on /opt/airflow/dags/insert_data_postgres.py
[2025-04-08T21:27:36.893+0000] {processor.py:914} INFO - Processing file /opt/airflow/dags/insert_data_postgres.py for tasks to queue
[2025-04-08T21:27:36.894+0000] {logging_mixin.py:190} INFO - [2025-04-08T21:27:36.894+0000] {dagbag.py:588} INFO - Filling up the DagBag from /opt/airflow/dags/insert_data_postgres.py
[2025-04-08T21:27:36.897+0000] {processor.py:927} WARNING - No viable dags retrieved from /opt/airflow/dags/insert_data_postgres.py
[2025-04-08T21:27:36.908+0000] {processor.py:208} INFO - Processing /opt/airflow/dags/insert_data_postgres.py took 0.035 seconds
[2025-04-08T21:28:07.793+0000] {processor.py:186} INFO - Started process (PID=21910) to work on /opt/airflow/dags/insert_data_postgres.py
[2025-04-08T21:28:07.794+0000] {processor.py:914} INFO - Processing file /opt/airflow/dags/insert_data_postgres.py for tasks to queue
[2025-04-08T21:28:07.795+0000] {logging_mixin.py:190} INFO - [2025-04-08T21:28:07.795+0000] {dagbag.py:588} INFO - Filling up the DagBag from /opt/airflow/dags/insert_data_postgres.py
[2025-04-08T21:28:07.798+0000] {processor.py:927} WARNING - No viable dags retrieved from /opt/airflow/dags/insert_data_postgres.py
[2025-04-08T21:28:07.811+0000] {processor.py:208} INFO - Processing /opt/airflow/dags/insert_data_postgres.py took 0.027 seconds
[2025-04-08T21:28:37.894+0000] {processor.py:186} INFO - Started process (PID=21956) to work on /opt/airflow/dags/insert_data_postgres.py
[2025-04-08T21:28:37.895+0000] {processor.py:914} INFO - Processing file /opt/airflow/dags/insert_data_postgres.py for tasks to queue
[2025-04-08T21:28:37.896+0000] {logging_mixin.py:190} INFO - [2025-04-08T21:28:37.896+0000] {dagbag.py:588} INFO - Filling up the DagBag from /opt/airflow/dags/insert_data_postgres.py
[2025-04-08T21:28:37.898+0000] {processor.py:927} WARNING - No viable dags retrieved from /opt/airflow/dags/insert_data_postgres.py
[2025-04-08T21:28:37.905+0000] {processor.py:208} INFO - Processing /opt/airflow/dags/insert_data_postgres.py took 0.014 seconds
[2025-04-08T21:29:08.819+0000] {processor.py:186} INFO - Started process (PID=21997) to work on /opt/airflow/dags/insert_data_postgres.py
[2025-04-08T21:29:08.821+0000] {processor.py:914} INFO - Processing file /opt/airflow/dags/insert_data_postgres.py for tasks to queue
[2025-04-08T21:29:08.823+0000] {logging_mixin.py:190} INFO - [2025-04-08T21:29:08.823+0000] {dagbag.py:588} INFO - Filling up the DagBag from /opt/airflow/dags/insert_data_postgres.py
[2025-04-08T21:29:08.828+0000] {processor.py:927} WARNING - No viable dags retrieved from /opt/airflow/dags/insert_data_postgres.py
[2025-04-08T21:29:08.848+0000] {processor.py:208} INFO - Processing /opt/airflow/dags/insert_data_postgres.py took 0.037 seconds
[2025-04-08T21:29:38.905+0000] {processor.py:186} INFO - Started process (PID=22043) to work on /opt/airflow/dags/insert_data_postgres.py
[2025-04-08T21:29:38.908+0000] {processor.py:914} INFO - Processing file /opt/airflow/dags/insert_data_postgres.py for tasks to queue
[2025-04-08T21:29:38.909+0000] {logging_mixin.py:190} INFO - [2025-04-08T21:29:38.908+0000] {dagbag.py:588} INFO - Filling up the DagBag from /opt/airflow/dags/insert_data_postgres.py
[2025-04-08T21:29:38.913+0000] {processor.py:927} WARNING - No viable dags retrieved from /opt/airflow/dags/insert_data_postgres.py
[2025-04-08T21:29:38.930+0000] {processor.py:208} INFO - Processing /opt/airflow/dags/insert_data_postgres.py took 0.032 seconds
[2025-04-08T21:30:09.784+0000] {processor.py:186} INFO - Started process (PID=22095) to work on /opt/airflow/dags/insert_data_postgres.py
[2025-04-08T21:30:09.786+0000] {processor.py:914} INFO - Processing file /opt/airflow/dags/insert_data_postgres.py for tasks to queue
[2025-04-08T21:30:09.787+0000] {logging_mixin.py:190} INFO - [2025-04-08T21:30:09.786+0000] {dagbag.py:588} INFO - Filling up the DagBag from /opt/airflow/dags/insert_data_postgres.py
[2025-04-08T21:30:09.792+0000] {processor.py:927} WARNING - No viable dags retrieved from /opt/airflow/dags/insert_data_postgres.py
[2025-04-08T21:30:09.806+0000] {processor.py:208} INFO - Processing /opt/airflow/dags/insert_data_postgres.py took 0.039 seconds
[2025-04-08T21:30:40.719+0000] {processor.py:186} INFO - Started process (PID=22141) to work on /opt/airflow/dags/insert_data_postgres.py
[2025-04-08T21:30:40.720+0000] {processor.py:914} INFO - Processing file /opt/airflow/dags/insert_data_postgres.py for tasks to queue
[2025-04-08T21:30:40.721+0000] {logging_mixin.py:190} INFO - [2025-04-08T21:30:40.721+0000] {dagbag.py:588} INFO - Filling up the DagBag from /opt/airflow/dags/insert_data_postgres.py
[2025-04-08T21:30:40.729+0000] {processor.py:927} WARNING - No viable dags retrieved from /opt/airflow/dags/insert_data_postgres.py
[2025-04-08T21:30:40.748+0000] {processor.py:208} INFO - Processing /opt/airflow/dags/insert_data_postgres.py took 0.041 seconds
[2025-04-08T21:31:11.746+0000] {processor.py:186} INFO - Started process (PID=22186) to work on /opt/airflow/dags/insert_data_postgres.py
[2025-04-08T21:31:11.749+0000] {processor.py:914} INFO - Processing file /opt/airflow/dags/insert_data_postgres.py for tasks to queue
[2025-04-08T21:31:11.751+0000] {logging_mixin.py:190} INFO - [2025-04-08T21:31:11.750+0000] {dagbag.py:588} INFO - Filling up the DagBag from /opt/airflow/dags/insert_data_postgres.py
[2025-04-08T21:31:11.755+0000] {processor.py:927} WARNING - No viable dags retrieved from /opt/airflow/dags/insert_data_postgres.py
[2025-04-08T21:31:11.769+0000] {processor.py:208} INFO - Processing /opt/airflow/dags/insert_data_postgres.py took 0.031 seconds
[2025-04-08T21:31:42.686+0000] {processor.py:186} INFO - Started process (PID=22231) to work on /opt/airflow/dags/insert_data_postgres.py
[2025-04-08T21:31:42.689+0000] {processor.py:914} INFO - Processing file /opt/airflow/dags/insert_data_postgres.py for tasks to queue
[2025-04-08T21:31:42.691+0000] {logging_mixin.py:190} INFO - [2025-04-08T21:31:42.690+0000] {dagbag.py:588} INFO - Filling up the DagBag from /opt/airflow/dags/insert_data_postgres.py
[2025-04-08T21:31:42.700+0000] {processor.py:927} WARNING - No viable dags retrieved from /opt/airflow/dags/insert_data_postgres.py
[2025-04-08T21:31:42.726+0000] {processor.py:208} INFO - Processing /opt/airflow/dags/insert_data_postgres.py took 0.055 seconds
[2025-04-08T21:32:13.712+0000] {processor.py:186} INFO - Started process (PID=22277) to work on /opt/airflow/dags/insert_data_postgres.py
[2025-04-08T21:32:13.715+0000] {processor.py:914} INFO - Processing file /opt/airflow/dags/insert_data_postgres.py for tasks to queue
[2025-04-08T21:32:13.717+0000] {logging_mixin.py:190} INFO - [2025-04-08T21:32:13.717+0000] {dagbag.py:588} INFO - Filling up the DagBag from /opt/airflow/dags/insert_data_postgres.py
[2025-04-08T21:32:13.726+0000] {processor.py:927} WARNING - No viable dags retrieved from /opt/airflow/dags/insert_data_postgres.py
[2025-04-08T21:32:13.752+0000] {processor.py:208} INFO - Processing /opt/airflow/dags/insert_data_postgres.py took 0.055 seconds
[2025-04-08T21:32:44.606+0000] {processor.py:186} INFO - Started process (PID=22323) to work on /opt/airflow/dags/insert_data_postgres.py
[2025-04-08T21:32:44.607+0000] {processor.py:914} INFO - Processing file /opt/airflow/dags/insert_data_postgres.py for tasks to queue
[2025-04-08T21:32:44.608+0000] {logging_mixin.py:190} INFO - [2025-04-08T21:32:44.608+0000] {dagbag.py:588} INFO - Filling up the DagBag from /opt/airflow/dags/insert_data_postgres.py
[2025-04-08T21:32:44.612+0000] {processor.py:927} WARNING - No viable dags retrieved from /opt/airflow/dags/insert_data_postgres.py
[2025-04-08T21:32:44.623+0000] {processor.py:208} INFO - Processing /opt/airflow/dags/insert_data_postgres.py took 0.021 seconds
[2025-04-08T21:33:15.401+0000] {processor.py:186} INFO - Started process (PID=22369) to work on /opt/airflow/dags/insert_data_postgres.py
[2025-04-08T21:33:15.402+0000] {processor.py:914} INFO - Processing file /opt/airflow/dags/insert_data_postgres.py for tasks to queue
[2025-04-08T21:33:15.403+0000] {logging_mixin.py:190} INFO - [2025-04-08T21:33:15.403+0000] {dagbag.py:588} INFO - Filling up the DagBag from /opt/airflow/dags/insert_data_postgres.py
[2025-04-08T21:33:15.408+0000] {processor.py:927} WARNING - No viable dags retrieved from /opt/airflow/dags/insert_data_postgres.py
[2025-04-08T21:33:15.422+0000] {processor.py:208} INFO - Processing /opt/airflow/dags/insert_data_postgres.py took 0.029 seconds
[2025-04-08T21:33:46.232+0000] {processor.py:186} INFO - Started process (PID=22415) to work on /opt/airflow/dags/insert_data_postgres.py
[2025-04-08T21:33:46.233+0000] {processor.py:914} INFO - Processing file /opt/airflow/dags/insert_data_postgres.py for tasks to queue
[2025-04-08T21:33:46.235+0000] {logging_mixin.py:190} INFO - [2025-04-08T21:33:46.235+0000] {dagbag.py:588} INFO - Filling up the DagBag from /opt/airflow/dags/insert_data_postgres.py
[2025-04-08T21:33:46.240+0000] {processor.py:927} WARNING - No viable dags retrieved from /opt/airflow/dags/insert_data_postgres.py
[2025-04-08T21:33:46.253+0000] {processor.py:208} INFO - Processing /opt/airflow/dags/insert_data_postgres.py took 0.029 seconds
[2025-04-08T21:34:17.072+0000] {processor.py:186} INFO - Started process (PID=22461) to work on /opt/airflow/dags/insert_data_postgres.py
[2025-04-08T21:34:17.073+0000] {processor.py:914} INFO - Processing file /opt/airflow/dags/insert_data_postgres.py for tasks to queue
[2025-04-08T21:34:17.073+0000] {logging_mixin.py:190} INFO - [2025-04-08T21:34:17.073+0000] {dagbag.py:588} INFO - Filling up the DagBag from /opt/airflow/dags/insert_data_postgres.py
[2025-04-08T21:34:17.076+0000] {processor.py:927} WARNING - No viable dags retrieved from /opt/airflow/dags/insert_data_postgres.py
[2025-04-08T21:34:17.088+0000] {processor.py:208} INFO - Processing /opt/airflow/dags/insert_data_postgres.py took 0.024 seconds
[2025-04-08T21:34:48.073+0000] {processor.py:186} INFO - Started process (PID=22508) to work on /opt/airflow/dags/insert_data_postgres.py
[2025-04-08T21:34:48.077+0000] {processor.py:914} INFO - Processing file /opt/airflow/dags/insert_data_postgres.py for tasks to queue
[2025-04-08T21:34:48.079+0000] {logging_mixin.py:190} INFO - [2025-04-08T21:34:48.078+0000] {dagbag.py:588} INFO - Filling up the DagBag from /opt/airflow/dags/insert_data_postgres.py
[2025-04-08T21:34:48.087+0000] {processor.py:927} WARNING - No viable dags retrieved from /opt/airflow/dags/insert_data_postgres.py
[2025-04-08T21:34:48.111+0000] {processor.py:208} INFO - Processing /opt/airflow/dags/insert_data_postgres.py took 0.063 seconds
[2025-04-08T21:35:19.052+0000] {processor.py:186} INFO - Started process (PID=22554) to work on /opt/airflow/dags/insert_data_postgres.py
[2025-04-08T21:35:19.053+0000] {processor.py:914} INFO - Processing file /opt/airflow/dags/insert_data_postgres.py for tasks to queue
[2025-04-08T21:35:19.054+0000] {logging_mixin.py:190} INFO - [2025-04-08T21:35:19.054+0000] {dagbag.py:588} INFO - Filling up the DagBag from /opt/airflow/dags/insert_data_postgres.py
[2025-04-08T21:35:19.057+0000] {processor.py:927} WARNING - No viable dags retrieved from /opt/airflow/dags/insert_data_postgres.py
[2025-04-08T21:35:19.067+0000] {processor.py:208} INFO - Processing /opt/airflow/dags/insert_data_postgres.py took 0.021 seconds
[2025-04-08T21:35:49.204+0000] {processor.py:186} INFO - Started process (PID=22632) to work on /opt/airflow/dags/insert_data_postgres.py
[2025-04-08T21:35:49.207+0000] {processor.py:914} INFO - Processing file /opt/airflow/dags/insert_data_postgres.py for tasks to queue
[2025-04-08T21:35:49.209+0000] {logging_mixin.py:190} INFO - [2025-04-08T21:35:49.208+0000] {dagbag.py:588} INFO - Filling up the DagBag from /opt/airflow/dags/insert_data_postgres.py
[2025-04-08T21:35:49.215+0000] {processor.py:927} WARNING - No viable dags retrieved from /opt/airflow/dags/insert_data_postgres.py
[2025-04-08T21:35:49.230+0000] {processor.py:208} INFO - Processing /opt/airflow/dags/insert_data_postgres.py took 0.036 seconds
[2025-04-08T21:36:20.136+0000] {processor.py:186} INFO - Started process (PID=22678) to work on /opt/airflow/dags/insert_data_postgres.py
[2025-04-08T21:36:20.138+0000] {processor.py:914} INFO - Processing file /opt/airflow/dags/insert_data_postgres.py for tasks to queue
[2025-04-08T21:36:20.140+0000] {logging_mixin.py:190} INFO - [2025-04-08T21:36:20.140+0000] {dagbag.py:588} INFO - Filling up the DagBag from /opt/airflow/dags/insert_data_postgres.py
[2025-04-08T21:36:20.146+0000] {processor.py:927} WARNING - No viable dags retrieved from /opt/airflow/dags/insert_data_postgres.py
[2025-04-08T21:36:20.164+0000] {processor.py:208} INFO - Processing /opt/airflow/dags/insert_data_postgres.py took 0.038 seconds
[2025-04-08T21:36:51.083+0000] {processor.py:186} INFO - Started process (PID=22724) to work on /opt/airflow/dags/insert_data_postgres.py
[2025-04-08T21:36:51.086+0000] {processor.py:914} INFO - Processing file /opt/airflow/dags/insert_data_postgres.py for tasks to queue
[2025-04-08T21:36:51.088+0000] {logging_mixin.py:190} INFO - [2025-04-08T21:36:51.088+0000] {dagbag.py:588} INFO - Filling up the DagBag from /opt/airflow/dags/insert_data_postgres.py
[2025-04-08T21:36:51.095+0000] {processor.py:927} WARNING - No viable dags retrieved from /opt/airflow/dags/insert_data_postgres.py
[2025-04-08T21:36:51.111+0000] {processor.py:208} INFO - Processing /opt/airflow/dags/insert_data_postgres.py took 0.043 seconds
[2025-04-08T21:37:22.004+0000] {processor.py:186} INFO - Started process (PID=22770) to work on /opt/airflow/dags/insert_data_postgres.py
[2025-04-08T21:37:22.006+0000] {processor.py:914} INFO - Processing file /opt/airflow/dags/insert_data_postgres.py for tasks to queue
[2025-04-08T21:37:22.008+0000] {logging_mixin.py:190} INFO - [2025-04-08T21:37:22.007+0000] {dagbag.py:588} INFO - Filling up the DagBag from /opt/airflow/dags/insert_data_postgres.py
[2025-04-08T21:37:22.014+0000] {processor.py:927} WARNING - No viable dags retrieved from /opt/airflow/dags/insert_data_postgres.py
[2025-04-08T21:37:22.037+0000] {processor.py:208} INFO - Processing /opt/airflow/dags/insert_data_postgres.py took 0.049 seconds
[2025-04-08T21:37:52.881+0000] {processor.py:186} INFO - Started process (PID=22834) to work on /opt/airflow/dags/insert_data_postgres.py
[2025-04-08T21:37:52.883+0000] {processor.py:914} INFO - Processing file /opt/airflow/dags/insert_data_postgres.py for tasks to queue
[2025-04-08T21:37:52.886+0000] {logging_mixin.py:190} INFO - [2025-04-08T21:37:52.886+0000] {dagbag.py:588} INFO - Filling up the DagBag from /opt/airflow/dags/insert_data_postgres.py
[2025-04-08T21:37:52.901+0000] {processor.py:927} WARNING - No viable dags retrieved from /opt/airflow/dags/insert_data_postgres.py
[2025-04-08T21:37:52.913+0000] {processor.py:208} INFO - Processing /opt/airflow/dags/insert_data_postgres.py took 0.040 seconds
[2025-04-08T21:38:23.868+0000] {processor.py:186} INFO - Started process (PID=22922) to work on /opt/airflow/dags/insert_data_postgres.py
[2025-04-08T21:38:23.871+0000] {processor.py:914} INFO - Processing file /opt/airflow/dags/insert_data_postgres.py for tasks to queue
[2025-04-08T21:38:23.873+0000] {logging_mixin.py:190} INFO - [2025-04-08T21:38:23.873+0000] {dagbag.py:588} INFO - Filling up the DagBag from /opt/airflow/dags/insert_data_postgres.py
[2025-04-08T21:38:23.885+0000] {processor.py:927} WARNING - No viable dags retrieved from /opt/airflow/dags/insert_data_postgres.py
[2025-04-08T21:38:23.904+0000] {processor.py:208} INFO - Processing /opt/airflow/dags/insert_data_postgres.py took 0.045 seconds
[2025-04-08T21:38:54.008+0000] {processor.py:186} INFO - Started process (PID=22968) to work on /opt/airflow/dags/insert_data_postgres.py
[2025-04-08T21:38:54.012+0000] {processor.py:914} INFO - Processing file /opt/airflow/dags/insert_data_postgres.py for tasks to queue
[2025-04-08T21:38:54.015+0000] {logging_mixin.py:190} INFO - [2025-04-08T21:38:54.014+0000] {dagbag.py:588} INFO - Filling up the DagBag from /opt/airflow/dags/insert_data_postgres.py
[2025-04-08T21:38:54.021+0000] {processor.py:927} WARNING - No viable dags retrieved from /opt/airflow/dags/insert_data_postgres.py
[2025-04-08T21:38:54.038+0000] {processor.py:208} INFO - Processing /opt/airflow/dags/insert_data_postgres.py took 0.042 seconds
[2025-04-08T21:39:25.019+0000] {processor.py:186} INFO - Started process (PID=23047) to work on /opt/airflow/dags/insert_data_postgres.py
[2025-04-08T21:39:25.022+0000] {processor.py:914} INFO - Processing file /opt/airflow/dags/insert_data_postgres.py for tasks to queue
[2025-04-08T21:39:25.024+0000] {logging_mixin.py:190} INFO - [2025-04-08T21:39:25.023+0000] {dagbag.py:588} INFO - Filling up the DagBag from /opt/airflow/dags/insert_data_postgres.py
[2025-04-08T21:39:25.033+0000] {processor.py:927} WARNING - No viable dags retrieved from /opt/airflow/dags/insert_data_postgres.py
[2025-04-08T21:39:25.052+0000] {processor.py:208} INFO - Processing /opt/airflow/dags/insert_data_postgres.py took 0.050 seconds
[2025-04-08T21:39:55.868+0000] {processor.py:186} INFO - Started process (PID=23093) to work on /opt/airflow/dags/insert_data_postgres.py
[2025-04-08T21:39:55.869+0000] {processor.py:914} INFO - Processing file /opt/airflow/dags/insert_data_postgres.py for tasks to queue
[2025-04-08T21:39:55.870+0000] {logging_mixin.py:190} INFO - [2025-04-08T21:39:55.870+0000] {dagbag.py:588} INFO - Filling up the DagBag from /opt/airflow/dags/insert_data_postgres.py
[2025-04-08T21:39:55.874+0000] {processor.py:927} WARNING - No viable dags retrieved from /opt/airflow/dags/insert_data_postgres.py
[2025-04-08T21:39:55.887+0000] {processor.py:208} INFO - Processing /opt/airflow/dags/insert_data_postgres.py took 0.028 seconds
[2025-04-08T21:40:26.728+0000] {processor.py:186} INFO - Started process (PID=23139) to work on /opt/airflow/dags/insert_data_postgres.py
[2025-04-08T21:40:26.729+0000] {processor.py:914} INFO - Processing file /opt/airflow/dags/insert_data_postgres.py for tasks to queue
[2025-04-08T21:40:26.730+0000] {logging_mixin.py:190} INFO - [2025-04-08T21:40:26.730+0000] {dagbag.py:588} INFO - Filling up the DagBag from /opt/airflow/dags/insert_data_postgres.py
[2025-04-08T21:40:26.736+0000] {processor.py:927} WARNING - No viable dags retrieved from /opt/airflow/dags/insert_data_postgres.py
[2025-04-08T21:40:26.750+0000] {processor.py:208} INFO - Processing /opt/airflow/dags/insert_data_postgres.py took 0.032 seconds
[2025-04-08T21:40:57.638+0000] {processor.py:186} INFO - Started process (PID=23185) to work on /opt/airflow/dags/insert_data_postgres.py
[2025-04-08T21:40:57.639+0000] {processor.py:914} INFO - Processing file /opt/airflow/dags/insert_data_postgres.py for tasks to queue
[2025-04-08T21:40:57.640+0000] {logging_mixin.py:190} INFO - [2025-04-08T21:40:57.639+0000] {dagbag.py:588} INFO - Filling up the DagBag from /opt/airflow/dags/insert_data_postgres.py
[2025-04-08T21:40:57.643+0000] {processor.py:927} WARNING - No viable dags retrieved from /opt/airflow/dags/insert_data_postgres.py
[2025-04-08T21:40:57.654+0000] {processor.py:208} INFO - Processing /opt/airflow/dags/insert_data_postgres.py took 0.021 seconds
[2025-04-08T21:41:28.438+0000] {processor.py:186} INFO - Started process (PID=23231) to work on /opt/airflow/dags/insert_data_postgres.py
[2025-04-08T21:41:28.440+0000] {processor.py:914} INFO - Processing file /opt/airflow/dags/insert_data_postgres.py for tasks to queue
[2025-04-08T21:41:28.441+0000] {logging_mixin.py:190} INFO - [2025-04-08T21:41:28.441+0000] {dagbag.py:588} INFO - Filling up the DagBag from /opt/airflow/dags/insert_data_postgres.py
[2025-04-08T21:41:28.445+0000] {processor.py:927} WARNING - No viable dags retrieved from /opt/airflow/dags/insert_data_postgres.py
[2025-04-08T21:41:28.457+0000] {processor.py:208} INFO - Processing /opt/airflow/dags/insert_data_postgres.py took 0.029 seconds
