[2025-03-19T21:23:16.711+0000] {local_task_job_runner.py:123} INFO - ::group::Pre task execution logs
[2025-03-19T21:23:16.724+0000] {taskinstance.py:2614} INFO - Dependencies all met for dep_context=non-requeueable deps ti=<TaskInstance: bike_rental_pipeline.check_raw_data_file scheduled__2025-03-19T21:22:00+00:00 [queued]>
[2025-03-19T21:23:16.731+0000] {taskinstance.py:2614} INFO - Dependencies all met for dep_context=requeueable deps ti=<TaskInstance: bike_rental_pipeline.check_raw_data_file scheduled__2025-03-19T21:22:00+00:00 [queued]>
[2025-03-19T21:23:16.731+0000] {taskinstance.py:2867} INFO - Starting attempt 1 of 1
[2025-03-19T21:23:16.740+0000] {taskinstance.py:2890} INFO - Executing <Task(FileSensor): check_raw_data_file> on 2025-03-19 21:22:00+00:00
[2025-03-19T21:23:16.750+0000] {standard_task_runner.py:104} INFO - Running: ['***', 'tasks', 'run', 'bike_rental_pipeline', 'check_raw_data_file', 'scheduled__2025-03-19T21:22:00+00:00', '--job-id', '442', '--raw', '--subdir', 'DAGS_FOLDER/data_pipline_true.py', '--cfg-path', '/tmp/tmp8xny380f']
[2025-03-19T21:23:16.754+0000] {standard_task_runner.py:105} INFO - Job 442: Subtask check_raw_data_file
[2025-03-19T21:23:16.753+0000] {logging_mixin.py:190} WARNING - /home/***/.local/lib/python3.12/site-packages/***/task/task_runner/standard_task_runner.py:70 DeprecationWarning: This process (pid=5864) is multi-threaded, use of fork() may lead to deadlocks in the child.
[2025-03-19T21:23:16.754+0000] {standard_task_runner.py:72} INFO - Started process 5866 to run task
[2025-03-19T21:23:16.787+0000] {task_command.py:467} INFO - Running <TaskInstance: bike_rental_pipeline.check_raw_data_file scheduled__2025-03-19T21:22:00+00:00 [running]> on host 108eca3b8cb3
[2025-03-19T21:23:16.841+0000] {taskinstance.py:3134} INFO - Exporting env vars: AIRFLOW_CTX_DAG_OWNER='***' AIRFLOW_CTX_DAG_ID='bike_rental_pipeline' AIRFLOW_CTX_TASK_ID='check_raw_data_file' AIRFLOW_CTX_EXECUTION_DATE='2025-03-19T21:22:00+00:00' AIRFLOW_CTX_TRY_NUMBER='1' AIRFLOW_CTX_DAG_RUN_ID='scheduled__2025-03-19T21:22:00+00:00'
[2025-03-19T21:23:16.842+0000] {taskinstance.py:732} INFO - ::endgroup::
[2025-03-19T21:23:16.851+0000] {baseoperator.py:423} WARNING - FileSensor.execute cannot be called outside TaskInstance!
[2025-03-19T21:23:16.856+0000] {base.py:84} INFO - Retrieving connection 'bike_rental_data'
[2025-03-19T21:23:16.856+0000] {filesystem.py:109} INFO - Poking for file /opt/***/dags/data/day.csv
[2025-03-19T21:23:16.856+0000] {filesystem.py:113} INFO - Found File /opt/***/dags/data/day.csv last modified: 20220422002206
[2025-03-19T21:23:16.857+0000] {base.py:339} INFO - Success criteria met. Exiting.
[2025-03-19T21:23:16.857+0000] {filesystem.py:109} INFO - Poking for file /opt/***/dags/data/day.csv
[2025-03-19T21:23:16.857+0000] {filesystem.py:113} INFO - Found File /opt/***/dags/data/day.csv last modified: 20220422002206
[2025-03-19T21:23:16.861+0000] {taskinstance.py:341} INFO - ::group::Post task execution logs
[2025-03-19T21:23:16.862+0000] {taskinstance.py:353} INFO - Marking task as SUCCESS. dag_id=bike_rental_pipeline, task_id=check_raw_data_file, run_id=scheduled__2025-03-19T21:22:00+00:00, execution_date=20250319T212200, start_date=20250319T212316, end_date=20250319T212316
[2025-03-19T21:23:16.942+0000] {local_task_job_runner.py:266} INFO - Task exited with return code 0
[2025-03-19T21:23:16.970+0000] {taskinstance.py:3901} INFO - 5 downstream tasks scheduled from follow-on schedule check
[2025-03-19T21:23:16.972+0000] {local_task_job_runner.py:245} INFO - ::endgroup::
