[2025-03-20T08:00:52.228+0000] {processor.py:186} INFO - Started process (PID=181) to work on /opt/airflow/dags/datasets_true.py
[2025-03-20T08:00:52.229+0000] {processor.py:914} INFO - Processing file /opt/airflow/dags/datasets_true.py for tasks to queue
[2025-03-20T08:00:52.232+0000] {logging_mixin.py:190} INFO - [2025-03-20T08:00:52.231+0000] {dagbag.py:588} INFO - Filling up the DagBag from /opt/airflow/dags/datasets_true.py
[2025-03-20T08:00:53.766+0000] {processor.py:927} WARNING - No viable dags retrieved from /opt/airflow/dags/datasets_true.py
[2025-03-20T08:00:53.773+0000] {processor.py:208} INFO - Processing /opt/airflow/dags/datasets_true.py took 1.550 seconds
[2025-03-20T08:01:24.183+0000] {processor.py:186} INFO - Started process (PID=202) to work on /opt/airflow/dags/datasets_true.py
[2025-03-20T08:01:24.184+0000] {processor.py:914} INFO - Processing file /opt/airflow/dags/datasets_true.py for tasks to queue
[2025-03-20T08:01:24.190+0000] {logging_mixin.py:190} INFO - [2025-03-20T08:01:24.190+0000] {dagbag.py:588} INFO - Filling up the DagBag from /opt/airflow/dags/datasets_true.py
[2025-03-20T08:01:24.659+0000] {processor.py:927} WARNING - No viable dags retrieved from /opt/airflow/dags/datasets_true.py
[2025-03-20T08:01:24.662+0000] {processor.py:208} INFO - Processing /opt/airflow/dags/datasets_true.py took 0.488 seconds
[2025-03-20T08:01:55.069+0000] {processor.py:186} INFO - Started process (PID=223) to work on /opt/airflow/dags/datasets_true.py
[2025-03-20T08:01:55.072+0000] {processor.py:914} INFO - Processing file /opt/airflow/dags/datasets_true.py for tasks to queue
[2025-03-20T08:01:55.078+0000] {logging_mixin.py:190} INFO - [2025-03-20T08:01:55.078+0000] {dagbag.py:588} INFO - Filling up the DagBag from /opt/airflow/dags/datasets_true.py
[2025-03-20T08:01:55.532+0000] {processor.py:927} WARNING - No viable dags retrieved from /opt/airflow/dags/datasets_true.py
[2025-03-20T08:01:55.537+0000] {processor.py:208} INFO - Processing /opt/airflow/dags/datasets_true.py took 0.478 seconds
[2025-03-20T08:02:25.875+0000] {processor.py:186} INFO - Started process (PID=244) to work on /opt/airflow/dags/datasets_true.py
[2025-03-20T08:02:25.876+0000] {processor.py:914} INFO - Processing file /opt/airflow/dags/datasets_true.py for tasks to queue
[2025-03-20T08:02:25.877+0000] {logging_mixin.py:190} INFO - [2025-03-20T08:02:25.877+0000] {dagbag.py:588} INFO - Filling up the DagBag from /opt/airflow/dags/datasets_true.py
[2025-03-20T08:02:26.163+0000] {processor.py:927} WARNING - No viable dags retrieved from /opt/airflow/dags/datasets_true.py
[2025-03-20T08:02:26.167+0000] {processor.py:208} INFO - Processing /opt/airflow/dags/datasets_true.py took 0.297 seconds
[2025-03-20T08:02:56.524+0000] {processor.py:186} INFO - Started process (PID=265) to work on /opt/airflow/dags/datasets_true.py
[2025-03-20T08:02:56.525+0000] {processor.py:914} INFO - Processing file /opt/airflow/dags/datasets_true.py for tasks to queue
[2025-03-20T08:02:56.527+0000] {logging_mixin.py:190} INFO - [2025-03-20T08:02:56.526+0000] {dagbag.py:588} INFO - Filling up the DagBag from /opt/airflow/dags/datasets_true.py
[2025-03-20T08:02:56.881+0000] {processor.py:927} WARNING - No viable dags retrieved from /opt/airflow/dags/datasets_true.py
[2025-03-20T08:02:56.884+0000] {processor.py:208} INFO - Processing /opt/airflow/dags/datasets_true.py took 0.367 seconds
[2025-03-20T08:03:27.219+0000] {processor.py:186} INFO - Started process (PID=286) to work on /opt/airflow/dags/datasets_true.py
[2025-03-20T08:03:27.220+0000] {processor.py:914} INFO - Processing file /opt/airflow/dags/datasets_true.py for tasks to queue
[2025-03-20T08:03:27.222+0000] {logging_mixin.py:190} INFO - [2025-03-20T08:03:27.221+0000] {dagbag.py:588} INFO - Filling up the DagBag from /opt/airflow/dags/datasets_true.py
[2025-03-20T08:03:27.493+0000] {processor.py:927} WARNING - No viable dags retrieved from /opt/airflow/dags/datasets_true.py
[2025-03-20T08:03:27.498+0000] {processor.py:208} INFO - Processing /opt/airflow/dags/datasets_true.py took 0.283 seconds
[2025-03-20T08:03:57.841+0000] {processor.py:186} INFO - Started process (PID=307) to work on /opt/airflow/dags/datasets_true.py
[2025-03-20T08:03:57.841+0000] {processor.py:914} INFO - Processing file /opt/airflow/dags/datasets_true.py for tasks to queue
[2025-03-20T08:03:57.843+0000] {logging_mixin.py:190} INFO - [2025-03-20T08:03:57.843+0000] {dagbag.py:588} INFO - Filling up the DagBag from /opt/airflow/dags/datasets_true.py
[2025-03-20T08:03:58.120+0000] {processor.py:927} WARNING - No viable dags retrieved from /opt/airflow/dags/datasets_true.py
[2025-03-20T08:03:58.124+0000] {processor.py:208} INFO - Processing /opt/airflow/dags/datasets_true.py took 0.288 seconds
[2025-03-20T08:04:28.466+0000] {processor.py:186} INFO - Started process (PID=327) to work on /opt/airflow/dags/datasets_true.py
[2025-03-20T08:04:28.467+0000] {processor.py:914} INFO - Processing file /opt/airflow/dags/datasets_true.py for tasks to queue
[2025-03-20T08:04:28.469+0000] {logging_mixin.py:190} INFO - [2025-03-20T08:04:28.469+0000] {dagbag.py:588} INFO - Filling up the DagBag from /opt/airflow/dags/datasets_true.py
[2025-03-20T08:04:28.756+0000] {processor.py:927} WARNING - No viable dags retrieved from /opt/airflow/dags/datasets_true.py
[2025-03-20T08:04:28.760+0000] {processor.py:208} INFO - Processing /opt/airflow/dags/datasets_true.py took 0.300 seconds
[2025-03-20T08:04:59.107+0000] {processor.py:186} INFO - Started process (PID=348) to work on /opt/airflow/dags/datasets_true.py
[2025-03-20T08:04:59.109+0000] {processor.py:914} INFO - Processing file /opt/airflow/dags/datasets_true.py for tasks to queue
[2025-03-20T08:04:59.111+0000] {logging_mixin.py:190} INFO - [2025-03-20T08:04:59.110+0000] {dagbag.py:588} INFO - Filling up the DagBag from /opt/airflow/dags/datasets_true.py
[2025-03-20T08:04:59.382+0000] {processor.py:927} WARNING - No viable dags retrieved from /opt/airflow/dags/datasets_true.py
[2025-03-20T08:04:59.385+0000] {processor.py:208} INFO - Processing /opt/airflow/dags/datasets_true.py took 0.282 seconds
[2025-03-20T08:05:29.960+0000] {processor.py:186} INFO - Started process (PID=369) to work on /opt/airflow/dags/datasets_true.py
[2025-03-20T08:05:29.961+0000] {processor.py:914} INFO - Processing file /opt/airflow/dags/datasets_true.py for tasks to queue
[2025-03-20T08:05:29.965+0000] {logging_mixin.py:190} INFO - [2025-03-20T08:05:29.964+0000] {dagbag.py:588} INFO - Filling up the DagBag from /opt/airflow/dags/datasets_true.py
[2025-03-20T08:05:30.402+0000] {processor.py:927} WARNING - No viable dags retrieved from /opt/airflow/dags/datasets_true.py
[2025-03-20T08:05:30.407+0000] {processor.py:208} INFO - Processing /opt/airflow/dags/datasets_true.py took 0.456 seconds
[2025-03-20T08:06:00.934+0000] {processor.py:186} INFO - Started process (PID=390) to work on /opt/airflow/dags/datasets_true.py
[2025-03-20T08:06:00.935+0000] {processor.py:914} INFO - Processing file /opt/airflow/dags/datasets_true.py for tasks to queue
[2025-03-20T08:06:00.939+0000] {logging_mixin.py:190} INFO - [2025-03-20T08:06:00.938+0000] {dagbag.py:588} INFO - Filling up the DagBag from /opt/airflow/dags/datasets_true.py
[2025-03-20T08:06:01.392+0000] {processor.py:927} WARNING - No viable dags retrieved from /opt/airflow/dags/datasets_true.py
[2025-03-20T08:06:01.396+0000] {processor.py:208} INFO - Processing /opt/airflow/dags/datasets_true.py took 0.471 seconds
[2025-03-20T08:06:31.888+0000] {processor.py:186} INFO - Started process (PID=411) to work on /opt/airflow/dags/datasets_true.py
[2025-03-20T08:06:31.890+0000] {processor.py:914} INFO - Processing file /opt/airflow/dags/datasets_true.py for tasks to queue
[2025-03-20T08:06:31.894+0000] {logging_mixin.py:190} INFO - [2025-03-20T08:06:31.893+0000] {dagbag.py:588} INFO - Filling up the DagBag from /opt/airflow/dags/datasets_true.py
[2025-03-20T08:06:32.329+0000] {processor.py:927} WARNING - No viable dags retrieved from /opt/airflow/dags/datasets_true.py
[2025-03-20T08:06:32.334+0000] {processor.py:208} INFO - Processing /opt/airflow/dags/datasets_true.py took 0.457 seconds
[2025-03-20T08:07:02.851+0000] {processor.py:186} INFO - Started process (PID=432) to work on /opt/airflow/dags/datasets_true.py
[2025-03-20T08:07:02.853+0000] {processor.py:914} INFO - Processing file /opt/airflow/dags/datasets_true.py for tasks to queue
[2025-03-20T08:07:02.857+0000] {logging_mixin.py:190} INFO - [2025-03-20T08:07:02.856+0000] {dagbag.py:588} INFO - Filling up the DagBag from /opt/airflow/dags/datasets_true.py
[2025-03-20T08:07:03.406+0000] {processor.py:927} WARNING - No viable dags retrieved from /opt/airflow/dags/datasets_true.py
[2025-03-20T08:07:03.410+0000] {processor.py:208} INFO - Processing /opt/airflow/dags/datasets_true.py took 0.572 seconds
[2025-03-20T08:07:33.864+0000] {processor.py:186} INFO - Started process (PID=453) to work on /opt/airflow/dags/datasets_true.py
[2025-03-20T08:07:33.865+0000] {processor.py:914} INFO - Processing file /opt/airflow/dags/datasets_true.py for tasks to queue
[2025-03-20T08:07:33.868+0000] {logging_mixin.py:190} INFO - [2025-03-20T08:07:33.868+0000] {dagbag.py:588} INFO - Filling up the DagBag from /opt/airflow/dags/datasets_true.py
[2025-03-20T08:07:34.255+0000] {processor.py:927} WARNING - No viable dags retrieved from /opt/airflow/dags/datasets_true.py
[2025-03-20T08:07:34.262+0000] {processor.py:208} INFO - Processing /opt/airflow/dags/datasets_true.py took 0.405 seconds
[2025-03-20T08:08:04.690+0000] {processor.py:186} INFO - Started process (PID=474) to work on /opt/airflow/dags/datasets_true.py
[2025-03-20T08:08:04.691+0000] {processor.py:914} INFO - Processing file /opt/airflow/dags/datasets_true.py for tasks to queue
[2025-03-20T08:08:04.695+0000] {logging_mixin.py:190} INFO - [2025-03-20T08:08:04.695+0000] {dagbag.py:588} INFO - Filling up the DagBag from /opt/airflow/dags/datasets_true.py
[2025-03-20T08:08:05.048+0000] {processor.py:927} WARNING - No viable dags retrieved from /opt/airflow/dags/datasets_true.py
[2025-03-20T08:08:05.052+0000] {processor.py:208} INFO - Processing /opt/airflow/dags/datasets_true.py took 0.372 seconds
[2025-03-20T08:08:35.462+0000] {processor.py:186} INFO - Started process (PID=495) to work on /opt/airflow/dags/datasets_true.py
[2025-03-20T08:08:35.464+0000] {processor.py:914} INFO - Processing file /opt/airflow/dags/datasets_true.py for tasks to queue
[2025-03-20T08:08:35.466+0000] {logging_mixin.py:190} INFO - [2025-03-20T08:08:35.466+0000] {dagbag.py:588} INFO - Filling up the DagBag from /opt/airflow/dags/datasets_true.py
[2025-03-20T08:08:35.855+0000] {processor.py:927} WARNING - No viable dags retrieved from /opt/airflow/dags/datasets_true.py
[2025-03-20T08:08:35.862+0000] {processor.py:208} INFO - Processing /opt/airflow/dags/datasets_true.py took 0.409 seconds
[2025-03-20T08:09:06.300+0000] {processor.py:186} INFO - Started process (PID=516) to work on /opt/airflow/dags/datasets_true.py
[2025-03-20T08:09:06.301+0000] {processor.py:914} INFO - Processing file /opt/airflow/dags/datasets_true.py for tasks to queue
[2025-03-20T08:09:06.303+0000] {logging_mixin.py:190} INFO - [2025-03-20T08:09:06.302+0000] {dagbag.py:588} INFO - Filling up the DagBag from /opt/airflow/dags/datasets_true.py
[2025-03-20T08:09:06.628+0000] {processor.py:927} WARNING - No viable dags retrieved from /opt/airflow/dags/datasets_true.py
[2025-03-20T08:09:06.633+0000] {processor.py:208} INFO - Processing /opt/airflow/dags/datasets_true.py took 0.339 seconds
[2025-03-20T08:09:37.015+0000] {processor.py:186} INFO - Started process (PID=537) to work on /opt/airflow/dags/datasets_true.py
[2025-03-20T08:09:37.016+0000] {processor.py:914} INFO - Processing file /opt/airflow/dags/datasets_true.py for tasks to queue
[2025-03-20T08:09:37.018+0000] {logging_mixin.py:190} INFO - [2025-03-20T08:09:37.018+0000] {dagbag.py:588} INFO - Filling up the DagBag from /opt/airflow/dags/datasets_true.py
[2025-03-20T08:09:37.304+0000] {processor.py:927} WARNING - No viable dags retrieved from /opt/airflow/dags/datasets_true.py
[2025-03-20T08:09:37.309+0000] {processor.py:208} INFO - Processing /opt/airflow/dags/datasets_true.py took 0.302 seconds
[2025-03-20T08:10:07.694+0000] {processor.py:186} INFO - Started process (PID=558) to work on /opt/airflow/dags/datasets_true.py
[2025-03-20T08:10:07.696+0000] {processor.py:914} INFO - Processing file /opt/airflow/dags/datasets_true.py for tasks to queue
[2025-03-20T08:10:07.699+0000] {logging_mixin.py:190} INFO - [2025-03-20T08:10:07.699+0000] {dagbag.py:588} INFO - Filling up the DagBag from /opt/airflow/dags/datasets_true.py
[2025-03-20T08:10:08.002+0000] {processor.py:927} WARNING - No viable dags retrieved from /opt/airflow/dags/datasets_true.py
[2025-03-20T08:10:08.006+0000] {processor.py:208} INFO - Processing /opt/airflow/dags/datasets_true.py took 0.320 seconds
[2025-03-20T08:10:38.427+0000] {processor.py:186} INFO - Started process (PID=579) to work on /opt/airflow/dags/datasets_true.py
[2025-03-20T08:10:38.432+0000] {processor.py:914} INFO - Processing file /opt/airflow/dags/datasets_true.py for tasks to queue
[2025-03-20T08:10:38.435+0000] {logging_mixin.py:190} INFO - [2025-03-20T08:10:38.434+0000] {dagbag.py:588} INFO - Filling up the DagBag from /opt/airflow/dags/datasets_true.py
[2025-03-20T08:10:38.812+0000] {processor.py:927} WARNING - No viable dags retrieved from /opt/airflow/dags/datasets_true.py
[2025-03-20T08:10:38.816+0000] {processor.py:208} INFO - Processing /opt/airflow/dags/datasets_true.py took 0.398 seconds
[2025-03-20T08:11:09.260+0000] {processor.py:186} INFO - Started process (PID=600) to work on /opt/airflow/dags/datasets_true.py
[2025-03-20T08:11:09.261+0000] {processor.py:914} INFO - Processing file /opt/airflow/dags/datasets_true.py for tasks to queue
[2025-03-20T08:11:09.262+0000] {logging_mixin.py:190} INFO - [2025-03-20T08:11:09.262+0000] {dagbag.py:588} INFO - Filling up the DagBag from /opt/airflow/dags/datasets_true.py
[2025-03-20T08:11:09.543+0000] {processor.py:927} WARNING - No viable dags retrieved from /opt/airflow/dags/datasets_true.py
[2025-03-20T08:11:09.549+0000] {processor.py:208} INFO - Processing /opt/airflow/dags/datasets_true.py took 0.296 seconds
[2025-03-20T08:11:39.933+0000] {processor.py:186} INFO - Started process (PID=621) to work on /opt/airflow/dags/datasets_true.py
[2025-03-20T08:11:39.934+0000] {processor.py:914} INFO - Processing file /opt/airflow/dags/datasets_true.py for tasks to queue
[2025-03-20T08:11:39.939+0000] {logging_mixin.py:190} INFO - [2025-03-20T08:11:39.937+0000] {dagbag.py:588} INFO - Filling up the DagBag from /opt/airflow/dags/datasets_true.py
[2025-03-20T08:11:40.382+0000] {processor.py:927} WARNING - No viable dags retrieved from /opt/airflow/dags/datasets_true.py
[2025-03-20T08:11:40.387+0000] {processor.py:208} INFO - Processing /opt/airflow/dags/datasets_true.py took 0.461 seconds
[2025-03-20T08:12:10.824+0000] {processor.py:186} INFO - Started process (PID=642) to work on /opt/airflow/dags/datasets_true.py
[2025-03-20T08:12:10.825+0000] {processor.py:914} INFO - Processing file /opt/airflow/dags/datasets_true.py for tasks to queue
[2025-03-20T08:12:10.827+0000] {logging_mixin.py:190} INFO - [2025-03-20T08:12:10.827+0000] {dagbag.py:588} INFO - Filling up the DagBag from /opt/airflow/dags/datasets_true.py
[2025-03-20T08:12:11.094+0000] {processor.py:927} WARNING - No viable dags retrieved from /opt/airflow/dags/datasets_true.py
[2025-03-20T08:12:11.098+0000] {processor.py:208} INFO - Processing /opt/airflow/dags/datasets_true.py took 0.279 seconds
[2025-03-20T08:12:41.492+0000] {processor.py:186} INFO - Started process (PID=663) to work on /opt/airflow/dags/datasets_true.py
[2025-03-20T08:12:41.493+0000] {processor.py:914} INFO - Processing file /opt/airflow/dags/datasets_true.py for tasks to queue
[2025-03-20T08:12:41.495+0000] {logging_mixin.py:190} INFO - [2025-03-20T08:12:41.494+0000] {dagbag.py:588} INFO - Filling up the DagBag from /opt/airflow/dags/datasets_true.py
[2025-03-20T08:12:41.773+0000] {processor.py:927} WARNING - No viable dags retrieved from /opt/airflow/dags/datasets_true.py
[2025-03-20T08:12:41.776+0000] {processor.py:208} INFO - Processing /opt/airflow/dags/datasets_true.py took 0.290 seconds
[2025-03-20T08:13:12.207+0000] {processor.py:186} INFO - Started process (PID=684) to work on /opt/airflow/dags/datasets_true.py
[2025-03-20T08:13:12.208+0000] {processor.py:914} INFO - Processing file /opt/airflow/dags/datasets_true.py for tasks to queue
[2025-03-20T08:13:12.212+0000] {logging_mixin.py:190} INFO - [2025-03-20T08:13:12.211+0000] {dagbag.py:588} INFO - Filling up the DagBag from /opt/airflow/dags/datasets_true.py
[2025-03-20T08:13:12.525+0000] {processor.py:927} WARNING - No viable dags retrieved from /opt/airflow/dags/datasets_true.py
[2025-03-20T08:13:12.530+0000] {processor.py:208} INFO - Processing /opt/airflow/dags/datasets_true.py took 0.335 seconds
[2025-03-20T08:13:42.947+0000] {processor.py:186} INFO - Started process (PID=705) to work on /opt/airflow/dags/datasets_true.py
[2025-03-20T08:13:42.948+0000] {processor.py:914} INFO - Processing file /opt/airflow/dags/datasets_true.py for tasks to queue
[2025-03-20T08:13:42.950+0000] {logging_mixin.py:190} INFO - [2025-03-20T08:13:42.950+0000] {dagbag.py:588} INFO - Filling up the DagBag from /opt/airflow/dags/datasets_true.py
[2025-03-20T08:13:43.266+0000] {processor.py:927} WARNING - No viable dags retrieved from /opt/airflow/dags/datasets_true.py
[2025-03-20T08:13:43.269+0000] {processor.py:208} INFO - Processing /opt/airflow/dags/datasets_true.py took 0.328 seconds
[2025-03-20T08:14:13.681+0000] {processor.py:186} INFO - Started process (PID=726) to work on /opt/airflow/dags/datasets_true.py
[2025-03-20T08:14:13.682+0000] {processor.py:914} INFO - Processing file /opt/airflow/dags/datasets_true.py for tasks to queue
[2025-03-20T08:14:13.683+0000] {logging_mixin.py:190} INFO - [2025-03-20T08:14:13.683+0000] {dagbag.py:588} INFO - Filling up the DagBag from /opt/airflow/dags/datasets_true.py
[2025-03-20T08:14:13.958+0000] {processor.py:927} WARNING - No viable dags retrieved from /opt/airflow/dags/datasets_true.py
[2025-03-20T08:14:13.966+0000] {processor.py:208} INFO - Processing /opt/airflow/dags/datasets_true.py took 0.292 seconds
[2025-03-20T08:14:44.379+0000] {processor.py:186} INFO - Started process (PID=747) to work on /opt/airflow/dags/datasets_true.py
[2025-03-20T08:14:44.380+0000] {processor.py:914} INFO - Processing file /opt/airflow/dags/datasets_true.py for tasks to queue
[2025-03-20T08:14:44.382+0000] {logging_mixin.py:190} INFO - [2025-03-20T08:14:44.381+0000] {dagbag.py:588} INFO - Filling up the DagBag from /opt/airflow/dags/datasets_true.py
[2025-03-20T08:14:44.674+0000] {processor.py:927} WARNING - No viable dags retrieved from /opt/airflow/dags/datasets_true.py
[2025-03-20T08:14:44.681+0000] {processor.py:208} INFO - Processing /opt/airflow/dags/datasets_true.py took 0.308 seconds
[2025-03-20T08:15:15.099+0000] {processor.py:186} INFO - Started process (PID=768) to work on /opt/airflow/dags/datasets_true.py
[2025-03-20T08:15:15.100+0000] {processor.py:914} INFO - Processing file /opt/airflow/dags/datasets_true.py for tasks to queue
[2025-03-20T08:15:15.103+0000] {logging_mixin.py:190} INFO - [2025-03-20T08:15:15.103+0000] {dagbag.py:588} INFO - Filling up the DagBag from /opt/airflow/dags/datasets_true.py
[2025-03-20T08:15:15.391+0000] {processor.py:927} WARNING - No viable dags retrieved from /opt/airflow/dags/datasets_true.py
[2025-03-20T08:15:15.395+0000] {processor.py:208} INFO - Processing /opt/airflow/dags/datasets_true.py took 0.302 seconds
[2025-03-20T08:15:45.822+0000] {processor.py:186} INFO - Started process (PID=789) to work on /opt/airflow/dags/datasets_true.py
[2025-03-20T08:15:45.823+0000] {processor.py:914} INFO - Processing file /opt/airflow/dags/datasets_true.py for tasks to queue
[2025-03-20T08:15:45.825+0000] {logging_mixin.py:190} INFO - [2025-03-20T08:15:45.824+0000] {dagbag.py:588} INFO - Filling up the DagBag from /opt/airflow/dags/datasets_true.py
[2025-03-20T08:15:46.120+0000] {processor.py:927} WARNING - No viable dags retrieved from /opt/airflow/dags/datasets_true.py
[2025-03-20T08:15:46.124+0000] {processor.py:208} INFO - Processing /opt/airflow/dags/datasets_true.py took 0.307 seconds
[2025-03-20T08:16:16.590+0000] {processor.py:186} INFO - Started process (PID=810) to work on /opt/airflow/dags/datasets_true.py
[2025-03-20T08:16:16.590+0000] {processor.py:914} INFO - Processing file /opt/airflow/dags/datasets_true.py for tasks to queue
[2025-03-20T08:16:16.593+0000] {logging_mixin.py:190} INFO - [2025-03-20T08:16:16.592+0000] {dagbag.py:588} INFO - Filling up the DagBag from /opt/airflow/dags/datasets_true.py
[2025-03-20T08:16:16.977+0000] {processor.py:927} WARNING - No viable dags retrieved from /opt/airflow/dags/datasets_true.py
[2025-03-20T08:16:16.983+0000] {processor.py:208} INFO - Processing /opt/airflow/dags/datasets_true.py took 0.397 seconds
[2025-03-20T08:16:47.312+0000] {processor.py:186} INFO - Started process (PID=831) to work on /opt/airflow/dags/datasets_true.py
[2025-03-20T08:16:47.313+0000] {processor.py:914} INFO - Processing file /opt/airflow/dags/datasets_true.py for tasks to queue
[2025-03-20T08:16:47.314+0000] {logging_mixin.py:190} INFO - [2025-03-20T08:16:47.314+0000] {dagbag.py:588} INFO - Filling up the DagBag from /opt/airflow/dags/datasets_true.py
[2025-03-20T08:16:47.579+0000] {processor.py:927} WARNING - No viable dags retrieved from /opt/airflow/dags/datasets_true.py
[2025-03-20T08:16:47.582+0000] {processor.py:208} INFO - Processing /opt/airflow/dags/datasets_true.py took 0.273 seconds
[2025-03-20T08:17:18.043+0000] {processor.py:186} INFO - Started process (PID=852) to work on /opt/airflow/dags/datasets_true.py
[2025-03-20T08:17:18.044+0000] {processor.py:914} INFO - Processing file /opt/airflow/dags/datasets_true.py for tasks to queue
[2025-03-20T08:17:18.045+0000] {logging_mixin.py:190} INFO - [2025-03-20T08:17:18.045+0000] {dagbag.py:588} INFO - Filling up the DagBag from /opt/airflow/dags/datasets_true.py
[2025-03-20T08:17:18.316+0000] {processor.py:927} WARNING - No viable dags retrieved from /opt/airflow/dags/datasets_true.py
[2025-03-20T08:17:18.320+0000] {processor.py:208} INFO - Processing /opt/airflow/dags/datasets_true.py took 0.281 seconds
[2025-03-20T08:17:48.699+0000] {processor.py:186} INFO - Started process (PID=873) to work on /opt/airflow/dags/datasets_true.py
[2025-03-20T08:17:48.701+0000] {processor.py:914} INFO - Processing file /opt/airflow/dags/datasets_true.py for tasks to queue
[2025-03-20T08:17:48.703+0000] {logging_mixin.py:190} INFO - [2025-03-20T08:17:48.703+0000] {dagbag.py:588} INFO - Filling up the DagBag from /opt/airflow/dags/datasets_true.py
[2025-03-20T08:17:48.982+0000] {processor.py:927} WARNING - No viable dags retrieved from /opt/airflow/dags/datasets_true.py
[2025-03-20T08:17:48.987+0000] {processor.py:208} INFO - Processing /opt/airflow/dags/datasets_true.py took 0.294 seconds
[2025-03-20T08:18:19.499+0000] {processor.py:186} INFO - Started process (PID=894) to work on /opt/airflow/dags/datasets_true.py
[2025-03-20T08:18:19.502+0000] {processor.py:914} INFO - Processing file /opt/airflow/dags/datasets_true.py for tasks to queue
[2025-03-20T08:18:19.505+0000] {logging_mixin.py:190} INFO - [2025-03-20T08:18:19.504+0000] {dagbag.py:588} INFO - Filling up the DagBag from /opt/airflow/dags/datasets_true.py
[2025-03-20T08:18:19.901+0000] {processor.py:927} WARNING - No viable dags retrieved from /opt/airflow/dags/datasets_true.py
[2025-03-20T08:18:19.908+0000] {processor.py:208} INFO - Processing /opt/airflow/dags/datasets_true.py took 0.418 seconds
[2025-03-20T08:18:50.306+0000] {processor.py:186} INFO - Started process (PID=915) to work on /opt/airflow/dags/datasets_true.py
[2025-03-20T08:18:50.307+0000] {processor.py:914} INFO - Processing file /opt/airflow/dags/datasets_true.py for tasks to queue
[2025-03-20T08:18:50.309+0000] {logging_mixin.py:190} INFO - [2025-03-20T08:18:50.309+0000] {dagbag.py:588} INFO - Filling up the DagBag from /opt/airflow/dags/datasets_true.py
[2025-03-20T08:18:50.594+0000] {processor.py:927} WARNING - No viable dags retrieved from /opt/airflow/dags/datasets_true.py
[2025-03-20T08:18:50.597+0000] {processor.py:208} INFO - Processing /opt/airflow/dags/datasets_true.py took 0.297 seconds
[2025-03-20T08:19:21.023+0000] {processor.py:186} INFO - Started process (PID=936) to work on /opt/airflow/dags/datasets_true.py
[2025-03-20T08:19:21.024+0000] {processor.py:914} INFO - Processing file /opt/airflow/dags/datasets_true.py for tasks to queue
[2025-03-20T08:19:21.026+0000] {logging_mixin.py:190} INFO - [2025-03-20T08:19:21.026+0000] {dagbag.py:588} INFO - Filling up the DagBag from /opt/airflow/dags/datasets_true.py
[2025-03-20T08:19:21.299+0000] {processor.py:927} WARNING - No viable dags retrieved from /opt/airflow/dags/datasets_true.py
[2025-03-20T08:19:21.304+0000] {processor.py:208} INFO - Processing /opt/airflow/dags/datasets_true.py took 0.287 seconds
[2025-03-20T08:19:51.686+0000] {processor.py:186} INFO - Started process (PID=957) to work on /opt/airflow/dags/datasets_true.py
[2025-03-20T08:19:51.687+0000] {processor.py:914} INFO - Processing file /opt/airflow/dags/datasets_true.py for tasks to queue
[2025-03-20T08:19:51.688+0000] {logging_mixin.py:190} INFO - [2025-03-20T08:19:51.688+0000] {dagbag.py:588} INFO - Filling up the DagBag from /opt/airflow/dags/datasets_true.py
[2025-03-20T08:19:51.954+0000] {processor.py:927} WARNING - No viable dags retrieved from /opt/airflow/dags/datasets_true.py
[2025-03-20T08:19:51.956+0000] {processor.py:208} INFO - Processing /opt/airflow/dags/datasets_true.py took 0.276 seconds
[2025-03-20T08:20:22.389+0000] {processor.py:186} INFO - Started process (PID=978) to work on /opt/airflow/dags/datasets_true.py
[2025-03-20T08:20:22.389+0000] {processor.py:914} INFO - Processing file /opt/airflow/dags/datasets_true.py for tasks to queue
[2025-03-20T08:20:22.392+0000] {logging_mixin.py:190} INFO - [2025-03-20T08:20:22.392+0000] {dagbag.py:588} INFO - Filling up the DagBag from /opt/airflow/dags/datasets_true.py
[2025-03-20T08:20:22.701+0000] {processor.py:927} WARNING - No viable dags retrieved from /opt/airflow/dags/datasets_true.py
[2025-03-20T08:20:22.704+0000] {processor.py:208} INFO - Processing /opt/airflow/dags/datasets_true.py took 0.321 seconds
[2025-03-20T08:20:53.093+0000] {processor.py:186} INFO - Started process (PID=999) to work on /opt/airflow/dags/datasets_true.py
[2025-03-20T08:20:53.094+0000] {processor.py:914} INFO - Processing file /opt/airflow/dags/datasets_true.py for tasks to queue
[2025-03-20T08:20:53.096+0000] {logging_mixin.py:190} INFO - [2025-03-20T08:20:53.096+0000] {dagbag.py:588} INFO - Filling up the DagBag from /opt/airflow/dags/datasets_true.py
[2025-03-20T08:20:53.405+0000] {processor.py:927} WARNING - No viable dags retrieved from /opt/airflow/dags/datasets_true.py
[2025-03-20T08:20:53.409+0000] {processor.py:208} INFO - Processing /opt/airflow/dags/datasets_true.py took 0.325 seconds
[2025-03-20T08:21:23.757+0000] {processor.py:186} INFO - Started process (PID=1020) to work on /opt/airflow/dags/datasets_true.py
[2025-03-20T08:21:23.758+0000] {processor.py:914} INFO - Processing file /opt/airflow/dags/datasets_true.py for tasks to queue
[2025-03-20T08:21:23.760+0000] {logging_mixin.py:190} INFO - [2025-03-20T08:21:23.760+0000] {dagbag.py:588} INFO - Filling up the DagBag from /opt/airflow/dags/datasets_true.py
[2025-03-20T08:21:24.035+0000] {processor.py:927} WARNING - No viable dags retrieved from /opt/airflow/dags/datasets_true.py
[2025-03-20T08:21:24.039+0000] {processor.py:208} INFO - Processing /opt/airflow/dags/datasets_true.py took 0.288 seconds
[2025-03-20T08:21:54.467+0000] {processor.py:186} INFO - Started process (PID=1041) to work on /opt/airflow/dags/datasets_true.py
[2025-03-20T08:21:54.468+0000] {processor.py:914} INFO - Processing file /opt/airflow/dags/datasets_true.py for tasks to queue
[2025-03-20T08:21:54.472+0000] {logging_mixin.py:190} INFO - [2025-03-20T08:21:54.471+0000] {dagbag.py:588} INFO - Filling up the DagBag from /opt/airflow/dags/datasets_true.py
[2025-03-20T08:21:54.826+0000] {processor.py:927} WARNING - No viable dags retrieved from /opt/airflow/dags/datasets_true.py
[2025-03-20T08:21:54.831+0000] {processor.py:208} INFO - Processing /opt/airflow/dags/datasets_true.py took 0.378 seconds
[2025-03-20T08:22:25.307+0000] {processor.py:186} INFO - Started process (PID=1068) to work on /opt/airflow/dags/datasets_true.py
[2025-03-20T08:22:25.309+0000] {processor.py:914} INFO - Processing file /opt/airflow/dags/datasets_true.py for tasks to queue
[2025-03-20T08:22:25.313+0000] {logging_mixin.py:190} INFO - [2025-03-20T08:22:25.312+0000] {dagbag.py:588} INFO - Filling up the DagBag from /opt/airflow/dags/datasets_true.py
[2025-03-20T08:22:25.640+0000] {processor.py:927} WARNING - No viable dags retrieved from /opt/airflow/dags/datasets_true.py
[2025-03-20T08:22:25.645+0000] {processor.py:208} INFO - Processing /opt/airflow/dags/datasets_true.py took 0.349 seconds
[2025-03-20T08:22:56.042+0000] {processor.py:186} INFO - Started process (PID=1089) to work on /opt/airflow/dags/datasets_true.py
[2025-03-20T08:22:56.044+0000] {processor.py:914} INFO - Processing file /opt/airflow/dags/datasets_true.py for tasks to queue
[2025-03-20T08:22:56.047+0000] {logging_mixin.py:190} INFO - [2025-03-20T08:22:56.047+0000] {dagbag.py:588} INFO - Filling up the DagBag from /opt/airflow/dags/datasets_true.py
[2025-03-20T08:22:56.432+0000] {processor.py:927} WARNING - No viable dags retrieved from /opt/airflow/dags/datasets_true.py
[2025-03-20T08:22:56.436+0000] {processor.py:208} INFO - Processing /opt/airflow/dags/datasets_true.py took 0.404 seconds
[2025-03-20T08:23:26.938+0000] {processor.py:186} INFO - Started process (PID=1110) to work on /opt/airflow/dags/datasets_true.py
[2025-03-20T08:23:26.939+0000] {processor.py:914} INFO - Processing file /opt/airflow/dags/datasets_true.py for tasks to queue
[2025-03-20T08:23:26.942+0000] {logging_mixin.py:190} INFO - [2025-03-20T08:23:26.942+0000] {dagbag.py:588} INFO - Filling up the DagBag from /opt/airflow/dags/datasets_true.py
[2025-03-20T08:23:27.264+0000] {processor.py:927} WARNING - No viable dags retrieved from /opt/airflow/dags/datasets_true.py
[2025-03-20T08:23:27.268+0000] {processor.py:208} INFO - Processing /opt/airflow/dags/datasets_true.py took 0.337 seconds
[2025-03-20T08:23:57.786+0000] {processor.py:186} INFO - Started process (PID=1131) to work on /opt/airflow/dags/datasets_true.py
[2025-03-20T08:23:57.788+0000] {processor.py:914} INFO - Processing file /opt/airflow/dags/datasets_true.py for tasks to queue
[2025-03-20T08:23:57.791+0000] {logging_mixin.py:190} INFO - [2025-03-20T08:23:57.790+0000] {dagbag.py:588} INFO - Filling up the DagBag from /opt/airflow/dags/datasets_true.py
[2025-03-20T08:23:58.211+0000] {processor.py:927} WARNING - No viable dags retrieved from /opt/airflow/dags/datasets_true.py
[2025-03-20T08:23:58.214+0000] {processor.py:208} INFO - Processing /opt/airflow/dags/datasets_true.py took 0.443 seconds
[2025-03-20T08:24:28.708+0000] {processor.py:186} INFO - Started process (PID=1152) to work on /opt/airflow/dags/datasets_true.py
[2025-03-20T08:24:28.709+0000] {processor.py:914} INFO - Processing file /opt/airflow/dags/datasets_true.py for tasks to queue
[2025-03-20T08:24:28.713+0000] {logging_mixin.py:190} INFO - [2025-03-20T08:24:28.713+0000] {dagbag.py:588} INFO - Filling up the DagBag from /opt/airflow/dags/datasets_true.py
[2025-03-20T08:24:29.164+0000] {processor.py:927} WARNING - No viable dags retrieved from /opt/airflow/dags/datasets_true.py
[2025-03-20T08:24:29.167+0000] {processor.py:208} INFO - Processing /opt/airflow/dags/datasets_true.py took 0.474 seconds
[2025-03-20T08:24:59.672+0000] {processor.py:186} INFO - Started process (PID=1173) to work on /opt/airflow/dags/datasets_true.py
[2025-03-20T08:24:59.674+0000] {processor.py:914} INFO - Processing file /opt/airflow/dags/datasets_true.py for tasks to queue
[2025-03-20T08:24:59.676+0000] {logging_mixin.py:190} INFO - [2025-03-20T08:24:59.676+0000] {dagbag.py:588} INFO - Filling up the DagBag from /opt/airflow/dags/datasets_true.py
[2025-03-20T08:24:59.942+0000] {processor.py:927} WARNING - No viable dags retrieved from /opt/airflow/dags/datasets_true.py
[2025-03-20T08:24:59.948+0000] {processor.py:208} INFO - Processing /opt/airflow/dags/datasets_true.py took 0.284 seconds
[2025-03-20T08:25:30.430+0000] {processor.py:186} INFO - Started process (PID=1194) to work on /opt/airflow/dags/datasets_true.py
[2025-03-20T08:25:30.433+0000] {processor.py:914} INFO - Processing file /opt/airflow/dags/datasets_true.py for tasks to queue
[2025-03-20T08:25:30.436+0000] {logging_mixin.py:190} INFO - [2025-03-20T08:25:30.435+0000] {dagbag.py:588} INFO - Filling up the DagBag from /opt/airflow/dags/datasets_true.py
[2025-03-20T08:25:30.800+0000] {processor.py:927} WARNING - No viable dags retrieved from /opt/airflow/dags/datasets_true.py
[2025-03-20T08:25:30.804+0000] {processor.py:208} INFO - Processing /opt/airflow/dags/datasets_true.py took 0.388 seconds
[2025-03-20T08:26:01.317+0000] {processor.py:186} INFO - Started process (PID=1215) to work on /opt/airflow/dags/datasets_true.py
[2025-03-20T08:26:01.318+0000] {processor.py:914} INFO - Processing file /opt/airflow/dags/datasets_true.py for tasks to queue
[2025-03-20T08:26:01.320+0000] {logging_mixin.py:190} INFO - [2025-03-20T08:26:01.320+0000] {dagbag.py:588} INFO - Filling up the DagBag from /opt/airflow/dags/datasets_true.py
[2025-03-20T08:26:01.595+0000] {processor.py:927} WARNING - No viable dags retrieved from /opt/airflow/dags/datasets_true.py
[2025-03-20T08:26:01.601+0000] {processor.py:208} INFO - Processing /opt/airflow/dags/datasets_true.py took 0.291 seconds
[2025-03-20T08:26:32.046+0000] {processor.py:186} INFO - Started process (PID=1236) to work on /opt/airflow/dags/datasets_true.py
[2025-03-20T08:26:32.047+0000] {processor.py:914} INFO - Processing file /opt/airflow/dags/datasets_true.py for tasks to queue
[2025-03-20T08:26:32.051+0000] {logging_mixin.py:190} INFO - [2025-03-20T08:26:32.051+0000] {dagbag.py:588} INFO - Filling up the DagBag from /opt/airflow/dags/datasets_true.py
[2025-03-20T08:26:32.315+0000] {processor.py:927} WARNING - No viable dags retrieved from /opt/airflow/dags/datasets_true.py
[2025-03-20T08:26:32.318+0000] {processor.py:208} INFO - Processing /opt/airflow/dags/datasets_true.py took 0.279 seconds
[2025-03-20T08:27:02.820+0000] {processor.py:186} INFO - Started process (PID=1257) to work on /opt/airflow/dags/datasets_true.py
[2025-03-20T08:27:02.822+0000] {processor.py:914} INFO - Processing file /opt/airflow/dags/datasets_true.py for tasks to queue
[2025-03-20T08:27:02.824+0000] {logging_mixin.py:190} INFO - [2025-03-20T08:27:02.824+0000] {dagbag.py:588} INFO - Filling up the DagBag from /opt/airflow/dags/datasets_true.py
[2025-03-20T08:27:03.079+0000] {processor.py:927} WARNING - No viable dags retrieved from /opt/airflow/dags/datasets_true.py
[2025-03-20T08:27:03.087+0000] {processor.py:208} INFO - Processing /opt/airflow/dags/datasets_true.py took 0.274 seconds
[2025-03-20T08:27:33.470+0000] {processor.py:186} INFO - Started process (PID=1277) to work on /opt/airflow/dags/datasets_true.py
[2025-03-20T08:27:33.471+0000] {processor.py:914} INFO - Processing file /opt/airflow/dags/datasets_true.py for tasks to queue
[2025-03-20T08:27:33.472+0000] {logging_mixin.py:190} INFO - [2025-03-20T08:27:33.472+0000] {dagbag.py:588} INFO - Filling up the DagBag from /opt/airflow/dags/datasets_true.py
[2025-03-20T08:27:33.744+0000] {processor.py:927} WARNING - No viable dags retrieved from /opt/airflow/dags/datasets_true.py
[2025-03-20T08:27:33.750+0000] {processor.py:208} INFO - Processing /opt/airflow/dags/datasets_true.py took 0.285 seconds
[2025-03-20T08:28:04.242+0000] {processor.py:186} INFO - Started process (PID=1298) to work on /opt/airflow/dags/datasets_true.py
[2025-03-20T08:28:04.247+0000] {processor.py:914} INFO - Processing file /opt/airflow/dags/datasets_true.py for tasks to queue
[2025-03-20T08:28:04.250+0000] {logging_mixin.py:190} INFO - [2025-03-20T08:28:04.249+0000] {dagbag.py:588} INFO - Filling up the DagBag from /opt/airflow/dags/datasets_true.py
[2025-03-20T08:28:04.658+0000] {processor.py:927} WARNING - No viable dags retrieved from /opt/airflow/dags/datasets_true.py
[2025-03-20T08:28:04.663+0000] {processor.py:208} INFO - Processing /opt/airflow/dags/datasets_true.py took 0.434 seconds
[2025-03-20T08:28:35.170+0000] {processor.py:186} INFO - Started process (PID=1319) to work on /opt/airflow/dags/datasets_true.py
[2025-03-20T08:28:35.172+0000] {processor.py:914} INFO - Processing file /opt/airflow/dags/datasets_true.py for tasks to queue
[2025-03-20T08:28:35.174+0000] {logging_mixin.py:190} INFO - [2025-03-20T08:28:35.174+0000] {dagbag.py:588} INFO - Filling up the DagBag from /opt/airflow/dags/datasets_true.py
[2025-03-20T08:28:35.502+0000] {processor.py:927} WARNING - No viable dags retrieved from /opt/airflow/dags/datasets_true.py
[2025-03-20T08:28:35.505+0000] {processor.py:208} INFO - Processing /opt/airflow/dags/datasets_true.py took 0.345 seconds
[2025-03-20T08:29:05.941+0000] {processor.py:186} INFO - Started process (PID=1340) to work on /opt/airflow/dags/datasets_true.py
[2025-03-20T08:29:05.942+0000] {processor.py:914} INFO - Processing file /opt/airflow/dags/datasets_true.py for tasks to queue
[2025-03-20T08:29:05.946+0000] {logging_mixin.py:190} INFO - [2025-03-20T08:29:05.946+0000] {dagbag.py:588} INFO - Filling up the DagBag from /opt/airflow/dags/datasets_true.py
[2025-03-20T08:29:06.345+0000] {processor.py:927} WARNING - No viable dags retrieved from /opt/airflow/dags/datasets_true.py
[2025-03-20T08:29:06.350+0000] {processor.py:208} INFO - Processing /opt/airflow/dags/datasets_true.py took 0.422 seconds
[2025-03-20T08:29:36.812+0000] {processor.py:186} INFO - Started process (PID=1361) to work on /opt/airflow/dags/datasets_true.py
[2025-03-20T08:29:36.813+0000] {processor.py:914} INFO - Processing file /opt/airflow/dags/datasets_true.py for tasks to queue
[2025-03-20T08:29:36.816+0000] {logging_mixin.py:190} INFO - [2025-03-20T08:29:36.816+0000] {dagbag.py:588} INFO - Filling up the DagBag from /opt/airflow/dags/datasets_true.py
[2025-03-20T08:29:37.106+0000] {processor.py:927} WARNING - No viable dags retrieved from /opt/airflow/dags/datasets_true.py
[2025-03-20T08:29:37.109+0000] {processor.py:208} INFO - Processing /opt/airflow/dags/datasets_true.py took 0.306 seconds
[2025-03-20T08:30:07.607+0000] {processor.py:186} INFO - Started process (PID=1382) to work on /opt/airflow/dags/datasets_true.py
[2025-03-20T08:30:07.608+0000] {processor.py:914} INFO - Processing file /opt/airflow/dags/datasets_true.py for tasks to queue
[2025-03-20T08:30:07.612+0000] {logging_mixin.py:190} INFO - [2025-03-20T08:30:07.612+0000] {dagbag.py:588} INFO - Filling up the DagBag from /opt/airflow/dags/datasets_true.py
[2025-03-20T08:30:08.120+0000] {processor.py:927} WARNING - No viable dags retrieved from /opt/airflow/dags/datasets_true.py
[2025-03-20T08:30:08.126+0000] {processor.py:208} INFO - Processing /opt/airflow/dags/datasets_true.py took 0.536 seconds
[2025-03-20T08:30:38.637+0000] {processor.py:186} INFO - Started process (PID=1403) to work on /opt/airflow/dags/datasets_true.py
[2025-03-20T08:30:38.639+0000] {processor.py:914} INFO - Processing file /opt/airflow/dags/datasets_true.py for tasks to queue
[2025-03-20T08:30:38.643+0000] {logging_mixin.py:190} INFO - [2025-03-20T08:30:38.643+0000] {dagbag.py:588} INFO - Filling up the DagBag from /opt/airflow/dags/datasets_true.py
[2025-03-20T08:30:39.192+0000] {processor.py:927} WARNING - No viable dags retrieved from /opt/airflow/dags/datasets_true.py
[2025-03-20T08:30:39.197+0000] {processor.py:208} INFO - Processing /opt/airflow/dags/datasets_true.py took 0.569 seconds
[2025-03-20T08:31:09.766+0000] {processor.py:186} INFO - Started process (PID=1423) to work on /opt/airflow/dags/datasets_true.py
[2025-03-20T08:31:09.768+0000] {processor.py:914} INFO - Processing file /opt/airflow/dags/datasets_true.py for tasks to queue
[2025-03-20T08:31:09.772+0000] {logging_mixin.py:190} INFO - [2025-03-20T08:31:09.771+0000] {dagbag.py:588} INFO - Filling up the DagBag from /opt/airflow/dags/datasets_true.py
[2025-03-20T08:31:10.233+0000] {processor.py:927} WARNING - No viable dags retrieved from /opt/airflow/dags/datasets_true.py
[2025-03-20T08:31:10.237+0000] {processor.py:208} INFO - Processing /opt/airflow/dags/datasets_true.py took 0.486 seconds
[2025-03-20T08:31:40.681+0000] {processor.py:186} INFO - Started process (PID=1444) to work on /opt/airflow/dags/datasets_true.py
[2025-03-20T08:31:40.682+0000] {processor.py:914} INFO - Processing file /opt/airflow/dags/datasets_true.py for tasks to queue
[2025-03-20T08:31:40.685+0000] {logging_mixin.py:190} INFO - [2025-03-20T08:31:40.684+0000] {dagbag.py:588} INFO - Filling up the DagBag from /opt/airflow/dags/datasets_true.py
[2025-03-20T08:31:41.037+0000] {processor.py:927} WARNING - No viable dags retrieved from /opt/airflow/dags/datasets_true.py
[2025-03-20T08:31:41.044+0000] {processor.py:208} INFO - Processing /opt/airflow/dags/datasets_true.py took 0.368 seconds
[2025-03-20T08:32:11.544+0000] {processor.py:186} INFO - Started process (PID=1465) to work on /opt/airflow/dags/datasets_true.py
[2025-03-20T08:32:11.546+0000] {processor.py:914} INFO - Processing file /opt/airflow/dags/datasets_true.py for tasks to queue
[2025-03-20T08:32:11.549+0000] {logging_mixin.py:190} INFO - [2025-03-20T08:32:11.548+0000] {dagbag.py:588} INFO - Filling up the DagBag from /opt/airflow/dags/datasets_true.py
[2025-03-20T08:32:11.900+0000] {processor.py:927} WARNING - No viable dags retrieved from /opt/airflow/dags/datasets_true.py
[2025-03-20T08:32:11.902+0000] {processor.py:208} INFO - Processing /opt/airflow/dags/datasets_true.py took 0.370 seconds
[2025-03-20T08:32:42.303+0000] {processor.py:186} INFO - Started process (PID=1486) to work on /opt/airflow/dags/datasets_true.py
[2025-03-20T08:32:42.304+0000] {processor.py:914} INFO - Processing file /opt/airflow/dags/datasets_true.py for tasks to queue
[2025-03-20T08:32:42.306+0000] {logging_mixin.py:190} INFO - [2025-03-20T08:32:42.305+0000] {dagbag.py:588} INFO - Filling up the DagBag from /opt/airflow/dags/datasets_true.py
[2025-03-20T08:32:42.626+0000] {processor.py:927} WARNING - No viable dags retrieved from /opt/airflow/dags/datasets_true.py
[2025-03-20T08:32:42.629+0000] {processor.py:208} INFO - Processing /opt/airflow/dags/datasets_true.py took 0.331 seconds
[2025-03-20T08:33:13.066+0000] {processor.py:186} INFO - Started process (PID=1507) to work on /opt/airflow/dags/datasets_true.py
[2025-03-20T08:33:13.068+0000] {processor.py:914} INFO - Processing file /opt/airflow/dags/datasets_true.py for tasks to queue
[2025-03-20T08:33:13.069+0000] {logging_mixin.py:190} INFO - [2025-03-20T08:33:13.069+0000] {dagbag.py:588} INFO - Filling up the DagBag from /opt/airflow/dags/datasets_true.py
[2025-03-20T08:33:13.327+0000] {processor.py:927} WARNING - No viable dags retrieved from /opt/airflow/dags/datasets_true.py
[2025-03-20T08:33:13.332+0000] {processor.py:208} INFO - Processing /opt/airflow/dags/datasets_true.py took 0.272 seconds
[2025-03-20T08:33:43.811+0000] {processor.py:186} INFO - Started process (PID=1528) to work on /opt/airflow/dags/datasets_true.py
[2025-03-20T08:33:43.812+0000] {processor.py:914} INFO - Processing file /opt/airflow/dags/datasets_true.py for tasks to queue
[2025-03-20T08:33:43.816+0000] {logging_mixin.py:190} INFO - [2025-03-20T08:33:43.815+0000] {dagbag.py:588} INFO - Filling up the DagBag from /opt/airflow/dags/datasets_true.py
[2025-03-20T08:33:44.237+0000] {processor.py:927} WARNING - No viable dags retrieved from /opt/airflow/dags/datasets_true.py
[2025-03-20T08:33:44.243+0000] {processor.py:208} INFO - Processing /opt/airflow/dags/datasets_true.py took 0.441 seconds
[2025-03-20T08:34:14.636+0000] {processor.py:186} INFO - Started process (PID=1549) to work on /opt/airflow/dags/datasets_true.py
[2025-03-20T08:34:14.636+0000] {processor.py:914} INFO - Processing file /opt/airflow/dags/datasets_true.py for tasks to queue
[2025-03-20T08:34:14.638+0000] {logging_mixin.py:190} INFO - [2025-03-20T08:34:14.638+0000] {dagbag.py:588} INFO - Filling up the DagBag from /opt/airflow/dags/datasets_true.py
[2025-03-20T08:34:14.904+0000] {processor.py:927} WARNING - No viable dags retrieved from /opt/airflow/dags/datasets_true.py
[2025-03-20T08:34:14.907+0000] {processor.py:208} INFO - Processing /opt/airflow/dags/datasets_true.py took 0.277 seconds
[2025-03-20T08:34:45.372+0000] {processor.py:186} INFO - Started process (PID=1570) to work on /opt/airflow/dags/datasets_true.py
[2025-03-20T08:34:45.374+0000] {processor.py:914} INFO - Processing file /opt/airflow/dags/datasets_true.py for tasks to queue
[2025-03-20T08:34:45.376+0000] {logging_mixin.py:190} INFO - [2025-03-20T08:34:45.376+0000] {dagbag.py:588} INFO - Filling up the DagBag from /opt/airflow/dags/datasets_true.py
[2025-03-20T08:34:45.827+0000] {processor.py:927} WARNING - No viable dags retrieved from /opt/airflow/dags/datasets_true.py
[2025-03-20T08:34:45.832+0000] {processor.py:208} INFO - Processing /opt/airflow/dags/datasets_true.py took 0.467 seconds
[2025-03-20T08:35:16.297+0000] {processor.py:186} INFO - Started process (PID=1591) to work on /opt/airflow/dags/datasets_true.py
[2025-03-20T08:35:16.302+0000] {processor.py:914} INFO - Processing file /opt/airflow/dags/datasets_true.py for tasks to queue
[2025-03-20T08:35:16.309+0000] {logging_mixin.py:190} INFO - [2025-03-20T08:35:16.308+0000] {dagbag.py:588} INFO - Filling up the DagBag from /opt/airflow/dags/datasets_true.py
[2025-03-20T08:35:16.641+0000] {processor.py:927} WARNING - No viable dags retrieved from /opt/airflow/dags/datasets_true.py
[2025-03-20T08:35:16.645+0000] {processor.py:208} INFO - Processing /opt/airflow/dags/datasets_true.py took 0.355 seconds
[2025-03-20T08:35:34.945+0000] {processor.py:186} INFO - Started process (PID=1612) to work on /opt/airflow/dags/datasets_true.py
[2025-03-20T08:35:34.946+0000] {processor.py:914} INFO - Processing file /opt/airflow/dags/datasets_true.py for tasks to queue
[2025-03-20T08:35:34.949+0000] {logging_mixin.py:190} INFO - [2025-03-20T08:35:34.948+0000] {dagbag.py:588} INFO - Filling up the DagBag from /opt/airflow/dags/datasets_true.py
[2025-03-20T08:35:35.297+0000] {processor.py:927} WARNING - No viable dags retrieved from /opt/airflow/dags/datasets_true.py
[2025-03-20T08:35:35.300+0000] {processor.py:208} INFO - Processing /opt/airflow/dags/datasets_true.py took 0.361 seconds
[2025-03-20T08:35:43.088+0000] {processor.py:186} INFO - Started process (PID=1617) to work on /opt/airflow/dags/datasets_true.py
[2025-03-20T08:35:43.089+0000] {processor.py:914} INFO - Processing file /opt/airflow/dags/datasets_true.py for tasks to queue
[2025-03-20T08:35:43.091+0000] {logging_mixin.py:190} INFO - [2025-03-20T08:35:43.091+0000] {dagbag.py:588} INFO - Filling up the DagBag from /opt/airflow/dags/datasets_true.py
[2025-03-20T08:35:43.370+0000] {processor.py:927} WARNING - No viable dags retrieved from /opt/airflow/dags/datasets_true.py
[2025-03-20T08:35:43.373+0000] {processor.py:208} INFO - Processing /opt/airflow/dags/datasets_true.py took 0.291 seconds
[2025-03-20T08:36:13.576+0000] {processor.py:186} INFO - Started process (PID=1656) to work on /opt/airflow/dags/datasets_true.py
[2025-03-20T08:36:13.577+0000] {processor.py:914} INFO - Processing file /opt/airflow/dags/datasets_true.py for tasks to queue
[2025-03-20T08:36:13.580+0000] {logging_mixin.py:190} INFO - [2025-03-20T08:36:13.579+0000] {dagbag.py:588} INFO - Filling up the DagBag from /opt/airflow/dags/datasets_true.py
[2025-03-20T08:36:13.981+0000] {processor.py:927} WARNING - No viable dags retrieved from /opt/airflow/dags/datasets_true.py
[2025-03-20T08:36:13.983+0000] {processor.py:208} INFO - Processing /opt/airflow/dags/datasets_true.py took 0.417 seconds
[2025-03-20T08:36:44.480+0000] {processor.py:186} INFO - Started process (PID=1677) to work on /opt/airflow/dags/datasets_true.py
[2025-03-20T08:36:44.482+0000] {processor.py:914} INFO - Processing file /opt/airflow/dags/datasets_true.py for tasks to queue
[2025-03-20T08:36:44.485+0000] {logging_mixin.py:190} INFO - [2025-03-20T08:36:44.484+0000] {dagbag.py:588} INFO - Filling up the DagBag from /opt/airflow/dags/datasets_true.py
[2025-03-20T08:36:44.774+0000] {processor.py:927} WARNING - No viable dags retrieved from /opt/airflow/dags/datasets_true.py
[2025-03-20T08:36:44.777+0000] {processor.py:208} INFO - Processing /opt/airflow/dags/datasets_true.py took 0.307 seconds
[2025-03-20T08:37:15.203+0000] {processor.py:186} INFO - Started process (PID=1698) to work on /opt/airflow/dags/datasets_true.py
[2025-03-20T08:37:15.205+0000] {processor.py:914} INFO - Processing file /opt/airflow/dags/datasets_true.py for tasks to queue
[2025-03-20T08:37:15.208+0000] {logging_mixin.py:190} INFO - [2025-03-20T08:37:15.208+0000] {dagbag.py:588} INFO - Filling up the DagBag from /opt/airflow/dags/datasets_true.py
[2025-03-20T08:37:15.522+0000] {processor.py:927} WARNING - No viable dags retrieved from /opt/airflow/dags/datasets_true.py
[2025-03-20T08:37:15.525+0000] {processor.py:208} INFO - Processing /opt/airflow/dags/datasets_true.py took 0.327 seconds
[2025-03-20T08:37:45.916+0000] {processor.py:186} INFO - Started process (PID=1719) to work on /opt/airflow/dags/datasets_true.py
[2025-03-20T08:37:45.918+0000] {processor.py:914} INFO - Processing file /opt/airflow/dags/datasets_true.py for tasks to queue
[2025-03-20T08:37:45.920+0000] {logging_mixin.py:190} INFO - [2025-03-20T08:37:45.920+0000] {dagbag.py:588} INFO - Filling up the DagBag from /opt/airflow/dags/datasets_true.py
[2025-03-20T08:37:46.198+0000] {processor.py:927} WARNING - No viable dags retrieved from /opt/airflow/dags/datasets_true.py
[2025-03-20T08:37:46.200+0000] {processor.py:208} INFO - Processing /opt/airflow/dags/datasets_true.py took 0.294 seconds
[2025-03-20T08:38:16.608+0000] {processor.py:186} INFO - Started process (PID=1739) to work on /opt/airflow/dags/datasets_true.py
[2025-03-20T08:38:16.610+0000] {processor.py:914} INFO - Processing file /opt/airflow/dags/datasets_true.py for tasks to queue
[2025-03-20T08:38:16.612+0000] {logging_mixin.py:190} INFO - [2025-03-20T08:38:16.612+0000] {dagbag.py:588} INFO - Filling up the DagBag from /opt/airflow/dags/datasets_true.py
[2025-03-20T08:38:16.975+0000] {processor.py:927} WARNING - No viable dags retrieved from /opt/airflow/dags/datasets_true.py
[2025-03-20T08:38:16.978+0000] {processor.py:208} INFO - Processing /opt/airflow/dags/datasets_true.py took 0.379 seconds
[2025-03-20T08:38:47.291+0000] {processor.py:186} INFO - Started process (PID=1760) to work on /opt/airflow/dags/datasets_true.py
[2025-03-20T08:38:47.293+0000] {processor.py:914} INFO - Processing file /opt/airflow/dags/datasets_true.py for tasks to queue
[2025-03-20T08:38:47.304+0000] {logging_mixin.py:190} INFO - [2025-03-20T08:38:47.303+0000] {dagbag.py:588} INFO - Filling up the DagBag from /opt/airflow/dags/datasets_true.py
[2025-03-20T08:38:47.626+0000] {processor.py:927} WARNING - No viable dags retrieved from /opt/airflow/dags/datasets_true.py
[2025-03-20T08:38:47.628+0000] {processor.py:208} INFO - Processing /opt/airflow/dags/datasets_true.py took 0.354 seconds
[2025-03-20T08:39:17.954+0000] {processor.py:186} INFO - Started process (PID=1781) to work on /opt/airflow/dags/datasets_true.py
[2025-03-20T08:39:17.955+0000] {processor.py:914} INFO - Processing file /opt/airflow/dags/datasets_true.py for tasks to queue
[2025-03-20T08:39:17.958+0000] {logging_mixin.py:190} INFO - [2025-03-20T08:39:17.958+0000] {dagbag.py:588} INFO - Filling up the DagBag from /opt/airflow/dags/datasets_true.py
[2025-03-20T08:39:18.267+0000] {processor.py:927} WARNING - No viable dags retrieved from /opt/airflow/dags/datasets_true.py
[2025-03-20T08:39:18.269+0000] {processor.py:208} INFO - Processing /opt/airflow/dags/datasets_true.py took 0.323 seconds
[2025-03-20T08:39:48.540+0000] {processor.py:186} INFO - Started process (PID=1802) to work on /opt/airflow/dags/datasets_true.py
[2025-03-20T08:39:48.541+0000] {processor.py:914} INFO - Processing file /opt/airflow/dags/datasets_true.py for tasks to queue
[2025-03-20T08:39:48.543+0000] {logging_mixin.py:190} INFO - [2025-03-20T08:39:48.543+0000] {dagbag.py:588} INFO - Filling up the DagBag from /opt/airflow/dags/datasets_true.py
[2025-03-20T08:39:48.848+0000] {processor.py:927} WARNING - No viable dags retrieved from /opt/airflow/dags/datasets_true.py
[2025-03-20T08:39:48.850+0000] {processor.py:208} INFO - Processing /opt/airflow/dags/datasets_true.py took 0.315 seconds
[2025-03-20T08:40:19.065+0000] {processor.py:186} INFO - Started process (PID=1823) to work on /opt/airflow/dags/datasets_true.py
[2025-03-20T08:40:19.067+0000] {processor.py:914} INFO - Processing file /opt/airflow/dags/datasets_true.py for tasks to queue
[2025-03-20T08:40:19.070+0000] {logging_mixin.py:190} INFO - [2025-03-20T08:40:19.070+0000] {dagbag.py:588} INFO - Filling up the DagBag from /opt/airflow/dags/datasets_true.py
[2025-03-20T08:40:19.425+0000] {processor.py:927} WARNING - No viable dags retrieved from /opt/airflow/dags/datasets_true.py
[2025-03-20T08:40:19.427+0000] {processor.py:208} INFO - Processing /opt/airflow/dags/datasets_true.py took 0.377 seconds
[2025-03-20T08:40:49.744+0000] {processor.py:186} INFO - Started process (PID=1844) to work on /opt/airflow/dags/datasets_true.py
[2025-03-20T08:40:49.746+0000] {processor.py:914} INFO - Processing file /opt/airflow/dags/datasets_true.py for tasks to queue
[2025-03-20T08:40:49.750+0000] {logging_mixin.py:190} INFO - [2025-03-20T08:40:49.749+0000] {dagbag.py:588} INFO - Filling up the DagBag from /opt/airflow/dags/datasets_true.py
[2025-03-20T08:40:50.238+0000] {processor.py:927} WARNING - No viable dags retrieved from /opt/airflow/dags/datasets_true.py
[2025-03-20T08:40:50.240+0000] {processor.py:208} INFO - Processing /opt/airflow/dags/datasets_true.py took 0.515 seconds
[2025-03-20T08:41:20.431+0000] {processor.py:186} INFO - Started process (PID=1865) to work on /opt/airflow/dags/datasets_true.py
[2025-03-20T08:41:20.432+0000] {processor.py:914} INFO - Processing file /opt/airflow/dags/datasets_true.py for tasks to queue
[2025-03-20T08:41:20.437+0000] {logging_mixin.py:190} INFO - [2025-03-20T08:41:20.436+0000] {dagbag.py:588} INFO - Filling up the DagBag from /opt/airflow/dags/datasets_true.py
[2025-03-20T08:41:20.892+0000] {processor.py:927} WARNING - No viable dags retrieved from /opt/airflow/dags/datasets_true.py
[2025-03-20T08:41:20.894+0000] {processor.py:208} INFO - Processing /opt/airflow/dags/datasets_true.py took 0.479 seconds
[2025-03-20T08:41:51.244+0000] {processor.py:186} INFO - Started process (PID=1886) to work on /opt/airflow/dags/datasets_true.py
[2025-03-20T08:41:51.248+0000] {processor.py:914} INFO - Processing file /opt/airflow/dags/datasets_true.py for tasks to queue
[2025-03-20T08:41:51.253+0000] {logging_mixin.py:190} INFO - [2025-03-20T08:41:51.252+0000] {dagbag.py:588} INFO - Filling up the DagBag from /opt/airflow/dags/datasets_true.py
[2025-03-20T08:41:51.583+0000] {processor.py:927} WARNING - No viable dags retrieved from /opt/airflow/dags/datasets_true.py
[2025-03-20T08:41:51.585+0000] {processor.py:208} INFO - Processing /opt/airflow/dags/datasets_true.py took 0.358 seconds
[2025-03-20T08:42:21.849+0000] {processor.py:186} INFO - Started process (PID=1907) to work on /opt/airflow/dags/datasets_true.py
[2025-03-20T08:42:21.850+0000] {processor.py:914} INFO - Processing file /opt/airflow/dags/datasets_true.py for tasks to queue
[2025-03-20T08:42:21.855+0000] {logging_mixin.py:190} INFO - [2025-03-20T08:42:21.854+0000] {dagbag.py:588} INFO - Filling up the DagBag from /opt/airflow/dags/datasets_true.py
[2025-03-20T08:42:22.303+0000] {processor.py:927} WARNING - No viable dags retrieved from /opt/airflow/dags/datasets_true.py
[2025-03-20T08:42:22.306+0000] {processor.py:208} INFO - Processing /opt/airflow/dags/datasets_true.py took 0.467 seconds
[2025-03-20T08:42:52.629+0000] {processor.py:186} INFO - Started process (PID=1928) to work on /opt/airflow/dags/datasets_true.py
[2025-03-20T08:42:52.631+0000] {processor.py:914} INFO - Processing file /opt/airflow/dags/datasets_true.py for tasks to queue
[2025-03-20T08:42:52.636+0000] {logging_mixin.py:190} INFO - [2025-03-20T08:42:52.635+0000] {dagbag.py:588} INFO - Filling up the DagBag from /opt/airflow/dags/datasets_true.py
[2025-03-20T08:42:53.143+0000] {processor.py:927} WARNING - No viable dags retrieved from /opt/airflow/dags/datasets_true.py
[2025-03-20T08:42:53.146+0000] {processor.py:208} INFO - Processing /opt/airflow/dags/datasets_true.py took 0.533 seconds
[2025-03-20T08:43:23.308+0000] {processor.py:186} INFO - Started process (PID=1949) to work on /opt/airflow/dags/datasets_true.py
[2025-03-20T08:43:23.309+0000] {processor.py:914} INFO - Processing file /opt/airflow/dags/datasets_true.py for tasks to queue
[2025-03-20T08:43:23.312+0000] {logging_mixin.py:190} INFO - [2025-03-20T08:43:23.311+0000] {dagbag.py:588} INFO - Filling up the DagBag from /opt/airflow/dags/datasets_true.py
[2025-03-20T08:43:23.586+0000] {processor.py:927} WARNING - No viable dags retrieved from /opt/airflow/dags/datasets_true.py
[2025-03-20T08:43:23.589+0000] {processor.py:208} INFO - Processing /opt/airflow/dags/datasets_true.py took 0.286 seconds
[2025-03-20T08:43:53.981+0000] {processor.py:186} INFO - Started process (PID=1970) to work on /opt/airflow/dags/datasets_true.py
[2025-03-20T08:43:53.982+0000] {processor.py:914} INFO - Processing file /opt/airflow/dags/datasets_true.py for tasks to queue
[2025-03-20T08:43:53.986+0000] {logging_mixin.py:190} INFO - [2025-03-20T08:43:53.985+0000] {dagbag.py:588} INFO - Filling up the DagBag from /opt/airflow/dags/datasets_true.py
[2025-03-20T08:43:54.412+0000] {processor.py:927} WARNING - No viable dags retrieved from /opt/airflow/dags/datasets_true.py
[2025-03-20T08:43:54.415+0000] {processor.py:208} INFO - Processing /opt/airflow/dags/datasets_true.py took 0.442 seconds
[2025-03-20T08:43:58.235+0000] {processor.py:186} INFO - Started process (PID=1981) to work on /opt/airflow/dags/datasets_true.py
[2025-03-20T08:43:58.236+0000] {processor.py:914} INFO - Processing file /opt/airflow/dags/datasets_true.py for tasks to queue
[2025-03-20T08:43:58.239+0000] {logging_mixin.py:190} INFO - [2025-03-20T08:43:58.239+0000] {dagbag.py:588} INFO - Filling up the DagBag from /opt/airflow/dags/datasets_true.py
[2025-03-20T08:43:58.242+0000] {logging_mixin.py:190} INFO - [2025-03-20T08:43:58.242+0000] {dagbag.py:366} INFO - File /opt/airflow/dags/datasets_true.py assumed to contain no DAGs. Skipping.
[2025-03-20T08:43:58.243+0000] {processor.py:927} WARNING - No viable dags retrieved from /opt/airflow/dags/datasets_true.py
[2025-03-20T08:43:58.269+0000] {processor.py:208} INFO - Processing /opt/airflow/dags/datasets_true.py took 0.041 seconds
[2025-03-20T08:44:28.766+0000] {processor.py:186} INFO - Started process (PID=2038) to work on /opt/airflow/dags/datasets_true.py
[2025-03-20T08:44:28.769+0000] {processor.py:914} INFO - Processing file /opt/airflow/dags/datasets_true.py for tasks to queue
[2025-03-20T08:44:28.772+0000] {logging_mixin.py:190} INFO - [2025-03-20T08:44:28.772+0000] {dagbag.py:588} INFO - Filling up the DagBag from /opt/airflow/dags/datasets_true.py
[2025-03-20T08:44:28.775+0000] {logging_mixin.py:190} INFO - [2025-03-20T08:44:28.775+0000] {dagbag.py:366} INFO - File /opt/airflow/dags/datasets_true.py assumed to contain no DAGs. Skipping.
[2025-03-20T08:44:28.776+0000] {processor.py:927} WARNING - No viable dags retrieved from /opt/airflow/dags/datasets_true.py
[2025-03-20T08:44:28.792+0000] {processor.py:208} INFO - Processing /opt/airflow/dags/datasets_true.py took 0.036 seconds
[2025-03-20T08:44:59.279+0000] {processor.py:186} INFO - Started process (PID=2059) to work on /opt/airflow/dags/datasets_true.py
[2025-03-20T08:44:59.281+0000] {processor.py:914} INFO - Processing file /opt/airflow/dags/datasets_true.py for tasks to queue
[2025-03-20T08:44:59.282+0000] {logging_mixin.py:190} INFO - [2025-03-20T08:44:59.282+0000] {dagbag.py:588} INFO - Filling up the DagBag from /opt/airflow/dags/datasets_true.py
[2025-03-20T08:44:59.285+0000] {logging_mixin.py:190} INFO - [2025-03-20T08:44:59.285+0000] {dagbag.py:366} INFO - File /opt/airflow/dags/datasets_true.py assumed to contain no DAGs. Skipping.
[2025-03-20T08:44:59.285+0000] {processor.py:927} WARNING - No viable dags retrieved from /opt/airflow/dags/datasets_true.py
[2025-03-20T08:44:59.297+0000] {processor.py:208} INFO - Processing /opt/airflow/dags/datasets_true.py took 0.024 seconds
[2025-03-20T08:45:29.748+0000] {processor.py:186} INFO - Started process (PID=2080) to work on /opt/airflow/dags/datasets_true.py
[2025-03-20T08:45:29.750+0000] {processor.py:914} INFO - Processing file /opt/airflow/dags/datasets_true.py for tasks to queue
[2025-03-20T08:45:29.753+0000] {logging_mixin.py:190} INFO - [2025-03-20T08:45:29.753+0000] {dagbag.py:588} INFO - Filling up the DagBag from /opt/airflow/dags/datasets_true.py
[2025-03-20T08:45:29.757+0000] {logging_mixin.py:190} INFO - [2025-03-20T08:45:29.757+0000] {dagbag.py:366} INFO - File /opt/airflow/dags/datasets_true.py assumed to contain no DAGs. Skipping.
[2025-03-20T08:45:29.758+0000] {processor.py:927} WARNING - No viable dags retrieved from /opt/airflow/dags/datasets_true.py
[2025-03-20T08:45:29.780+0000] {processor.py:208} INFO - Processing /opt/airflow/dags/datasets_true.py took 0.041 seconds
