[2025-04-14T16:35:54.253+0000] {local_task_job_runner.py:123} INFO - ::group::Pre task execution logs
[2025-04-14T16:35:54.263+0000] {taskinstance.py:2614} INFO - Dependencies all met for dep_context=non-requeueable deps ti=<TaskInstance: build_data_marts.build_season_mart scheduled__2025-04-14T16:34:00+00:00 [queued]>
[2025-04-14T16:35:54.269+0000] {taskinstance.py:2614} INFO - Dependencies all met for dep_context=requeueable deps ti=<TaskInstance: build_data_marts.build_season_mart scheduled__2025-04-14T16:34:00+00:00 [queued]>
[2025-04-14T16:35:54.270+0000] {taskinstance.py:2867} INFO - Starting attempt 1 of 1
[2025-04-14T16:35:54.278+0000] {taskinstance.py:2890} INFO - Executing <Task(PythonOperator): build_season_mart> on 2025-04-14 16:34:00+00:00
[2025-04-14T16:35:54.283+0000] {standard_task_runner.py:104} INFO - Running: ['***', 'tasks', 'run', 'build_data_marts', 'build_season_mart', 'scheduled__2025-04-14T16:34:00+00:00', '--job-id', '1361', '--raw', '--subdir', 'DAGS_FOLDER/mart.py', '--cfg-path', '/tmp/tmpfbom31xj']
[2025-04-14T16:35:54.284+0000] {logging_mixin.py:190} WARNING - /home/***/.local/lib/python3.12/site-packages/***/task/task_runner/standard_task_runner.py:70 DeprecationWarning: This process (pid=2318) is multi-threaded, use of fork() may lead to deadlocks in the child.
[2025-04-14T16:35:54.284+0000] {standard_task_runner.py:105} INFO - Job 1361: Subtask build_season_mart
[2025-04-14T16:35:54.285+0000] {standard_task_runner.py:72} INFO - Started process 2320 to run task
[2025-04-14T16:35:54.311+0000] {task_command.py:467} INFO - Running <TaskInstance: build_data_marts.build_season_mart scheduled__2025-04-14T16:34:00+00:00 [running]> on host d2754bd7ccae
[2025-04-14T16:35:54.352+0000] {taskinstance.py:3134} INFO - Exporting env vars: AIRFLOW_CTX_DAG_OWNER='***' AIRFLOW_CTX_DAG_ID='build_data_marts' AIRFLOW_CTX_TASK_ID='build_season_mart' AIRFLOW_CTX_EXECUTION_DATE='2025-04-14T16:34:00+00:00' AIRFLOW_CTX_TRY_NUMBER='1' AIRFLOW_CTX_DAG_RUN_ID='scheduled__2025-04-14T16:34:00+00:00'
[2025-04-14T16:35:54.353+0000] {taskinstance.py:732} INFO - ::endgroup::
[2025-04-14T16:35:54.363+0000] {base.py:84} INFO - Retrieving connection 'postgres_local'
[2025-04-14T16:35:54.369+0000] {logging_mixin.py:190} INFO - Executing SQL from: dags/sql/mart_bike_rentals_by_season.sql
[2025-04-14T16:35:54.371+0000] {logging_mixin.py:190} INFO - SQL script executed.
[2025-04-14T16:35:54.371+0000] {python.py:240} INFO - Done. Returned value was: None
[2025-04-14T16:35:54.376+0000] {taskinstance.py:341} INFO - ::group::Post task execution logs
[2025-04-14T16:35:54.376+0000] {taskinstance.py:353} INFO - Marking task as SUCCESS. dag_id=build_data_marts, task_id=build_season_mart, run_id=scheduled__2025-04-14T16:34:00+00:00, execution_date=20250414T163400, start_date=20250414T163554, end_date=20250414T163554
[2025-04-14T16:35:54.426+0000] {local_task_job_runner.py:266} INFO - Task exited with return code 0
[2025-04-14T16:35:54.439+0000] {taskinstance.py:3901} INFO - 0 downstream tasks scheduled from follow-on schedule check
[2025-04-14T16:35:54.441+0000] {local_task_job_runner.py:245} INFO - ::endgroup::
