[2025-03-19T21:23:16.707+0000] {local_task_job_runner.py:123} INFO - ::group::Pre task execution logs
[2025-03-19T21:23:16.717+0000] {taskinstance.py:2614} INFO - Dependencies all met for dep_context=non-requeueable deps ti=<TaskInstance: bike_rental_pipeline.check_raw_data_file scheduled__2025-03-19T21:21:00+00:00 [queued]>
[2025-03-19T21:23:16.724+0000] {taskinstance.py:2614} INFO - Dependencies all met for dep_context=requeueable deps ti=<TaskInstance: bike_rental_pipeline.check_raw_data_file scheduled__2025-03-19T21:21:00+00:00 [queued]>
[2025-03-19T21:23:16.725+0000] {taskinstance.py:2867} INFO - Starting attempt 1 of 1
[2025-03-19T21:23:16.733+0000] {taskinstance.py:2890} INFO - Executing <Task(FileSensor): check_raw_data_file> on 2025-03-19 21:21:00+00:00
[2025-03-19T21:23:16.741+0000] {standard_task_runner.py:104} INFO - Running: ['***', 'tasks', 'run', 'bike_rental_pipeline', 'check_raw_data_file', 'scheduled__2025-03-19T21:21:00+00:00', '--job-id', '441', '--raw', '--subdir', 'DAGS_FOLDER/data_pipline_true.py', '--cfg-path', '/tmp/tmpu87d2ywz']
[2025-03-19T21:23:16.744+0000] {standard_task_runner.py:105} INFO - Job 441: Subtask check_raw_data_file
[2025-03-19T21:23:16.745+0000] {logging_mixin.py:190} WARNING - /home/***/.local/lib/python3.12/site-packages/***/task/task_runner/standard_task_runner.py:70 DeprecationWarning: This process (pid=5863) is multi-threaded, use of fork() may lead to deadlocks in the child.
[2025-03-19T21:23:16.746+0000] {standard_task_runner.py:72} INFO - Started process 5865 to run task
[2025-03-19T21:23:16.778+0000] {task_command.py:467} INFO - Running <TaskInstance: bike_rental_pipeline.check_raw_data_file scheduled__2025-03-19T21:21:00+00:00 [running]> on host 108eca3b8cb3
[2025-03-19T21:23:16.832+0000] {taskinstance.py:3134} INFO - Exporting env vars: AIRFLOW_CTX_DAG_OWNER='***' AIRFLOW_CTX_DAG_ID='bike_rental_pipeline' AIRFLOW_CTX_TASK_ID='check_raw_data_file' AIRFLOW_CTX_EXECUTION_DATE='2025-03-19T21:21:00+00:00' AIRFLOW_CTX_TRY_NUMBER='1' AIRFLOW_CTX_DAG_RUN_ID='scheduled__2025-03-19T21:21:00+00:00'
[2025-03-19T21:23:16.833+0000] {taskinstance.py:732} INFO - ::endgroup::
[2025-03-19T21:23:16.842+0000] {baseoperator.py:423} WARNING - FileSensor.execute cannot be called outside TaskInstance!
[2025-03-19T21:23:16.848+0000] {base.py:84} INFO - Retrieving connection 'bike_rental_data'
[2025-03-19T21:23:16.849+0000] {filesystem.py:109} INFO - Poking for file /opt/***/dags/data/day.csv
[2025-03-19T21:23:16.849+0000] {filesystem.py:113} INFO - Found File /opt/***/dags/data/day.csv last modified: 20220422002206
[2025-03-19T21:23:16.849+0000] {base.py:339} INFO - Success criteria met. Exiting.
[2025-03-19T21:23:16.849+0000] {filesystem.py:109} INFO - Poking for file /opt/***/dags/data/day.csv
[2025-03-19T21:23:16.850+0000] {filesystem.py:113} INFO - Found File /opt/***/dags/data/day.csv last modified: 20220422002206
[2025-03-19T21:23:16.854+0000] {taskinstance.py:341} INFO - ::group::Post task execution logs
[2025-03-19T21:23:16.854+0000] {taskinstance.py:353} INFO - Marking task as SUCCESS. dag_id=bike_rental_pipeline, task_id=check_raw_data_file, run_id=scheduled__2025-03-19T21:21:00+00:00, execution_date=20250319T212100, start_date=20250319T212316, end_date=20250319T212316
[2025-03-19T21:23:16.888+0000] {local_task_job_runner.py:266} INFO - Task exited with return code 0
[2025-03-19T21:23:16.973+0000] {taskinstance.py:3901} INFO - 5 downstream tasks scheduled from follow-on schedule check
[2025-03-19T21:23:16.974+0000] {local_task_job_runner.py:245} INFO - ::endgroup::
