[2025-03-18T15:55:46.827+0000] {local_task_job_runner.py:123} INFO - ::group::Pre task execution logs
[2025-03-18T15:55:46.839+0000] {taskinstance.py:2614} INFO - Dependencies all met for dep_context=non-requeueable deps ti=<TaskInstance: my_first_dag.first_task scheduled__2011-05-17T00:00:00+00:00 [queued]>
[2025-03-18T15:55:46.844+0000] {taskinstance.py:2614} INFO - Dependencies all met for dep_context=requeueable deps ti=<TaskInstance: my_first_dag.first_task scheduled__2011-05-17T00:00:00+00:00 [queued]>
[2025-03-18T15:55:46.845+0000] {taskinstance.py:2867} INFO - Starting attempt 1 of 6
[2025-03-18T15:55:46.862+0000] {taskinstance.py:2890} INFO - Executing <Task(BashOperator): first_task> on 2011-05-17 00:00:00+00:00
[2025-03-18T15:55:46.868+0000] {logging_mixin.py:190} WARNING - /home/***/.local/lib/python3.12/site-packages/***/task/task_runner/standard_task_runner.py:70 DeprecationWarning: This process (pid=6860) is multi-threaded, use of fork() may lead to deadlocks in the child.
[2025-03-18T15:55:46.869+0000] {standard_task_runner.py:72} INFO - Started process 6867 to run task
[2025-03-18T15:55:46.870+0000] {standard_task_runner.py:104} INFO - Running: ['***', 'tasks', 'run', 'my_first_dag', 'first_task', 'scheduled__2011-05-17T00:00:00+00:00', '--job-id', '178', '--raw', '--subdir', 'DAGS_FOLDER/fisrt_dag_1.py', '--cfg-path', '/tmp/tmpnrh96fm0']
[2025-03-18T15:55:46.874+0000] {standard_task_runner.py:105} INFO - Job 178: Subtask first_task
[2025-03-18T15:55:46.941+0000] {task_command.py:467} INFO - Running <TaskInstance: my_first_dag.first_task scheduled__2011-05-17T00:00:00+00:00 [running]> on host 160f03d0fb70
[2025-03-18T15:55:47.042+0000] {taskinstance.py:3134} INFO - Exporting env vars: AIRFLOW_CTX_DAG_OWNER='coder2' AIRFLOW_CTX_DAG_ID='my_first_dag' AIRFLOW_CTX_TASK_ID='first_task' AIRFLOW_CTX_EXECUTION_DATE='2011-05-17T00:00:00+00:00' AIRFLOW_CTX_TRY_NUMBER='1' AIRFLOW_CTX_DAG_RUN_ID='scheduled__2011-05-17T00:00:00+00:00'
[2025-03-18T15:55:47.053+0000] {taskinstance.py:732} INFO - ::endgroup::
[2025-03-18T15:55:47.066+0000] {subprocess.py:78} INFO - Tmp dir root location: /tmp
[2025-03-18T15:55:47.067+0000] {subprocess.py:88} INFO - Running command: ['/usr/bin/bash', '-c', 'echo hello world']
[2025-03-18T15:55:47.076+0000] {subprocess.py:99} INFO - Output:
[2025-03-18T15:55:47.078+0000] {subprocess.py:106} INFO - hello world
[2025-03-18T15:55:47.079+0000] {subprocess.py:110} INFO - Command exited with return code 0
[2025-03-18T15:55:47.106+0000] {taskinstance.py:341} INFO - ::group::Post task execution logs
[2025-03-18T15:55:47.113+0000] {taskinstance.py:353} INFO - Marking task as SUCCESS. dag_id=my_first_dag, task_id=first_task, run_id=scheduled__2011-05-17T00:00:00+00:00, execution_date=20110517T000000, start_date=20250318T155546, end_date=20250318T155547
[2025-03-18T15:55:47.185+0000] {local_task_job_runner.py:266} INFO - Task exited with return code 0
[2025-03-18T15:55:47.219+0000] {taskinstance.py:3901} INFO - 1 downstream tasks scheduled from follow-on schedule check
[2025-03-18T15:55:47.226+0000] {local_task_job_runner.py:245} INFO - ::endgroup::
