[2025-03-17T17:02:42.732+0000] {local_task_job_runner.py:123} INFO - ::group::Pre task execution logs
[2025-03-17T17:02:42.741+0000] {taskinstance.py:2614} INFO - Dependencies all met for dep_context=non-requeueable deps ti=<TaskInstance: my_first_dag.first_task scheduled__2011-03-23T00:00:00+00:00 [queued]>
[2025-03-17T17:02:42.747+0000] {taskinstance.py:2614} INFO - Dependencies all met for dep_context=requeueable deps ti=<TaskInstance: my_first_dag.first_task scheduled__2011-03-23T00:00:00+00:00 [queued]>
[2025-03-17T17:02:42.748+0000] {taskinstance.py:2867} INFO - Starting attempt 1 of 6
[2025-03-17T17:02:42.757+0000] {taskinstance.py:2890} INFO - Executing <Task(BashOperator): first_task> on 2011-03-23 00:00:00+00:00
[2025-03-17T17:02:42.761+0000] {logging_mixin.py:190} WARNING - /home/***/.local/lib/python3.12/site-packages/***/task/task_runner/standard_task_runner.py:70 DeprecationWarning: This process (pid=430) is multi-threaded, use of fork() may lead to deadlocks in the child.
[2025-03-17T17:02:42.761+0000] {standard_task_runner.py:72} INFO - Started process 439 to run task
[2025-03-17T17:02:42.761+0000] {standard_task_runner.py:104} INFO - Running: ['***', 'tasks', 'run', 'my_first_dag', 'first_task', 'scheduled__2011-03-23T00:00:00+00:00', '--job-id', '40', '--raw', '--subdir', 'DAGS_FOLDER/fisrt_dag_1.py', '--cfg-path', '/tmp/tmpc0_lgdep']
[2025-03-17T17:02:42.764+0000] {standard_task_runner.py:105} INFO - Job 40: Subtask first_task
[2025-03-17T17:02:42.801+0000] {task_command.py:467} INFO - Running <TaskInstance: my_first_dag.first_task scheduled__2011-03-23T00:00:00+00:00 [running]> on host 244d68fe4748
[2025-03-17T17:02:42.853+0000] {taskinstance.py:3134} INFO - Exporting env vars: AIRFLOW_CTX_DAG_OWNER='coder2' AIRFLOW_CTX_DAG_ID='my_first_dag' AIRFLOW_CTX_TASK_ID='first_task' AIRFLOW_CTX_EXECUTION_DATE='2011-03-23T00:00:00+00:00' AIRFLOW_CTX_TRY_NUMBER='1' AIRFLOW_CTX_DAG_RUN_ID='scheduled__2011-03-23T00:00:00+00:00'
[2025-03-17T17:02:42.855+0000] {taskinstance.py:732} INFO - ::endgroup::
[2025-03-17T17:02:42.868+0000] {subprocess.py:78} INFO - Tmp dir root location: /tmp
[2025-03-17T17:02:42.869+0000] {subprocess.py:88} INFO - Running command: ['/usr/bin/bash', '-c', 'echo hello world']
[2025-03-17T17:02:42.876+0000] {subprocess.py:99} INFO - Output:
[2025-03-17T17:02:42.877+0000] {subprocess.py:106} INFO - hello world
[2025-03-17T17:02:42.877+0000] {subprocess.py:110} INFO - Command exited with return code 0
[2025-03-17T17:02:42.900+0000] {taskinstance.py:341} INFO - ::group::Post task execution logs
[2025-03-17T17:02:42.900+0000] {taskinstance.py:353} INFO - Marking task as SUCCESS. dag_id=my_first_dag, task_id=first_task, run_id=scheduled__2011-03-23T00:00:00+00:00, execution_date=20110323T000000, start_date=20250317T170242, end_date=20250317T170242
[2025-03-17T17:02:42.943+0000] {local_task_job_runner.py:266} INFO - Task exited with return code 0
[2025-03-17T17:02:42.953+0000] {taskinstance.py:3901} INFO - 0 downstream tasks scheduled from follow-on schedule check
[2025-03-17T17:02:42.954+0000] {local_task_job_runner.py:245} INFO - ::endgroup::
