[2025-04-14T16:32:01.054+0000] {local_task_job_runner.py:123} INFO - ::group::Pre task execution logs
[2025-04-14T16:32:01.065+0000] {taskinstance.py:2614} INFO - Dependencies all met for dep_context=non-requeueable deps ti=<TaskInstance: build_data_marts.build_weather_mart scheduled__2025-04-14T16:31:00+00:00 [queued]>
[2025-04-14T16:32:01.071+0000] {taskinstance.py:2614} INFO - Dependencies all met for dep_context=requeueable deps ti=<TaskInstance: build_data_marts.build_weather_mart scheduled__2025-04-14T16:31:00+00:00 [queued]>
[2025-04-14T16:32:01.071+0000] {taskinstance.py:2867} INFO - Starting attempt 1 of 1
[2025-04-14T16:32:01.079+0000] {taskinstance.py:2890} INFO - Executing <Task(PythonOperator): build_weather_mart> on 2025-04-14 16:31:00+00:00
[2025-04-14T16:32:01.084+0000] {standard_task_runner.py:104} INFO - Running: ['***', 'tasks', 'run', 'build_data_marts', 'build_weather_mart', 'scheduled__2025-04-14T16:31:00+00:00', '--job-id', '1356', '--raw', '--subdir', 'DAGS_FOLDER/mart.py', '--cfg-path', '/tmp/tmpyysbccj4']
[2025-04-14T16:32:01.085+0000] {standard_task_runner.py:105} INFO - Job 1356: Subtask build_weather_mart
[2025-04-14T16:32:01.086+0000] {logging_mixin.py:190} WARNING - /home/***/.local/lib/python3.12/site-packages/***/task/task_runner/standard_task_runner.py:70 DeprecationWarning: This process (pid=1903) is multi-threaded, use of fork() may lead to deadlocks in the child.
[2025-04-14T16:32:01.087+0000] {standard_task_runner.py:72} INFO - Started process 1905 to run task
[2025-04-14T16:32:01.110+0000] {task_command.py:467} INFO - Running <TaskInstance: build_data_marts.build_weather_mart scheduled__2025-04-14T16:31:00+00:00 [running]> on host d2754bd7ccae
[2025-04-14T16:32:01.154+0000] {taskinstance.py:3134} INFO - Exporting env vars: AIRFLOW_CTX_DAG_OWNER='***' AIRFLOW_CTX_DAG_ID='build_data_marts' AIRFLOW_CTX_TASK_ID='build_weather_mart' AIRFLOW_CTX_EXECUTION_DATE='2025-04-14T16:31:00+00:00' AIRFLOW_CTX_TRY_NUMBER='1' AIRFLOW_CTX_DAG_RUN_ID='scheduled__2025-04-14T16:31:00+00:00'
[2025-04-14T16:32:01.155+0000] {taskinstance.py:732} INFO - ::endgroup::
[2025-04-14T16:32:01.167+0000] {base.py:84} INFO - Retrieving connection 'postgres_local'
[2025-04-14T16:32:01.172+0000] {logging_mixin.py:190} INFO - 📄 Executing SQL from: dags/sql/create_mart_bike_rentals_by_weather.sql
[2025-04-14T16:32:01.172+0000] {logging_mixin.py:190} INFO - ----------- SQL SCRIPT START -----------
[2025-04-14T16:32:01.173+0000] {logging_mixin.py:190} INFO - CREATE TABLE IF NOT EXISTS mart_bike_rentals_by_weather AS
SELECT
    dc.year,                      
    dc.month,                     
    dw.weather_desc,            
    SUM(fr.cnt_bike_no_registration + fr.cnt_bike_with_registration) AS total_rentals
FROM fact_count_bikes fr
INNER JOIN dim_calendar dc ON fr.calendar_id = dc.dim_calendar_id
INNER JOIN dim_weather_category dw ON fr.weather_code = dw.weather_code
GROUP BY dc.year, dc.month, dw.weather_desc
ORDER BY dc.year, dc.month, dw.weather_desc;
[2025-04-14T16:32:01.173+0000] {logging_mixin.py:190} INFO - ----------- SQL SCRIPT END -----------
[2025-04-14T16:32:01.174+0000] {logging_mixin.py:190} INFO - ✅ SQL script executed successfully.
[2025-04-14T16:32:01.174+0000] {python.py:240} INFO - Done. Returned value was: None
[2025-04-14T16:32:01.179+0000] {taskinstance.py:341} INFO - ::group::Post task execution logs
[2025-04-14T16:32:01.179+0000] {taskinstance.py:353} INFO - Marking task as SUCCESS. dag_id=build_data_marts, task_id=build_weather_mart, run_id=scheduled__2025-04-14T16:31:00+00:00, execution_date=20250414T163100, start_date=20250414T163201, end_date=20250414T163201
[2025-04-14T16:32:01.231+0000] {local_task_job_runner.py:266} INFO - Task exited with return code 0
[2025-04-14T16:32:01.241+0000] {taskinstance.py:3901} INFO - 0 downstream tasks scheduled from follow-on schedule check
[2025-04-14T16:32:01.242+0000] {local_task_job_runner.py:245} INFO - ::endgroup::
