[2025-04-26T15:30:28.810+0000] {processor.py:186} INFO - Started process (PID=229) to work on /opt/airflow/dags/bash.py
[2025-04-26T15:30:28.812+0000] {processor.py:914} INFO - Processing file /opt/airflow/dags/bash.py for tasks to queue
[2025-04-26T15:30:28.813+0000] {logging_mixin.py:190} INFO - [2025-04-26T15:30:28.813+0000] {dagbag.py:588} INFO - Filling up the DagBag from /opt/airflow/dags/bash.py
[2025-04-26T15:30:28.828+0000] {processor.py:925} INFO - DAG(s) 'my_second_dag' retrieved from /opt/airflow/dags/bash.py
[2025-04-26T15:30:28.843+0000] {logging_mixin.py:190} INFO - [2025-04-26T15:30:28.842+0000] {dag.py:3239} INFO - Sync 1 DAGs
[2025-04-26T15:30:28.859+0000] {logging_mixin.py:190} INFO - [2025-04-26T15:30:28.859+0000] {dag.py:4180} INFO - Setting next_dagrun for my_second_dag to 2011-02-15 00:00:00+00:00, run_after=2011-02-16 00:00:00+00:00
[2025-04-26T15:30:28.879+0000] {processor.py:208} INFO - Processing /opt/airflow/dags/bash.py took 0.073 seconds
[2025-04-26T15:31:00.001+0000] {processor.py:186} INFO - Started process (PID=291) to work on /opt/airflow/dags/bash.py
[2025-04-26T15:31:00.001+0000] {processor.py:914} INFO - Processing file /opt/airflow/dags/bash.py for tasks to queue
[2025-04-26T15:31:00.005+0000] {logging_mixin.py:190} INFO - [2025-04-26T15:31:00.004+0000] {dagbag.py:588} INFO - Filling up the DagBag from /opt/airflow/dags/bash.py
[2025-04-26T15:31:00.022+0000] {processor.py:925} INFO - DAG(s) 'my_second_dag' retrieved from /opt/airflow/dags/bash.py
[2025-04-26T15:31:00.045+0000] {logging_mixin.py:190} INFO - [2025-04-26T15:31:00.042+0000] {dag.py:3239} INFO - Sync 1 DAGs
[2025-04-26T15:31:00.059+0000] {logging_mixin.py:190} INFO - [2025-04-26T15:31:00.059+0000] {dag.py:4180} INFO - Setting next_dagrun for my_second_dag to 2011-02-15 00:00:00+00:00, run_after=2011-02-16 00:00:00+00:00
[2025-04-26T15:31:00.070+0000] {processor.py:208} INFO - Processing /opt/airflow/dags/bash.py took 0.073 seconds
[2025-04-26T15:31:31.045+0000] {processor.py:186} INFO - Started process (PID=347) to work on /opt/airflow/dags/bash.py
[2025-04-26T15:31:31.047+0000] {processor.py:914} INFO - Processing file /opt/airflow/dags/bash.py for tasks to queue
[2025-04-26T15:31:31.049+0000] {logging_mixin.py:190} INFO - [2025-04-26T15:31:31.049+0000] {dagbag.py:588} INFO - Filling up the DagBag from /opt/airflow/dags/bash.py
[2025-04-26T15:31:31.059+0000] {processor.py:925} INFO - DAG(s) 'my_second_dag' retrieved from /opt/airflow/dags/bash.py
[2025-04-26T15:31:31.073+0000] {logging_mixin.py:190} INFO - [2025-04-26T15:31:31.073+0000] {dag.py:3239} INFO - Sync 1 DAGs
[2025-04-26T15:31:31.087+0000] {logging_mixin.py:190} INFO - [2025-04-26T15:31:31.087+0000] {dag.py:4180} INFO - Setting next_dagrun for my_second_dag to 2011-02-15 00:00:00+00:00, run_after=2011-02-16 00:00:00+00:00
[2025-04-26T15:31:31.106+0000] {processor.py:208} INFO - Processing /opt/airflow/dags/bash.py took 0.064 seconds
[2025-04-26T15:32:02.351+0000] {processor.py:186} INFO - Started process (PID=403) to work on /opt/airflow/dags/bash.py
[2025-04-26T15:32:02.353+0000] {processor.py:914} INFO - Processing file /opt/airflow/dags/bash.py for tasks to queue
[2025-04-26T15:32:02.355+0000] {logging_mixin.py:190} INFO - [2025-04-26T15:32:02.354+0000] {dagbag.py:588} INFO - Filling up the DagBag from /opt/airflow/dags/bash.py
[2025-04-26T15:32:02.365+0000] {processor.py:925} INFO - DAG(s) 'my_second_dag' retrieved from /opt/airflow/dags/bash.py
[2025-04-26T15:32:02.389+0000] {logging_mixin.py:190} INFO - [2025-04-26T15:32:02.389+0000] {dag.py:3239} INFO - Sync 1 DAGs
[2025-04-26T15:32:02.404+0000] {logging_mixin.py:190} INFO - [2025-04-26T15:32:02.404+0000] {dag.py:4180} INFO - Setting next_dagrun for my_second_dag to 2011-02-15 00:00:00+00:00, run_after=2011-02-16 00:00:00+00:00
[2025-04-26T15:32:02.415+0000] {processor.py:208} INFO - Processing /opt/airflow/dags/bash.py took 0.069 seconds
[2025-04-26T15:32:33.446+0000] {processor.py:186} INFO - Started process (PID=459) to work on /opt/airflow/dags/bash.py
[2025-04-26T15:32:33.446+0000] {processor.py:914} INFO - Processing file /opt/airflow/dags/bash.py for tasks to queue
[2025-04-26T15:32:33.448+0000] {logging_mixin.py:190} INFO - [2025-04-26T15:32:33.447+0000] {dagbag.py:588} INFO - Filling up the DagBag from /opt/airflow/dags/bash.py
[2025-04-26T15:32:33.455+0000] {processor.py:925} INFO - DAG(s) 'my_second_dag' retrieved from /opt/airflow/dags/bash.py
[2025-04-26T15:32:33.470+0000] {logging_mixin.py:190} INFO - [2025-04-26T15:32:33.470+0000] {dag.py:3239} INFO - Sync 1 DAGs
[2025-04-26T15:32:33.487+0000] {logging_mixin.py:190} INFO - [2025-04-26T15:32:33.486+0000] {dag.py:4180} INFO - Setting next_dagrun for my_second_dag to 2011-02-15 00:00:00+00:00, run_after=2011-02-16 00:00:00+00:00
[2025-04-26T15:32:33.503+0000] {processor.py:208} INFO - Processing /opt/airflow/dags/bash.py took 0.061 seconds
[2025-04-26T15:33:04.615+0000] {processor.py:186} INFO - Started process (PID=515) to work on /opt/airflow/dags/bash.py
[2025-04-26T15:33:04.615+0000] {processor.py:914} INFO - Processing file /opt/airflow/dags/bash.py for tasks to queue
[2025-04-26T15:33:04.617+0000] {logging_mixin.py:190} INFO - [2025-04-26T15:33:04.616+0000] {dagbag.py:588} INFO - Filling up the DagBag from /opt/airflow/dags/bash.py
[2025-04-26T15:33:04.625+0000] {processor.py:925} INFO - DAG(s) 'my_second_dag' retrieved from /opt/airflow/dags/bash.py
[2025-04-26T15:33:04.641+0000] {logging_mixin.py:190} INFO - [2025-04-26T15:33:04.641+0000] {dag.py:3239} INFO - Sync 1 DAGs
[2025-04-26T15:33:04.659+0000] {logging_mixin.py:190} INFO - [2025-04-26T15:33:04.658+0000] {dag.py:4180} INFO - Setting next_dagrun for my_second_dag to 2011-02-15 00:00:00+00:00, run_after=2011-02-16 00:00:00+00:00
[2025-04-26T15:33:04.674+0000] {processor.py:208} INFO - Processing /opt/airflow/dags/bash.py took 0.062 seconds
[2025-04-26T15:33:35.796+0000] {processor.py:186} INFO - Started process (PID=573) to work on /opt/airflow/dags/bash.py
[2025-04-26T15:33:35.797+0000] {processor.py:914} INFO - Processing file /opt/airflow/dags/bash.py for tasks to queue
[2025-04-26T15:33:35.798+0000] {logging_mixin.py:190} INFO - [2025-04-26T15:33:35.798+0000] {dagbag.py:588} INFO - Filling up the DagBag from /opt/airflow/dags/bash.py
[2025-04-26T15:33:35.808+0000] {processor.py:925} INFO - DAG(s) 'my_second_dag' retrieved from /opt/airflow/dags/bash.py
[2025-04-26T15:33:35.823+0000] {logging_mixin.py:190} INFO - [2025-04-26T15:33:35.823+0000] {dag.py:3239} INFO - Sync 1 DAGs
[2025-04-26T15:33:35.835+0000] {logging_mixin.py:190} INFO - [2025-04-26T15:33:35.835+0000] {dag.py:4180} INFO - Setting next_dagrun for my_second_dag to 2011-02-15 00:00:00+00:00, run_after=2011-02-16 00:00:00+00:00
[2025-04-26T15:33:35.844+0000] {processor.py:208} INFO - Processing /opt/airflow/dags/bash.py took 0.052 seconds
[2025-04-26T15:34:06.931+0000] {processor.py:186} INFO - Started process (PID=627) to work on /opt/airflow/dags/bash.py
[2025-04-26T15:34:06.932+0000] {processor.py:914} INFO - Processing file /opt/airflow/dags/bash.py for tasks to queue
[2025-04-26T15:34:06.935+0000] {logging_mixin.py:190} INFO - [2025-04-26T15:34:06.935+0000] {dagbag.py:588} INFO - Filling up the DagBag from /opt/airflow/dags/bash.py
[2025-04-26T15:34:06.942+0000] {processor.py:925} INFO - DAG(s) 'my_second_dag' retrieved from /opt/airflow/dags/bash.py
[2025-04-26T15:34:06.959+0000] {logging_mixin.py:190} INFO - [2025-04-26T15:34:06.958+0000] {dag.py:3239} INFO - Sync 1 DAGs
[2025-04-26T15:34:06.972+0000] {logging_mixin.py:190} INFO - [2025-04-26T15:34:06.972+0000] {dag.py:4180} INFO - Setting next_dagrun for my_second_dag to 2011-02-15 00:00:00+00:00, run_after=2011-02-16 00:00:00+00:00
[2025-04-26T15:34:06.987+0000] {processor.py:208} INFO - Processing /opt/airflow/dags/bash.py took 0.059 seconds
[2025-04-26T15:34:38.140+0000] {processor.py:186} INFO - Started process (PID=683) to work on /opt/airflow/dags/bash.py
[2025-04-26T15:34:38.140+0000] {processor.py:914} INFO - Processing file /opt/airflow/dags/bash.py for tasks to queue
[2025-04-26T15:34:38.142+0000] {logging_mixin.py:190} INFO - [2025-04-26T15:34:38.142+0000] {dagbag.py:588} INFO - Filling up the DagBag from /opt/airflow/dags/bash.py
[2025-04-26T15:34:38.155+0000] {processor.py:925} INFO - DAG(s) 'my_second_dag' retrieved from /opt/airflow/dags/bash.py
[2025-04-26T15:34:38.172+0000] {logging_mixin.py:190} INFO - [2025-04-26T15:34:38.172+0000] {dag.py:3239} INFO - Sync 1 DAGs
[2025-04-26T15:34:38.189+0000] {logging_mixin.py:190} INFO - [2025-04-26T15:34:38.189+0000] {dag.py:4180} INFO - Setting next_dagrun for my_second_dag to 2011-02-15 00:00:00+00:00, run_after=2011-02-16 00:00:00+00:00
[2025-04-26T15:34:38.207+0000] {processor.py:208} INFO - Processing /opt/airflow/dags/bash.py took 0.070 seconds
[2025-04-26T15:35:09.393+0000] {processor.py:186} INFO - Started process (PID=739) to work on /opt/airflow/dags/bash.py
[2025-04-26T15:35:09.394+0000] {processor.py:914} INFO - Processing file /opt/airflow/dags/bash.py for tasks to queue
[2025-04-26T15:35:09.397+0000] {logging_mixin.py:190} INFO - [2025-04-26T15:35:09.396+0000] {dagbag.py:588} INFO - Filling up the DagBag from /opt/airflow/dags/bash.py
[2025-04-26T15:35:09.406+0000] {processor.py:925} INFO - DAG(s) 'my_second_dag' retrieved from /opt/airflow/dags/bash.py
[2025-04-26T15:35:09.424+0000] {logging_mixin.py:190} INFO - [2025-04-26T15:35:09.424+0000] {dag.py:3239} INFO - Sync 1 DAGs
[2025-04-26T15:35:09.439+0000] {logging_mixin.py:190} INFO - [2025-04-26T15:35:09.439+0000] {dag.py:4180} INFO - Setting next_dagrun for my_second_dag to 2011-02-15 00:00:00+00:00, run_after=2011-02-16 00:00:00+00:00
[2025-04-26T15:35:09.458+0000] {processor.py:208} INFO - Processing /opt/airflow/dags/bash.py took 0.069 seconds
[2025-04-26T15:35:40.636+0000] {processor.py:186} INFO - Started process (PID=797) to work on /opt/airflow/dags/bash.py
[2025-04-26T15:35:40.636+0000] {processor.py:914} INFO - Processing file /opt/airflow/dags/bash.py for tasks to queue
[2025-04-26T15:35:40.639+0000] {logging_mixin.py:190} INFO - [2025-04-26T15:35:40.639+0000] {dagbag.py:588} INFO - Filling up the DagBag from /opt/airflow/dags/bash.py
[2025-04-26T15:35:40.649+0000] {processor.py:925} INFO - DAG(s) 'my_second_dag' retrieved from /opt/airflow/dags/bash.py
[2025-04-26T15:35:40.669+0000] {logging_mixin.py:190} INFO - [2025-04-26T15:35:40.669+0000] {dag.py:3239} INFO - Sync 1 DAGs
[2025-04-26T15:35:40.687+0000] {logging_mixin.py:190} INFO - [2025-04-26T15:35:40.687+0000] {dag.py:4180} INFO - Setting next_dagrun for my_second_dag to 2011-02-15 00:00:00+00:00, run_after=2011-02-16 00:00:00+00:00
[2025-04-26T15:35:40.701+0000] {processor.py:208} INFO - Processing /opt/airflow/dags/bash.py took 0.069 seconds
[2025-04-26T15:36:11.812+0000] {processor.py:186} INFO - Started process (PID=854) to work on /opt/airflow/dags/bash.py
[2025-04-26T15:36:11.812+0000] {processor.py:914} INFO - Processing file /opt/airflow/dags/bash.py for tasks to queue
[2025-04-26T15:36:11.814+0000] {logging_mixin.py:190} INFO - [2025-04-26T15:36:11.814+0000] {dagbag.py:588} INFO - Filling up the DagBag from /opt/airflow/dags/bash.py
[2025-04-26T15:36:11.820+0000] {processor.py:925} INFO - DAG(s) 'my_second_dag' retrieved from /opt/airflow/dags/bash.py
[2025-04-26T15:36:11.839+0000] {logging_mixin.py:190} INFO - [2025-04-26T15:36:11.839+0000] {dag.py:3239} INFO - Sync 1 DAGs
[2025-04-26T15:36:11.856+0000] {logging_mixin.py:190} INFO - [2025-04-26T15:36:11.856+0000] {dag.py:4180} INFO - Setting next_dagrun for my_second_dag to 2011-02-15 00:00:00+00:00, run_after=2011-02-16 00:00:00+00:00
[2025-04-26T15:36:11.869+0000] {processor.py:208} INFO - Processing /opt/airflow/dags/bash.py took 0.062 seconds
[2025-04-26T15:36:42.953+0000] {processor.py:186} INFO - Started process (PID=910) to work on /opt/airflow/dags/bash.py
[2025-04-26T15:36:42.954+0000] {processor.py:914} INFO - Processing file /opt/airflow/dags/bash.py for tasks to queue
[2025-04-26T15:36:42.956+0000] {logging_mixin.py:190} INFO - [2025-04-26T15:36:42.956+0000] {dagbag.py:588} INFO - Filling up the DagBag from /opt/airflow/dags/bash.py
[2025-04-26T15:36:42.966+0000] {processor.py:925} INFO - DAG(s) 'my_second_dag' retrieved from /opt/airflow/dags/bash.py
[2025-04-26T15:36:42.984+0000] {logging_mixin.py:190} INFO - [2025-04-26T15:36:42.984+0000] {dag.py:3239} INFO - Sync 1 DAGs
[2025-04-26T15:36:42.998+0000] {logging_mixin.py:190} INFO - [2025-04-26T15:36:42.998+0000] {dag.py:4180} INFO - Setting next_dagrun for my_second_dag to 2011-02-15 00:00:00+00:00, run_after=2011-02-16 00:00:00+00:00
[2025-04-26T15:36:43.015+0000] {processor.py:208} INFO - Processing /opt/airflow/dags/bash.py took 0.066 seconds
