[2025-04-26T15:30:27.028+0000] {processor.py:186} INFO - Started process (PID=199) to work on /opt/airflow/dags/dag_postgres.py
[2025-04-26T15:30:27.030+0000] {processor.py:914} INFO - Processing file /opt/airflow/dags/dag_postgres.py for tasks to queue
[2025-04-26T15:30:27.032+0000] {logging_mixin.py:190} INFO - [2025-04-26T15:30:27.032+0000] {dagbag.py:588} INFO - Filling up the DagBag from /opt/airflow/dags/dag_postgres.py
[2025-04-26T15:30:27.046+0000] {processor.py:925} INFO - DAG(s) 'postgres_pipeline' retrieved from /opt/airflow/dags/dag_postgres.py
[2025-04-26T15:30:27.073+0000] {logging_mixin.py:190} INFO - [2025-04-26T15:30:27.072+0000] {dag.py:3239} INFO - Sync 1 DAGs
[2025-04-26T15:30:27.091+0000] {logging_mixin.py:190} INFO - [2025-04-26T15:30:27.091+0000] {dag.py:4180} INFO - Setting next_dagrun for postgres_pipeline to None, run_after=None
[2025-04-26T15:30:27.115+0000] {processor.py:208} INFO - Processing /opt/airflow/dags/dag_postgres.py took 0.093 seconds
[2025-04-26T15:30:57.250+0000] {processor.py:186} INFO - Started process (PID=254) to work on /opt/airflow/dags/dag_postgres.py
[2025-04-26T15:30:57.251+0000] {processor.py:914} INFO - Processing file /opt/airflow/dags/dag_postgres.py for tasks to queue
[2025-04-26T15:30:57.262+0000] {logging_mixin.py:190} INFO - [2025-04-26T15:30:57.260+0000] {dagbag.py:588} INFO - Filling up the DagBag from /opt/airflow/dags/dag_postgres.py
[2025-04-26T15:30:57.282+0000] {processor.py:925} INFO - DAG(s) 'postgres_pipeline' retrieved from /opt/airflow/dags/dag_postgres.py
[2025-04-26T15:30:57.315+0000] {logging_mixin.py:190} INFO - [2025-04-26T15:30:57.315+0000] {dag.py:3239} INFO - Sync 1 DAGs
[2025-04-26T15:30:57.334+0000] {logging_mixin.py:190} INFO - [2025-04-26T15:30:57.334+0000] {dag.py:4180} INFO - Setting next_dagrun for postgres_pipeline to None, run_after=None
[2025-04-26T15:30:57.359+0000] {processor.py:208} INFO - Processing /opt/airflow/dags/dag_postgres.py took 0.119 seconds
[2025-04-26T15:31:27.407+0000] {processor.py:186} INFO - Started process (PID=311) to work on /opt/airflow/dags/dag_postgres.py
[2025-04-26T15:31:27.407+0000] {processor.py:914} INFO - Processing file /opt/airflow/dags/dag_postgres.py for tasks to queue
[2025-04-26T15:31:27.410+0000] {logging_mixin.py:190} INFO - [2025-04-26T15:31:27.410+0000] {dagbag.py:588} INFO - Filling up the DagBag from /opt/airflow/dags/dag_postgres.py
[2025-04-26T15:31:27.424+0000] {processor.py:925} INFO - DAG(s) 'postgres_pipeline' retrieved from /opt/airflow/dags/dag_postgres.py
[2025-04-26T15:31:27.445+0000] {logging_mixin.py:190} INFO - [2025-04-26T15:31:27.445+0000] {dag.py:3239} INFO - Sync 1 DAGs
[2025-04-26T15:31:27.459+0000] {logging_mixin.py:190} INFO - [2025-04-26T15:31:27.459+0000] {dag.py:4180} INFO - Setting next_dagrun for postgres_pipeline to None, run_after=None
[2025-04-26T15:31:27.477+0000] {processor.py:208} INFO - Processing /opt/airflow/dags/dag_postgres.py took 0.077 seconds
[2025-04-26T15:31:58.482+0000] {processor.py:186} INFO - Started process (PID=367) to work on /opt/airflow/dags/dag_postgres.py
[2025-04-26T15:31:58.483+0000] {processor.py:914} INFO - Processing file /opt/airflow/dags/dag_postgres.py for tasks to queue
[2025-04-26T15:31:58.488+0000] {logging_mixin.py:190} INFO - [2025-04-26T15:31:58.488+0000] {dagbag.py:588} INFO - Filling up the DagBag from /opt/airflow/dags/dag_postgres.py
[2025-04-26T15:31:58.523+0000] {processor.py:925} INFO - DAG(s) 'postgres_pipeline' retrieved from /opt/airflow/dags/dag_postgres.py
[2025-04-26T15:31:58.567+0000] {logging_mixin.py:190} INFO - [2025-04-26T15:31:58.567+0000] {dag.py:3239} INFO - Sync 1 DAGs
[2025-04-26T15:31:58.585+0000] {logging_mixin.py:190} INFO - [2025-04-26T15:31:58.585+0000] {dag.py:4180} INFO - Setting next_dagrun for postgres_pipeline to None, run_after=None
[2025-04-26T15:31:58.610+0000] {processor.py:208} INFO - Processing /opt/airflow/dags/dag_postgres.py took 0.140 seconds
[2025-04-26T15:32:28.739+0000] {processor.py:186} INFO - Started process (PID=423) to work on /opt/airflow/dags/dag_postgres.py
[2025-04-26T15:32:28.740+0000] {processor.py:914} INFO - Processing file /opt/airflow/dags/dag_postgres.py for tasks to queue
[2025-04-26T15:32:28.745+0000] {logging_mixin.py:190} INFO - [2025-04-26T15:32:28.745+0000] {dagbag.py:588} INFO - Filling up the DagBag from /opt/airflow/dags/dag_postgres.py
[2025-04-26T15:32:28.770+0000] {processor.py:925} INFO - DAG(s) 'postgres_pipeline' retrieved from /opt/airflow/dags/dag_postgres.py
[2025-04-26T15:32:28.804+0000] {logging_mixin.py:190} INFO - [2025-04-26T15:32:28.803+0000] {dag.py:3239} INFO - Sync 1 DAGs
[2025-04-26T15:32:28.827+0000] {logging_mixin.py:190} INFO - [2025-04-26T15:32:28.827+0000] {dag.py:4180} INFO - Setting next_dagrun for postgres_pipeline to None, run_after=None
[2025-04-26T15:32:28.851+0000] {processor.py:208} INFO - Processing /opt/airflow/dags/dag_postgres.py took 0.118 seconds
[2025-04-26T15:32:59.869+0000] {processor.py:186} INFO - Started process (PID=485) to work on /opt/airflow/dags/dag_postgres.py
[2025-04-26T15:32:59.872+0000] {processor.py:914} INFO - Processing file /opt/airflow/dags/dag_postgres.py for tasks to queue
[2025-04-26T15:32:59.876+0000] {logging_mixin.py:190} INFO - [2025-04-26T15:32:59.876+0000] {dagbag.py:588} INFO - Filling up the DagBag from /opt/airflow/dags/dag_postgres.py
[2025-04-26T15:32:59.898+0000] {processor.py:925} INFO - DAG(s) 'postgres_pipeline' retrieved from /opt/airflow/dags/dag_postgres.py
[2025-04-26T15:32:59.933+0000] {logging_mixin.py:190} INFO - [2025-04-26T15:32:59.933+0000] {dag.py:3239} INFO - Sync 1 DAGs
[2025-04-26T15:32:59.958+0000] {logging_mixin.py:190} INFO - [2025-04-26T15:32:59.958+0000] {dag.py:4180} INFO - Setting next_dagrun for postgres_pipeline to None, run_after=None
[2025-04-26T15:32:59.979+0000] {processor.py:208} INFO - Processing /opt/airflow/dags/dag_postgres.py took 0.124 seconds
[2025-04-26T15:33:30.054+0000] {processor.py:186} INFO - Started process (PID=541) to work on /opt/airflow/dags/dag_postgres.py
[2025-04-26T15:33:30.055+0000] {processor.py:914} INFO - Processing file /opt/airflow/dags/dag_postgres.py for tasks to queue
[2025-04-26T15:33:30.059+0000] {logging_mixin.py:190} INFO - [2025-04-26T15:33:30.059+0000] {dagbag.py:588} INFO - Filling up the DagBag from /opt/airflow/dags/dag_postgres.py
[2025-04-26T15:33:30.077+0000] {processor.py:925} INFO - DAG(s) 'postgres_pipeline' retrieved from /opt/airflow/dags/dag_postgres.py
[2025-04-26T15:33:30.113+0000] {logging_mixin.py:190} INFO - [2025-04-26T15:33:30.113+0000] {dag.py:3239} INFO - Sync 1 DAGs
[2025-04-26T15:33:30.133+0000] {logging_mixin.py:190} INFO - [2025-04-26T15:33:30.133+0000] {dag.py:4180} INFO - Setting next_dagrun for postgres_pipeline to None, run_after=None
[2025-04-26T15:33:30.162+0000] {processor.py:208} INFO - Processing /opt/airflow/dags/dag_postgres.py took 0.124 seconds
[2025-04-26T15:34:01.173+0000] {processor.py:186} INFO - Started process (PID=596) to work on /opt/airflow/dags/dag_postgres.py
[2025-04-26T15:34:01.175+0000] {processor.py:914} INFO - Processing file /opt/airflow/dags/dag_postgres.py for tasks to queue
[2025-04-26T15:34:01.179+0000] {logging_mixin.py:190} INFO - [2025-04-26T15:34:01.179+0000] {dagbag.py:588} INFO - Filling up the DagBag from /opt/airflow/dags/dag_postgres.py
[2025-04-26T15:34:01.211+0000] {processor.py:925} INFO - DAG(s) 'postgres_pipeline' retrieved from /opt/airflow/dags/dag_postgres.py
[2025-04-26T15:34:01.258+0000] {logging_mixin.py:190} INFO - [2025-04-26T15:34:01.258+0000] {dag.py:3239} INFO - Sync 1 DAGs
[2025-04-26T15:34:01.279+0000] {logging_mixin.py:190} INFO - [2025-04-26T15:34:01.279+0000] {dag.py:4180} INFO - Setting next_dagrun for postgres_pipeline to None, run_after=None
[2025-04-26T15:34:01.311+0000] {processor.py:208} INFO - Processing /opt/airflow/dags/dag_postgres.py took 0.148 seconds
[2025-04-26T15:34:32.343+0000] {processor.py:186} INFO - Started process (PID=652) to work on /opt/airflow/dags/dag_postgres.py
[2025-04-26T15:34:32.345+0000] {processor.py:914} INFO - Processing file /opt/airflow/dags/dag_postgres.py for tasks to queue
[2025-04-26T15:34:32.349+0000] {logging_mixin.py:190} INFO - [2025-04-26T15:34:32.348+0000] {dagbag.py:588} INFO - Filling up the DagBag from /opt/airflow/dags/dag_postgres.py
[2025-04-26T15:34:32.380+0000] {processor.py:925} INFO - DAG(s) 'postgres_pipeline' retrieved from /opt/airflow/dags/dag_postgres.py
[2025-04-26T15:34:32.421+0000] {logging_mixin.py:190} INFO - [2025-04-26T15:34:32.420+0000] {dag.py:3239} INFO - Sync 1 DAGs
[2025-04-26T15:34:32.453+0000] {logging_mixin.py:190} INFO - [2025-04-26T15:34:32.452+0000] {dag.py:4180} INFO - Setting next_dagrun for postgres_pipeline to None, run_after=None
[2025-04-26T15:34:32.475+0000] {processor.py:208} INFO - Processing /opt/airflow/dags/dag_postgres.py took 0.142 seconds
[2025-04-26T15:35:03.533+0000] {processor.py:186} INFO - Started process (PID=709) to work on /opt/airflow/dags/dag_postgres.py
[2025-04-26T15:35:03.537+0000] {processor.py:914} INFO - Processing file /opt/airflow/dags/dag_postgres.py for tasks to queue
[2025-04-26T15:35:03.542+0000] {logging_mixin.py:190} INFO - [2025-04-26T15:35:03.541+0000] {dagbag.py:588} INFO - Filling up the DagBag from /opt/airflow/dags/dag_postgres.py
[2025-04-26T15:35:03.576+0000] {processor.py:925} INFO - DAG(s) 'postgres_pipeline' retrieved from /opt/airflow/dags/dag_postgres.py
[2025-04-26T15:35:03.656+0000] {logging_mixin.py:190} INFO - [2025-04-26T15:35:03.656+0000] {dag.py:3239} INFO - Sync 1 DAGs
[2025-04-26T15:35:03.678+0000] {logging_mixin.py:190} INFO - [2025-04-26T15:35:03.678+0000] {dag.py:4180} INFO - Setting next_dagrun for postgres_pipeline to None, run_after=None
[2025-04-26T15:35:03.725+0000] {processor.py:208} INFO - Processing /opt/airflow/dags/dag_postgres.py took 0.204 seconds
[2025-04-26T15:35:33.800+0000] {processor.py:186} INFO - Started process (PID=764) to work on /opt/airflow/dags/dag_postgres.py
[2025-04-26T15:35:33.802+0000] {processor.py:914} INFO - Processing file /opt/airflow/dags/dag_postgres.py for tasks to queue
[2025-04-26T15:35:33.806+0000] {logging_mixin.py:190} INFO - [2025-04-26T15:35:33.806+0000] {dagbag.py:588} INFO - Filling up the DagBag from /opt/airflow/dags/dag_postgres.py
[2025-04-26T15:35:33.834+0000] {processor.py:925} INFO - DAG(s) 'postgres_pipeline' retrieved from /opt/airflow/dags/dag_postgres.py
[2025-04-26T15:35:33.865+0000] {logging_mixin.py:190} INFO - [2025-04-26T15:35:33.865+0000] {dag.py:3239} INFO - Sync 1 DAGs
[2025-04-26T15:35:33.893+0000] {logging_mixin.py:190} INFO - [2025-04-26T15:35:33.893+0000] {dag.py:4180} INFO - Setting next_dagrun for postgres_pipeline to None, run_after=None
[2025-04-26T15:35:33.914+0000] {processor.py:208} INFO - Processing /opt/airflow/dags/dag_postgres.py took 0.123 seconds
[2025-04-26T15:36:03.996+0000] {processor.py:186} INFO - Started process (PID=822) to work on /opt/airflow/dags/dag_postgres.py
[2025-04-26T15:36:03.999+0000] {processor.py:914} INFO - Processing file /opt/airflow/dags/dag_postgres.py for tasks to queue
[2025-04-26T15:36:04.012+0000] {logging_mixin.py:190} INFO - [2025-04-26T15:36:04.010+0000] {dagbag.py:588} INFO - Filling up the DagBag from /opt/airflow/dags/dag_postgres.py
[2025-04-26T15:36:04.040+0000] {processor.py:925} INFO - DAG(s) 'postgres_pipeline' retrieved from /opt/airflow/dags/dag_postgres.py
[2025-04-26T15:36:04.083+0000] {logging_mixin.py:190} INFO - [2025-04-26T15:36:04.083+0000] {dag.py:3239} INFO - Sync 1 DAGs
[2025-04-26T15:36:04.114+0000] {logging_mixin.py:190} INFO - [2025-04-26T15:36:04.114+0000] {dag.py:4180} INFO - Setting next_dagrun for postgres_pipeline to None, run_after=None
[2025-04-26T15:36:04.142+0000] {processor.py:208} INFO - Processing /opt/airflow/dags/dag_postgres.py took 0.159 seconds
[2025-04-26T15:36:35.178+0000] {processor.py:186} INFO - Started process (PID=878) to work on /opt/airflow/dags/dag_postgres.py
[2025-04-26T15:36:35.181+0000] {processor.py:914} INFO - Processing file /opt/airflow/dags/dag_postgres.py for tasks to queue
[2025-04-26T15:36:35.187+0000] {logging_mixin.py:190} INFO - [2025-04-26T15:36:35.186+0000] {dagbag.py:588} INFO - Filling up the DagBag from /opt/airflow/dags/dag_postgres.py
[2025-04-26T15:36:35.212+0000] {processor.py:925} INFO - DAG(s) 'postgres_pipeline' retrieved from /opt/airflow/dags/dag_postgres.py
[2025-04-26T15:36:35.251+0000] {logging_mixin.py:190} INFO - [2025-04-26T15:36:35.251+0000] {dag.py:3239} INFO - Sync 1 DAGs
[2025-04-26T15:36:35.271+0000] {logging_mixin.py:190} INFO - [2025-04-26T15:36:35.271+0000] {dag.py:4180} INFO - Setting next_dagrun for postgres_pipeline to None, run_after=None
[2025-04-26T15:36:35.300+0000] {processor.py:208} INFO - Processing /opt/airflow/dags/dag_postgres.py took 0.135 seconds
[2025-04-26T15:37:06.289+0000] {processor.py:186} INFO - Started process (PID=934) to work on /opt/airflow/dags/dag_postgres.py
[2025-04-26T15:37:06.291+0000] {processor.py:914} INFO - Processing file /opt/airflow/dags/dag_postgres.py for tasks to queue
[2025-04-26T15:37:06.293+0000] {logging_mixin.py:190} INFO - [2025-04-26T15:37:06.292+0000] {dagbag.py:588} INFO - Filling up the DagBag from /opt/airflow/dags/dag_postgres.py
[2025-04-26T15:37:06.309+0000] {processor.py:925} INFO - DAG(s) 'postgres_pipeline' retrieved from /opt/airflow/dags/dag_postgres.py
[2025-04-26T15:37:06.333+0000] {logging_mixin.py:190} INFO - [2025-04-26T15:37:06.333+0000] {dag.py:3239} INFO - Sync 1 DAGs
[2025-04-26T15:37:06.351+0000] {logging_mixin.py:190} INFO - [2025-04-26T15:37:06.350+0000] {dag.py:4180} INFO - Setting next_dagrun for postgres_pipeline to None, run_after=None
[2025-04-26T15:37:06.373+0000] {processor.py:208} INFO - Processing /opt/airflow/dags/dag_postgres.py took 0.088 seconds
