[2025-04-26T15:30:27.177+0000] {processor.py:186} INFO - Started process (PID=219) to work on /opt/airflow/dags/data_pipline_true.py
[2025-04-26T15:30:27.177+0000] {processor.py:914} INFO - Processing file /opt/airflow/dags/data_pipline_true.py for tasks to queue
[2025-04-26T15:30:27.179+0000] {logging_mixin.py:190} INFO - [2025-04-26T15:30:27.179+0000] {dagbag.py:588} INFO - Filling up the DagBag from /opt/airflow/dags/data_pipline_true.py
[2025-04-26T15:30:28.756+0000] {processor.py:925} INFO - DAG(s) 'bike_rental_pipeline' retrieved from /opt/airflow/dags/data_pipline_true.py
[2025-04-26T15:30:28.768+0000] {logging_mixin.py:190} INFO - [2025-04-26T15:30:28.768+0000] {dag.py:3239} INFO - Sync 1 DAGs
[2025-04-26T15:30:28.781+0000] {logging_mixin.py:190} INFO - [2025-04-26T15:30:28.780+0000] {dag.py:4180} INFO - Setting next_dagrun for bike_rental_pipeline to 2025-04-26 15:29:00+00:00, run_after=2025-04-26 15:30:00+00:00
[2025-04-26T15:30:28.804+0000] {processor.py:208} INFO - Processing /opt/airflow/dags/data_pipline_true.py took 1.632 seconds
[2025-04-26T15:30:59.457+0000] {processor.py:186} INFO - Started process (PID=283) to work on /opt/airflow/dags/data_pipline_true.py
[2025-04-26T15:30:59.458+0000] {processor.py:914} INFO - Processing file /opt/airflow/dags/data_pipline_true.py for tasks to queue
[2025-04-26T15:30:59.459+0000] {logging_mixin.py:190} INFO - [2025-04-26T15:30:59.459+0000] {dagbag.py:588} INFO - Filling up the DagBag from /opt/airflow/dags/data_pipline_true.py
[2025-04-26T15:30:59.949+0000] {processor.py:925} INFO - DAG(s) 'bike_rental_pipeline' retrieved from /opt/airflow/dags/data_pipline_true.py
[2025-04-26T15:30:59.960+0000] {logging_mixin.py:190} INFO - [2025-04-26T15:30:59.960+0000] {dag.py:3239} INFO - Sync 1 DAGs
[2025-04-26T15:30:59.978+0000] {logging_mixin.py:190} INFO - [2025-04-26T15:30:59.978+0000] {dag.py:4180} INFO - Setting next_dagrun for bike_rental_pipeline to 2025-04-26 15:29:00+00:00, run_after=2025-04-26 15:30:00+00:00
[2025-04-26T15:30:59.996+0000] {processor.py:208} INFO - Processing /opt/airflow/dags/data_pipline_true.py took 0.542 seconds
[2025-04-26T15:31:30.585+0000] {processor.py:186} INFO - Started process (PID=339) to work on /opt/airflow/dags/data_pipline_true.py
[2025-04-26T15:31:30.586+0000] {processor.py:914} INFO - Processing file /opt/airflow/dags/data_pipline_true.py for tasks to queue
[2025-04-26T15:31:30.587+0000] {logging_mixin.py:190} INFO - [2025-04-26T15:31:30.587+0000] {dagbag.py:588} INFO - Filling up the DagBag from /opt/airflow/dags/data_pipline_true.py
[2025-04-26T15:31:30.999+0000] {processor.py:925} INFO - DAG(s) 'bike_rental_pipeline' retrieved from /opt/airflow/dags/data_pipline_true.py
[2025-04-26T15:31:31.011+0000] {logging_mixin.py:190} INFO - [2025-04-26T15:31:31.011+0000] {dag.py:3239} INFO - Sync 1 DAGs
[2025-04-26T15:31:31.024+0000] {logging_mixin.py:190} INFO - [2025-04-26T15:31:31.024+0000] {dag.py:4180} INFO - Setting next_dagrun for bike_rental_pipeline to 2025-04-26 15:30:00+00:00, run_after=2025-04-26 15:31:00+00:00
[2025-04-26T15:31:31.042+0000] {processor.py:208} INFO - Processing /opt/airflow/dags/data_pipline_true.py took 0.461 seconds
[2025-04-26T15:32:01.780+0000] {processor.py:186} INFO - Started process (PID=395) to work on /opt/airflow/dags/data_pipline_true.py
[2025-04-26T15:32:01.781+0000] {processor.py:914} INFO - Processing file /opt/airflow/dags/data_pipline_true.py for tasks to queue
[2025-04-26T15:32:01.783+0000] {logging_mixin.py:190} INFO - [2025-04-26T15:32:01.783+0000] {dagbag.py:588} INFO - Filling up the DagBag from /opt/airflow/dags/data_pipline_true.py
[2025-04-26T15:32:02.285+0000] {processor.py:925} INFO - DAG(s) 'bike_rental_pipeline' retrieved from /opt/airflow/dags/data_pipline_true.py
[2025-04-26T15:32:02.298+0000] {logging_mixin.py:190} INFO - [2025-04-26T15:32:02.298+0000] {dag.py:3239} INFO - Sync 1 DAGs
[2025-04-26T15:32:02.309+0000] {logging_mixin.py:190} INFO - [2025-04-26T15:32:02.309+0000] {dag.py:4180} INFO - Setting next_dagrun for bike_rental_pipeline to 2025-04-26 15:31:00+00:00, run_after=2025-04-26 15:32:00+00:00
[2025-04-26T15:32:02.343+0000] {processor.py:208} INFO - Processing /opt/airflow/dags/data_pipline_true.py took 0.568 seconds
[2025-04-26T15:32:32.959+0000] {processor.py:186} INFO - Started process (PID=451) to work on /opt/airflow/dags/data_pipline_true.py
[2025-04-26T15:32:32.959+0000] {processor.py:914} INFO - Processing file /opt/airflow/dags/data_pipline_true.py for tasks to queue
[2025-04-26T15:32:32.961+0000] {logging_mixin.py:190} INFO - [2025-04-26T15:32:32.960+0000] {dagbag.py:588} INFO - Filling up the DagBag from /opt/airflow/dags/data_pipline_true.py
[2025-04-26T15:32:33.388+0000] {processor.py:925} INFO - DAG(s) 'bike_rental_pipeline' retrieved from /opt/airflow/dags/data_pipline_true.py
[2025-04-26T15:32:33.402+0000] {logging_mixin.py:190} INFO - [2025-04-26T15:32:33.402+0000] {dag.py:3239} INFO - Sync 1 DAGs
[2025-04-26T15:32:33.415+0000] {logging_mixin.py:190} INFO - [2025-04-26T15:32:33.415+0000] {dag.py:4180} INFO - Setting next_dagrun for bike_rental_pipeline to 2025-04-26 15:31:00+00:00, run_after=2025-04-26 15:32:00+00:00
[2025-04-26T15:32:33.435+0000] {processor.py:208} INFO - Processing /opt/airflow/dags/data_pipline_true.py took 0.482 seconds
[2025-04-26T15:33:04.117+0000] {processor.py:186} INFO - Started process (PID=507) to work on /opt/airflow/dags/data_pipline_true.py
[2025-04-26T15:33:04.118+0000] {processor.py:914} INFO - Processing file /opt/airflow/dags/data_pipline_true.py for tasks to queue
[2025-04-26T15:33:04.119+0000] {logging_mixin.py:190} INFO - [2025-04-26T15:33:04.119+0000] {dagbag.py:588} INFO - Filling up the DagBag from /opt/airflow/dags/data_pipline_true.py
[2025-04-26T15:33:04.558+0000] {processor.py:925} INFO - DAG(s) 'bike_rental_pipeline' retrieved from /opt/airflow/dags/data_pipline_true.py
[2025-04-26T15:33:04.571+0000] {logging_mixin.py:190} INFO - [2025-04-26T15:33:04.571+0000] {dag.py:3239} INFO - Sync 1 DAGs
[2025-04-26T15:33:04.587+0000] {logging_mixin.py:190} INFO - [2025-04-26T15:33:04.587+0000] {dag.py:4180} INFO - Setting next_dagrun for bike_rental_pipeline to 2025-04-26 15:32:00+00:00, run_after=2025-04-26 15:33:00+00:00
[2025-04-26T15:33:04.608+0000] {processor.py:208} INFO - Processing /opt/airflow/dags/data_pipline_true.py took 0.497 seconds
[2025-04-26T15:33:35.286+0000] {processor.py:186} INFO - Started process (PID=563) to work on /opt/airflow/dags/data_pipline_true.py
[2025-04-26T15:33:35.287+0000] {processor.py:914} INFO - Processing file /opt/airflow/dags/data_pipline_true.py for tasks to queue
[2025-04-26T15:33:35.288+0000] {logging_mixin.py:190} INFO - [2025-04-26T15:33:35.288+0000] {dagbag.py:588} INFO - Filling up the DagBag from /opt/airflow/dags/data_pipline_true.py
[2025-04-26T15:33:35.736+0000] {processor.py:925} INFO - DAG(s) 'bike_rental_pipeline' retrieved from /opt/airflow/dags/data_pipline_true.py
[2025-04-26T15:33:35.747+0000] {logging_mixin.py:190} INFO - [2025-04-26T15:33:35.746+0000] {dag.py:3239} INFO - Sync 1 DAGs
[2025-04-26T15:33:35.764+0000] {logging_mixin.py:190} INFO - [2025-04-26T15:33:35.763+0000] {dag.py:4180} INFO - Setting next_dagrun for bike_rental_pipeline to 2025-04-26 15:32:00+00:00, run_after=2025-04-26 15:33:00+00:00
[2025-04-26T15:33:35.785+0000] {processor.py:208} INFO - Processing /opt/airflow/dags/data_pipline_true.py took 0.503 seconds
[2025-04-26T15:34:06.433+0000] {processor.py:186} INFO - Started process (PID=619) to work on /opt/airflow/dags/data_pipline_true.py
[2025-04-26T15:34:06.434+0000] {processor.py:914} INFO - Processing file /opt/airflow/dags/data_pipline_true.py for tasks to queue
[2025-04-26T15:34:06.437+0000] {logging_mixin.py:190} INFO - [2025-04-26T15:34:06.437+0000] {dagbag.py:588} INFO - Filling up the DagBag from /opt/airflow/dags/data_pipline_true.py
[2025-04-26T15:34:06.873+0000] {processor.py:925} INFO - DAG(s) 'bike_rental_pipeline' retrieved from /opt/airflow/dags/data_pipline_true.py
[2025-04-26T15:34:06.884+0000] {logging_mixin.py:190} INFO - [2025-04-26T15:34:06.884+0000] {dag.py:3239} INFO - Sync 1 DAGs
[2025-04-26T15:34:06.905+0000] {logging_mixin.py:190} INFO - [2025-04-26T15:34:06.904+0000] {dag.py:4180} INFO - Setting next_dagrun for bike_rental_pipeline to 2025-04-26 15:33:00+00:00, run_after=2025-04-26 15:34:00+00:00
[2025-04-26T15:34:06.927+0000] {processor.py:208} INFO - Processing /opt/airflow/dags/data_pipline_true.py took 0.500 seconds
[2025-04-26T15:34:37.619+0000] {processor.py:186} INFO - Started process (PID=675) to work on /opt/airflow/dags/data_pipline_true.py
[2025-04-26T15:34:37.620+0000] {processor.py:914} INFO - Processing file /opt/airflow/dags/data_pipline_true.py for tasks to queue
[2025-04-26T15:34:37.622+0000] {logging_mixin.py:190} INFO - [2025-04-26T15:34:37.622+0000] {dagbag.py:588} INFO - Filling up the DagBag from /opt/airflow/dags/data_pipline_true.py
[2025-04-26T15:34:38.098+0000] {processor.py:925} INFO - DAG(s) 'bike_rental_pipeline' retrieved from /opt/airflow/dags/data_pipline_true.py
[2025-04-26T15:34:38.109+0000] {logging_mixin.py:190} INFO - [2025-04-26T15:34:38.109+0000] {dag.py:3239} INFO - Sync 1 DAGs
[2025-04-26T15:34:38.124+0000] {logging_mixin.py:190} INFO - [2025-04-26T15:34:38.124+0000] {dag.py:4180} INFO - Setting next_dagrun for bike_rental_pipeline to 2025-04-26 15:33:00+00:00, run_after=2025-04-26 15:34:00+00:00
[2025-04-26T15:34:38.140+0000] {processor.py:208} INFO - Processing /opt/airflow/dags/data_pipline_true.py took 0.526 seconds
[2025-04-26T15:35:08.878+0000] {processor.py:186} INFO - Started process (PID=731) to work on /opt/airflow/dags/data_pipline_true.py
[2025-04-26T15:35:08.879+0000] {processor.py:914} INFO - Processing file /opt/airflow/dags/data_pipline_true.py for tasks to queue
[2025-04-26T15:35:08.882+0000] {logging_mixin.py:190} INFO - [2025-04-26T15:35:08.882+0000] {dagbag.py:588} INFO - Filling up the DagBag from /opt/airflow/dags/data_pipline_true.py
[2025-04-26T15:35:09.333+0000] {processor.py:925} INFO - DAG(s) 'bike_rental_pipeline' retrieved from /opt/airflow/dags/data_pipline_true.py
[2025-04-26T15:35:09.346+0000] {logging_mixin.py:190} INFO - [2025-04-26T15:35:09.345+0000] {dag.py:3239} INFO - Sync 1 DAGs
[2025-04-26T15:35:09.363+0000] {logging_mixin.py:190} INFO - [2025-04-26T15:35:09.363+0000] {dag.py:4180} INFO - Setting next_dagrun for bike_rental_pipeline to 2025-04-26 15:34:00+00:00, run_after=2025-04-26 15:35:00+00:00
[2025-04-26T15:35:09.388+0000] {processor.py:208} INFO - Processing /opt/airflow/dags/data_pipline_true.py took 0.516 seconds
[2025-04-26T15:35:40.064+0000] {processor.py:186} INFO - Started process (PID=787) to work on /opt/airflow/dags/data_pipline_true.py
[2025-04-26T15:35:40.065+0000] {processor.py:914} INFO - Processing file /opt/airflow/dags/data_pipline_true.py for tasks to queue
[2025-04-26T15:35:40.067+0000] {logging_mixin.py:190} INFO - [2025-04-26T15:35:40.067+0000] {dagbag.py:588} INFO - Filling up the DagBag from /opt/airflow/dags/data_pipline_true.py
[2025-04-26T15:35:40.571+0000] {processor.py:925} INFO - DAG(s) 'bike_rental_pipeline' retrieved from /opt/airflow/dags/data_pipline_true.py
[2025-04-26T15:35:40.582+0000] {logging_mixin.py:190} INFO - [2025-04-26T15:35:40.581+0000] {dag.py:3239} INFO - Sync 1 DAGs
[2025-04-26T15:35:40.598+0000] {logging_mixin.py:190} INFO - [2025-04-26T15:35:40.598+0000] {dag.py:4180} INFO - Setting next_dagrun for bike_rental_pipeline to 2025-04-26 15:34:00+00:00, run_after=2025-04-26 15:35:00+00:00
[2025-04-26T15:35:40.618+0000] {processor.py:208} INFO - Processing /opt/airflow/dags/data_pipline_true.py took 0.559 seconds
[2025-04-26T15:36:11.297+0000] {processor.py:186} INFO - Started process (PID=844) to work on /opt/airflow/dags/data_pipline_true.py
[2025-04-26T15:36:11.298+0000] {processor.py:914} INFO - Processing file /opt/airflow/dags/data_pipline_true.py for tasks to queue
[2025-04-26T15:36:11.301+0000] {logging_mixin.py:190} INFO - [2025-04-26T15:36:11.300+0000] {dagbag.py:588} INFO - Filling up the DagBag from /opt/airflow/dags/data_pipline_true.py
[2025-04-26T15:36:11.746+0000] {processor.py:925} INFO - DAG(s) 'bike_rental_pipeline' retrieved from /opt/airflow/dags/data_pipline_true.py
[2025-04-26T15:36:11.761+0000] {logging_mixin.py:190} INFO - [2025-04-26T15:36:11.761+0000] {dag.py:3239} INFO - Sync 1 DAGs
[2025-04-26T15:36:11.777+0000] {logging_mixin.py:190} INFO - [2025-04-26T15:36:11.777+0000] {dag.py:4180} INFO - Setting next_dagrun for bike_rental_pipeline to 2025-04-26 15:35:00+00:00, run_after=2025-04-26 15:36:00+00:00
[2025-04-26T15:36:11.796+0000] {processor.py:208} INFO - Processing /opt/airflow/dags/data_pipline_true.py took 0.505 seconds
[2025-04-26T15:36:42.432+0000] {processor.py:186} INFO - Started process (PID=900) to work on /opt/airflow/dags/data_pipline_true.py
[2025-04-26T15:36:42.433+0000] {processor.py:914} INFO - Processing file /opt/airflow/dags/data_pipline_true.py for tasks to queue
[2025-04-26T15:36:42.435+0000] {logging_mixin.py:190} INFO - [2025-04-26T15:36:42.435+0000] {dagbag.py:588} INFO - Filling up the DagBag from /opt/airflow/dags/data_pipline_true.py
[2025-04-26T15:36:42.896+0000] {processor.py:925} INFO - DAG(s) 'bike_rental_pipeline' retrieved from /opt/airflow/dags/data_pipline_true.py
[2025-04-26T15:36:42.906+0000] {logging_mixin.py:190} INFO - [2025-04-26T15:36:42.906+0000] {dag.py:3239} INFO - Sync 1 DAGs
[2025-04-26T15:36:42.921+0000] {logging_mixin.py:190} INFO - [2025-04-26T15:36:42.921+0000] {dag.py:4180} INFO - Setting next_dagrun for bike_rental_pipeline to 2025-04-26 15:35:00+00:00, run_after=2025-04-26 15:36:00+00:00
[2025-04-26T15:36:42.943+0000] {processor.py:208} INFO - Processing /opt/airflow/dags/data_pipline_true.py took 0.516 seconds
