[2025-04-26T15:30:27.219+0000] {processor.py:186} INFO - Started process (PID=224) to work on /opt/airflow/dags/data_pipline_second.py
[2025-04-26T15:30:27.220+0000] {processor.py:914} INFO - Processing file /opt/airflow/dags/data_pipline_second.py for tasks to queue
[2025-04-26T15:30:27.222+0000] {logging_mixin.py:190} INFO - [2025-04-26T15:30:27.222+0000] {dagbag.py:588} INFO - Filling up the DagBag from /opt/airflow/dags/data_pipline_second.py
[2025-04-26T15:30:28.747+0000] {processor.py:925} INFO - DAG(s) 'bike_rental_pipeline_second' retrieved from /opt/airflow/dags/data_pipline_second.py
[2025-04-26T15:30:28.752+0000] {logging_mixin.py:190} INFO - [2025-04-26T15:30:28.752+0000] {dag.py:3239} INFO - Sync 1 DAGs
[2025-04-26T15:30:28.766+0000] {logging_mixin.py:190} INFO - [2025-04-26T15:30:28.766+0000] {dag.py:4180} INFO - Setting next_dagrun for bike_rental_pipeline_second to 2025-04-26 15:29:00+00:00, run_after=2025-04-26 15:30:00+00:00
[2025-04-26T15:30:28.783+0000] {processor.py:208} INFO - Processing /opt/airflow/dags/data_pipline_second.py took 1.569 seconds
[2025-04-26T15:30:59.461+0000] {processor.py:186} INFO - Started process (PID=286) to work on /opt/airflow/dags/data_pipline_second.py
[2025-04-26T15:30:59.462+0000] {processor.py:914} INFO - Processing file /opt/airflow/dags/data_pipline_second.py for tasks to queue
[2025-04-26T15:30:59.465+0000] {logging_mixin.py:190} INFO - [2025-04-26T15:30:59.465+0000] {dagbag.py:588} INFO - Filling up the DagBag from /opt/airflow/dags/data_pipline_second.py
[2025-04-26T15:30:59.947+0000] {processor.py:925} INFO - DAG(s) 'bike_rental_pipeline_second' retrieved from /opt/airflow/dags/data_pipline_second.py
[2025-04-26T15:30:59.955+0000] {logging_mixin.py:190} INFO - [2025-04-26T15:30:59.955+0000] {dag.py:3239} INFO - Sync 1 DAGs
[2025-04-26T15:30:59.969+0000] {logging_mixin.py:190} INFO - [2025-04-26T15:30:59.969+0000] {dag.py:4180} INFO - Setting next_dagrun for bike_rental_pipeline_second to 2025-04-26 15:29:00+00:00, run_after=2025-04-26 15:30:00+00:00
[2025-04-26T15:30:59.980+0000] {processor.py:208} INFO - Processing /opt/airflow/dags/data_pipline_second.py took 0.523 seconds
[2025-04-26T15:31:30.587+0000] {processor.py:186} INFO - Started process (PID=342) to work on /opt/airflow/dags/data_pipline_second.py
[2025-04-26T15:31:30.588+0000] {processor.py:914} INFO - Processing file /opt/airflow/dags/data_pipline_second.py for tasks to queue
[2025-04-26T15:31:30.589+0000] {logging_mixin.py:190} INFO - [2025-04-26T15:31:30.589+0000] {dagbag.py:588} INFO - Filling up the DagBag from /opt/airflow/dags/data_pipline_second.py
[2025-04-26T15:31:30.993+0000] {processor.py:925} INFO - DAG(s) 'bike_rental_pipeline_second' retrieved from /opt/airflow/dags/data_pipline_second.py
[2025-04-26T15:31:30.998+0000] {logging_mixin.py:190} INFO - [2025-04-26T15:31:30.998+0000] {dag.py:3239} INFO - Sync 1 DAGs
[2025-04-26T15:31:31.013+0000] {logging_mixin.py:190} INFO - [2025-04-26T15:31:31.013+0000] {dag.py:4180} INFO - Setting next_dagrun for bike_rental_pipeline_second to 2025-04-26 15:30:00+00:00, run_after=2025-04-26 15:31:00+00:00
[2025-04-26T15:31:31.024+0000] {processor.py:208} INFO - Processing /opt/airflow/dags/data_pipline_second.py took 0.440 seconds
[2025-04-26T15:32:01.783+0000] {processor.py:186} INFO - Started process (PID=398) to work on /opt/airflow/dags/data_pipline_second.py
[2025-04-26T15:32:01.785+0000] {processor.py:914} INFO - Processing file /opt/airflow/dags/data_pipline_second.py for tasks to queue
[2025-04-26T15:32:01.786+0000] {logging_mixin.py:190} INFO - [2025-04-26T15:32:01.786+0000] {dagbag.py:588} INFO - Filling up the DagBag from /opt/airflow/dags/data_pipline_second.py
[2025-04-26T15:32:02.282+0000] {processor.py:925} INFO - DAG(s) 'bike_rental_pipeline_second' retrieved from /opt/airflow/dags/data_pipline_second.py
[2025-04-26T15:32:02.289+0000] {logging_mixin.py:190} INFO - [2025-04-26T15:32:02.288+0000] {dag.py:3239} INFO - Sync 1 DAGs
[2025-04-26T15:32:02.305+0000] {logging_mixin.py:190} INFO - [2025-04-26T15:32:02.305+0000] {dag.py:4180} INFO - Setting next_dagrun for bike_rental_pipeline_second to 2025-04-26 15:31:00+00:00, run_after=2025-04-26 15:32:00+00:00
[2025-04-26T15:32:02.318+0000] {processor.py:208} INFO - Processing /opt/airflow/dags/data_pipline_second.py took 0.539 seconds
[2025-04-26T15:32:32.960+0000] {processor.py:186} INFO - Started process (PID=454) to work on /opt/airflow/dags/data_pipline_second.py
[2025-04-26T15:32:32.961+0000] {processor.py:914} INFO - Processing file /opt/airflow/dags/data_pipline_second.py for tasks to queue
[2025-04-26T15:32:32.963+0000] {logging_mixin.py:190} INFO - [2025-04-26T15:32:32.963+0000] {dagbag.py:588} INFO - Filling up the DagBag from /opt/airflow/dags/data_pipline_second.py
[2025-04-26T15:32:33.393+0000] {processor.py:925} INFO - DAG(s) 'bike_rental_pipeline_second' retrieved from /opt/airflow/dags/data_pipline_second.py
[2025-04-26T15:32:33.400+0000] {logging_mixin.py:190} INFO - [2025-04-26T15:32:33.400+0000] {dag.py:3239} INFO - Sync 1 DAGs
[2025-04-26T15:32:33.413+0000] {logging_mixin.py:190} INFO - [2025-04-26T15:32:33.413+0000] {dag.py:4180} INFO - Setting next_dagrun for bike_rental_pipeline_second to 2025-04-26 15:31:00+00:00, run_after=2025-04-26 15:32:00+00:00
[2025-04-26T15:32:33.424+0000] {processor.py:208} INFO - Processing /opt/airflow/dags/data_pipline_second.py took 0.470 seconds
[2025-04-26T15:33:04.121+0000] {processor.py:186} INFO - Started process (PID=510) to work on /opt/airflow/dags/data_pipline_second.py
[2025-04-26T15:33:04.122+0000] {processor.py:914} INFO - Processing file /opt/airflow/dags/data_pipline_second.py for tasks to queue
[2025-04-26T15:33:04.125+0000] {logging_mixin.py:190} INFO - [2025-04-26T15:33:04.124+0000] {dagbag.py:588} INFO - Filling up the DagBag from /opt/airflow/dags/data_pipline_second.py
[2025-04-26T15:33:04.555+0000] {processor.py:925} INFO - DAG(s) 'bike_rental_pipeline_second' retrieved from /opt/airflow/dags/data_pipline_second.py
[2025-04-26T15:33:04.560+0000] {logging_mixin.py:190} INFO - [2025-04-26T15:33:04.560+0000] {dag.py:3239} INFO - Sync 1 DAGs
[2025-04-26T15:33:04.579+0000] {logging_mixin.py:190} INFO - [2025-04-26T15:33:04.578+0000] {dag.py:4180} INFO - Setting next_dagrun for bike_rental_pipeline_second to 2025-04-26 15:32:00+00:00, run_after=2025-04-26 15:33:00+00:00
[2025-04-26T15:33:04.589+0000] {processor.py:208} INFO - Processing /opt/airflow/dags/data_pipline_second.py took 0.474 seconds
[2025-04-26T15:33:35.289+0000] {processor.py:186} INFO - Started process (PID=566) to work on /opt/airflow/dags/data_pipline_second.py
[2025-04-26T15:33:35.290+0000] {processor.py:914} INFO - Processing file /opt/airflow/dags/data_pipline_second.py for tasks to queue
[2025-04-26T15:33:35.295+0000] {logging_mixin.py:190} INFO - [2025-04-26T15:33:35.295+0000] {dagbag.py:588} INFO - Filling up the DagBag from /opt/airflow/dags/data_pipline_second.py
[2025-04-26T15:33:35.738+0000] {processor.py:925} INFO - DAG(s) 'bike_rental_pipeline_second' retrieved from /opt/airflow/dags/data_pipline_second.py
[2025-04-26T15:33:35.744+0000] {logging_mixin.py:190} INFO - [2025-04-26T15:33:35.744+0000] {dag.py:3239} INFO - Sync 1 DAGs
[2025-04-26T15:33:35.762+0000] {logging_mixin.py:190} INFO - [2025-04-26T15:33:35.762+0000] {dag.py:4180} INFO - Setting next_dagrun for bike_rental_pipeline_second to 2025-04-26 15:32:00+00:00, run_after=2025-04-26 15:33:00+00:00
[2025-04-26T15:33:35.773+0000] {processor.py:208} INFO - Processing /opt/airflow/dags/data_pipline_second.py took 0.488 seconds
[2025-04-26T15:34:06.433+0000] {processor.py:186} INFO - Started process (PID=622) to work on /opt/airflow/dags/data_pipline_second.py
[2025-04-26T15:34:06.435+0000] {processor.py:914} INFO - Processing file /opt/airflow/dags/data_pipline_second.py for tasks to queue
[2025-04-26T15:34:06.437+0000] {logging_mixin.py:190} INFO - [2025-04-26T15:34:06.436+0000] {dagbag.py:588} INFO - Filling up the DagBag from /opt/airflow/dags/data_pipline_second.py
[2025-04-26T15:34:06.870+0000] {processor.py:925} INFO - DAG(s) 'bike_rental_pipeline_second' retrieved from /opt/airflow/dags/data_pipline_second.py
[2025-04-26T15:34:06.879+0000] {logging_mixin.py:190} INFO - [2025-04-26T15:34:06.878+0000] {dag.py:3239} INFO - Sync 1 DAGs
[2025-04-26T15:34:06.892+0000] {logging_mixin.py:190} INFO - [2025-04-26T15:34:06.892+0000] {dag.py:4180} INFO - Setting next_dagrun for bike_rental_pipeline_second to 2025-04-26 15:33:00+00:00, run_after=2025-04-26 15:34:00+00:00
[2025-04-26T15:34:06.910+0000] {processor.py:208} INFO - Processing /opt/airflow/dags/data_pipline_second.py took 0.481 seconds
[2025-04-26T15:34:37.625+0000] {processor.py:186} INFO - Started process (PID=678) to work on /opt/airflow/dags/data_pipline_second.py
[2025-04-26T15:34:37.626+0000] {processor.py:914} INFO - Processing file /opt/airflow/dags/data_pipline_second.py for tasks to queue
[2025-04-26T15:34:37.629+0000] {logging_mixin.py:190} INFO - [2025-04-26T15:34:37.629+0000] {dagbag.py:588} INFO - Filling up the DagBag from /opt/airflow/dags/data_pipline_second.py
[2025-04-26T15:34:38.086+0000] {processor.py:925} INFO - DAG(s) 'bike_rental_pipeline_second' retrieved from /opt/airflow/dags/data_pipline_second.py
[2025-04-26T15:34:38.093+0000] {logging_mixin.py:190} INFO - [2025-04-26T15:34:38.093+0000] {dag.py:3239} INFO - Sync 1 DAGs
[2025-04-26T15:34:38.106+0000] {logging_mixin.py:190} INFO - [2025-04-26T15:34:38.106+0000] {dag.py:4180} INFO - Setting next_dagrun for bike_rental_pipeline_second to 2025-04-26 15:33:00+00:00, run_after=2025-04-26 15:34:00+00:00
[2025-04-26T15:34:38.115+0000] {processor.py:208} INFO - Processing /opt/airflow/dags/data_pipline_second.py took 0.496 seconds
[2025-04-26T15:35:08.879+0000] {processor.py:186} INFO - Started process (PID=734) to work on /opt/airflow/dags/data_pipline_second.py
[2025-04-26T15:35:08.880+0000] {processor.py:914} INFO - Processing file /opt/airflow/dags/data_pipline_second.py for tasks to queue
[2025-04-26T15:35:08.883+0000] {logging_mixin.py:190} INFO - [2025-04-26T15:35:08.883+0000] {dagbag.py:588} INFO - Filling up the DagBag from /opt/airflow/dags/data_pipline_second.py
[2025-04-26T15:35:09.331+0000] {processor.py:925} INFO - DAG(s) 'bike_rental_pipeline_second' retrieved from /opt/airflow/dags/data_pipline_second.py
[2025-04-26T15:35:09.339+0000] {logging_mixin.py:190} INFO - [2025-04-26T15:35:09.339+0000] {dag.py:3239} INFO - Sync 1 DAGs
[2025-04-26T15:35:09.355+0000] {logging_mixin.py:190} INFO - [2025-04-26T15:35:09.354+0000] {dag.py:4180} INFO - Setting next_dagrun for bike_rental_pipeline_second to 2025-04-26 15:34:00+00:00, run_after=2025-04-26 15:35:00+00:00
[2025-04-26T15:35:09.368+0000] {processor.py:208} INFO - Processing /opt/airflow/dags/data_pipline_second.py took 0.494 seconds
[2025-04-26T15:35:40.067+0000] {processor.py:186} INFO - Started process (PID=790) to work on /opt/airflow/dags/data_pipline_second.py
[2025-04-26T15:35:40.068+0000] {processor.py:914} INFO - Processing file /opt/airflow/dags/data_pipline_second.py for tasks to queue
[2025-04-26T15:35:40.070+0000] {logging_mixin.py:190} INFO - [2025-04-26T15:35:40.070+0000] {dagbag.py:588} INFO - Filling up the DagBag from /opt/airflow/dags/data_pipline_second.py
[2025-04-26T15:35:40.568+0000] {processor.py:925} INFO - DAG(s) 'bike_rental_pipeline_second' retrieved from /opt/airflow/dags/data_pipline_second.py
[2025-04-26T15:35:40.574+0000] {logging_mixin.py:190} INFO - [2025-04-26T15:35:40.574+0000] {dag.py:3239} INFO - Sync 1 DAGs
[2025-04-26T15:35:40.591+0000] {logging_mixin.py:190} INFO - [2025-04-26T15:35:40.591+0000] {dag.py:4180} INFO - Setting next_dagrun for bike_rental_pipeline_second to 2025-04-26 15:34:00+00:00, run_after=2025-04-26 15:35:00+00:00
[2025-04-26T15:35:40.604+0000] {processor.py:208} INFO - Processing /opt/airflow/dags/data_pipline_second.py took 0.542 seconds
[2025-04-26T15:36:11.299+0000] {processor.py:186} INFO - Started process (PID=847) to work on /opt/airflow/dags/data_pipline_second.py
[2025-04-26T15:36:11.301+0000] {processor.py:914} INFO - Processing file /opt/airflow/dags/data_pipline_second.py for tasks to queue
[2025-04-26T15:36:11.303+0000] {logging_mixin.py:190} INFO - [2025-04-26T15:36:11.303+0000] {dagbag.py:588} INFO - Filling up the DagBag from /opt/airflow/dags/data_pipline_second.py
[2025-04-26T15:36:11.745+0000] {processor.py:925} INFO - DAG(s) 'bike_rental_pipeline_second' retrieved from /opt/airflow/dags/data_pipline_second.py
[2025-04-26T15:36:11.755+0000] {logging_mixin.py:190} INFO - [2025-04-26T15:36:11.755+0000] {dag.py:3239} INFO - Sync 1 DAGs
[2025-04-26T15:36:11.768+0000] {logging_mixin.py:190} INFO - [2025-04-26T15:36:11.768+0000] {dag.py:4180} INFO - Setting next_dagrun for bike_rental_pipeline_second to 2025-04-26 15:35:00+00:00, run_after=2025-04-26 15:36:00+00:00
[2025-04-26T15:36:11.783+0000] {processor.py:208} INFO - Processing /opt/airflow/dags/data_pipline_second.py took 0.488 seconds
[2025-04-26T15:36:42.437+0000] {processor.py:186} INFO - Started process (PID=903) to work on /opt/airflow/dags/data_pipline_second.py
[2025-04-26T15:36:42.438+0000] {processor.py:914} INFO - Processing file /opt/airflow/dags/data_pipline_second.py for tasks to queue
[2025-04-26T15:36:42.440+0000] {logging_mixin.py:190} INFO - [2025-04-26T15:36:42.439+0000] {dagbag.py:588} INFO - Filling up the DagBag from /opt/airflow/dags/data_pipline_second.py
[2025-04-26T15:36:42.891+0000] {processor.py:925} INFO - DAG(s) 'bike_rental_pipeline_second' retrieved from /opt/airflow/dags/data_pipline_second.py
[2025-04-26T15:36:42.899+0000] {logging_mixin.py:190} INFO - [2025-04-26T15:36:42.897+0000] {dag.py:3239} INFO - Sync 1 DAGs
[2025-04-26T15:36:42.913+0000] {logging_mixin.py:190} INFO - [2025-04-26T15:36:42.913+0000] {dag.py:4180} INFO - Setting next_dagrun for bike_rental_pipeline_second to 2025-04-26 15:35:00+00:00, run_after=2025-04-26 15:36:00+00:00
[2025-04-26T15:36:42.928+0000] {processor.py:208} INFO - Processing /opt/airflow/dags/data_pipline_second.py took 0.496 seconds
