[2025-04-26T15:30:26.931+0000] {processor.py:186} INFO - Started process (PID=196) to work on /opt/airflow/dags/mart.py
[2025-04-26T15:30:26.937+0000] {processor.py:914} INFO - Processing file /opt/airflow/dags/mart.py for tasks to queue
[2025-04-26T15:30:26.939+0000] {logging_mixin.py:190} INFO - [2025-04-26T15:30:26.939+0000] {dagbag.py:588} INFO - Filling up the DagBag from /opt/airflow/dags/mart.py
[2025-04-26T15:30:26.963+0000] {processor.py:925} INFO - DAG(s) 'build_data_mart_python' retrieved from /opt/airflow/dags/mart.py
[2025-04-26T15:30:27.015+0000] {logging_mixin.py:190} INFO - [2025-04-26T15:30:27.015+0000] {dag.py:3239} INFO - Sync 1 DAGs
[2025-04-26T15:30:27.046+0000] {logging_mixin.py:190} INFO - [2025-04-26T15:30:27.046+0000] {dag.py:4180} INFO - Setting next_dagrun for build_data_mart_python to 2025-04-01 00:00:00+00:00, run_after=2025-05-01 00:00:00+00:00
[2025-04-26T15:30:27.063+0000] {processor.py:208} INFO - Processing /opt/airflow/dags/mart.py took 0.136 seconds
[2025-04-26T15:30:57.250+0000] {processor.py:186} INFO - Started process (PID=252) to work on /opt/airflow/dags/mart.py
[2025-04-26T15:30:57.251+0000] {processor.py:914} INFO - Processing file /opt/airflow/dags/mart.py for tasks to queue
[2025-04-26T15:30:57.262+0000] {logging_mixin.py:190} INFO - [2025-04-26T15:30:57.260+0000] {dagbag.py:588} INFO - Filling up the DagBag from /opt/airflow/dags/mart.py
[2025-04-26T15:30:57.282+0000] {processor.py:925} INFO - DAG(s) 'build_data_mart_python' retrieved from /opt/airflow/dags/mart.py
[2025-04-26T15:30:57.316+0000] {logging_mixin.py:190} INFO - [2025-04-26T15:30:57.315+0000] {dag.py:3239} INFO - Sync 1 DAGs
[2025-04-26T15:30:57.338+0000] {logging_mixin.py:190} INFO - [2025-04-26T15:30:57.338+0000] {dag.py:4180} INFO - Setting next_dagrun for build_data_mart_python to 2025-04-01 00:00:00+00:00, run_after=2025-05-01 00:00:00+00:00
[2025-04-26T15:30:57.353+0000] {processor.py:208} INFO - Processing /opt/airflow/dags/mart.py took 0.115 seconds
[2025-04-26T15:31:27.404+0000] {processor.py:186} INFO - Started process (PID=308) to work on /opt/airflow/dags/mart.py
[2025-04-26T15:31:27.405+0000] {processor.py:914} INFO - Processing file /opt/airflow/dags/mart.py for tasks to queue
[2025-04-26T15:31:27.408+0000] {logging_mixin.py:190} INFO - [2025-04-26T15:31:27.407+0000] {dagbag.py:588} INFO - Filling up the DagBag from /opt/airflow/dags/mart.py
[2025-04-26T15:31:27.424+0000] {processor.py:925} INFO - DAG(s) 'build_data_mart_python' retrieved from /opt/airflow/dags/mart.py
[2025-04-26T15:31:27.445+0000] {logging_mixin.py:190} INFO - [2025-04-26T15:31:27.444+0000] {dag.py:3239} INFO - Sync 1 DAGs
[2025-04-26T15:31:27.460+0000] {logging_mixin.py:190} INFO - [2025-04-26T15:31:27.460+0000] {dag.py:4180} INFO - Setting next_dagrun for build_data_mart_python to 2025-04-01 00:00:00+00:00, run_after=2025-05-01 00:00:00+00:00
[2025-04-26T15:31:27.475+0000] {processor.py:208} INFO - Processing /opt/airflow/dags/mart.py took 0.079 seconds
[2025-04-26T15:31:58.483+0000] {processor.py:186} INFO - Started process (PID=364) to work on /opt/airflow/dags/mart.py
[2025-04-26T15:31:58.484+0000] {processor.py:914} INFO - Processing file /opt/airflow/dags/mart.py for tasks to queue
[2025-04-26T15:31:58.488+0000] {logging_mixin.py:190} INFO - [2025-04-26T15:31:58.487+0000] {dagbag.py:588} INFO - Filling up the DagBag from /opt/airflow/dags/mart.py
[2025-04-26T15:31:58.523+0000] {processor.py:925} INFO - DAG(s) 'build_data_mart_python' retrieved from /opt/airflow/dags/mart.py
[2025-04-26T15:31:58.567+0000] {logging_mixin.py:190} INFO - [2025-04-26T15:31:58.566+0000] {dag.py:3239} INFO - Sync 1 DAGs
[2025-04-26T15:31:58.586+0000] {logging_mixin.py:190} INFO - [2025-04-26T15:31:58.586+0000] {dag.py:4180} INFO - Setting next_dagrun for build_data_mart_python to 2025-04-01 00:00:00+00:00, run_after=2025-05-01 00:00:00+00:00
[2025-04-26T15:31:58.601+0000] {processor.py:208} INFO - Processing /opt/airflow/dags/mart.py took 0.132 seconds
[2025-04-26T15:32:28.739+0000] {processor.py:186} INFO - Started process (PID=420) to work on /opt/airflow/dags/mart.py
[2025-04-26T15:32:28.743+0000] {processor.py:914} INFO - Processing file /opt/airflow/dags/mart.py for tasks to queue
[2025-04-26T15:32:28.747+0000] {logging_mixin.py:190} INFO - [2025-04-26T15:32:28.747+0000] {dagbag.py:588} INFO - Filling up the DagBag from /opt/airflow/dags/mart.py
[2025-04-26T15:32:28.768+0000] {processor.py:925} INFO - DAG(s) 'build_data_mart_python' retrieved from /opt/airflow/dags/mart.py
[2025-04-26T15:32:28.803+0000] {logging_mixin.py:190} INFO - [2025-04-26T15:32:28.803+0000] {dag.py:3239} INFO - Sync 1 DAGs
[2025-04-26T15:32:28.829+0000] {logging_mixin.py:190} INFO - [2025-04-26T15:32:28.829+0000] {dag.py:4180} INFO - Setting next_dagrun for build_data_mart_python to 2025-04-01 00:00:00+00:00, run_after=2025-05-01 00:00:00+00:00
[2025-04-26T15:32:28.844+0000] {processor.py:208} INFO - Processing /opt/airflow/dags/mart.py took 0.117 seconds
[2025-04-26T15:32:59.869+0000] {processor.py:186} INFO - Started process (PID=482) to work on /opt/airflow/dags/mart.py
[2025-04-26T15:32:59.870+0000] {processor.py:914} INFO - Processing file /opt/airflow/dags/mart.py for tasks to queue
[2025-04-26T15:32:59.875+0000] {logging_mixin.py:190} INFO - [2025-04-26T15:32:59.874+0000] {dagbag.py:588} INFO - Filling up the DagBag from /opt/airflow/dags/mart.py
[2025-04-26T15:32:59.898+0000] {processor.py:925} INFO - DAG(s) 'build_data_mart_python' retrieved from /opt/airflow/dags/mart.py
[2025-04-26T15:32:59.933+0000] {logging_mixin.py:190} INFO - [2025-04-26T15:32:59.932+0000] {dag.py:3239} INFO - Sync 1 DAGs
[2025-04-26T15:32:59.958+0000] {logging_mixin.py:190} INFO - [2025-04-26T15:32:59.958+0000] {dag.py:4180} INFO - Setting next_dagrun for build_data_mart_python to 2025-04-01 00:00:00+00:00, run_after=2025-05-01 00:00:00+00:00
[2025-04-26T15:32:59.975+0000] {processor.py:208} INFO - Processing /opt/airflow/dags/mart.py took 0.126 seconds
[2025-04-26T15:33:30.035+0000] {processor.py:186} INFO - Started process (PID=538) to work on /opt/airflow/dags/mart.py
[2025-04-26T15:33:30.037+0000] {processor.py:914} INFO - Processing file /opt/airflow/dags/mart.py for tasks to queue
[2025-04-26T15:33:30.049+0000] {logging_mixin.py:190} INFO - [2025-04-26T15:33:30.047+0000] {dagbag.py:588} INFO - Filling up the DagBag from /opt/airflow/dags/mart.py
[2025-04-26T15:33:30.073+0000] {processor.py:925} INFO - DAG(s) 'build_data_mart_python' retrieved from /opt/airflow/dags/mart.py
[2025-04-26T15:33:30.112+0000] {logging_mixin.py:190} INFO - [2025-04-26T15:33:30.112+0000] {dag.py:3239} INFO - Sync 1 DAGs
[2025-04-26T15:33:30.134+0000] {logging_mixin.py:190} INFO - [2025-04-26T15:33:30.134+0000] {dag.py:4180} INFO - Setting next_dagrun for build_data_mart_python to 2025-04-01 00:00:00+00:00, run_after=2025-05-01 00:00:00+00:00
[2025-04-26T15:33:30.158+0000] {processor.py:208} INFO - Processing /opt/airflow/dags/mart.py took 0.138 seconds
[2025-04-26T15:34:01.173+0000] {processor.py:186} INFO - Started process (PID=594) to work on /opt/airflow/dags/mart.py
[2025-04-26T15:34:01.175+0000] {processor.py:914} INFO - Processing file /opt/airflow/dags/mart.py for tasks to queue
[2025-04-26T15:34:01.179+0000] {logging_mixin.py:190} INFO - [2025-04-26T15:34:01.178+0000] {dagbag.py:588} INFO - Filling up the DagBag from /opt/airflow/dags/mart.py
[2025-04-26T15:34:01.209+0000] {processor.py:925} INFO - DAG(s) 'build_data_mart_python' retrieved from /opt/airflow/dags/mart.py
[2025-04-26T15:34:01.258+0000] {logging_mixin.py:190} INFO - [2025-04-26T15:34:01.257+0000] {dag.py:3239} INFO - Sync 1 DAGs
[2025-04-26T15:34:01.278+0000] {logging_mixin.py:190} INFO - [2025-04-26T15:34:01.278+0000] {dag.py:4180} INFO - Setting next_dagrun for build_data_mart_python to 2025-04-01 00:00:00+00:00, run_after=2025-05-01 00:00:00+00:00
[2025-04-26T15:34:01.300+0000] {processor.py:208} INFO - Processing /opt/airflow/dags/mart.py took 0.141 seconds
[2025-04-26T15:34:32.343+0000] {processor.py:186} INFO - Started process (PID=650) to work on /opt/airflow/dags/mart.py
[2025-04-26T15:34:32.345+0000] {processor.py:914} INFO - Processing file /opt/airflow/dags/mart.py for tasks to queue
[2025-04-26T15:34:32.349+0000] {logging_mixin.py:190} INFO - [2025-04-26T15:34:32.348+0000] {dagbag.py:588} INFO - Filling up the DagBag from /opt/airflow/dags/mart.py
[2025-04-26T15:34:32.380+0000] {processor.py:925} INFO - DAG(s) 'build_data_mart_python' retrieved from /opt/airflow/dags/mart.py
[2025-04-26T15:34:32.420+0000] {logging_mixin.py:190} INFO - [2025-04-26T15:34:32.420+0000] {dag.py:3239} INFO - Sync 1 DAGs
[2025-04-26T15:34:32.454+0000] {logging_mixin.py:190} INFO - [2025-04-26T15:34:32.454+0000] {dag.py:4180} INFO - Setting next_dagrun for build_data_mart_python to 2025-04-01 00:00:00+00:00, run_after=2025-05-01 00:00:00+00:00
[2025-04-26T15:34:32.475+0000] {processor.py:208} INFO - Processing /opt/airflow/dags/mart.py took 0.141 seconds
[2025-04-26T15:35:03.532+0000] {processor.py:186} INFO - Started process (PID=706) to work on /opt/airflow/dags/mart.py
[2025-04-26T15:35:03.534+0000] {processor.py:914} INFO - Processing file /opt/airflow/dags/mart.py for tasks to queue
[2025-04-26T15:35:03.541+0000] {logging_mixin.py:190} INFO - [2025-04-26T15:35:03.540+0000] {dagbag.py:588} INFO - Filling up the DagBag from /opt/airflow/dags/mart.py
[2025-04-26T15:35:03.572+0000] {processor.py:925} INFO - DAG(s) 'build_data_mart_python' retrieved from /opt/airflow/dags/mart.py
[2025-04-26T15:35:03.657+0000] {logging_mixin.py:190} INFO - [2025-04-26T15:35:03.657+0000] {dag.py:3239} INFO - Sync 1 DAGs
[2025-04-26T15:35:03.690+0000] {logging_mixin.py:190} INFO - [2025-04-26T15:35:03.690+0000] {dag.py:4180} INFO - Setting next_dagrun for build_data_mart_python to 2025-04-01 00:00:00+00:00, run_after=2025-05-01 00:00:00+00:00
[2025-04-26T15:35:03.725+0000] {processor.py:208} INFO - Processing /opt/airflow/dags/mart.py took 0.209 seconds
[2025-04-26T15:35:33.800+0000] {processor.py:186} INFO - Started process (PID=762) to work on /opt/airflow/dags/mart.py
[2025-04-26T15:35:33.803+0000] {processor.py:914} INFO - Processing file /opt/airflow/dags/mart.py for tasks to queue
[2025-04-26T15:35:33.808+0000] {logging_mixin.py:190} INFO - [2025-04-26T15:35:33.807+0000] {dagbag.py:588} INFO - Filling up the DagBag from /opt/airflow/dags/mart.py
[2025-04-26T15:35:33.831+0000] {processor.py:925} INFO - DAG(s) 'build_data_mart_python' retrieved from /opt/airflow/dags/mart.py
[2025-04-26T15:35:33.866+0000] {logging_mixin.py:190} INFO - [2025-04-26T15:35:33.866+0000] {dag.py:3239} INFO - Sync 1 DAGs
[2025-04-26T15:35:33.893+0000] {logging_mixin.py:190} INFO - [2025-04-26T15:35:33.893+0000] {dag.py:4180} INFO - Setting next_dagrun for build_data_mart_python to 2025-04-01 00:00:00+00:00, run_after=2025-05-01 00:00:00+00:00
[2025-04-26T15:35:33.911+0000] {processor.py:208} INFO - Processing /opt/airflow/dags/mart.py took 0.120 seconds
[2025-04-26T15:36:03.996+0000] {processor.py:186} INFO - Started process (PID=819) to work on /opt/airflow/dags/mart.py
[2025-04-26T15:36:03.998+0000] {processor.py:914} INFO - Processing file /opt/airflow/dags/mart.py for tasks to queue
[2025-04-26T15:36:04.012+0000] {logging_mixin.py:190} INFO - [2025-04-26T15:36:04.010+0000] {dagbag.py:588} INFO - Filling up the DagBag from /opt/airflow/dags/mart.py
[2025-04-26T15:36:04.040+0000] {processor.py:925} INFO - DAG(s) 'build_data_mart_python' retrieved from /opt/airflow/dags/mart.py
[2025-04-26T15:36:04.083+0000] {logging_mixin.py:190} INFO - [2025-04-26T15:36:04.082+0000] {dag.py:3239} INFO - Sync 1 DAGs
[2025-04-26T15:36:04.116+0000] {logging_mixin.py:190} INFO - [2025-04-26T15:36:04.116+0000] {dag.py:4180} INFO - Setting next_dagrun for build_data_mart_python to 2025-04-01 00:00:00+00:00, run_after=2025-05-01 00:00:00+00:00
[2025-04-26T15:36:04.132+0000] {processor.py:208} INFO - Processing /opt/airflow/dags/mart.py took 0.154 seconds
[2025-04-26T15:36:35.179+0000] {processor.py:186} INFO - Started process (PID=875) to work on /opt/airflow/dags/mart.py
[2025-04-26T15:36:35.183+0000] {processor.py:914} INFO - Processing file /opt/airflow/dags/mart.py for tasks to queue
[2025-04-26T15:36:35.187+0000] {logging_mixin.py:190} INFO - [2025-04-26T15:36:35.186+0000] {dagbag.py:588} INFO - Filling up the DagBag from /opt/airflow/dags/mart.py
[2025-04-26T15:36:35.211+0000] {processor.py:925} INFO - DAG(s) 'build_data_mart_python' retrieved from /opt/airflow/dags/mart.py
[2025-04-26T15:36:35.251+0000] {logging_mixin.py:190} INFO - [2025-04-26T15:36:35.251+0000] {dag.py:3239} INFO - Sync 1 DAGs
[2025-04-26T15:36:35.274+0000] {logging_mixin.py:190} INFO - [2025-04-26T15:36:35.273+0000] {dag.py:4180} INFO - Setting next_dagrun for build_data_mart_python to 2025-04-01 00:00:00+00:00, run_after=2025-05-01 00:00:00+00:00
[2025-04-26T15:36:35.296+0000] {processor.py:208} INFO - Processing /opt/airflow/dags/mart.py took 0.135 seconds
[2025-04-26T15:37:06.289+0000] {processor.py:186} INFO - Started process (PID=931) to work on /opt/airflow/dags/mart.py
[2025-04-26T15:37:06.289+0000] {processor.py:914} INFO - Processing file /opt/airflow/dags/mart.py for tasks to queue
[2025-04-26T15:37:06.293+0000] {logging_mixin.py:190} INFO - [2025-04-26T15:37:06.292+0000] {dagbag.py:588} INFO - Filling up the DagBag from /opt/airflow/dags/mart.py
[2025-04-26T15:37:06.308+0000] {processor.py:925} INFO - DAG(s) 'build_data_mart_python' retrieved from /opt/airflow/dags/mart.py
[2025-04-26T15:37:06.333+0000] {logging_mixin.py:190} INFO - [2025-04-26T15:37:06.333+0000] {dag.py:3239} INFO - Sync 1 DAGs
[2025-04-26T15:37:06.351+0000] {logging_mixin.py:190} INFO - [2025-04-26T15:37:06.350+0000] {dag.py:4180} INFO - Setting next_dagrun for build_data_mart_python to 2025-04-01 00:00:00+00:00, run_after=2025-05-01 00:00:00+00:00
[2025-04-26T15:37:06.367+0000] {processor.py:208} INFO - Processing /opt/airflow/dags/mart.py took 0.084 seconds
