[2025-04-26T15:30:27.089+0000] {processor.py:186} INFO - Started process (PID=204) to work on /opt/airflow/dags/raw_insertion.py
[2025-04-26T15:30:27.090+0000] {processor.py:914} INFO - Processing file /opt/airflow/dags/raw_insertion.py for tasks to queue
[2025-04-26T15:30:27.092+0000] {logging_mixin.py:190} INFO - [2025-04-26T15:30:27.092+0000] {dagbag.py:588} INFO - Filling up the DagBag from /opt/airflow/dags/raw_insertion.py
[2025-04-26T15:30:27.098+0000] {processor.py:927} WARNING - No viable dags retrieved from /opt/airflow/dags/raw_insertion.py
[2025-04-26T15:30:27.110+0000] {processor.py:208} INFO - Processing /opt/airflow/dags/raw_insertion.py took 0.029 seconds
[2025-04-26T15:30:57.371+0000] {processor.py:186} INFO - Started process (PID=262) to work on /opt/airflow/dags/raw_insertion.py
[2025-04-26T15:30:57.371+0000] {processor.py:914} INFO - Processing file /opt/airflow/dags/raw_insertion.py for tasks to queue
[2025-04-26T15:30:57.373+0000] {logging_mixin.py:190} INFO - [2025-04-26T15:30:57.372+0000] {dagbag.py:588} INFO - Filling up the DagBag from /opt/airflow/dags/raw_insertion.py
[2025-04-26T15:30:57.374+0000] {processor.py:927} WARNING - No viable dags retrieved from /opt/airflow/dags/raw_insertion.py
[2025-04-26T15:30:57.382+0000] {processor.py:208} INFO - Processing /opt/airflow/dags/raw_insertion.py took 0.014 seconds
[2025-04-26T15:31:27.492+0000] {processor.py:186} INFO - Started process (PID=318) to work on /opt/airflow/dags/raw_insertion.py
[2025-04-26T15:31:27.493+0000] {processor.py:914} INFO - Processing file /opt/airflow/dags/raw_insertion.py for tasks to queue
[2025-04-26T15:31:27.494+0000] {logging_mixin.py:190} INFO - [2025-04-26T15:31:27.494+0000] {dagbag.py:588} INFO - Filling up the DagBag from /opt/airflow/dags/raw_insertion.py
[2025-04-26T15:31:27.496+0000] {processor.py:927} WARNING - No viable dags retrieved from /opt/airflow/dags/raw_insertion.py
[2025-04-26T15:31:27.503+0000] {processor.py:208} INFO - Processing /opt/airflow/dags/raw_insertion.py took 0.014 seconds
[2025-04-26T15:31:58.645+0000] {processor.py:186} INFO - Started process (PID=374) to work on /opt/airflow/dags/raw_insertion.py
[2025-04-26T15:31:58.649+0000] {processor.py:914} INFO - Processing file /opt/airflow/dags/raw_insertion.py for tasks to queue
[2025-04-26T15:31:58.654+0000] {logging_mixin.py:190} INFO - [2025-04-26T15:31:58.654+0000] {dagbag.py:588} INFO - Filling up the DagBag from /opt/airflow/dags/raw_insertion.py
[2025-04-26T15:31:58.662+0000] {processor.py:927} WARNING - No viable dags retrieved from /opt/airflow/dags/raw_insertion.py
[2025-04-26T15:31:58.696+0000] {processor.py:208} INFO - Processing /opt/airflow/dags/raw_insertion.py took 0.056 seconds
[2025-04-26T15:32:28.861+0000] {processor.py:186} INFO - Started process (PID=430) to work on /opt/airflow/dags/raw_insertion.py
[2025-04-26T15:32:28.862+0000] {processor.py:914} INFO - Processing file /opt/airflow/dags/raw_insertion.py for tasks to queue
[2025-04-26T15:32:28.864+0000] {logging_mixin.py:190} INFO - [2025-04-26T15:32:28.864+0000] {dagbag.py:588} INFO - Filling up the DagBag from /opt/airflow/dags/raw_insertion.py
[2025-04-26T15:32:28.868+0000] {processor.py:927} WARNING - No viable dags retrieved from /opt/airflow/dags/raw_insertion.py
[2025-04-26T15:32:28.876+0000] {processor.py:208} INFO - Processing /opt/airflow/dags/raw_insertion.py took 0.019 seconds
[2025-04-26T15:32:59.995+0000] {processor.py:186} INFO - Started process (PID=492) to work on /opt/airflow/dags/raw_insertion.py
[2025-04-26T15:32:59.995+0000] {processor.py:914} INFO - Processing file /opt/airflow/dags/raw_insertion.py for tasks to queue
[2025-04-26T15:32:59.997+0000] {logging_mixin.py:190} INFO - [2025-04-26T15:32:59.996+0000] {dagbag.py:588} INFO - Filling up the DagBag from /opt/airflow/dags/raw_insertion.py
[2025-04-26T15:32:59.998+0000] {processor.py:927} WARNING - No viable dags retrieved from /opt/airflow/dags/raw_insertion.py
[2025-04-26T15:33:00.008+0000] {processor.py:208} INFO - Processing /opt/airflow/dags/raw_insertion.py took 0.017 seconds
[2025-04-26T15:33:30.179+0000] {processor.py:186} INFO - Started process (PID=548) to work on /opt/airflow/dags/raw_insertion.py
[2025-04-26T15:33:30.180+0000] {processor.py:914} INFO - Processing file /opt/airflow/dags/raw_insertion.py for tasks to queue
[2025-04-26T15:33:30.181+0000] {logging_mixin.py:190} INFO - [2025-04-26T15:33:30.181+0000] {dagbag.py:588} INFO - Filling up the DagBag from /opt/airflow/dags/raw_insertion.py
[2025-04-26T15:33:30.184+0000] {processor.py:927} WARNING - No viable dags retrieved from /opt/airflow/dags/raw_insertion.py
[2025-04-26T15:33:30.193+0000] {processor.py:208} INFO - Processing /opt/airflow/dags/raw_insertion.py took 0.017 seconds
[2025-04-26T15:34:01.327+0000] {processor.py:186} INFO - Started process (PID=604) to work on /opt/airflow/dags/raw_insertion.py
[2025-04-26T15:34:01.328+0000] {processor.py:914} INFO - Processing file /opt/airflow/dags/raw_insertion.py for tasks to queue
[2025-04-26T15:34:01.330+0000] {logging_mixin.py:190} INFO - [2025-04-26T15:34:01.330+0000] {dagbag.py:588} INFO - Filling up the DagBag from /opt/airflow/dags/raw_insertion.py
[2025-04-26T15:34:01.334+0000] {processor.py:927} WARNING - No viable dags retrieved from /opt/airflow/dags/raw_insertion.py
[2025-04-26T15:34:01.345+0000] {processor.py:208} INFO - Processing /opt/airflow/dags/raw_insertion.py took 0.024 seconds
[2025-04-26T15:34:32.498+0000] {processor.py:186} INFO - Started process (PID=660) to work on /opt/airflow/dags/raw_insertion.py
[2025-04-26T15:34:32.499+0000] {processor.py:914} INFO - Processing file /opt/airflow/dags/raw_insertion.py for tasks to queue
[2025-04-26T15:34:32.500+0000] {logging_mixin.py:190} INFO - [2025-04-26T15:34:32.500+0000] {dagbag.py:588} INFO - Filling up the DagBag from /opt/airflow/dags/raw_insertion.py
[2025-04-26T15:34:32.503+0000] {processor.py:927} WARNING - No viable dags retrieved from /opt/airflow/dags/raw_insertion.py
[2025-04-26T15:34:32.512+0000] {processor.py:208} INFO - Processing /opt/airflow/dags/raw_insertion.py took 0.020 seconds
[2025-04-26T15:35:03.747+0000] {processor.py:186} INFO - Started process (PID=716) to work on /opt/airflow/dags/raw_insertion.py
[2025-04-26T15:35:03.748+0000] {processor.py:914} INFO - Processing file /opt/airflow/dags/raw_insertion.py for tasks to queue
[2025-04-26T15:35:03.750+0000] {logging_mixin.py:190} INFO - [2025-04-26T15:35:03.749+0000] {dagbag.py:588} INFO - Filling up the DagBag from /opt/airflow/dags/raw_insertion.py
[2025-04-26T15:35:03.752+0000] {processor.py:927} WARNING - No viable dags retrieved from /opt/airflow/dags/raw_insertion.py
[2025-04-26T15:35:03.762+0000] {processor.py:208} INFO - Processing /opt/airflow/dags/raw_insertion.py took 0.019 seconds
[2025-04-26T15:35:33.929+0000] {processor.py:186} INFO - Started process (PID=772) to work on /opt/airflow/dags/raw_insertion.py
[2025-04-26T15:35:33.929+0000] {processor.py:914} INFO - Processing file /opt/airflow/dags/raw_insertion.py for tasks to queue
[2025-04-26T15:35:33.931+0000] {logging_mixin.py:190} INFO - [2025-04-26T15:35:33.931+0000] {dagbag.py:588} INFO - Filling up the DagBag from /opt/airflow/dags/raw_insertion.py
[2025-04-26T15:35:33.933+0000] {processor.py:927} WARNING - No viable dags retrieved from /opt/airflow/dags/raw_insertion.py
[2025-04-26T15:35:33.941+0000] {processor.py:208} INFO - Processing /opt/airflow/dags/raw_insertion.py took 0.015 seconds
[2025-04-26T15:36:04.160+0000] {processor.py:186} INFO - Started process (PID=829) to work on /opt/airflow/dags/raw_insertion.py
[2025-04-26T15:36:04.161+0000] {processor.py:914} INFO - Processing file /opt/airflow/dags/raw_insertion.py for tasks to queue
[2025-04-26T15:36:04.162+0000] {logging_mixin.py:190} INFO - [2025-04-26T15:36:04.162+0000] {dagbag.py:588} INFO - Filling up the DagBag from /opt/airflow/dags/raw_insertion.py
[2025-04-26T15:36:04.165+0000] {processor.py:927} WARNING - No viable dags retrieved from /opt/airflow/dags/raw_insertion.py
[2025-04-26T15:36:04.174+0000] {processor.py:208} INFO - Processing /opt/airflow/dags/raw_insertion.py took 0.020 seconds
[2025-04-26T15:36:35.320+0000] {processor.py:186} INFO - Started process (PID=885) to work on /opt/airflow/dags/raw_insertion.py
[2025-04-26T15:36:35.321+0000] {processor.py:914} INFO - Processing file /opt/airflow/dags/raw_insertion.py for tasks to queue
[2025-04-26T15:36:35.322+0000] {logging_mixin.py:190} INFO - [2025-04-26T15:36:35.322+0000] {dagbag.py:588} INFO - Filling up the DagBag from /opt/airflow/dags/raw_insertion.py
[2025-04-26T15:36:35.324+0000] {processor.py:927} WARNING - No viable dags retrieved from /opt/airflow/dags/raw_insertion.py
[2025-04-26T15:36:35.334+0000] {processor.py:208} INFO - Processing /opt/airflow/dags/raw_insertion.py took 0.020 seconds
[2025-04-26T15:37:06.387+0000] {processor.py:186} INFO - Started process (PID=941) to work on /opt/airflow/dags/raw_insertion.py
[2025-04-26T15:37:06.387+0000] {processor.py:914} INFO - Processing file /opt/airflow/dags/raw_insertion.py for tasks to queue
[2025-04-26T15:37:06.388+0000] {logging_mixin.py:190} INFO - [2025-04-26T15:37:06.388+0000] {dagbag.py:588} INFO - Filling up the DagBag from /opt/airflow/dags/raw_insertion.py
[2025-04-26T15:37:06.390+0000] {processor.py:927} WARNING - No viable dags retrieved from /opt/airflow/dags/raw_insertion.py
[2025-04-26T15:37:06.398+0000] {processor.py:208} INFO - Processing /opt/airflow/dags/raw_insertion.py took 0.015 seconds
