[2025-04-26T15:30:27.171+0000] {processor.py:186} INFO - Started process (PID=216) to work on /opt/airflow/dags/yaryne.py
[2025-04-26T15:30:27.172+0000] {processor.py:914} INFO - Processing file /opt/airflow/dags/yaryne.py for tasks to queue
[2025-04-26T15:30:27.173+0000] {logging_mixin.py:190} INFO - [2025-04-26T15:30:27.173+0000] {dagbag.py:588} INFO - Filling up the DagBag from /opt/airflow/dags/yaryne.py
[2025-04-26T15:30:27.175+0000] {processor.py:927} WARNING - No viable dags retrieved from /opt/airflow/dags/yaryne.py
[2025-04-26T15:30:27.190+0000] {processor.py:208} INFO - Processing /opt/airflow/dags/yaryne.py took 0.024 seconds
[2025-04-26T15:30:57.432+0000] {processor.py:186} INFO - Started process (PID=272) to work on /opt/airflow/dags/yaryne.py
[2025-04-26T15:30:57.432+0000] {processor.py:914} INFO - Processing file /opt/airflow/dags/yaryne.py for tasks to queue
[2025-04-26T15:30:57.434+0000] {logging_mixin.py:190} INFO - [2025-04-26T15:30:57.434+0000] {dagbag.py:588} INFO - Filling up the DagBag from /opt/airflow/dags/yaryne.py
[2025-04-26T15:30:57.436+0000] {processor.py:927} WARNING - No viable dags retrieved from /opt/airflow/dags/yaryne.py
[2025-04-26T15:30:57.443+0000] {processor.py:208} INFO - Processing /opt/airflow/dags/yaryne.py took 0.016 seconds
[2025-04-26T15:31:27.521+0000] {processor.py:186} INFO - Started process (PID=326) to work on /opt/airflow/dags/yaryne.py
[2025-04-26T15:31:27.521+0000] {processor.py:914} INFO - Processing file /opt/airflow/dags/yaryne.py for tasks to queue
[2025-04-26T15:31:27.523+0000] {logging_mixin.py:190} INFO - [2025-04-26T15:31:27.523+0000] {dagbag.py:588} INFO - Filling up the DagBag from /opt/airflow/dags/yaryne.py
[2025-04-26T15:31:27.527+0000] {processor.py:927} WARNING - No viable dags retrieved from /opt/airflow/dags/yaryne.py
[2025-04-26T15:31:27.538+0000] {processor.py:208} INFO - Processing /opt/airflow/dags/yaryne.py took 0.020 seconds
[2025-04-26T15:31:58.730+0000] {processor.py:186} INFO - Started process (PID=382) to work on /opt/airflow/dags/yaryne.py
[2025-04-26T15:31:58.731+0000] {processor.py:914} INFO - Processing file /opt/airflow/dags/yaryne.py for tasks to queue
[2025-04-26T15:31:58.734+0000] {logging_mixin.py:190} INFO - [2025-04-26T15:31:58.734+0000] {dagbag.py:588} INFO - Filling up the DagBag from /opt/airflow/dags/yaryne.py
[2025-04-26T15:31:58.739+0000] {processor.py:927} WARNING - No viable dags retrieved from /opt/airflow/dags/yaryne.py
[2025-04-26T15:31:58.755+0000] {processor.py:208} INFO - Processing /opt/airflow/dags/yaryne.py took 0.031 seconds
[2025-04-26T15:32:28.898+0000] {processor.py:186} INFO - Started process (PID=439) to work on /opt/airflow/dags/yaryne.py
[2025-04-26T15:32:28.899+0000] {processor.py:914} INFO - Processing file /opt/airflow/dags/yaryne.py for tasks to queue
[2025-04-26T15:32:28.900+0000] {logging_mixin.py:190} INFO - [2025-04-26T15:32:28.900+0000] {dagbag.py:588} INFO - Filling up the DagBag from /opt/airflow/dags/yaryne.py
[2025-04-26T15:32:28.902+0000] {processor.py:927} WARNING - No viable dags retrieved from /opt/airflow/dags/yaryne.py
[2025-04-26T15:32:28.911+0000] {processor.py:208} INFO - Processing /opt/airflow/dags/yaryne.py took 0.016 seconds
[2025-04-26T15:33:00.036+0000] {processor.py:186} INFO - Started process (PID=499) to work on /opt/airflow/dags/yaryne.py
[2025-04-26T15:33:00.038+0000] {processor.py:914} INFO - Processing file /opt/airflow/dags/yaryne.py for tasks to queue
[2025-04-26T15:33:00.040+0000] {logging_mixin.py:190} INFO - [2025-04-26T15:33:00.039+0000] {dagbag.py:588} INFO - Filling up the DagBag from /opt/airflow/dags/yaryne.py
[2025-04-26T15:33:00.042+0000] {processor.py:927} WARNING - No viable dags retrieved from /opt/airflow/dags/yaryne.py
[2025-04-26T15:33:00.052+0000] {processor.py:208} INFO - Processing /opt/airflow/dags/yaryne.py took 0.023 seconds
[2025-04-26T15:33:30.221+0000] {processor.py:186} INFO - Started process (PID=556) to work on /opt/airflow/dags/yaryne.py
[2025-04-26T15:33:30.222+0000] {processor.py:914} INFO - Processing file /opt/airflow/dags/yaryne.py for tasks to queue
[2025-04-26T15:33:30.224+0000] {logging_mixin.py:190} INFO - [2025-04-26T15:33:30.224+0000] {dagbag.py:588} INFO - Filling up the DagBag from /opt/airflow/dags/yaryne.py
[2025-04-26T15:33:30.228+0000] {processor.py:927} WARNING - No viable dags retrieved from /opt/airflow/dags/yaryne.py
[2025-04-26T15:33:30.239+0000] {processor.py:208} INFO - Processing /opt/airflow/dags/yaryne.py took 0.026 seconds
[2025-04-26T15:34:01.371+0000] {processor.py:186} INFO - Started process (PID=612) to work on /opt/airflow/dags/yaryne.py
[2025-04-26T15:34:01.372+0000] {processor.py:914} INFO - Processing file /opt/airflow/dags/yaryne.py for tasks to queue
[2025-04-26T15:34:01.373+0000] {logging_mixin.py:190} INFO - [2025-04-26T15:34:01.373+0000] {dagbag.py:588} INFO - Filling up the DagBag from /opt/airflow/dags/yaryne.py
[2025-04-26T15:34:01.375+0000] {processor.py:927} WARNING - No viable dags retrieved from /opt/airflow/dags/yaryne.py
[2025-04-26T15:34:01.383+0000] {processor.py:208} INFO - Processing /opt/airflow/dags/yaryne.py took 0.015 seconds
[2025-04-26T15:34:32.545+0000] {processor.py:186} INFO - Started process (PID=668) to work on /opt/airflow/dags/yaryne.py
[2025-04-26T15:34:32.547+0000] {processor.py:914} INFO - Processing file /opt/airflow/dags/yaryne.py for tasks to queue
[2025-04-26T15:34:32.549+0000] {logging_mixin.py:190} INFO - [2025-04-26T15:34:32.549+0000] {dagbag.py:588} INFO - Filling up the DagBag from /opt/airflow/dags/yaryne.py
[2025-04-26T15:34:32.555+0000] {processor.py:927} WARNING - No viable dags retrieved from /opt/airflow/dags/yaryne.py
[2025-04-26T15:34:32.564+0000] {processor.py:208} INFO - Processing /opt/airflow/dags/yaryne.py took 0.025 seconds
[2025-04-26T15:35:03.792+0000] {processor.py:186} INFO - Started process (PID=724) to work on /opt/airflow/dags/yaryne.py
[2025-04-26T15:35:03.792+0000] {processor.py:914} INFO - Processing file /opt/airflow/dags/yaryne.py for tasks to queue
[2025-04-26T15:35:03.794+0000] {logging_mixin.py:190} INFO - [2025-04-26T15:35:03.794+0000] {dagbag.py:588} INFO - Filling up the DagBag from /opt/airflow/dags/yaryne.py
[2025-04-26T15:35:03.800+0000] {processor.py:927} WARNING - No viable dags retrieved from /opt/airflow/dags/yaryne.py
[2025-04-26T15:35:03.811+0000] {processor.py:208} INFO - Processing /opt/airflow/dags/yaryne.py took 0.025 seconds
[2025-04-26T15:35:33.963+0000] {processor.py:186} INFO - Started process (PID=780) to work on /opt/airflow/dags/yaryne.py
[2025-04-26T15:35:33.964+0000] {processor.py:914} INFO - Processing file /opt/airflow/dags/yaryne.py for tasks to queue
[2025-04-26T15:35:33.967+0000] {logging_mixin.py:190} INFO - [2025-04-26T15:35:33.966+0000] {dagbag.py:588} INFO - Filling up the DagBag from /opt/airflow/dags/yaryne.py
[2025-04-26T15:35:33.970+0000] {processor.py:927} WARNING - No viable dags retrieved from /opt/airflow/dags/yaryne.py
[2025-04-26T15:35:33.981+0000] {processor.py:208} INFO - Processing /opt/airflow/dags/yaryne.py took 0.021 seconds
[2025-04-26T15:36:04.196+0000] {processor.py:186} INFO - Started process (PID=837) to work on /opt/airflow/dags/yaryne.py
[2025-04-26T15:36:04.197+0000] {processor.py:914} INFO - Processing file /opt/airflow/dags/yaryne.py for tasks to queue
[2025-04-26T15:36:04.198+0000] {logging_mixin.py:190} INFO - [2025-04-26T15:36:04.198+0000] {dagbag.py:588} INFO - Filling up the DagBag from /opt/airflow/dags/yaryne.py
[2025-04-26T15:36:04.203+0000] {processor.py:927} WARNING - No viable dags retrieved from /opt/airflow/dags/yaryne.py
[2025-04-26T15:36:04.215+0000] {processor.py:208} INFO - Processing /opt/airflow/dags/yaryne.py took 0.022 seconds
[2025-04-26T15:36:35.366+0000] {processor.py:186} INFO - Started process (PID=893) to work on /opt/airflow/dags/yaryne.py
[2025-04-26T15:36:35.368+0000] {processor.py:914} INFO - Processing file /opt/airflow/dags/yaryne.py for tasks to queue
[2025-04-26T15:36:35.370+0000] {logging_mixin.py:190} INFO - [2025-04-26T15:36:35.369+0000] {dagbag.py:588} INFO - Filling up the DagBag from /opt/airflow/dags/yaryne.py
[2025-04-26T15:36:35.374+0000] {processor.py:927} WARNING - No viable dags retrieved from /opt/airflow/dags/yaryne.py
[2025-04-26T15:36:35.386+0000] {processor.py:208} INFO - Processing /opt/airflow/dags/yaryne.py took 0.025 seconds
[2025-04-26T15:37:06.418+0000] {processor.py:186} INFO - Started process (PID=949) to work on /opt/airflow/dags/yaryne.py
[2025-04-26T15:37:06.419+0000] {processor.py:914} INFO - Processing file /opt/airflow/dags/yaryne.py for tasks to queue
[2025-04-26T15:37:06.421+0000] {logging_mixin.py:190} INFO - [2025-04-26T15:37:06.421+0000] {dagbag.py:588} INFO - Filling up the DagBag from /opt/airflow/dags/yaryne.py
[2025-04-26T15:37:06.424+0000] {processor.py:927} WARNING - No viable dags retrieved from /opt/airflow/dags/yaryne.py
[2025-04-26T15:37:06.434+0000] {processor.py:208} INFO - Processing /opt/airflow/dags/yaryne.py took 0.019 seconds
