[2025-04-08T21:21:01.676+0000] {local_task_job_runner.py:123} INFO - ::group::Pre task execution logs
[2025-04-08T21:21:01.701+0000] {taskinstance.py:2614} INFO - Dependencies all met for dep_context=non-requeueable deps ti=<TaskInstance: postgres_pipeline.insert_calendar_data scheduled__2025-04-08T21:20:00+00:00 [queued]>
[2025-04-08T21:21:01.716+0000] {taskinstance.py:2614} INFO - Dependencies all met for dep_context=requeueable deps ti=<TaskInstance: postgres_pipeline.insert_calendar_data scheduled__2025-04-08T21:20:00+00:00 [queued]>
[2025-04-08T21:21:01.717+0000] {taskinstance.py:2867} INFO - Starting attempt 1 of 1
[2025-04-08T21:21:01.733+0000] {taskinstance.py:2890} INFO - Executing <Task(PythonOperator): insert_calendar_data> on 2025-04-08 21:20:00+00:00
[2025-04-08T21:21:01.745+0000] {logging_mixin.py:190} WARNING - /home/***/.local/lib/python3.12/site-packages/***/task/task_runner/standard_task_runner.py:70 DeprecationWarning: This process (pid=21146) is multi-threaded, use of fork() may lead to deadlocks in the child.
[2025-04-08T21:21:01.748+0000] {standard_task_runner.py:72} INFO - Started process 21150 to run task
[2025-04-08T21:21:01.751+0000] {standard_task_runner.py:104} INFO - Running: ['***', 'tasks', 'run', 'postgres_pipeline', 'insert_calendar_data', 'scheduled__2025-04-08T21:20:00+00:00', '--job-id', '915', '--raw', '--subdir', 'DAGS_FOLDER/dag_postgres.py', '--cfg-path', '/tmp/tmpe9re2m4n']
[2025-04-08T21:21:01.763+0000] {standard_task_runner.py:105} INFO - Job 915: Subtask insert_calendar_data
[2025-04-08T21:21:01.832+0000] {task_command.py:467} INFO - Running <TaskInstance: postgres_pipeline.insert_calendar_data scheduled__2025-04-08T21:20:00+00:00 [running]> on host 970813cff045
[2025-04-08T21:21:01.914+0000] {taskinstance.py:3134} INFO - Exporting env vars: AIRFLOW_CTX_DAG_OWNER='***' AIRFLOW_CTX_DAG_ID='postgres_pipeline' AIRFLOW_CTX_TASK_ID='insert_calendar_data' AIRFLOW_CTX_EXECUTION_DATE='2025-04-08T21:20:00+00:00' AIRFLOW_CTX_TRY_NUMBER='1' AIRFLOW_CTX_DAG_RUN_ID='scheduled__2025-04-08T21:20:00+00:00'
[2025-04-08T21:21:01.916+0000] {taskinstance.py:732} INFO - ::endgroup::
[2025-04-08T21:21:01.939+0000] {base.py:84} INFO - Retrieving connection 'postgres_local'
[2025-04-08T21:21:01.966+0000] {taskinstance.py:3313} ERROR - Task failed with exception
Traceback (most recent call last):
  File "/home/airflow/.local/lib/python3.12/site-packages/airflow/models/taskinstance.py", line 768, in _execute_task
    result = _execute_callable(context=context, **execute_callable_kwargs)
             ^^^^^^^^^^^^^^^^^^^^^^^^^^^^^^^^^^^^^^^^^^^^^^^^^^^^^^^^^^^^^
  File "/home/airflow/.local/lib/python3.12/site-packages/airflow/models/taskinstance.py", line 734, in _execute_callable
    return ExecutionCallableRunner(
           ^^^^^^^^^^^^^^^^^^^^^^^^
  File "/home/airflow/.local/lib/python3.12/site-packages/airflow/utils/operator_helpers.py", line 252, in run
    return self.func(*args, **kwargs)
           ^^^^^^^^^^^^^^^^^^^^^^^^^^
  File "/home/airflow/.local/lib/python3.12/site-packages/airflow/models/baseoperator.py", line 424, in wrapper
    return func(self, *args, **kwargs)
           ^^^^^^^^^^^^^^^^^^^^^^^^^^^
  File "/home/airflow/.local/lib/python3.12/site-packages/airflow/operators/python.py", line 238, in execute
    return_value = self.execute_callable()
                   ^^^^^^^^^^^^^^^^^^^^^^^
  File "/home/airflow/.local/lib/python3.12/site-packages/airflow/operators/python.py", line 256, in execute_callable
    return runner.run(*self.op_args, **self.op_kwargs)
           ^^^^^^^^^^^^^^^^^^^^^^^^^^^^^^^^^^^^^^^^^^^
  File "/home/airflow/.local/lib/python3.12/site-packages/airflow/utils/operator_helpers.py", line 252, in run
    return self.func(*args, **kwargs)
           ^^^^^^^^^^^^^^^^^^^^^^^^^^
  File "/opt/airflow/dags/insert_data_postgres.py", line 94, in insert_calendar_data
    cursor.execute("""
psycopg2.errors.DatatypeMismatch: column "is_working_day" is of type boolean but expression is of type integer
LINE 3:             VALUES (0, 0, 6, 1, 1, 2011)
                            ^
HINT:  You will need to rewrite or cast the expression.

[2025-04-08T21:21:01.977+0000] {taskinstance.py:1226} INFO - Marking task as FAILED. dag_id=postgres_pipeline, task_id=insert_calendar_data, run_id=scheduled__2025-04-08T21:20:00+00:00, execution_date=20250408T212000, start_date=20250408T212101, end_date=20250408T212101
[2025-04-08T21:21:02.000+0000] {taskinstance.py:341} INFO - ::group::Post task execution logs
[2025-04-08T21:21:02.002+0000] {standard_task_runner.py:124} ERROR - Failed to execute job 915 for task insert_calendar_data (column "is_working_day" is of type boolean but expression is of type integer
LINE 3:             VALUES (0, 0, 6, 1, 1, 2011)
                            ^
HINT:  You will need to rewrite or cast the expression.
; 21150)
Traceback (most recent call last):
  File "/home/airflow/.local/lib/python3.12/site-packages/airflow/task/task_runner/standard_task_runner.py", line 117, in _start_by_fork
    ret = args.func(args, dag=self.dag)
          ^^^^^^^^^^^^^^^^^^^^^^^^^^^^^
  File "/home/airflow/.local/lib/python3.12/site-packages/airflow/cli/cli_config.py", line 49, in command
    return func(*args, **kwargs)
           ^^^^^^^^^^^^^^^^^^^^^
  File "/home/airflow/.local/lib/python3.12/site-packages/airflow/utils/cli.py", line 116, in wrapper
    return f(*args, **kwargs)
           ^^^^^^^^^^^^^^^^^^
  File "/home/airflow/.local/lib/python3.12/site-packages/airflow/cli/commands/task_command.py", line 483, in task_run
    task_return_code = _run_task_by_selected_method(args, _dag, ti)
                       ^^^^^^^^^^^^^^^^^^^^^^^^^^^^^^^^^^^^^^^^^^^^
  File "/home/airflow/.local/lib/python3.12/site-packages/airflow/cli/commands/task_command.py", line 256, in _run_task_by_selected_method
    return _run_raw_task(args, ti)
           ^^^^^^^^^^^^^^^^^^^^^^^
  File "/home/airflow/.local/lib/python3.12/site-packages/airflow/cli/commands/task_command.py", line 341, in _run_raw_task
    return ti._run_raw_task(
           ^^^^^^^^^^^^^^^^^
  File "/home/airflow/.local/lib/python3.12/site-packages/airflow/utils/session.py", line 97, in wrapper
    return func(*args, session=session, **kwargs)
           ^^^^^^^^^^^^^^^^^^^^^^^^^^^^^^^^^^^^^^
  File "/home/airflow/.local/lib/python3.12/site-packages/airflow/models/taskinstance.py", line 3006, in _run_raw_task
    return _run_raw_task(
           ^^^^^^^^^^^^^^
  File "/home/airflow/.local/lib/python3.12/site-packages/airflow/models/taskinstance.py", line 274, in _run_raw_task
    TaskInstance._execute_task_with_callbacks(
  File "/home/airflow/.local/lib/python3.12/site-packages/airflow/models/taskinstance.py", line 3161, in _execute_task_with_callbacks
    result = self._execute_task(context, task_orig)
             ^^^^^^^^^^^^^^^^^^^^^^^^^^^^^^^^^^^^^^
  File "/home/airflow/.local/lib/python3.12/site-packages/airflow/models/taskinstance.py", line 3185, in _execute_task
    return _execute_task(self, context, task_orig)
           ^^^^^^^^^^^^^^^^^^^^^^^^^^^^^^^^^^^^^^^
  File "/home/airflow/.local/lib/python3.12/site-packages/airflow/models/taskinstance.py", line 768, in _execute_task
    result = _execute_callable(context=context, **execute_callable_kwargs)
             ^^^^^^^^^^^^^^^^^^^^^^^^^^^^^^^^^^^^^^^^^^^^^^^^^^^^^^^^^^^^^
  File "/home/airflow/.local/lib/python3.12/site-packages/airflow/models/taskinstance.py", line 734, in _execute_callable
    return ExecutionCallableRunner(
           ^^^^^^^^^^^^^^^^^^^^^^^^
  File "/home/airflow/.local/lib/python3.12/site-packages/airflow/utils/operator_helpers.py", line 252, in run
    return self.func(*args, **kwargs)
           ^^^^^^^^^^^^^^^^^^^^^^^^^^
  File "/home/airflow/.local/lib/python3.12/site-packages/airflow/models/baseoperator.py", line 424, in wrapper
    return func(self, *args, **kwargs)
           ^^^^^^^^^^^^^^^^^^^^^^^^^^^
  File "/home/airflow/.local/lib/python3.12/site-packages/airflow/operators/python.py", line 238, in execute
    return_value = self.execute_callable()
                   ^^^^^^^^^^^^^^^^^^^^^^^
  File "/home/airflow/.local/lib/python3.12/site-packages/airflow/operators/python.py", line 256, in execute_callable
    return runner.run(*self.op_args, **self.op_kwargs)
           ^^^^^^^^^^^^^^^^^^^^^^^^^^^^^^^^^^^^^^^^^^^
  File "/home/airflow/.local/lib/python3.12/site-packages/airflow/utils/operator_helpers.py", line 252, in run
    return self.func(*args, **kwargs)
           ^^^^^^^^^^^^^^^^^^^^^^^^^^
  File "/opt/airflow/dags/insert_data_postgres.py", line 94, in insert_calendar_data
    cursor.execute("""
psycopg2.errors.DatatypeMismatch: column "is_working_day" is of type boolean but expression is of type integer
LINE 3:             VALUES (0, 0, 6, 1, 1, 2011)
                            ^
HINT:  You will need to rewrite or cast the expression.

[2025-04-08T21:21:02.016+0000] {local_task_job_runner.py:266} INFO - Task exited with return code 1
[2025-04-08T21:21:02.029+0000] {local_task_job_runner.py:245} INFO - ::endgroup::
