[2025-04-10T07:14:56.598+0000] {local_task_job_runner.py:123} INFO - ::group::Pre task execution logs
[2025-04-10T07:14:56.605+0000] {taskinstance.py:2614} INFO - Dependencies all met for dep_context=non-requeueable deps ti=<TaskInstance: bike_rental_pipeline.check_raw_data_file scheduled__2025-04-10T07:13:00+00:00 [queued]>
[2025-04-10T07:14:56.609+0000] {taskinstance.py:2614} INFO - Dependencies all met for dep_context=requeueable deps ti=<TaskInstance: bike_rental_pipeline.check_raw_data_file scheduled__2025-04-10T07:13:00+00:00 [queued]>
[2025-04-10T07:14:56.609+0000] {taskinstance.py:2867} INFO - Starting attempt 1 of 1
[2025-04-10T07:14:56.616+0000] {taskinstance.py:2890} INFO - Executing <Task(FileSensor): check_raw_data_file> on 2025-04-10 07:13:00+00:00
[2025-04-10T07:14:56.621+0000] {standard_task_runner.py:104} INFO - Running: ['***', 'tasks', 'run', 'bike_rental_pipeline', 'check_raw_data_file', 'scheduled__2025-04-10T07:13:00+00:00', '--job-id', '1302', '--raw', '--subdir', 'DAGS_FOLDER/data_pipline_true.py', '--cfg-path', '/tmp/tmph7bhlmf_']
[2025-04-10T07:14:56.622+0000] {standard_task_runner.py:105} INFO - Job 1302: Subtask check_raw_data_file
[2025-04-10T07:14:56.622+0000] {logging_mixin.py:190} WARNING - /home/***/.local/lib/python3.12/site-packages/***/task/task_runner/standard_task_runner.py:70 DeprecationWarning: This process (pid=5222) is multi-threaded, use of fork() may lead to deadlocks in the child.
[2025-04-10T07:14:56.622+0000] {standard_task_runner.py:72} INFO - Started process 5223 to run task
[2025-04-10T07:14:56.646+0000] {task_command.py:467} INFO - Running <TaskInstance: bike_rental_pipeline.check_raw_data_file scheduled__2025-04-10T07:13:00+00:00 [running]> on host 9316ce34686f
[2025-04-10T07:14:56.694+0000] {taskinstance.py:3134} INFO - Exporting env vars: AIRFLOW_CTX_DAG_OWNER='***' AIRFLOW_CTX_DAG_ID='bike_rental_pipeline' AIRFLOW_CTX_TASK_ID='check_raw_data_file' AIRFLOW_CTX_EXECUTION_DATE='2025-04-10T07:13:00+00:00' AIRFLOW_CTX_TRY_NUMBER='1' AIRFLOW_CTX_DAG_RUN_ID='scheduled__2025-04-10T07:13:00+00:00'
[2025-04-10T07:14:56.695+0000] {taskinstance.py:732} INFO - ::endgroup::
[2025-04-10T07:14:56.712+0000] {baseoperator.py:423} WARNING - FileSensor.execute cannot be called outside TaskInstance!
[2025-04-10T07:14:56.717+0000] {base.py:84} INFO - Retrieving connection 'bike_rental_data'
[2025-04-10T07:14:56.718+0000] {filesystem.py:109} INFO - Poking for file /opt/***/dags/data/day.csv
[2025-04-10T07:14:56.718+0000] {filesystem.py:113} INFO - Found File /opt/***/dags/data/day.csv last modified: 20220422002206
[2025-04-10T07:14:56.718+0000] {base.py:339} INFO - Success criteria met. Exiting.
[2025-04-10T07:14:56.718+0000] {filesystem.py:109} INFO - Poking for file /opt/***/dags/data/day.csv
[2025-04-10T07:14:56.718+0000] {filesystem.py:113} INFO - Found File /opt/***/dags/data/day.csv last modified: 20220422002206
[2025-04-10T07:14:56.723+0000] {taskinstance.py:341} INFO - ::group::Post task execution logs
[2025-04-10T07:14:56.723+0000] {taskinstance.py:353} INFO - Marking task as SUCCESS. dag_id=bike_rental_pipeline, task_id=check_raw_data_file, run_id=scheduled__2025-04-10T07:13:00+00:00, execution_date=20250410T071300, start_date=20250410T071456, end_date=20250410T071456
[2025-04-10T07:14:56.764+0000] {local_task_job_runner.py:266} INFO - Task exited with return code 0
[2025-04-10T07:14:56.781+0000] {taskinstance.py:3901} INFO - 6 downstream tasks scheduled from follow-on schedule check
[2025-04-10T07:14:56.782+0000] {local_task_job_runner.py:245} INFO - ::endgroup::
