[2025-04-09T21:11:45.971+0000] {local_task_job_runner.py:123} INFO - ::group::Pre task execution logs
[2025-04-09T21:11:45.982+0000] {taskinstance.py:2614} INFO - Dependencies all met for dep_context=non-requeueable deps ti=<TaskInstance: postgres_pipeline.aggregate_and_insert_fact_data scheduled__2025-04-09T21:10:00+00:00 [queued]>
[2025-04-09T21:11:45.987+0000] {taskinstance.py:2614} INFO - Dependencies all met for dep_context=requeueable deps ti=<TaskInstance: postgres_pipeline.aggregate_and_insert_fact_data scheduled__2025-04-09T21:10:00+00:00 [queued]>
[2025-04-09T21:11:45.988+0000] {taskinstance.py:2867} INFO - Starting attempt 1 of 1
[2025-04-09T21:11:45.994+0000] {taskinstance.py:2890} INFO - Executing <Task(PythonOperator): aggregate_and_insert_fact_data> on 2025-04-09 21:10:00+00:00
[2025-04-09T21:11:45.997+0000] {logging_mixin.py:190} WARNING - /home/***/.local/lib/python3.12/site-packages/***/task/task_runner/standard_task_runner.py:70 DeprecationWarning: This process (pid=12657) is multi-threaded, use of fork() may lead to deadlocks in the child.
[2025-04-09T21:11:45.998+0000] {standard_task_runner.py:72} INFO - Started process 12658 to run task
[2025-04-09T21:11:45.998+0000] {standard_task_runner.py:104} INFO - Running: ['***', 'tasks', 'run', 'postgres_pipeline', 'aggregate_and_insert_fact_data', 'scheduled__2025-04-09T21:10:00+00:00', '--job-id', '1095', '--raw', '--subdir', 'DAGS_FOLDER/dag_postgres.py', '--cfg-path', '/tmp/tmprto5icr4']
[2025-04-09T21:11:45.999+0000] {standard_task_runner.py:105} INFO - Job 1095: Subtask aggregate_and_insert_fact_data
[2025-04-09T21:11:46.021+0000] {task_command.py:467} INFO - Running <TaskInstance: postgres_pipeline.aggregate_and_insert_fact_data scheduled__2025-04-09T21:10:00+00:00 [running]> on host 970813cff045
[2025-04-09T21:11:46.060+0000] {taskinstance.py:3134} INFO - Exporting env vars: AIRFLOW_CTX_DAG_OWNER='***' AIRFLOW_CTX_DAG_ID='postgres_pipeline' AIRFLOW_CTX_TASK_ID='aggregate_and_insert_fact_data' AIRFLOW_CTX_EXECUTION_DATE='2025-04-09T21:10:00+00:00' AIRFLOW_CTX_TRY_NUMBER='1' AIRFLOW_CTX_DAG_RUN_ID='scheduled__2025-04-09T21:10:00+00:00'
[2025-04-09T21:11:46.061+0000] {taskinstance.py:732} INFO - ::endgroup::
[2025-04-09T21:11:46.071+0000] {base.py:84} INFO - Retrieving connection 'postgres_local'
[2025-04-09T21:11:46.076+0000] {taskinstance.py:3313} ERROR - Task failed with exception
Traceback (most recent call last):
  File "/home/airflow/.local/lib/python3.12/site-packages/airflow/models/taskinstance.py", line 768, in _execute_task
    result = _execute_callable(context=context, **execute_callable_kwargs)
             ^^^^^^^^^^^^^^^^^^^^^^^^^^^^^^^^^^^^^^^^^^^^^^^^^^^^^^^^^^^^^
  File "/home/airflow/.local/lib/python3.12/site-packages/airflow/models/taskinstance.py", line 734, in _execute_callable
    return ExecutionCallableRunner(
           ^^^^^^^^^^^^^^^^^^^^^^^^
  File "/home/airflow/.local/lib/python3.12/site-packages/airflow/utils/operator_helpers.py", line 252, in run
    return self.func(*args, **kwargs)
           ^^^^^^^^^^^^^^^^^^^^^^^^^^
  File "/home/airflow/.local/lib/python3.12/site-packages/airflow/models/baseoperator.py", line 424, in wrapper
    return func(self, *args, **kwargs)
           ^^^^^^^^^^^^^^^^^^^^^^^^^^^
  File "/home/airflow/.local/lib/python3.12/site-packages/airflow/operators/python.py", line 238, in execute
    return_value = self.execute_callable()
                   ^^^^^^^^^^^^^^^^^^^^^^^
  File "/home/airflow/.local/lib/python3.12/site-packages/airflow/operators/python.py", line 256, in execute_callable
    return runner.run(*self.op_args, **self.op_kwargs)
           ^^^^^^^^^^^^^^^^^^^^^^^^^^^^^^^^^^^^^^^^^^^
  File "/home/airflow/.local/lib/python3.12/site-packages/airflow/utils/operator_helpers.py", line 252, in run
    return self.func(*args, **kwargs)
           ^^^^^^^^^^^^^^^^^^^^^^^^^^
  File "/opt/airflow/dags/aggregate_data_postgres.py", line 49, in aggregate_and_insert_fact_data
    cursor.execute(query)
psycopg2.errors.UndefinedColumn: column r.season does not exist
LINE 25:         ON r.season = ds.season
                    ^
HINT:  Perhaps you meant to reference the column "r.season_id".

[2025-04-09T21:11:46.082+0000] {taskinstance.py:1226} INFO - Marking task as FAILED. dag_id=postgres_pipeline, task_id=aggregate_and_insert_fact_data, run_id=scheduled__2025-04-09T21:10:00+00:00, execution_date=20250409T211000, start_date=20250409T211145, end_date=20250409T211146
[2025-04-09T21:11:46.092+0000] {taskinstance.py:341} INFO - ::group::Post task execution logs
[2025-04-09T21:11:46.092+0000] {standard_task_runner.py:124} ERROR - Failed to execute job 1095 for task aggregate_and_insert_fact_data (column r.season does not exist
LINE 25:         ON r.season = ds.season
                    ^
HINT:  Perhaps you meant to reference the column "r.season_id".
; 12658)
Traceback (most recent call last):
  File "/home/airflow/.local/lib/python3.12/site-packages/airflow/task/task_runner/standard_task_runner.py", line 117, in _start_by_fork
    ret = args.func(args, dag=self.dag)
          ^^^^^^^^^^^^^^^^^^^^^^^^^^^^^
  File "/home/airflow/.local/lib/python3.12/site-packages/airflow/cli/cli_config.py", line 49, in command
    return func(*args, **kwargs)
           ^^^^^^^^^^^^^^^^^^^^^
  File "/home/airflow/.local/lib/python3.12/site-packages/airflow/utils/cli.py", line 116, in wrapper
    return f(*args, **kwargs)
           ^^^^^^^^^^^^^^^^^^
  File "/home/airflow/.local/lib/python3.12/site-packages/airflow/cli/commands/task_command.py", line 483, in task_run
    task_return_code = _run_task_by_selected_method(args, _dag, ti)
                       ^^^^^^^^^^^^^^^^^^^^^^^^^^^^^^^^^^^^^^^^^^^^
  File "/home/airflow/.local/lib/python3.12/site-packages/airflow/cli/commands/task_command.py", line 256, in _run_task_by_selected_method
    return _run_raw_task(args, ti)
           ^^^^^^^^^^^^^^^^^^^^^^^
  File "/home/airflow/.local/lib/python3.12/site-packages/airflow/cli/commands/task_command.py", line 341, in _run_raw_task
    return ti._run_raw_task(
           ^^^^^^^^^^^^^^^^^
  File "/home/airflow/.local/lib/python3.12/site-packages/airflow/utils/session.py", line 97, in wrapper
    return func(*args, session=session, **kwargs)
           ^^^^^^^^^^^^^^^^^^^^^^^^^^^^^^^^^^^^^^
  File "/home/airflow/.local/lib/python3.12/site-packages/airflow/models/taskinstance.py", line 3006, in _run_raw_task
    return _run_raw_task(
           ^^^^^^^^^^^^^^
  File "/home/airflow/.local/lib/python3.12/site-packages/airflow/models/taskinstance.py", line 274, in _run_raw_task
    TaskInstance._execute_task_with_callbacks(
  File "/home/airflow/.local/lib/python3.12/site-packages/airflow/models/taskinstance.py", line 3161, in _execute_task_with_callbacks
    result = self._execute_task(context, task_orig)
             ^^^^^^^^^^^^^^^^^^^^^^^^^^^^^^^^^^^^^^
  File "/home/airflow/.local/lib/python3.12/site-packages/airflow/models/taskinstance.py", line 3185, in _execute_task
    return _execute_task(self, context, task_orig)
           ^^^^^^^^^^^^^^^^^^^^^^^^^^^^^^^^^^^^^^^
  File "/home/airflow/.local/lib/python3.12/site-packages/airflow/models/taskinstance.py", line 768, in _execute_task
    result = _execute_callable(context=context, **execute_callable_kwargs)
             ^^^^^^^^^^^^^^^^^^^^^^^^^^^^^^^^^^^^^^^^^^^^^^^^^^^^^^^^^^^^^
  File "/home/airflow/.local/lib/python3.12/site-packages/airflow/models/taskinstance.py", line 734, in _execute_callable
    return ExecutionCallableRunner(
           ^^^^^^^^^^^^^^^^^^^^^^^^
  File "/home/airflow/.local/lib/python3.12/site-packages/airflow/utils/operator_helpers.py", line 252, in run
    return self.func(*args, **kwargs)
           ^^^^^^^^^^^^^^^^^^^^^^^^^^
  File "/home/airflow/.local/lib/python3.12/site-packages/airflow/models/baseoperator.py", line 424, in wrapper
    return func(self, *args, **kwargs)
           ^^^^^^^^^^^^^^^^^^^^^^^^^^^
  File "/home/airflow/.local/lib/python3.12/site-packages/airflow/operators/python.py", line 238, in execute
    return_value = self.execute_callable()
                   ^^^^^^^^^^^^^^^^^^^^^^^
  File "/home/airflow/.local/lib/python3.12/site-packages/airflow/operators/python.py", line 256, in execute_callable
    return runner.run(*self.op_args, **self.op_kwargs)
           ^^^^^^^^^^^^^^^^^^^^^^^^^^^^^^^^^^^^^^^^^^^
  File "/home/airflow/.local/lib/python3.12/site-packages/airflow/utils/operator_helpers.py", line 252, in run
    return self.func(*args, **kwargs)
           ^^^^^^^^^^^^^^^^^^^^^^^^^^
  File "/opt/airflow/dags/aggregate_data_postgres.py", line 49, in aggregate_and_insert_fact_data
    cursor.execute(query)
psycopg2.errors.UndefinedColumn: column r.season does not exist
LINE 25:         ON r.season = ds.season
                    ^
HINT:  Perhaps you meant to reference the column "r.season_id".

[2025-04-09T21:11:46.099+0000] {local_task_job_runner.py:266} INFO - Task exited with return code 1
[2025-04-09T21:11:46.107+0000] {taskinstance.py:3901} INFO - 0 downstream tasks scheduled from follow-on schedule check
[2025-04-09T21:11:46.108+0000] {local_task_job_runner.py:245} INFO - ::endgroup::
